Log file
Retrieving notices: ...working... done
Collecting package metadata (current_repodata.json): ...working... done
Solving environment: ...working... unsuccessful attempt using repodata from current_repodata.json, retrying with next repodata source.
Collecting package metadata (repodata.json): ...working... done
Solving environment: ...working... done


==> WARNING: A newer version of conda exists. <==
  current version: 23.7.4
  latest version: 24.11.0

Please update conda by running

    $ conda update -n base -c defaults conda

Or to minimize the number of packages updated during conda update use

     conda install conda=24.11.0



## Package Plan ##

  environment location: /opt/conda/envs/15f0149b1fbf715d94535d380cb72343

  added / updated specs:
    - pytest
    - python=3.8.3


The following packages will be downloaded:

    package                    |            build
    ---------------------------|-----------------
    _libgcc_mutex-0.1          |             main           3 KB
    _openmp_mutex-5.1          |            1_gnu          21 KB
    exceptiongroup-1.2.0       |   py38h06a4308_0          29 KB
    iniconfig-1.1.1            |     pyhd3eb1b0_0           8 KB
    ld_impl_linux-64-2.40      |       h12ee557_0         710 KB
    libffi-3.3                 |       he6710b0_2          50 KB
    libgcc-ng-11.2.0           |       h1234567_1         5.3 MB
    libgomp-11.2.0             |       h1234567_1         474 KB
    libstdcxx-ng-11.2.0        |       h1234567_1         4.7 MB
    ncurses-6.4                |       h6a678d5_0         914 KB
    openssl-1.1.1w             |       h7f8727e_0         3.7 MB
    packaging-24.1             |   py38h06a4308_0         147 KB
    pip-24.2                   |   py38h06a4308_0         2.2 MB
    pluggy-1.0.0               |   py38h06a4308_1          28 KB
    pytest-7.4.4               |   py38h06a4308_0        1002 KB
    python-3.8.3               |       hcff3b4d_2        49.1 MB
    readline-8.2               |       h5eee18b_0         357 KB
    setuptools-75.1.0          |   py38h06a4308_0         1.7 MB
    tk-8.6.14                  |       h39e8969_0         3.4 MB
    tomli-2.0.1                |   py38h06a4308_0          24 KB
    wheel-0.44.0               |   py38h06a4308_0         108 KB
    zlib-1.2.13                |       h5eee18b_1         111 KB
    ------------------------------------------------------------
                                           Total:        74.0 MB

The following NEW packages will be INSTALLED:

  _libgcc_mutex      pkgs/main/linux-64::_libgcc_mutex-0.1-main 
  _openmp_mutex      pkgs/main/linux-64::_openmp_mutex-5.1-1_gnu 
  ca-certificates    pkgs/main/linux-64::ca-certificates-2024.11.26-h06a4308_0 
  exceptiongroup     pkgs/main/linux-64::exceptiongroup-1.2.0-py38h06a4308_0 
  iniconfig          pkgs/main/noarch::iniconfig-1.1.1-pyhd3eb1b0_0 
  ld_impl_linux-64   pkgs/main/linux-64::ld_impl_linux-64-2.40-h12ee557_0 
  libffi             pkgs/main/linux-64::libffi-3.3-he6710b0_2 
  libgcc-ng          pkgs/main/linux-64::libgcc-ng-11.2.0-h1234567_1 
  libgomp            pkgs/main/linux-64::libgomp-11.2.0-h1234567_1 
  libstdcxx-ng       pkgs/main/linux-64::libstdcxx-ng-11.2.0-h1234567_1 
  ncurses            pkgs/main/linux-64::ncurses-6.4-h6a678d5_0 
  openssl            pkgs/main/linux-64::openssl-1.1.1w-h7f8727e_0 
  packaging          pkgs/main/linux-64::packaging-24.1-py38h06a4308_0 
  pip                pkgs/main/linux-64::pip-24.2-py38h06a4308_0 
  pluggy             pkgs/main/linux-64::pluggy-1.0.0-py38h06a4308_1 
  pytest             pkgs/main/linux-64::pytest-7.4.4-py38h06a4308_0 
  python             pkgs/main/linux-64::python-3.8.3-hcff3b4d_2 
  readline           pkgs/main/linux-64::readline-8.2-h5eee18b_0 
  setuptools         pkgs/main/linux-64::setuptools-75.1.0-py38h06a4308_0 
  sqlite             pkgs/main/linux-64::sqlite-3.45.3-h5eee18b_0 
  tk                 pkgs/main/linux-64::tk-8.6.14-h39e8969_0 
  tomli              pkgs/main/linux-64::tomli-2.0.1-py38h06a4308_0 
  wheel              pkgs/main/linux-64::wheel-0.44.0-py38h06a4308_0 
  xz                 pkgs/main/linux-64::xz-5.4.6-h5eee18b_1 
  zlib               pkgs/main/linux-64::zlib-1.2.13-h5eee18b_1 



Downloading and Extracting Packages
libgomp-11.2.0       | 474 KB    |            |   0% 
ncurses-6.4          | 914 KB    |            |   0% [A

libstdcxx-ng-11.2.0  | 4.7 MB    |            |   0% [A[A


libffi-3.3           | 50 KB     |            |   0% [A[A[A



tomli-2.0.1          | 24 KB     |            |   0% [A[A[A[A




setuptools-75.1.0    | 1.7 MB    |            |   0% [A[A[A[A[A





_openmp_mutex-5.1    | 21 KB     |            |   0% [A[A[A[A[A[A






python-3.8.3         | 49.1 MB   |            |   0% [A[A[A[A[A[A[A







ld_impl_linux-64-2.4 | 710 KB    |            |   0% [A[A[A[A[A[A[A[A








iniconfig-1.1.1      | 8 KB      |            |   0% [A[A[A[A[A[A[A[A[A









pytest-7.4.4         | 1002 KB   |            |   0% [A[A[A[A[A[A[A[A[A[A










libgcc-ng-11.2.0     | 5.3 MB    |            |   0% [A[A[A[A[A[A[A[A[A[A[A











wheel-0.44.0         | 108 KB    |            |   0% [A[A[A[A[A[A[A[A[A[A[A[A












exceptiongroup-1.2.0 | 29 KB     |            |   0% [A[A[A[A[A[A[A[A[A[A[A[A[A













openssl-1.1.1w       | 3.7 MB    |            |   0% [A[A[A[A[A[A[A[A[A[A[A[A[A[A














zlib-1.2.13          | 111 KB    |            |   0% [A[A[A[A[A[A[A[A[A[A[A[A[A[A[A















_libgcc_mutex-0.1    | 3 KB      |            |   0% [A[A[A[A[A[A[A[A[A[A[A[A[A[A[A[A
















pip-24.2             | 2.2 MB    |            |   0% [A[A[A[A[A[A[A[A[A[A[A[A[A[A[A[A[A

















tk-8.6.14            | 3.4 MB    |            |   0% [A[A[A[A[A[A[A[A[A[A[A[A[A[A[A[A[A[A


















 ... (more hidden) ...[A[A[A[A[A[A[A[A[A[A[A[A[A[A[A[A[A[A[A



tomli-2.0.1          | 24 KB     | ######5    |  66% [A[A[A[Alibgomp-11.2.0       | 474 KB    | 3          |   3% 



tomli-2.0.1          | 24 KB     | ########## | 100% [A[A[A[A




setuptools-75.1.0    | 1.7 MB    |            |   1% [A[A[A[A[A





_openmp_mutex-5.1    | 21 KB     | #######6   |  77% [A[A[A[A[A[A


libffi-3.3           | 50 KB     | ###1       |  32% [A[A[A






python-3.8.3         | 49.1 MB   |            |   0% [A[A[A[A[A[A[A

libstdcxx-ng-11.2.0  | 4.7 MB    |            |   0% [A[A




setuptools-75.1.0    | 1.7 MB    | #####2     |  53% [A[A[A[A[Alibgomp-11.2.0       | 474 KB    | ########## | 100% libgomp-11.2.0       | 474 KB    | ########## | 100% 
ncurses-6.4          | 914 KB    | 1          |   2% [A







ld_impl_linux-64-2.4 | 710 KB    | 2          |   2% [A[A[A[A[A[A[A[A






python-3.8.3         | 49.1 MB   | 1          |   2% [A[A[A[A[A[A[A

libstdcxx-ng-11.2.0  | 4.7 MB    | #3         |  14% [A[A




setuptools-75.1.0    | 1.7 MB    | #########2 |  92% [A[A[A[A[A
ncurses-6.4          | 914 KB    | ####5      |  46% [A







ld_impl_linux-64-2.4 | 710 KB    | ########5  |  86% [A[A[A[A[A[A[A[A


libffi-3.3           | 50 KB     | ########## | 100% [A[A[A


libffi-3.3           | 50 KB     | ########## | 100% [A[A[A









pytest-7.4.4         | 1002 KB   | 1          |   2% [A[A[A[A[A[A[A[A[A[A






python-3.8.3         | 49.1 MB   | 3          |   3% [A[A[A[A[A[A[A








iniconfig-1.1.1      | 8 KB      | ########## | 100% [A[A[A[A[A[A[A[A[A

libstdcxx-ng-11.2.0  | 4.7 MB    | ##7        |  27% [A[A










libgcc-ng-11.2.0     | 5.3 MB    |            |   0% [A[A[A[A[A[A[A[A[A[A[A











wheel-0.44.0         | 108 KB    | #4         |  15% [A[A[A[A[A[A[A[A[A[A[A[A






python-3.8.3         | 49.1 MB   | 5          |   5% [A[A[A[A[A[A[A

libstdcxx-ng-11.2.0  | 4.7 MB    | ####3      |  44% [A[A












exceptiongroup-1.2.0 | 29 KB     | #####4     |  55% [A[A[A[A[A[A[A[A[A[A[A[A[A













openssl-1.1.1w       | 3.7 MB    |            |   0% [A[A[A[A[A[A[A[A[A[A[A[A[A[A










libgcc-ng-11.2.0     | 5.3 MB    | #7         |  18% [A[A[A[A[A[A[A[A[A[A[A














zlib-1.2.13          | 111 KB    | #4         |  14% [A[A[A[A[A[A[A[A[A[A[A[A[A[A[A






python-3.8.3         | 49.1 MB   | 6          |   7% [A[A[A[A[A[A[A

libstdcxx-ng-11.2.0  | 4.7 MB    | #####9     |  60% [A[A





_openmp_mutex-5.1    | 21 KB     | ########## | 100% [A[A[A[A[A[A





_openmp_mutex-5.1    | 21 KB     | ########## | 100% [A[A[A[A[A[A















_libgcc_mutex-0.1    | 3 KB      | ########## | 100% [A[A[A[A[A[A[A[A[A[A[A[A[A[A[A[A













openssl-1.1.1w       | 3.7 MB    | ##3        |  23% [A[A[A[A[A[A[A[A[A[A[A[A[A[A










libgcc-ng-11.2.0     | 5.3 MB    | ###3       |  33% [A[A[A[A[A[A[A[A[A[A[A
















pip-24.2             | 2.2 MB    |            |   1% [A[A[A[A[A[A[A[A[A[A[A[A[A[A[A[A[A






python-3.8.3         | 49.1 MB   | 8          |   8% [A[A[A[A[A[A[A

libstdcxx-ng-11.2.0  | 4.7 MB    | #######4   |  74% [A[A













openssl-1.1.1w       | 3.7 MB    | ####4      |  44% [A[A[A[A[A[A[A[A[A[A[A[A[A[A










libgcc-ng-11.2.0     | 5.3 MB    | ####9      |  49% [A[A[A[A[A[A[A[A[A[A[A







ld_impl_linux-64-2.4 | 710 KB    | ########## | 100% [A[A[A[A[A[A[A[A
















pip-24.2             | 2.2 MB    | ###8       |  38% [A[A[A[A[A[A[A[A[A[A[A[A[A[A[A[A[A








iniconfig-1.1.1      | 8 KB      | ########## | 100% [A[A[A[A[A[A[A[A[A






python-3.8.3         | 49.1 MB   | #          |  10% [A[A[A[A[A[A[A

libstdcxx-ng-11.2.0  | 4.7 MB    | ########8  |  89% [A[A













openssl-1.1.1w       | 3.7 MB    | ######3    |  64% [A[A[A[A[A[A[A[A[A[A[A[A[A[A










libgcc-ng-11.2.0     | 5.3 MB    | ######5    |  66% [A[A[A[A[A[A[A[A[A[A[A
















pip-24.2             | 2.2 MB    | #######1   |  71% [A[A[A[A[A[A[A[A[A[A[A[A[A[A[A[A[A






python-3.8.3         | 49.1 MB   | #1         |  12% [A[A[A[A[A[A[A

















tk-8.6.14            | 3.4 MB    |            |   0% [A[A[A[A[A[A[A[A[A[A[A[A[A[A[A[A[A[A













openssl-1.1.1w       | 3.7 MB    | ########2  |  82% [A[A[A[A[A[A[A[A[A[A[A[A[A[A










libgcc-ng-11.2.0     | 5.3 MB    | ########   |  81% [A[A[A[A[A[A[A[A[A[A[A


















 ... (more hidden) ...[A[A[A[A[A[A[A[A[A[A[A[A[A[A[A[A[A[A[A






python-3.8.3         | 49.1 MB   | #3         |  14% [A[A[A[A[A[A[A

















tk-8.6.14            | 3.4 MB    | ##5        |  26% [A[A[A[A[A[A[A[A[A[A[A[A[A[A[A[A[A[A










libgcc-ng-11.2.0     | 5.3 MB    | #########5 |  96% [A[A[A[A[A[A[A[A[A[A[A






python-3.8.3         | 49.1 MB   | #5         |  16% [A[A[A[A[A[A[A

















tk-8.6.14            | 3.4 MB    | ######1    |  61% [A[A[A[A[A[A[A[A[A[A[A[A[A[A[A[A[A[A






python-3.8.3         | 49.1 MB   | #8         |  18% [A[A[A[A[A[A[A






python-3.8.3         | 49.1 MB   | ##1        |  21% [A[A[A[A[A[A[A






python-3.8.3         | 49.1 MB   | ##4        |  25% [A[A[A[A[A[A[A






python-3.8.3         | 49.1 MB   | ##7        |  28% [A[A[A[A[A[A[A






python-3.8.3         | 49.1 MB   | ###        |  31% [A[A[A[A[A[A[A






python-3.8.3         | 49.1 MB   | ###3       |  34% [A[A[A[A[A[A[A






python-3.8.3         | 49.1 MB   | ###7       |  37% [A[A[A[A[A[A[A






python-3.8.3         | 49.1 MB   | ####       |  40% [A[A[A[A[A[A[A






python-3.8.3         | 49.1 MB   | ####3      |  43% [A[A[A[A[A[A[A






python-3.8.3         | 49.1 MB   | ####8      |  49% [A[A[A[A[A[A[A






python-3.8.3         | 49.1 MB   | #####2     |  52% [A[A[A[A[A[A[A









pytest-7.4.4         | 1002 KB   | ########## | 100% [A[A[A[A[A[A[A[A[A[A









pytest-7.4.4         | 1002 KB   | ########## | 100% [A[A[A[A[A[A[A[A[A[A






python-3.8.3         | 49.1 MB   | #####6     |  56% [A[A[A[A[A[A[A






python-3.8.3         | 49.1 MB   | #####9     |  60% [A[A[A[A[A[A[A











wheel-0.44.0         | 108 KB    | ########## | 100% [A[A[A[A[A[A[A[A[A[A[A[A











wheel-0.44.0         | 108 KB    | ########## | 100% [A[A[A[A[A[A[A[A[A[A[A[A






python-3.8.3         | 49.1 MB   | ######2    |  63% [A[A[A[A[A[A[A












exceptiongroup-1.2.0 | 29 KB     | ########## | 100% [A[A[A[A[A[A[A[A[A[A[A[A[A












exceptiongroup-1.2.0 | 29 KB     | ########## | 100% [A[A[A[A[A[A[A[A[A[A[A[A[A














zlib-1.2.13          | 111 KB    | ########## | 100% [A[A[A[A[A[A[A[A[A[A[A[A[A[A[A














zlib-1.2.13          | 111 KB    | ########## | 100% [A[A[A[A[A[A[A[A[A[A[A[A[A[A[A






python-3.8.3         | 49.1 MB   | ######6    |  66% [A[A[A[A[A[A[A















_libgcc_mutex-0.1    | 3 KB      | ########## | 100% [A[A[A[A[A[A[A[A[A[A[A[A[A[A[A[A






python-3.8.3         | 49.1 MB   | ######9    |  70% [A[A[A[A[A[A[A






python-3.8.3         | 49.1 MB   | #######3   |  73% [A[A[A[A[A[A[A






python-3.8.3         | 49.1 MB   | #######6   |  76% [A[A[A[A[A[A[A






python-3.8.3         | 49.1 MB   | #######9   |  80% [A[A[A[A[A[A[A






python-3.8.3         | 49.1 MB   | ########3  |  83% [A[A[A[A[A[A[A






python-3.8.3         | 49.1 MB   | ########6  |  87% [A[A[A[A[A[A[A






python-3.8.3         | 49.1 MB   | #########  |  90% [A[A[A[A[A[A[A






python-3.8.3         | 49.1 MB   | #########3 |  94% [A[A[A[A[A[A[A

libstdcxx-ng-11.2.0  | 4.7 MB    | ########## | 100% [A[A




setuptools-75.1.0    | 1.7 MB    | ########## | 100% [A[A[A[A[A






python-3.8.3         | 49.1 MB   | #########7 |  97% [A[A[A[A[A[A[A


















 ... (more hidden) ...[A[A[A[A[A[A[A[A[A[A[A[A[A[A[A[A[A[A[A


















 ... (more hidden) ...[A[A[A[A[A[A[A[A[A[A[A[A[A[A[A[A[A[A[A













openssl-1.1.1w       | 3.7 MB    | ########## | 100% [A[A[A[A[A[A[A[A[A[A[A[A[A[A










libgcc-ng-11.2.0     | 5.3 MB    | ########## | 100% [A[A[A[A[A[A[A[A[A[A[A
















pip-24.2             | 2.2 MB    | ########## | 100% [A[A[A[A[A[A[A[A[A[A[A[A[A[A[A[A[A
















pip-24.2             | 2.2 MB    | ########## | 100% [A[A[A[A[A[A[A[A[A[A[A[A[A[A[A[A[A
ncurses-6.4          | 914 KB    | ########## | 100% [A
ncurses-6.4          | 914 KB    | ########## | 100% [A

















tk-8.6.14            | 3.4 MB    | ########## | 100% [A[A[A[A[A[A[A[A[A[A[A[A[A[A[A[A[A[A

















tk-8.6.14            | 3.4 MB    | ########## | 100% [A[A[A[A[A[A[A[A[A[A[A[A[A[A[A[A[A[A






python-3.8.3         | 49.1 MB   | ########## | 100% [A[A[A[A[A[A[A


















                      [A[A[A[A[A[A[A[A[A[A[A[A[A[A[A[A[A[A[A                                                     
                                                     [A

                                                     [A[A


                                                     [A[A[A



                                                     [A[A[A[A




                                                     [A[A[A[A[A





                                                     [A[A[A[A[A[A






                                                     [A[A[A[A[A[A[A







                                                     [A[A[A[A[A[A[A[A








                                                     [A[A[A[A[A[A[A[A[A









                                                     [A[A[A[A[A[A[A[A[A[A










                                                     [A[A[A[A[A[A[A[A[A[A[A











                                                     [A[A[A[A[A[A[A[A[A[A[A[A












                                                     [A[A[A[A[A[A[A[A[A[A[A[A[A













                                                     [A[A[A[A[A[A[A[A[A[A[A[A[A[A














                                                     [A[A[A[A[A[A[A[A[A[A[A[A[A[A[A















                                                     [A[A[A[A[A[A[A[A[A[A[A[A[A[A[A[A
















                                                     [A[A[A[A[A[A[A[A[A[A[A[A[A[A[A[A[A

















                                                     [A[A[A[A[A[A[A[A[A[A[A[A[A[A[A[A[A[A
[A

[A[A
Preparing transaction: ...working... done
Verifying transaction: ...working... done
Executing transaction: ...working... done
#
# To activate this environment, use
#
#     $ conda activate 15f0149b1fbf715d94535d380cb72343
#
# To deactivate an active environment, use
#
#     $ conda deactivate

pip install Twisted
pip install pytest
pip install Pillow
pip install utils
pip install mitmproxy
pip install leveldb

Collecting appdirs==1.4.4
  Downloading appdirs-1.4.4-py2.py3-none-any.whl.metadata (9.0 kB)
Downloading appdirs-1.4.4-py2.py3-none-any.whl (9.6 kB)
Installing collected packages: appdirs
Successfully installed appdirs-1.4.4
WARNING: Running pip as the 'root' user can result in broken permissions and conflicting behaviour with the system package manager, possibly rendering your system unusable.It is recommended to use a virtual environment instead: https://pip.pypa.io/warnings/venv. Use the --root-user-action option if you know what you are doing and want to suppress this warning.
Collecting atomicwrites==1.4.0
  Downloading atomicwrites-1.4.0-py2.py3-none-any.whl.metadata (5.6 kB)
Downloading atomicwrites-1.4.0-py2.py3-none-any.whl (6.8 kB)
Installing collected packages: atomicwrites
Successfully installed atomicwrites-1.4.0
WARNING: Running pip as the 'root' user can result in broken permissions and conflicting behaviour with the system package manager, possibly rendering your system unusable.It is recommended to use a virtual environment instead: https://pip.pypa.io/warnings/venv. Use the --root-user-action option if you know what you are doing and want to suppress this warning.
Collecting attrs==19.3.0
  Downloading attrs-19.3.0-py2.py3-none-any.whl.metadata (9.0 kB)
Downloading attrs-19.3.0-py2.py3-none-any.whl (39 kB)
Installing collected packages: attrs
Successfully installed attrs-19.3.0
WARNING: Running pip as the 'root' user can result in broken permissions and conflicting behaviour with the system package manager, possibly rendering your system unusable.It is recommended to use a virtual environment instead: https://pip.pypa.io/warnings/venv. Use the --root-user-action option if you know what you are doing and want to suppress this warning.
Collecting Automat==20.2.0
  Downloading Automat-20.2.0-py2.py3-none-any.whl.metadata (17 kB)
Requirement already satisfied: attrs>=19.2.0 in /opt/conda/envs/15f0149b1fbf715d94535d380cb72343/lib/python3.8/site-packages (from Automat==20.2.0) (19.3.0)
Collecting six (from Automat==20.2.0)
  Downloading six-1.16.0-py2.py3-none-any.whl.metadata (1.8 kB)
Downloading Automat-20.2.0-py2.py3-none-any.whl (31 kB)
Downloading six-1.16.0-py2.py3-none-any.whl (11 kB)
Installing collected packages: six, Automat
Successfully installed Automat-20.2.0 six-1.16.0
WARNING: Running pip as the 'root' user can result in broken permissions and conflicting behaviour with the system package manager, possibly rendering your system unusable.It is recommended to use a virtual environment instead: https://pip.pypa.io/warnings/venv. Use the --root-user-action option if you know what you are doing and want to suppress this warning.
Collecting bcrypt==3.1.7
  Downloading bcrypt-3.1.7-cp34-abi3-manylinux1_x86_64.whl.metadata (7.3 kB)
Collecting cffi>=1.1 (from bcrypt==3.1.7)
  Downloading cffi-1.17.1-cp38-cp38-manylinux_2_17_x86_64.manylinux2014_x86_64.whl.metadata (1.5 kB)
Requirement already satisfied: six>=1.4.1 in /opt/conda/envs/15f0149b1fbf715d94535d380cb72343/lib/python3.8/site-packages (from bcrypt==3.1.7) (1.16.0)
Collecting pycparser (from cffi>=1.1->bcrypt==3.1.7)
  Downloading pycparser-2.22-py3-none-any.whl.metadata (943 bytes)
Downloading bcrypt-3.1.7-cp34-abi3-manylinux1_x86_64.whl (56 kB)
Downloading cffi-1.17.1-cp38-cp38-manylinux_2_17_x86_64.manylinux2014_x86_64.whl (446 kB)
Downloading pycparser-2.22-py3-none-any.whl (117 kB)
Installing collected packages: pycparser, cffi, bcrypt
Successfully installed bcrypt-3.1.7 cffi-1.17.1 pycparser-2.22
WARNING: Running pip as the 'root' user can result in broken permissions and conflicting behaviour with the system package manager, possibly rendering your system unusable.It is recommended to use a virtual environment instead: https://pip.pypa.io/warnings/venv. Use the --root-user-action option if you know what you are doing and want to suppress this warning.
Collecting blinker==1.4
  Downloading blinker-1.4.tar.gz (111 kB)
  Preparing metadata (setup.py): started
  Preparing metadata (setup.py): finished with status 'done'
Building wheels for collected packages: blinker
  Building wheel for blinker (setup.py): started
  Building wheel for blinker (setup.py): finished with status 'done'
  Created wheel for blinker: filename=blinker-1.4-py3-none-any.whl size=13457 sha256=774185a08783f6162a72c21270ba0cdde82ce092c9731d494aa823f02d65219b
  Stored in directory: /root/.cache/pip/wheels/b7/a5/68/fe632054a5eadd531c7a49d740c50eb6adfbeca822b4eab8d4
Successfully built blinker
Installing collected packages: blinker
Successfully installed blinker-1.4
WARNING: Running pip as the 'root' user can result in broken permissions and conflicting behaviour with the system package manager, possibly rendering your system unusable.It is recommended to use a virtual environment instead: https://pip.pypa.io/warnings/venv. Use the --root-user-action option if you know what you are doing and want to suppress this warning.
Collecting Brotli==1.0.7
  Downloading Brotli-1.0.7-cp38-cp38-manylinux1_x86_64.whl.metadata (1.4 kB)
Downloading Brotli-1.0.7-cp38-cp38-manylinux1_x86_64.whl (352 kB)
Installing collected packages: Brotli
Successfully installed Brotli-1.0.7
WARNING: Running pip as the 'root' user can result in broken permissions and conflicting behaviour with the system package manager, possibly rendering your system unusable.It is recommended to use a virtual environment instead: https://pip.pypa.io/warnings/venv. Use the --root-user-action option if you know what you are doing and want to suppress this warning.
Collecting certifi==2020.4.5.1
  Downloading certifi-2020.4.5.1-py2.py3-none-any.whl.metadata (2.7 kB)
Downloading certifi-2020.4.5.1-py2.py3-none-any.whl (157 kB)
Installing collected packages: certifi
Successfully installed certifi-2020.4.5.1
WARNING: Running pip as the 'root' user can result in broken permissions and conflicting behaviour with the system package manager, possibly rendering your system unusable.It is recommended to use a virtual environment instead: https://pip.pypa.io/warnings/venv. Use the --root-user-action option if you know what you are doing and want to suppress this warning.
Collecting cffi==1.14.0
  Downloading cffi-1.14.0-cp38-cp38-manylinux1_x86_64.whl.metadata (1.2 kB)
Requirement already satisfied: pycparser in /opt/conda/envs/15f0149b1fbf715d94535d380cb72343/lib/python3.8/site-packages (from cffi==1.14.0) (2.22)
Downloading cffi-1.14.0-cp38-cp38-manylinux1_x86_64.whl (409 kB)
Installing collected packages: cffi
  Attempting uninstall: cffi
    Found existing installation: cffi 1.17.1
    Uninstalling cffi-1.17.1:
      Successfully uninstalled cffi-1.17.1
Successfully installed cffi-1.14.0
WARNING: Running pip as the 'root' user can result in broken permissions and conflicting behaviour with the system package manager, possibly rendering your system unusable.It is recommended to use a virtual environment instead: https://pip.pypa.io/warnings/venv. Use the --root-user-action option if you know what you are doing and want to suppress this warning.
Collecting chardet==3.0.4
  Downloading chardet-3.0.4-py2.py3-none-any.whl.metadata (3.2 kB)
Downloading chardet-3.0.4-py2.py3-none-any.whl (133 kB)
Installing collected packages: chardet
Successfully installed chardet-3.0.4
WARNING: Running pip as the 'root' user can result in broken permissions and conflicting behaviour with the system package manager, possibly rendering your system unusable.It is recommended to use a virtual environment instead: https://pip.pypa.io/warnings/venv. Use the --root-user-action option if you know what you are doing and want to suppress this warning.
Collecting click==7.1.2
  Downloading click-7.1.2-py2.py3-none-any.whl.metadata (2.9 kB)
Downloading click-7.1.2-py2.py3-none-any.whl (82 kB)
Installing collected packages: click
Successfully installed click-7.1.2
WARNING: Running pip as the 'root' user can result in broken permissions and conflicting behaviour with the system package manager, possibly rendering your system unusable.It is recommended to use a virtual environment instead: https://pip.pypa.io/warnings/venv. Use the --root-user-action option if you know what you are doing and want to suppress this warning.
Collecting colorama==0.4.3
  Downloading colorama-0.4.3-py2.py3-none-any.whl.metadata (14 kB)
Downloading colorama-0.4.3-py2.py3-none-any.whl (15 kB)
Installing collected packages: colorama
Successfully installed colorama-0.4.3
WARNING: Running pip as the 'root' user can result in broken permissions and conflicting behaviour with the system package manager, possibly rendering your system unusable.It is recommended to use a virtual environment instead: https://pip.pypa.io/warnings/venv. Use the --root-user-action option if you know what you are doing and want to suppress this warning.
Collecting constantly==15.1.0
  Downloading constantly-15.1.0-py2.py3-none-any.whl.metadata (1.2 kB)
Downloading constantly-15.1.0-py2.py3-none-any.whl (7.9 kB)
Installing collected packages: constantly
Successfully installed constantly-15.1.0
WARNING: Running pip as the 'root' user can result in broken permissions and conflicting behaviour with the system package manager, possibly rendering your system unusable.It is recommended to use a virtual environment instead: https://pip.pypa.io/warnings/venv. Use the --root-user-action option if you know what you are doing and want to suppress this warning.
Collecting cryptography==2.9.2
  Downloading cryptography-2.9.2-cp35-abi3-manylinux2010_x86_64.whl.metadata (5.1 kB)
Requirement already satisfied: six>=1.4.1 in /opt/conda/envs/15f0149b1fbf715d94535d380cb72343/lib/python3.8/site-packages (from cryptography==2.9.2) (1.16.0)
Requirement already satisfied: cffi!=1.11.3,>=1.8 in /opt/conda/envs/15f0149b1fbf715d94535d380cb72343/lib/python3.8/site-packages (from cryptography==2.9.2) (1.14.0)
Requirement already satisfied: pycparser in /opt/conda/envs/15f0149b1fbf715d94535d380cb72343/lib/python3.8/site-packages (from cffi!=1.11.3,>=1.8->cryptography==2.9.2) (2.22)
Downloading cryptography-2.9.2-cp35-abi3-manylinux2010_x86_64.whl (2.7 MB)
   â”â”â”â”â”â”â”â”â”â”â”â”â”â”â”â”â”â”â”â”â”â”â”â”â”â”â”â”â”â”â”â”â”â”â”â”â”â”â”â” 2.7/2.7 MB 27.0 MB/s eta 0:00:00
Installing collected packages: cryptography
Successfully installed cryptography-2.9.2
WARNING: Running pip as the 'root' user can result in broken permissions and conflicting behaviour with the system package manager, possibly rendering your system unusable.It is recommended to use a virtual environment instead: https://pip.pypa.io/warnings/venv. Use the --root-user-action option if you know what you are doing and want to suppress this warning.
Collecting cssselect==1.1.0
  Downloading cssselect-1.1.0-py2.py3-none-any.whl.metadata (2.3 kB)
Downloading cssselect-1.1.0-py2.py3-none-any.whl (16 kB)
Installing collected packages: cssselect
Successfully installed cssselect-1.1.0
WARNING: Running pip as the 'root' user can result in broken permissions and conflicting behaviour with the system package manager, possibly rendering your system unusable.It is recommended to use a virtual environment instead: https://pip.pypa.io/warnings/venv. Use the --root-user-action option if you know what you are doing and want to suppress this warning.
Collecting defusedxml==0.6.0
  Downloading defusedxml-0.6.0-py2.py3-none-any.whl.metadata (31 kB)
Downloading defusedxml-0.6.0-py2.py3-none-any.whl (23 kB)
Installing collected packages: defusedxml
Successfully installed defusedxml-0.6.0
WARNING: Running pip as the 'root' user can result in broken permissions and conflicting behaviour with the system package manager, possibly rendering your system unusable.It is recommended to use a virtual environment instead: https://pip.pypa.io/warnings/venv. Use the --root-user-action option if you know what you are doing and want to suppress this warning.
Collecting Flask==1.1.2
  Downloading Flask-1.1.2-py2.py3-none-any.whl.metadata (4.6 kB)
Collecting Werkzeug>=0.15 (from Flask==1.1.2)
  Downloading werkzeug-3.0.6-py3-none-any.whl.metadata (3.7 kB)
Collecting Jinja2>=2.10.1 (from Flask==1.1.2)
  Downloading jinja2-3.1.4-py3-none-any.whl.metadata (2.6 kB)
Collecting itsdangerous>=0.24 (from Flask==1.1.2)
  Downloading itsdangerous-2.2.0-py3-none-any.whl.metadata (1.9 kB)
Requirement already satisfied: click>=5.1 in /opt/conda/envs/15f0149b1fbf715d94535d380cb72343/lib/python3.8/site-packages (from Flask==1.1.2) (7.1.2)
Collecting MarkupSafe>=2.0 (from Jinja2>=2.10.1->Flask==1.1.2)
  Downloading MarkupSafe-2.1.5-cp38-cp38-manylinux_2_17_x86_64.manylinux2014_x86_64.whl.metadata (3.0 kB)
Downloading Flask-1.1.2-py2.py3-none-any.whl (94 kB)
Downloading itsdangerous-2.2.0-py3-none-any.whl (16 kB)
Downloading jinja2-3.1.4-py3-none-any.whl (133 kB)
Downloading werkzeug-3.0.6-py3-none-any.whl (227 kB)
Downloading MarkupSafe-2.1.5-cp38-cp38-manylinux_2_17_x86_64.manylinux2014_x86_64.whl (26 kB)
Installing collected packages: MarkupSafe, itsdangerous, Werkzeug, Jinja2, Flask
Successfully installed Flask-1.1.2 Jinja2-3.1.4 MarkupSafe-2.1.5 Werkzeug-3.0.6 itsdangerous-2.2.0
WARNING: Running pip as the 'root' user can result in broken permissions and conflicting behaviour with the system package manager, possibly rendering your system unusable.It is recommended to use a virtual environment instead: https://pip.pypa.io/warnings/venv. Use the --root-user-action option if you know what you are doing and want to suppress this warning.
Collecting h11==0.9.0
  Downloading h11-0.9.0-py2.py3-none-any.whl.metadata (8.1 kB)
Downloading h11-0.9.0-py2.py3-none-any.whl (53 kB)
Installing collected packages: h11
Successfully installed h11-0.9.0
WARNING: Running pip as the 'root' user can result in broken permissions and conflicting behaviour with the system package manager, possibly rendering your system unusable.It is recommended to use a virtual environment instead: https://pip.pypa.io/warnings/venv. Use the --root-user-action option if you know what you are doing and want to suppress this warning.
Collecting h2==3.2.0
  Downloading h2-3.2.0-py2.py3-none-any.whl.metadata (32 kB)
Collecting hyperframe<6,>=5.2.0 (from h2==3.2.0)
  Downloading hyperframe-5.2.0-py2.py3-none-any.whl.metadata (7.2 kB)
Collecting hpack<4,>=3.0 (from h2==3.2.0)
  Downloading hpack-3.0.0-py2.py3-none-any.whl.metadata (7.0 kB)
Downloading h2-3.2.0-py2.py3-none-any.whl (65 kB)
Downloading hpack-3.0.0-py2.py3-none-any.whl (38 kB)
Downloading hyperframe-5.2.0-py2.py3-none-any.whl (12 kB)
Installing collected packages: hyperframe, hpack, h2
Successfully installed h2-3.2.0 hpack-3.0.0 hyperframe-5.2.0
WARNING: Running pip as the 'root' user can result in broken permissions and conflicting behaviour with the system package manager, possibly rendering your system unusable.It is recommended to use a virtual environment instead: https://pip.pypa.io/warnings/venv. Use the --root-user-action option if you know what you are doing and want to suppress this warning.
Requirement already satisfied: hpack==3.0.0 in /opt/conda/envs/15f0149b1fbf715d94535d380cb72343/lib/python3.8/site-packages (3.0.0)
WARNING: Running pip as the 'root' user can result in broken permissions and conflicting behaviour with the system package manager, possibly rendering your system unusable.It is recommended to use a virtual environment instead: https://pip.pypa.io/warnings/venv. Use the --root-user-action option if you know what you are doing and want to suppress this warning.
Requirement already satisfied: hyperframe==5.2.0 in /opt/conda/envs/15f0149b1fbf715d94535d380cb72343/lib/python3.8/site-packages (5.2.0)
WARNING: Running pip as the 'root' user can result in broken permissions and conflicting behaviour with the system package manager, possibly rendering your system unusable.It is recommended to use a virtual environment instead: https://pip.pypa.io/warnings/venv. Use the --root-user-action option if you know what you are doing and want to suppress this warning.
Collecting hyperlink==19.0.0
  Downloading hyperlink-19.0.0-py2.py3-none-any.whl.metadata (1.1 kB)
Collecting idna>=2.5 (from hyperlink==19.0.0)
  Downloading idna-3.10-py3-none-any.whl.metadata (10 kB)
Downloading hyperlink-19.0.0-py2.py3-none-any.whl (38 kB)
Downloading idna-3.10-py3-none-any.whl (70 kB)
Installing collected packages: idna, hyperlink
Successfully installed hyperlink-19.0.0 idna-3.10
WARNING: Running pip as the 'root' user can result in broken permissions and conflicting behaviour with the system package manager, possibly rendering your system unusable.It is recommended to use a virtual environment instead: https://pip.pypa.io/warnings/venv. Use the --root-user-action option if you know what you are doing and want to suppress this warning.
Collecting idna==2.9
  Downloading idna-2.9-py2.py3-none-any.whl.metadata (9.1 kB)
Downloading idna-2.9-py2.py3-none-any.whl (58 kB)
Installing collected packages: idna
  Attempting uninstall: idna
    Found existing installation: idna 3.10
    Uninstalling idna-3.10:
      Successfully uninstalled idna-3.10
Successfully installed idna-2.9
WARNING: Running pip as the 'root' user can result in broken permissions and conflicting behaviour with the system package manager, possibly rendering your system unusable.It is recommended to use a virtual environment instead: https://pip.pypa.io/warnings/venv. Use the --root-user-action option if you know what you are doing and want to suppress this warning.
Collecting incremental==17.5.0
  Downloading incremental-17.5.0-py2.py3-none-any.whl.metadata (5.7 kB)
Downloading incremental-17.5.0-py2.py3-none-any.whl (16 kB)
Installing collected packages: incremental
Successfully installed incremental-17.5.0
WARNING: Running pip as the 'root' user can result in broken permissions and conflicting behaviour with the system package manager, possibly rendering your system unusable.It is recommended to use a virtual environment instead: https://pip.pypa.io/warnings/venv. Use the --root-user-action option if you know what you are doing and want to suppress this warning.
Collecting itsdangerous==1.1.0
  Downloading itsdangerous-1.1.0-py2.py3-none-any.whl.metadata (3.1 kB)
Downloading itsdangerous-1.1.0-py2.py3-none-any.whl (16 kB)
Installing collected packages: itsdangerous
  Attempting uninstall: itsdangerous
    Found existing installation: itsdangerous 2.2.0
    Uninstalling itsdangerous-2.2.0:
      Successfully uninstalled itsdangerous-2.2.0
Successfully installed itsdangerous-1.1.0
WARNING: Running pip as the 'root' user can result in broken permissions and conflicting behaviour with the system package manager, possibly rendering your system unusable.It is recommended to use a virtual environment instead: https://pip.pypa.io/warnings/venv. Use the --root-user-action option if you know what you are doing and want to suppress this warning.
Collecting Jinja2==2.11.2
  Downloading Jinja2-2.11.2-py2.py3-none-any.whl.metadata (3.5 kB)
Requirement already satisfied: MarkupSafe>=0.23 in /opt/conda/envs/15f0149b1fbf715d94535d380cb72343/lib/python3.8/site-packages (from Jinja2==2.11.2) (2.1.5)
Downloading Jinja2-2.11.2-py2.py3-none-any.whl (125 kB)
Installing collected packages: Jinja2
  Attempting uninstall: Jinja2
    Found existing installation: Jinja2 3.1.4
    Uninstalling Jinja2-3.1.4:
      Successfully uninstalled Jinja2-3.1.4
Successfully installed Jinja2-2.11.2
WARNING: Running pip as the 'root' user can result in broken permissions and conflicting behaviour with the system package manager, possibly rendering your system unusable.It is recommended to use a virtual environment instead: https://pip.pypa.io/warnings/venv. Use the --root-user-action option if you know what you are doing and want to suppress this warning.
Collecting kaitaistruct==0.8
  Downloading kaitaistruct-0.8.tar.gz (5.2 kB)
  Preparing metadata (setup.py): started
  Preparing metadata (setup.py): finished with status 'done'
Building wheels for collected packages: kaitaistruct
  Building wheel for kaitaistruct (setup.py): started
  Building wheel for kaitaistruct (setup.py): finished with status 'done'
  Created wheel for kaitaistruct: filename=kaitaistruct-0.8-py2.py3-none-any.whl size=4905 sha256=fc17b103522a3dffd60728870ac3f59146aec6a5724bd7506ee1cc6bc1581c76
  Stored in directory: /root/.cache/pip/wheels/21/9e/07/4a48aca3de6d2402327907029503e072ad90737ec443cdbc41
Successfully built kaitaistruct
Installing collected packages: kaitaistruct
Successfully installed kaitaistruct-0.8
WARNING: Running pip as the 'root' user can result in broken permissions and conflicting behaviour with the system package manager, possibly rendering your system unusable.It is recommended to use a virtual environment instead: https://pip.pypa.io/warnings/venv. Use the --root-user-action option if you know what you are doing and want to suppress this warning.
Collecting ldap3==2.7
  Downloading ldap3-2.7-py2.py3-none-any.whl.metadata (4.7 kB)
Collecting pyasn1>=0.1.8 (from ldap3==2.7)
  Downloading pyasn1-0.6.1-py3-none-any.whl.metadata (8.4 kB)
Downloading ldap3-2.7-py2.py3-none-any.whl (420 kB)
Downloading pyasn1-0.6.1-py3-none-any.whl (83 kB)
Installing collected packages: pyasn1, ldap3
Successfully installed ldap3-2.7 pyasn1-0.6.1
WARNING: Running pip as the 'root' user can result in broken permissions and conflicting behaviour with the system package manager, possibly rendering your system unusable.It is recommended to use a virtual environment instead: https://pip.pypa.io/warnings/venv. Use the --root-user-action option if you know what you are doing and want to suppress this warning.
Collecting lxml==4.5.1
  Downloading lxml-4.5.1-cp38-cp38-manylinux1_x86_64.whl.metadata (3.3 kB)
Downloading lxml-4.5.1-cp38-cp38-manylinux1_x86_64.whl (5.4 MB)
   â”â”â”â”â”â”â”â”â”â”â”â”â”â”â”â”â”â”â”â”â”â”â”â”â”â”â”â”â”â”â”â”â”â”â”â”â”â”â”â” 5.4/5.4 MB 56.2 MB/s eta 0:00:00
Installing collected packages: lxml
Successfully installed lxml-4.5.1
WARNING: Running pip as the 'root' user can result in broken permissions and conflicting behaviour with the system package manager, possibly rendering your system unusable.It is recommended to use a virtual environment instead: https://pip.pypa.io/warnings/venv. Use the --root-user-action option if you know what you are doing and want to suppress this warning.
Collecting MarkupSafe==1.1.1
  Downloading MarkupSafe-1.1.1-cp38-cp38-manylinux2010_x86_64.whl.metadata (3.2 kB)
Downloading MarkupSafe-1.1.1-cp38-cp38-manylinux2010_x86_64.whl (32 kB)
Installing collected packages: MarkupSafe
  Attempting uninstall: MarkupSafe
    Found existing installation: MarkupSafe 2.1.5
    Uninstalling MarkupSafe-2.1.5:
      Successfully uninstalled MarkupSafe-2.1.5
ERROR: pip's dependency resolver does not currently take into account all the packages that are installed. This behaviour is the source of the following dependency conflicts.
werkzeug 3.0.6 requires MarkupSafe>=2.1.1, but you have markupsafe 1.1.1 which is incompatible.
Successfully installed MarkupSafe-1.1.1
WARNING: Running pip as the 'root' user can result in broken permissions and conflicting behaviour with the system package manager, possibly rendering your system unusable.It is recommended to use a virtual environment instead: https://pip.pypa.io/warnings/venv. Use the --root-user-action option if you know what you are doing and want to suppress this warning.
Collecting mitmproxy==5.1.1
  Downloading mitmproxy-5.1.1-py3-none-any.whl.metadata (9.8 kB)
Requirement already satisfied: blinker<1.5,>=1.4 in /opt/conda/envs/15f0149b1fbf715d94535d380cb72343/lib/python3.8/site-packages (from mitmproxy==5.1.1) (1.4)
Requirement already satisfied: Brotli<1.1,>=1.0 in /opt/conda/envs/15f0149b1fbf715d94535d380cb72343/lib/python3.8/site-packages (from mitmproxy==5.1.1) (1.0.7)
Requirement already satisfied: certifi>=2019.9.11 in /opt/conda/envs/15f0149b1fbf715d94535d380cb72343/lib/python3.8/site-packages (from mitmproxy==5.1.1) (2020.4.5.1)
Requirement already satisfied: click<8,>=7.0 in /opt/conda/envs/15f0149b1fbf715d94535d380cb72343/lib/python3.8/site-packages (from mitmproxy==5.1.1) (7.1.2)
Requirement already satisfied: cryptography<3.0,>=2.9 in /opt/conda/envs/15f0149b1fbf715d94535d380cb72343/lib/python3.8/site-packages (from mitmproxy==5.1.1) (2.9.2)
Requirement already satisfied: flask<1.2,>=1.1.1 in /opt/conda/envs/15f0149b1fbf715d94535d380cb72343/lib/python3.8/site-packages (from mitmproxy==5.1.1) (1.1.2)
Requirement already satisfied: h2<4,>=3.2.0 in /opt/conda/envs/15f0149b1fbf715d94535d380cb72343/lib/python3.8/site-packages (from mitmproxy==5.1.1) (3.2.0)
Requirement already satisfied: hyperframe<6,>=5.1.0 in /opt/conda/envs/15f0149b1fbf715d94535d380cb72343/lib/python3.8/site-packages (from mitmproxy==5.1.1) (5.2.0)
Requirement already satisfied: kaitaistruct<0.9,>=0.7 in /opt/conda/envs/15f0149b1fbf715d94535d380cb72343/lib/python3.8/site-packages (from mitmproxy==5.1.1) (0.8)
Requirement already satisfied: ldap3<2.8,>=2.6.1 in /opt/conda/envs/15f0149b1fbf715d94535d380cb72343/lib/python3.8/site-packages (from mitmproxy==5.1.1) (2.7)
Collecting passlib<1.8,>=1.6.5 (from mitmproxy==5.1.1)
  Downloading passlib-1.7.4-py2.py3-none-any.whl.metadata (1.7 kB)
Collecting protobuf<3.12,>=3.6.0 (from mitmproxy==5.1.1)
  Downloading protobuf-3.11.3-cp38-cp38-manylinux1_x86_64.whl.metadata (884 bytes)
Collecting pyasn1<0.5,>=0.3.1 (from mitmproxy==5.1.1)
  Downloading pyasn1-0.4.8-py2.py3-none-any.whl.metadata (1.5 kB)
Collecting pyOpenSSL<19.2,>=19.1.0 (from mitmproxy==5.1.1)
  Downloading pyOpenSSL-19.1.0-py2.py3-none-any.whl.metadata (4.7 kB)
Collecting pyparsing<2.5,>=2.4.2 (from mitmproxy==5.1.1)
  Downloading pyparsing-2.4.7-py2.py3-none-any.whl.metadata (3.6 kB)
Collecting pyperclip<1.9,>=1.6.0 (from mitmproxy==5.1.1)
  Downloading pyperclip-1.8.2.tar.gz (20 kB)
  Preparing metadata (setup.py): started
  Preparing metadata (setup.py): finished with status 'done'
Collecting ruamel.yaml<0.17,>=0.16 (from mitmproxy==5.1.1)
  Downloading ruamel.yaml-0.16.13-py2.py3-none-any.whl.metadata (36 kB)
Collecting sortedcontainers<2.2,>=2.1.0 (from mitmproxy==5.1.1)
  Downloading sortedcontainers-2.1.0-py2.py3-none-any.whl.metadata (10 kB)
Collecting tornado<7,>=4.3 (from mitmproxy==5.1.1)
  Downloading tornado-6.4.2-cp38-abi3-manylinux_2_5_x86_64.manylinux1_x86_64.manylinux_2_17_x86_64.manylinux2014_x86_64.whl.metadata (2.5 kB)
Collecting urwid<2.2,>=2.1.0 (from mitmproxy==5.1.1)
  Downloading urwid-2.1.2.tar.gz (634 kB)
     â”â”â”â”â”â”â”â”â”â”â”â”â”â”â”â”â”â”â”â”â”â”â”â”â”â”â”â”â”â”â”â”â”â”â”â”â”â” 634.6/634.6 kB 21.4 MB/s eta 0:00:00
  Preparing metadata (setup.py): started
  Preparing metadata (setup.py): finished with status 'done'
Collecting wsproto<0.16,>=0.14 (from mitmproxy==5.1.1)
  Downloading wsproto-0.15.0-py2.py3-none-any.whl.metadata (5.3 kB)
Collecting publicsuffix2<3,>=2.20190812 (from mitmproxy==5.1.1)
  Downloading publicsuffix2-2.20191221-py2.py3-none-any.whl.metadata (13 kB)
Collecting zstandard<0.14,>=0.11 (from mitmproxy==5.1.1)
  Downloading zstandard-0.13.0-cp38-cp38-manylinux2014_x86_64.whl.metadata (63 kB)
Requirement already satisfied: six>=1.4.1 in /opt/conda/envs/15f0149b1fbf715d94535d380cb72343/lib/python3.8/site-packages (from cryptography<3.0,>=2.9->mitmproxy==5.1.1) (1.16.0)
Requirement already satisfied: cffi!=1.11.3,>=1.8 in /opt/conda/envs/15f0149b1fbf715d94535d380cb72343/lib/python3.8/site-packages (from cryptography<3.0,>=2.9->mitmproxy==5.1.1) (1.14.0)
Requirement already satisfied: Werkzeug>=0.15 in /opt/conda/envs/15f0149b1fbf715d94535d380cb72343/lib/python3.8/site-packages (from flask<1.2,>=1.1.1->mitmproxy==5.1.1) (3.0.6)
Requirement already satisfied: Jinja2>=2.10.1 in /opt/conda/envs/15f0149b1fbf715d94535d380cb72343/lib/python3.8/site-packages (from flask<1.2,>=1.1.1->mitmproxy==5.1.1) (2.11.2)
Requirement already satisfied: itsdangerous>=0.24 in /opt/conda/envs/15f0149b1fbf715d94535d380cb72343/lib/python3.8/site-packages (from flask<1.2,>=1.1.1->mitmproxy==5.1.1) (1.1.0)
Requirement already satisfied: hpack<4,>=3.0 in /opt/conda/envs/15f0149b1fbf715d94535d380cb72343/lib/python3.8/site-packages (from h2<4,>=3.2.0->mitmproxy==5.1.1) (3.0.0)
Requirement already satisfied: setuptools in /opt/conda/envs/15f0149b1fbf715d94535d380cb72343/lib/python3.8/site-packages (from protobuf<3.12,>=3.6.0->mitmproxy==5.1.1) (75.1.0)
Collecting ruamel.yaml.clib>=0.1.2 (from ruamel.yaml<0.17,>=0.16->mitmproxy==5.1.1)
  Downloading ruamel.yaml.clib-0.2.8-cp38-cp38-manylinux_2_5_x86_64.manylinux1_x86_64.whl.metadata (2.2 kB)
Requirement already satisfied: h11>=0.8.1 in /opt/conda/envs/15f0149b1fbf715d94535d380cb72343/lib/python3.8/site-packages (from wsproto<0.16,>=0.14->mitmproxy==5.1.1) (0.9.0)
Requirement already satisfied: pycparser in /opt/conda/envs/15f0149b1fbf715d94535d380cb72343/lib/python3.8/site-packages (from cffi!=1.11.3,>=1.8->cryptography<3.0,>=2.9->mitmproxy==5.1.1) (2.22)
Requirement already satisfied: MarkupSafe>=0.23 in /opt/conda/envs/15f0149b1fbf715d94535d380cb72343/lib/python3.8/site-packages (from Jinja2>=2.10.1->flask<1.2,>=1.1.1->mitmproxy==5.1.1) (1.1.1)
Collecting MarkupSafe>=0.23 (from Jinja2>=2.10.1->flask<1.2,>=1.1.1->mitmproxy==5.1.1)
  Using cached MarkupSafe-2.1.5-cp38-cp38-manylinux_2_17_x86_64.manylinux2014_x86_64.whl.metadata (3.0 kB)
Downloading mitmproxy-5.1.1-py3-none-any.whl (1.3 MB)
   â”â”â”â”â”â”â”â”â”â”â”â”â”â”â”â”â”â”â”â”â”â”â”â”â”â”â”â”â”â”â”â”â”â”â”â”â”â”â”â” 1.3/1.3 MB 13.6 MB/s eta 0:00:00
Downloading passlib-1.7.4-py2.py3-none-any.whl (525 kB)
   â”â”â”â”â”â”â”â”â”â”â”â”â”â”â”â”â”â”â”â”â”â”â”â”â”â”â”â”â”â”â”â”â”â”â”â”â”â”â”â” 525.6/525.6 kB 17.8 MB/s eta 0:00:00
Downloading protobuf-3.11.3-cp38-cp38-manylinux1_x86_64.whl (1.3 MB)
   â”â”â”â”â”â”â”â”â”â”â”â”â”â”â”â”â”â”â”â”â”â”â”â”â”â”â”â”â”â”â”â”â”â”â”â”â”â”â”â” 1.3/1.3 MB 39.7 MB/s eta 0:00:00
Downloading publicsuffix2-2.20191221-py2.py3-none-any.whl (89 kB)
Downloading pyasn1-0.4.8-py2.py3-none-any.whl (77 kB)
Downloading pyOpenSSL-19.1.0-py2.py3-none-any.whl (53 kB)
Downloading pyparsing-2.4.7-py2.py3-none-any.whl (67 kB)
Downloading ruamel.yaml-0.16.13-py2.py3-none-any.whl (111 kB)
Downloading sortedcontainers-2.1.0-py2.py3-none-any.whl (28 kB)
Downloading tornado-6.4.2-cp38-abi3-manylinux_2_5_x86_64.manylinux1_x86_64.manylinux_2_17_x86_64.manylinux2014_x86_64.whl (437 kB)
Downloading wsproto-0.15.0-py2.py3-none-any.whl (24 kB)
Downloading zstandard-0.13.0-cp38-cp38-manylinux2014_x86_64.whl (3.5 MB)
   â”â”â”â”â”â”â”â”â”â”â”â”â”â”â”â”â”â”â”â”â”â”â”â”â”â”â”â”â”â”â”â”â”â”â”â”â”â”â”â” 3.5/3.5 MB 31.3 MB/s eta 0:00:00
Downloading ruamel.yaml.clib-0.2.8-cp38-cp38-manylinux_2_5_x86_64.manylinux1_x86_64.whl (596 kB)
   â”â”â”â”â”â”â”â”â”â”â”â”â”â”â”â”â”â”â”â”â”â”â”â”â”â”â”â”â”â”â”â”â”â”â”â”â”â”â”â” 596.0/596.0 kB 20.8 MB/s eta 0:00:00
Using cached MarkupSafe-2.1.5-cp38-cp38-manylinux_2_17_x86_64.manylinux2014_x86_64.whl (26 kB)
Building wheels for collected packages: pyperclip, urwid
  Building wheel for pyperclip (setup.py): started
  Building wheel for pyperclip (setup.py): finished with status 'done'
  Created wheel for pyperclip: filename=pyperclip-1.8.2-py3-none-any.whl size=11122 sha256=8843c3fc045ebb674ce000c368ae5bee2cbc0085b2e637b862690dddc1989a28
  Stored in directory: /root/.cache/pip/wheels/7f/1a/65/84ff8c386bec21fca6d220ea1f5498a0367883a78dd5ba6122
  Building wheel for urwid (setup.py): started
  Building wheel for urwid (setup.py): finished with status 'done'
  Created wheel for urwid: filename=urwid-2.1.2-cp38-cp38-linux_x86_64.whl size=257320 sha256=b1158c16739f457320a20f8e1bed8c4de88c7ffb5747de5c724915c5c07f6c52
  Stored in directory: /root/.cache/pip/wheels/28/71/e4/38b5d81438105d0e3db5016cf2eea6fa796d89d96a04451d4d
Successfully built pyperclip urwid
Installing collected packages: urwid, sortedcontainers, pyperclip, pyasn1, publicsuffix2, passlib, wsproto, tornado, ruamel.yaml.clib, pyparsing, protobuf, MarkupSafe, zstandard, ruamel.yaml, pyOpenSSL, mitmproxy
  Attempting uninstall: pyasn1
    Found existing installation: pyasn1 0.6.1
    Uninstalling pyasn1-0.6.1:
      Successfully uninstalled pyasn1-0.6.1
  Attempting uninstall: MarkupSafe
    Found existing installation: MarkupSafe 1.1.1
    Uninstalling MarkupSafe-1.1.1:
      Successfully uninstalled MarkupSafe-1.1.1
Successfully installed MarkupSafe-2.1.5 mitmproxy-5.1.1 passlib-1.7.4 protobuf-3.11.3 publicsuffix2-2.20191221 pyOpenSSL-19.1.0 pyasn1-0.4.8 pyparsing-2.4.7 pyperclip-1.8.2 ruamel.yaml-0.16.13 ruamel.yaml.clib-0.2.8 sortedcontainers-2.1.0 tornado-6.4.2 urwid-2.1.2 wsproto-0.15.0 zstandard-0.13.0
WARNING: Running pip as the 'root' user can result in broken permissions and conflicting behaviour with the system package manager, possibly rendering your system unusable.It is recommended to use a virtual environment instead: https://pip.pypa.io/warnings/venv. Use the --root-user-action option if you know what you are doing and want to suppress this warning.
Collecting more-itertools==8.3.0
  Downloading more_itertools-8.3.0-py3-none-any.whl.metadata (43 kB)
Downloading more_itertools-8.3.0-py3-none-any.whl (44 kB)
Installing collected packages: more-itertools
Successfully installed more-itertools-8.3.0
WARNING: Running pip as the 'root' user can result in broken permissions and conflicting behaviour with the system package manager, possibly rendering your system unusable.It is recommended to use a virtual environment instead: https://pip.pypa.io/warnings/venv. Use the --root-user-action option if you know what you are doing and want to suppress this warning.
Collecting numpy==1.18.4
  Downloading numpy-1.18.4-cp38-cp38-manylinux1_x86_64.whl.metadata (2.1 kB)
Downloading numpy-1.18.4-cp38-cp38-manylinux1_x86_64.whl (20.7 MB)
   â”â”â”â”â”â”â”â”â”â”â”â”â”â”â”â”â”â”â”â”â”â”â”â”â”â”â”â”â”â”â”â”â”â”â”â”â”â”â”â” 20.7/20.7 MB 56.6 MB/s eta 0:00:00
Installing collected packages: numpy
Successfully installed numpy-1.18.4
WARNING: Running pip as the 'root' user can result in broken permissions and conflicting behaviour with the system package manager, possibly rendering your system unusable.It is recommended to use a virtual environment instead: https://pip.pypa.io/warnings/venv. Use the --root-user-action option if you know what you are doing and want to suppress this warning.
Collecting packaging==20.4
  Downloading packaging-20.4-py2.py3-none-any.whl.metadata (11 kB)
Requirement already satisfied: pyparsing>=2.0.2 in /opt/conda/envs/15f0149b1fbf715d94535d380cb72343/lib/python3.8/site-packages (from packaging==20.4) (2.4.7)
Requirement already satisfied: six in /opt/conda/envs/15f0149b1fbf715d94535d380cb72343/lib/python3.8/site-packages (from packaging==20.4) (1.16.0)
Downloading packaging-20.4-py2.py3-none-any.whl (37 kB)
Installing collected packages: packaging
  Attempting uninstall: packaging
    Found existing installation: packaging 24.1
    Uninstalling packaging-24.1:
      Successfully uninstalled packaging-24.1
Successfully installed packaging-20.4
WARNING: Running pip as the 'root' user can result in broken permissions and conflicting behaviour with the system package manager, possibly rendering your system unusable.It is recommended to use a virtual environment instead: https://pip.pypa.io/warnings/venv. Use the --root-user-action option if you know what you are doing and want to suppress this warning.
Collecting parsel==1.6.0
  Downloading parsel-1.6.0-py2.py3-none-any.whl.metadata (8.4 kB)
Collecting w3lib>=1.19.0 (from parsel==1.6.0)
  Downloading w3lib-2.2.1-py3-none-any.whl.metadata (2.1 kB)
Requirement already satisfied: lxml in /opt/conda/envs/15f0149b1fbf715d94535d380cb72343/lib/python3.8/site-packages (from parsel==1.6.0) (4.5.1)
Requirement already satisfied: six>=1.6.0 in /opt/conda/envs/15f0149b1fbf715d94535d380cb72343/lib/python3.8/site-packages (from parsel==1.6.0) (1.16.0)
Requirement already satisfied: cssselect>=0.9 in /opt/conda/envs/15f0149b1fbf715d94535d380cb72343/lib/python3.8/site-packages (from parsel==1.6.0) (1.1.0)
Downloading parsel-1.6.0-py2.py3-none-any.whl (13 kB)
Downloading w3lib-2.2.1-py3-none-any.whl (21 kB)
Installing collected packages: w3lib, parsel
Successfully installed parsel-1.6.0 w3lib-2.2.1
WARNING: Running pip as the 'root' user can result in broken permissions and conflicting behaviour with the system package manager, possibly rendering your system unusable.It is recommended to use a virtual environment instead: https://pip.pypa.io/warnings/venv. Use the --root-user-action option if you know what you are doing and want to suppress this warning.
Collecting passlib==1.7.2
  Downloading passlib-1.7.2-py2.py3-none-any.whl.metadata (1.7 kB)
Downloading passlib-1.7.2-py2.py3-none-any.whl (507 kB)
Installing collected packages: passlib
  Attempting uninstall: passlib
    Found existing installation: passlib 1.7.4
    Uninstalling passlib-1.7.4:
      Successfully uninstalled passlib-1.7.4
Successfully installed passlib-1.7.2
WARNING: Running pip as the 'root' user can result in broken permissions and conflicting behaviour with the system package manager, possibly rendering your system unusable.It is recommended to use a virtual environment instead: https://pip.pypa.io/warnings/venv. Use the --root-user-action option if you know what you are doing and want to suppress this warning.
Collecting pbr==5.4.5
  Downloading pbr-5.4.5-py2.py3-none-any.whl.metadata (3.1 kB)
Downloading pbr-5.4.5-py2.py3-none-any.whl (110 kB)
Installing collected packages: pbr
Successfully installed pbr-5.4.5
WARNING: Running pip as the 'root' user can result in broken permissions and conflicting behaviour with the system package manager, possibly rendering your system unusable.It is recommended to use a virtual environment instead: https://pip.pypa.io/warnings/venv. Use the --root-user-action option if you know what you are doing and want to suppress this warning.
Collecting Pillow==7.1.2
  Downloading Pillow-7.1.2-cp38-cp38-manylinux1_x86_64.whl.metadata (6.0 kB)
Downloading Pillow-7.1.2-cp38-cp38-manylinux1_x86_64.whl (2.1 MB)
   â”â”â”â”â”â”â”â”â”â”â”â”â”â”â”â”â”â”â”â”â”â”â”â”â”â”â”â”â”â”â”â”â”â”â”â”â”â”â”â” 2.1/2.1 MB 23.3 MB/s eta 0:00:00
Installing collected packages: Pillow
Successfully installed Pillow-7.1.2
WARNING: Running pip as the 'root' user can result in broken permissions and conflicting behaviour with the system package manager, possibly rendering your system unusable.It is recommended to use a virtual environment instead: https://pip.pypa.io/warnings/venv. Use the --root-user-action option if you know what you are doing and want to suppress this warning.
Collecting pluggy==0.13.1
  Downloading pluggy-0.13.1-py2.py3-none-any.whl.metadata (15 kB)
Downloading pluggy-0.13.1-py2.py3-none-any.whl (18 kB)
Installing collected packages: pluggy
  Attempting uninstall: pluggy
    Found existing installation: pluggy 1.0.0
    Uninstalling pluggy-1.0.0:
      Successfully uninstalled pluggy-1.0.0
Successfully installed pluggy-0.13.1
WARNING: Running pip as the 'root' user can result in broken permissions and conflicting behaviour with the system package manager, possibly rendering your system unusable.It is recommended to use a virtual environment instead: https://pip.pypa.io/warnings/venv. Use the --root-user-action option if you know what you are doing and want to suppress this warning.
Collecting priority==1.3.0
  Downloading priority-1.3.0-py2.py3-none-any.whl.metadata (7.5 kB)
Downloading priority-1.3.0-py2.py3-none-any.whl (11 kB)
Installing collected packages: priority
Successfully installed priority-1.3.0
WARNING: Running pip as the 'root' user can result in broken permissions and conflicting behaviour with the system package manager, possibly rendering your system unusable.It is recommended to use a virtual environment instead: https://pip.pypa.io/warnings/venv. Use the --root-user-action option if you know what you are doing and want to suppress this warning.
Collecting Protego==0.1.16
  Downloading Protego-0.1.16.tar.gz (3.2 MB)
     â”â”â”â”â”â”â”â”â”â”â”â”â”â”â”â”â”â”â”â”â”â”â”â”â”â”â”â”â”â”â”â”â”â”â”â”â”â”â”â” 3.2/3.2 MB 51.0 MB/s eta 0:00:00
  Preparing metadata (setup.py): started
  Preparing metadata (setup.py): finished with status 'error'
  error: subprocess-exited-with-error
  
  Ã— python setup.py egg_info did not run successfully.
  â”‚ exit code: 1
  â•°â”€> [61 lines of output]
      running egg_info
      creating /tmp/pip-pip-egg-info-t199mhl9/Protego.egg-info
      writing /tmp/pip-pip-egg-info-t199mhl9/Protego.egg-info/PKG-INFO
      writing dependency_links to /tmp/pip-pip-egg-info-t199mhl9/Protego.egg-info/dependency_links.txt
      writing requirements to /tmp/pip-pip-egg-info-t199mhl9/Protego.egg-info/requires.txt
      writing top-level names to /tmp/pip-pip-egg-info-t199mhl9/Protego.egg-info/top_level.txt
      writing manifest file '/tmp/pip-pip-egg-info-t199mhl9/Protego.egg-info/SOURCES.txt'
      reading manifest file '/tmp/pip-pip-egg-info-t199mhl9/Protego.egg-info/SOURCES.txt'
      reading manifest template 'MANIFEST.in'
      /opt/conda/envs/15f0149b1fbf715d94535d380cb72343/lib/python3.8/site-packages/setuptools/dist.py:452: SetuptoolsDeprecationWarning: Invalid dash-separated options
      !!
      
              ********************************************************************************
              Usage of dash-separated 'description-file' will not be supported in future
              versions. Please use the underscore name 'description_file' instead.
      
              This deprecation is overdue, please update your project and remove deprecated
              calls to avoid build errors in the future.
      
              See https://setuptools.pypa.io/en/latest/userguide/declarative_config.html for details.
              ********************************************************************************
      
      !!
        opt = self.warn_dash_deprecation(opt, section)
      /opt/conda/envs/15f0149b1fbf715d94535d380cb72343/lib/python3.8/site-packages/setuptools/_distutils/dist.py:261: UserWarning: Unknown distribution option: 'tests_require'
        warnings.warn(msg)
      warning: no previously-included files matching '__pycache__' found anywhere in distribution
      warning: no previously-included files matching '*.py[cod]' found anywhere in distribution
      adding license file 'LICENSE'
      Traceback (most recent call last):
        File "<string>", line 2, in <module>
        File "<pip-setuptools-caller>", line 34, in <module>
        File "/tmp/pip-install-k7vqly_0/protego_c2398ef160c94410bd9f5182fd0bdd55/setup.py", line 4, in <module>
          setup(name='Protego',
        File "/opt/conda/envs/15f0149b1fbf715d94535d380cb72343/lib/python3.8/site-packages/setuptools/__init__.py", line 117, in setup
          return distutils.core.setup(**attrs)
        File "/opt/conda/envs/15f0149b1fbf715d94535d380cb72343/lib/python3.8/site-packages/setuptools/_distutils/core.py", line 183, in setup
          return run_commands(dist)
        File "/opt/conda/envs/15f0149b1fbf715d94535d380cb72343/lib/python3.8/site-packages/setuptools/_distutils/core.py", line 199, in run_commands
          dist.run_commands()
        File "/opt/conda/envs/15f0149b1fbf715d94535d380cb72343/lib/python3.8/site-packages/setuptools/_distutils/dist.py", line 954, in run_commands
          self.run_command(cmd)
        File "/opt/conda/envs/15f0149b1fbf715d94535d380cb72343/lib/python3.8/site-packages/setuptools/dist.py", line 950, in run_command
          super().run_command(command)
        File "/opt/conda/envs/15f0149b1fbf715d94535d380cb72343/lib/python3.8/site-packages/setuptools/_distutils/dist.py", line 973, in run_command
          cmd_obj.run()
        File "/opt/conda/envs/15f0149b1fbf715d94535d380cb72343/lib/python3.8/site-packages/setuptools/command/egg_info.py", line 311, in run
          self.find_sources()
        File "/opt/conda/envs/15f0149b1fbf715d94535d380cb72343/lib/python3.8/site-packages/setuptools/command/egg_info.py", line 319, in find_sources
          mm.run()
        File "/opt/conda/envs/15f0149b1fbf715d94535d380cb72343/lib/python3.8/site-packages/setuptools/command/egg_info.py", line 545, in run
          self.prune_file_list()
        File "/opt/conda/envs/15f0149b1fbf715d94535d380cb72343/lib/python3.8/site-packages/setuptools/command/sdist.py", line 161, in prune_file_list
          super().prune_file_list()
        File "/opt/conda/envs/15f0149b1fbf715d94535d380cb72343/lib/python3.8/site-packages/setuptools/_distutils/command/sdist.py", line 380, in prune_file_list
          base_dir = self.distribution.get_fullname()
        File "/opt/conda/envs/15f0149b1fbf715d94535d380cb72343/lib/python3.8/site-packages/setuptools/_core_metadata.py", line 267, in get_fullname
          return _distribution_fullname(self.get_name(), self.get_version())
        File "/opt/conda/envs/15f0149b1fbf715d94535d380cb72343/lib/python3.8/site-packages/setuptools/_core_metadata.py", line 285, in _distribution_fullname
          canonicalize_version(version, strip_trailing_zero=False),
      TypeError: canonicalize_version() got an unexpected keyword argument 'strip_trailing_zero'
      [end of output]
  
  note: This error originates from a subprocess, and is likely not a problem with pip.
error: metadata-generation-failed

Ã— Encountered error while generating package metadata.
â•°â”€> See above for output.

note: This is an issue with the package mentioned above, not pip.
hint: See above for details.
Requirement already satisfied: protobuf==3.11.3 in /opt/conda/envs/15f0149b1fbf715d94535d380cb72343/lib/python3.8/site-packages (3.11.3)
Requirement already satisfied: six>=1.9 in /opt/conda/envs/15f0149b1fbf715d94535d380cb72343/lib/python3.8/site-packages (from protobuf==3.11.3) (1.16.0)
Requirement already satisfied: setuptools in /opt/conda/envs/15f0149b1fbf715d94535d380cb72343/lib/python3.8/site-packages (from protobuf==3.11.3) (75.1.0)
WARNING: Running pip as the 'root' user can result in broken permissions and conflicting behaviour with the system package manager, possibly rendering your system unusable.It is recommended to use a virtual environment instead: https://pip.pypa.io/warnings/venv. Use the --root-user-action option if you know what you are doing and want to suppress this warning.
Requirement already satisfied: publicsuffix2==2.20191221 in /opt/conda/envs/15f0149b1fbf715d94535d380cb72343/lib/python3.8/site-packages (2.20191221)
WARNING: Running pip as the 'root' user can result in broken permissions and conflicting behaviour with the system package manager, possibly rendering your system unusable.It is recommended to use a virtual environment instead: https://pip.pypa.io/warnings/venv. Use the --root-user-action option if you know what you are doing and want to suppress this warning.
Collecting py==1.8.1
  Downloading py-1.8.1-py2.py3-none-any.whl.metadata (2.8 kB)
Downloading py-1.8.1-py2.py3-none-any.whl (83 kB)
Installing collected packages: py
Successfully installed py-1.8.1
WARNING: Running pip as the 'root' user can result in broken permissions and conflicting behaviour with the system package manager, possibly rendering your system unusable.It is recommended to use a virtual environment instead: https://pip.pypa.io/warnings/venv. Use the --root-user-action option if you know what you are doing and want to suppress this warning.
Requirement already satisfied: pyasn1==0.4.8 in /opt/conda/envs/15f0149b1fbf715d94535d380cb72343/lib/python3.8/site-packages (0.4.8)
WARNING: Running pip as the 'root' user can result in broken permissions and conflicting behaviour with the system package manager, possibly rendering your system unusable.It is recommended to use a virtual environment instead: https://pip.pypa.io/warnings/venv. Use the --root-user-action option if you know what you are doing and want to suppress this warning.
Collecting pyasn1-modules==0.2.8
  Downloading pyasn1_modules-0.2.8-py2.py3-none-any.whl.metadata (1.9 kB)
Requirement already satisfied: pyasn1<0.5.0,>=0.4.6 in /opt/conda/envs/15f0149b1fbf715d94535d380cb72343/lib/python3.8/site-packages (from pyasn1-modules==0.2.8) (0.4.8)
Downloading pyasn1_modules-0.2.8-py2.py3-none-any.whl (155 kB)
Installing collected packages: pyasn1-modules
Successfully installed pyasn1-modules-0.2.8
WARNING: Running pip as the 'root' user can result in broken permissions and conflicting behaviour with the system package manager, possibly rendering your system unusable.It is recommended to use a virtual environment instead: https://pip.pypa.io/warnings/venv. Use the --root-user-action option if you know what you are doing and want to suppress this warning.
Collecting pycparser==2.20
  Downloading pycparser-2.20-py2.py3-none-any.whl.metadata (907 bytes)
Downloading pycparser-2.20-py2.py3-none-any.whl (112 kB)
Installing collected packages: pycparser
  Attempting uninstall: pycparser
    Found existing installation: pycparser 2.22
    Uninstalling pycparser-2.22:
      Successfully uninstalled pycparser-2.22
Successfully installed pycparser-2.20
WARNING: Running pip as the 'root' user can result in broken permissions and conflicting behaviour with the system package manager, possibly rendering your system unusable.It is recommended to use a virtual environment instead: https://pip.pypa.io/warnings/venv. Use the --root-user-action option if you know what you are doing and want to suppress this warning.
Collecting PyDispatcher==2.0.5
  Downloading PyDispatcher-2.0.5.zip (47 kB)
  Preparing metadata (setup.py): started
  Preparing metadata (setup.py): finished with status 'error'
  error: subprocess-exited-with-error
  
  Ã— python setup.py egg_info did not run successfully.
  â”‚ exit code: 1
  â•°â”€> [43 lines of output]
      running egg_info
      creating /tmp/pip-pip-egg-info-folte7_y/PyDispatcher.egg-info
      writing /tmp/pip-pip-egg-info-folte7_y/PyDispatcher.egg-info/PKG-INFO
      writing dependency_links to /tmp/pip-pip-egg-info-folte7_y/PyDispatcher.egg-info/dependency_links.txt
      writing top-level names to /tmp/pip-pip-egg-info-folte7_y/PyDispatcher.egg-info/top_level.txt
      writing manifest file '/tmp/pip-pip-egg-info-folte7_y/PyDispatcher.egg-info/SOURCES.txt'
      reading manifest file '/tmp/pip-pip-egg-info-folte7_y/PyDispatcher.egg-info/SOURCES.txt'
      reading manifest template 'MANIFEST.in'
      warning: no previously-included files matching '*.bat' found anywhere in distribution
      warning: no previously-included files matching 'CVS' found anywhere in distribution
      warning: no previously-included files matching '.cvsignore' found anywhere in distribution
      Traceback (most recent call last):
        File "<string>", line 2, in <module>
        File "<pip-setuptools-caller>", line 34, in <module>
        File "/tmp/pip-install-g8vvm5ok/pydispatcher_de2fc95882fb4f73ba9f699d36e6948e/setup.py", line 49, in <module>
          setup (
        File "/opt/conda/envs/15f0149b1fbf715d94535d380cb72343/lib/python3.8/site-packages/setuptools/__init__.py", line 117, in setup
          return distutils.core.setup(**attrs)
        File "/opt/conda/envs/15f0149b1fbf715d94535d380cb72343/lib/python3.8/site-packages/setuptools/_distutils/core.py", line 183, in setup
          return run_commands(dist)
        File "/opt/conda/envs/15f0149b1fbf715d94535d380cb72343/lib/python3.8/site-packages/setuptools/_distutils/core.py", line 199, in run_commands
          dist.run_commands()
        File "/opt/conda/envs/15f0149b1fbf715d94535d380cb72343/lib/python3.8/site-packages/setuptools/_distutils/dist.py", line 954, in run_commands
          self.run_command(cmd)
        File "/opt/conda/envs/15f0149b1fbf715d94535d380cb72343/lib/python3.8/site-packages/setuptools/dist.py", line 950, in run_command
          super().run_command(command)
        File "/opt/conda/envs/15f0149b1fbf715d94535d380cb72343/lib/python3.8/site-packages/setuptools/_distutils/dist.py", line 973, in run_command
          cmd_obj.run()
        File "/opt/conda/envs/15f0149b1fbf715d94535d380cb72343/lib/python3.8/site-packages/setuptools/command/egg_info.py", line 311, in run
          self.find_sources()
        File "/opt/conda/envs/15f0149b1fbf715d94535d380cb72343/lib/python3.8/site-packages/setuptools/command/egg_info.py", line 319, in find_sources
          mm.run()
        File "/opt/conda/envs/15f0149b1fbf715d94535d380cb72343/lib/python3.8/site-packages/setuptools/command/egg_info.py", line 545, in run
          self.prune_file_list()
        File "/opt/conda/envs/15f0149b1fbf715d94535d380cb72343/lib/python3.8/site-packages/setuptools/command/sdist.py", line 161, in prune_file_list
          super().prune_file_list()
        File "/opt/conda/envs/15f0149b1fbf715d94535d380cb72343/lib/python3.8/site-packages/setuptools/_distutils/command/sdist.py", line 380, in prune_file_list
          base_dir = self.distribution.get_fullname()
        File "/opt/conda/envs/15f0149b1fbf715d94535d380cb72343/lib/python3.8/site-packages/setuptools/_core_metadata.py", line 267, in get_fullname
          return _distribution_fullname(self.get_name(), self.get_version())
        File "/opt/conda/envs/15f0149b1fbf715d94535d380cb72343/lib/python3.8/site-packages/setuptools/_core_metadata.py", line 285, in _distribution_fullname
          canonicalize_version(version, strip_trailing_zero=False),
      TypeError: canonicalize_version() got an unexpected keyword argument 'strip_trailing_zero'
      [end of output]
  
  note: This error originates from a subprocess, and is likely not a problem with pip.
error: metadata-generation-failed

Ã— Encountered error while generating package metadata.
â•°â”€> See above for output.

note: This is an issue with the package mentioned above, not pip.
hint: See above for details.
Collecting pydivert==2.1.0
  Downloading pydivert-2.1.0-py2.py3-none-any.whl.metadata (8.0 kB)
Downloading pydivert-2.1.0-py2.py3-none-any.whl (104 kB)
Installing collected packages: pydivert
Successfully installed pydivert-2.1.0
WARNING: Running pip as the 'root' user can result in broken permissions and conflicting behaviour with the system package manager, possibly rendering your system unusable.It is recommended to use a virtual environment instead: https://pip.pypa.io/warnings/venv. Use the --root-user-action option if you know what you are doing and want to suppress this warning.
Collecting PyHamcrest==2.0.2
  Downloading PyHamcrest-2.0.2-py3-none-any.whl.metadata (15 kB)
Downloading PyHamcrest-2.0.2-py3-none-any.whl (52 kB)
Installing collected packages: PyHamcrest
Successfully installed PyHamcrest-2.0.2
WARNING: Running pip as the 'root' user can result in broken permissions and conflicting behaviour with the system package manager, possibly rendering your system unusable.It is recommended to use a virtual environment instead: https://pip.pypa.io/warnings/venv. Use the --root-user-action option if you know what you are doing and want to suppress this warning.
Collecting pylibversion==0.1.0
  Downloading pylibversion-0.1.0-py3-none-any.whl.metadata (2.2 kB)
Collecting requests~=2.0 (from pylibversion==0.1.0)
  Downloading requests-2.32.3-py3-none-any.whl.metadata (4.6 kB)
Collecting charset-normalizer<4,>=2 (from requests~=2.0->pylibversion==0.1.0)
  Downloading charset_normalizer-3.4.0-cp38-cp38-manylinux_2_17_x86_64.manylinux2014_x86_64.whl.metadata (34 kB)
Requirement already satisfied: idna<4,>=2.5 in /opt/conda/envs/15f0149b1fbf715d94535d380cb72343/lib/python3.8/site-packages (from requests~=2.0->pylibversion==0.1.0) (2.9)
Collecting urllib3<3,>=1.21.1 (from requests~=2.0->pylibversion==0.1.0)
  Downloading urllib3-2.2.3-py3-none-any.whl.metadata (6.5 kB)
Requirement already satisfied: certifi>=2017.4.17 in /opt/conda/envs/15f0149b1fbf715d94535d380cb72343/lib/python3.8/site-packages (from requests~=2.0->pylibversion==0.1.0) (2020.4.5.1)
Downloading pylibversion-0.1.0-py3-none-any.whl (7.3 kB)
Downloading requests-2.32.3-py3-none-any.whl (64 kB)
Downloading charset_normalizer-3.4.0-cp38-cp38-manylinux_2_17_x86_64.manylinux2014_x86_64.whl (143 kB)
Downloading urllib3-2.2.3-py3-none-any.whl (126 kB)
Installing collected packages: urllib3, charset-normalizer, requests, pylibversion
Successfully installed charset-normalizer-3.4.0 pylibversion-0.1.0 requests-2.32.3 urllib3-2.2.3
WARNING: Running pip as the 'root' user can result in broken permissions and conflicting behaviour with the system package manager, possibly rendering your system unusable.It is recommended to use a virtual environment instead: https://pip.pypa.io/warnings/venv. Use the --root-user-action option if you know what you are doing and want to suppress this warning.
Requirement already satisfied: pyOpenSSL==19.1.0 in /opt/conda/envs/15f0149b1fbf715d94535d380cb72343/lib/python3.8/site-packages (19.1.0)
Requirement already satisfied: cryptography>=2.8 in /opt/conda/envs/15f0149b1fbf715d94535d380cb72343/lib/python3.8/site-packages (from pyOpenSSL==19.1.0) (2.9.2)
Requirement already satisfied: six>=1.5.2 in /opt/conda/envs/15f0149b1fbf715d94535d380cb72343/lib/python3.8/site-packages (from pyOpenSSL==19.1.0) (1.16.0)
Requirement already satisfied: cffi!=1.11.3,>=1.8 in /opt/conda/envs/15f0149b1fbf715d94535d380cb72343/lib/python3.8/site-packages (from cryptography>=2.8->pyOpenSSL==19.1.0) (1.14.0)
Requirement already satisfied: pycparser in /opt/conda/envs/15f0149b1fbf715d94535d380cb72343/lib/python3.8/site-packages (from cffi!=1.11.3,>=1.8->cryptography>=2.8->pyOpenSSL==19.1.0) (2.20)
WARNING: Running pip as the 'root' user can result in broken permissions and conflicting behaviour with the system package manager, possibly rendering your system unusable.It is recommended to use a virtual environment instead: https://pip.pypa.io/warnings/venv. Use the --root-user-action option if you know what you are doing and want to suppress this warning.
Requirement already satisfied: pyparsing==2.4.7 in /opt/conda/envs/15f0149b1fbf715d94535d380cb72343/lib/python3.8/site-packages (2.4.7)
WARNING: Running pip as the 'root' user can result in broken permissions and conflicting behaviour with the system package manager, possibly rendering your system unusable.It is recommended to use a virtual environment instead: https://pip.pypa.io/warnings/venv. Use the --root-user-action option if you know what you are doing and want to suppress this warning.
Collecting pyperclip==1.8.0
  Downloading pyperclip-1.8.0.tar.gz (16 kB)
  Preparing metadata (setup.py): started
  Preparing metadata (setup.py): finished with status 'error'
  error: subprocess-exited-with-error
  
  Ã— python setup.py egg_info did not run successfully.
  â”‚ exit code: 1
  â•°â”€> [43 lines of output]
      running egg_info
      creating /tmp/pip-pip-egg-info-f3wj7kqm/pyperclip.egg-info
      writing /tmp/pip-pip-egg-info-f3wj7kqm/pyperclip.egg-info/PKG-INFO
      writing dependency_links to /tmp/pip-pip-egg-info-f3wj7kqm/pyperclip.egg-info/dependency_links.txt
      writing top-level names to /tmp/pip-pip-egg-info-f3wj7kqm/pyperclip.egg-info/top_level.txt
      writing manifest file '/tmp/pip-pip-egg-info-f3wj7kqm/pyperclip.egg-info/SOURCES.txt'
      reading manifest file '/tmp/pip-pip-egg-info-f3wj7kqm/pyperclip.egg-info/SOURCES.txt'
      reading manifest template 'MANIFEST.in'
      /opt/conda/envs/15f0149b1fbf715d94535d380cb72343/lib/python3.8/site-packages/setuptools/_distutils/dist.py:261: UserWarning: Unknown distribution option: 'test_suite'
        warnings.warn(msg)
      warning: no files found matching '*.py' under directory 'pyperclip'
      Traceback (most recent call last):
        File "<string>", line 2, in <module>
        File "<pip-setuptools-caller>", line 34, in <module>
        File "/tmp/pip-install-xutcmd1v/pyperclip_b8c4ff976aba4e32b4ce8d84251a143f/setup.py", line 14, in <module>
          setup(
        File "/opt/conda/envs/15f0149b1fbf715d94535d380cb72343/lib/python3.8/site-packages/setuptools/__init__.py", line 117, in setup
          return distutils.core.setup(**attrs)
        File "/opt/conda/envs/15f0149b1fbf715d94535d380cb72343/lib/python3.8/site-packages/setuptools/_distutils/core.py", line 183, in setup
          return run_commands(dist)
        File "/opt/conda/envs/15f0149b1fbf715d94535d380cb72343/lib/python3.8/site-packages/setuptools/_distutils/core.py", line 199, in run_commands
          dist.run_commands()
        File "/opt/conda/envs/15f0149b1fbf715d94535d380cb72343/lib/python3.8/site-packages/setuptools/_distutils/dist.py", line 954, in run_commands
          self.run_command(cmd)
        File "/opt/conda/envs/15f0149b1fbf715d94535d380cb72343/lib/python3.8/site-packages/setuptools/dist.py", line 950, in run_command
          super().run_command(command)
        File "/opt/conda/envs/15f0149b1fbf715d94535d380cb72343/lib/python3.8/site-packages/setuptools/_distutils/dist.py", line 973, in run_command
          cmd_obj.run()
        File "/opt/conda/envs/15f0149b1fbf715d94535d380cb72343/lib/python3.8/site-packages/setuptools/command/egg_info.py", line 311, in run
          self.find_sources()
        File "/opt/conda/envs/15f0149b1fbf715d94535d380cb72343/lib/python3.8/site-packages/setuptools/command/egg_info.py", line 319, in find_sources
          mm.run()
        File "/opt/conda/envs/15f0149b1fbf715d94535d380cb72343/lib/python3.8/site-packages/setuptools/command/egg_info.py", line 545, in run
          self.prune_file_list()
        File "/opt/conda/envs/15f0149b1fbf715d94535d380cb72343/lib/python3.8/site-packages/setuptools/command/sdist.py", line 161, in prune_file_list
          super().prune_file_list()
        File "/opt/conda/envs/15f0149b1fbf715d94535d380cb72343/lib/python3.8/site-packages/setuptools/_distutils/command/sdist.py", line 380, in prune_file_list
          base_dir = self.distribution.get_fullname()
        File "/opt/conda/envs/15f0149b1fbf715d94535d380cb72343/lib/python3.8/site-packages/setuptools/_core_metadata.py", line 267, in get_fullname
          return _distribution_fullname(self.get_name(), self.get_version())
        File "/opt/conda/envs/15f0149b1fbf715d94535d380cb72343/lib/python3.8/site-packages/setuptools/_core_metadata.py", line 285, in _distribution_fullname
          canonicalize_version(version, strip_trailing_zero=False),
      TypeError: canonicalize_version() got an unexpected keyword argument 'strip_trailing_zero'
      [end of output]
  
  note: This error originates from a subprocess, and is likely not a problem with pip.
error: metadata-generation-failed

Ã— Encountered error while generating package metadata.
â•°â”€> See above for output.

note: This is an issue with the package mentioned above, not pip.
hint: See above for details.
Collecting pyserial==3.4
  Downloading pyserial-3.4-py2.py3-none-any.whl.metadata (1.6 kB)
Downloading pyserial-3.4-py2.py3-none-any.whl (193 kB)
Installing collected packages: pyserial
Successfully installed pyserial-3.4
WARNING: Running pip as the 'root' user can result in broken permissions and conflicting behaviour with the system package manager, possibly rendering your system unusable.It is recommended to use a virtual environment instead: https://pip.pypa.io/warnings/venv. Use the --root-user-action option if you know what you are doing and want to suppress this warning.
Collecting pytest==5.4.2
  Downloading pytest-5.4.2-py3-none-any.whl.metadata (7.3 kB)
Requirement already satisfied: py>=1.5.0 in /opt/conda/envs/15f0149b1fbf715d94535d380cb72343/lib/python3.8/site-packages (from pytest==5.4.2) (1.8.1)
Requirement already satisfied: packaging in /opt/conda/envs/15f0149b1fbf715d94535d380cb72343/lib/python3.8/site-packages (from pytest==5.4.2) (20.4)
Requirement already satisfied: attrs>=17.4.0 in /opt/conda/envs/15f0149b1fbf715d94535d380cb72343/lib/python3.8/site-packages (from pytest==5.4.2) (19.3.0)
Requirement already satisfied: more-itertools>=4.0.0 in /opt/conda/envs/15f0149b1fbf715d94535d380cb72343/lib/python3.8/site-packages (from pytest==5.4.2) (8.3.0)
Requirement already satisfied: pluggy<1.0,>=0.12 in /opt/conda/envs/15f0149b1fbf715d94535d380cb72343/lib/python3.8/site-packages (from pytest==5.4.2) (0.13.1)
Collecting wcwidth (from pytest==5.4.2)
  Downloading wcwidth-0.2.13-py2.py3-none-any.whl.metadata (14 kB)
Requirement already satisfied: pyparsing>=2.0.2 in /opt/conda/envs/15f0149b1fbf715d94535d380cb72343/lib/python3.8/site-packages (from packaging->pytest==5.4.2) (2.4.7)
Requirement already satisfied: six in /opt/conda/envs/15f0149b1fbf715d94535d380cb72343/lib/python3.8/site-packages (from packaging->pytest==5.4.2) (1.16.0)
Downloading pytest-5.4.2-py3-none-any.whl (247 kB)
Downloading wcwidth-0.2.13-py2.py3-none-any.whl (34 kB)
Installing collected packages: wcwidth, pytest
  Attempting uninstall: pytest
    Found existing installation: pytest 7.4.4
    Uninstalling pytest-7.4.4:
      Successfully uninstalled pytest-7.4.4
Successfully installed pytest-5.4.2 wcwidth-0.2.13
WARNING: Running pip as the 'root' user can result in broken permissions and conflicting behaviour with the system package manager, possibly rendering your system unusable.It is recommended to use a virtual environment instead: https://pip.pypa.io/warnings/venv. Use the --root-user-action option if you know what you are doing and want to suppress this warning.
Collecting python-json-logger==0.1.11
  Downloading python-json-logger-0.1.11.tar.gz (6.0 kB)
  Preparing metadata (setup.py): started
  Preparing metadata (setup.py): finished with status 'error'
  error: subprocess-exited-with-error
  
  Ã— python setup.py egg_info did not run successfully.
  â”‚ exit code: 1
  â•°â”€> [43 lines of output]
      running egg_info
      creating /tmp/pip-pip-egg-info-0hw3wykj/python_json_logger.egg-info
      writing /tmp/pip-pip-egg-info-0hw3wykj/python_json_logger.egg-info/PKG-INFO
      writing dependency_links to /tmp/pip-pip-egg-info-0hw3wykj/python_json_logger.egg-info/dependency_links.txt
      writing top-level names to /tmp/pip-pip-egg-info-0hw3wykj/python_json_logger.egg-info/top_level.txt
      writing manifest file '/tmp/pip-pip-egg-info-0hw3wykj/python_json_logger.egg-info/SOURCES.txt'
      reading manifest file '/tmp/pip-pip-egg-info-0hw3wykj/python_json_logger.egg-info/SOURCES.txt'
      reading manifest template 'MANIFEST.in'
      adding license file 'LICENSE'
      /opt/conda/envs/15f0149b1fbf715d94535d380cb72343/lib/python3.8/site-packages/setuptools/_distutils/dist.py:261: UserWarning: Unknown distribution option: 'test_suite'
        warnings.warn(msg)
      Traceback (most recent call last):
        File "<string>", line 2, in <module>
        File "<pip-setuptools-caller>", line 34, in <module>
        File "/tmp/pip-install-b56_rctg/python-json-logger_364e16f3140e4d16b46af0e8a4397e03/setup.py", line 4, in <module>
          setup(
        File "/opt/conda/envs/15f0149b1fbf715d94535d380cb72343/lib/python3.8/site-packages/setuptools/__init__.py", line 117, in setup
          return distutils.core.setup(**attrs)
        File "/opt/conda/envs/15f0149b1fbf715d94535d380cb72343/lib/python3.8/site-packages/setuptools/_distutils/core.py", line 183, in setup
          return run_commands(dist)
        File "/opt/conda/envs/15f0149b1fbf715d94535d380cb72343/lib/python3.8/site-packages/setuptools/_distutils/core.py", line 199, in run_commands
          dist.run_commands()
        File "/opt/conda/envs/15f0149b1fbf715d94535d380cb72343/lib/python3.8/site-packages/setuptools/_distutils/dist.py", line 954, in run_commands
          self.run_command(cmd)
        File "/opt/conda/envs/15f0149b1fbf715d94535d380cb72343/lib/python3.8/site-packages/setuptools/dist.py", line 950, in run_command
          super().run_command(command)
        File "/opt/conda/envs/15f0149b1fbf715d94535d380cb72343/lib/python3.8/site-packages/setuptools/_distutils/dist.py", line 973, in run_command
          cmd_obj.run()
        File "/opt/conda/envs/15f0149b1fbf715d94535d380cb72343/lib/python3.8/site-packages/setuptools/command/egg_info.py", line 311, in run
          self.find_sources()
        File "/opt/conda/envs/15f0149b1fbf715d94535d380cb72343/lib/python3.8/site-packages/setuptools/command/egg_info.py", line 319, in find_sources
          mm.run()
        File "/opt/conda/envs/15f0149b1fbf715d94535d380cb72343/lib/python3.8/site-packages/setuptools/command/egg_info.py", line 545, in run
          self.prune_file_list()
        File "/opt/conda/envs/15f0149b1fbf715d94535d380cb72343/lib/python3.8/site-packages/setuptools/command/sdist.py", line 161, in prune_file_list
          super().prune_file_list()
        File "/opt/conda/envs/15f0149b1fbf715d94535d380cb72343/lib/python3.8/site-packages/setuptools/_distutils/command/sdist.py", line 380, in prune_file_list
          base_dir = self.distribution.get_fullname()
        File "/opt/conda/envs/15f0149b1fbf715d94535d380cb72343/lib/python3.8/site-packages/setuptools/_core_metadata.py", line 267, in get_fullname
          return _distribution_fullname(self.get_name(), self.get_version())
        File "/opt/conda/envs/15f0149b1fbf715d94535d380cb72343/lib/python3.8/site-packages/setuptools/_core_metadata.py", line 285, in _distribution_fullname
          canonicalize_version(version, strip_trailing_zero=False),
      TypeError: canonicalize_version() got an unexpected keyword argument 'strip_trailing_zero'
      [end of output]
  
  note: This error originates from a subprocess, and is likely not a problem with pip.
error: metadata-generation-failed

Ã— Encountered error while generating package metadata.
â•°â”€> See above for output.

note: This is an issue with the package mentioned above, not pip.
hint: See above for details.
ERROR: Could not find a version that satisfies the requirement pywin32==227 (from versions: none)
ERROR: No matching distribution found for pywin32==227
Collecting queuelib==1.5.0
  Downloading queuelib-1.5.0-py2.py3-none-any.whl.metadata (5.0 kB)
Downloading queuelib-1.5.0-py2.py3-none-any.whl (13 kB)
Installing collected packages: queuelib
Successfully installed queuelib-1.5.0
WARNING: Running pip as the 'root' user can result in broken permissions and conflicting behaviour with the system package manager, possibly rendering your system unusable.It is recommended to use a virtual environment instead: https://pip.pypa.io/warnings/venv. Use the --root-user-action option if you know what you are doing and want to suppress this warning.
Collecting requests==2.23.0
  Downloading requests-2.23.0-py2.py3-none-any.whl.metadata (6.8 kB)
Requirement already satisfied: chardet<4,>=3.0.2 in /opt/conda/envs/15f0149b1fbf715d94535d380cb72343/lib/python3.8/site-packages (from requests==2.23.0) (3.0.4)
Requirement already satisfied: idna<3,>=2.5 in /opt/conda/envs/15f0149b1fbf715d94535d380cb72343/lib/python3.8/site-packages (from requests==2.23.0) (2.9)
Collecting urllib3!=1.25.0,!=1.25.1,<1.26,>=1.21.1 (from requests==2.23.0)
  Downloading urllib3-1.25.11-py2.py3-none-any.whl.metadata (41 kB)
Requirement already satisfied: certifi>=2017.4.17 in /opt/conda/envs/15f0149b1fbf715d94535d380cb72343/lib/python3.8/site-packages (from requests==2.23.0) (2020.4.5.1)
Downloading requests-2.23.0-py2.py3-none-any.whl (58 kB)
Downloading urllib3-1.25.11-py2.py3-none-any.whl (127 kB)
Installing collected packages: urllib3, requests
  Attempting uninstall: urllib3
    Found existing installation: urllib3 2.2.3
    Uninstalling urllib3-2.2.3:
      Successfully uninstalled urllib3-2.2.3
  Attempting uninstall: requests
    Found existing installation: requests 2.32.3
    Uninstalling requests-2.32.3:
      Successfully uninstalled requests-2.32.3
Successfully installed requests-2.23.0 urllib3-1.25.11
WARNING: Running pip as the 'root' user can result in broken permissions and conflicting behaviour with the system package manager, possibly rendering your system unusable.It is recommended to use a virtual environment instead: https://pip.pypa.io/warnings/venv. Use the --root-user-action option if you know what you are doing and want to suppress this warning.
Collecting ruamel.yaml==0.16.10
  Downloading ruamel.yaml-0.16.10-py2.py3-none-any.whl.metadata (34 kB)
Requirement already satisfied: ruamel.yaml.clib>=0.1.2 in /opt/conda/envs/15f0149b1fbf715d94535d380cb72343/lib/python3.8/site-packages (from ruamel.yaml==0.16.10) (0.2.8)
Downloading ruamel.yaml-0.16.10-py2.py3-none-any.whl (111 kB)
Installing collected packages: ruamel.yaml
  Attempting uninstall: ruamel.yaml
    Found existing installation: ruamel.yaml 0.16.13
    Uninstalling ruamel.yaml-0.16.13:
      Successfully uninstalled ruamel.yaml-0.16.13
Successfully installed ruamel.yaml-0.16.10
WARNING: Running pip as the 'root' user can result in broken permissions and conflicting behaviour with the system package manager, possibly rendering your system unusable.It is recommended to use a virtual environment instead: https://pip.pypa.io/warnings/venv. Use the --root-user-action option if you know what you are doing and want to suppress this warning.
Collecting ruamel.yaml.clib==0.2.0
  Downloading ruamel.yaml.clib-0.2.0-cp38-cp38-manylinux1_x86_64.whl.metadata (1.9 kB)
Downloading ruamel.yaml.clib-0.2.0-cp38-cp38-manylinux1_x86_64.whl (578 kB)
   â”â”â”â”â”â”â”â”â”â”â”â”â”â”â”â”â”â”â”â”â”â”â”â”â”â”â”â”â”â”â”â”â”â”â”â”â”â”â”â” 578.5/578.5 kB 20.6 MB/s eta 0:00:00
Installing collected packages: ruamel.yaml.clib
  Attempting uninstall: ruamel.yaml.clib
    Found existing installation: ruamel.yaml.clib 0.2.8
    Uninstalling ruamel.yaml.clib-0.2.8:
      Successfully uninstalled ruamel.yaml.clib-0.2.8
Successfully installed ruamel.yaml.clib-0.2.0
WARNING: Running pip as the 'root' user can result in broken permissions and conflicting behaviour with the system package manager, possibly rendering your system unusable.It is recommended to use a virtual environment instead: https://pip.pypa.io/warnings/venv. Use the --root-user-action option if you know what you are doing and want to suppress this warning.
Collecting Scrapy==2.1.0
  Downloading Scrapy-2.1.0-py2.py3-none-any.whl.metadata (4.3 kB)
Collecting Twisted>=17.9.0 (from Scrapy==2.1.0)
  Downloading twisted-24.11.0-py3-none-any.whl.metadata (20 kB)
Requirement already satisfied: cryptography>=2.0 in /opt/conda/envs/15f0149b1fbf715d94535d380cb72343/lib/python3.8/site-packages (from Scrapy==2.1.0) (2.9.2)
Requirement already satisfied: cssselect>=0.9.1 in /opt/conda/envs/15f0149b1fbf715d94535d380cb72343/lib/python3.8/site-packages (from Scrapy==2.1.0) (1.1.0)
Requirement already satisfied: lxml>=3.5.0 in /opt/conda/envs/15f0149b1fbf715d94535d380cb72343/lib/python3.8/site-packages (from Scrapy==2.1.0) (4.5.1)
Requirement already satisfied: parsel>=1.5.0 in /opt/conda/envs/15f0149b1fbf715d94535d380cb72343/lib/python3.8/site-packages (from Scrapy==2.1.0) (1.6.0)
Collecting PyDispatcher>=2.0.5 (from Scrapy==2.1.0)
  Downloading PyDispatcher-2.0.7-py3-none-any.whl.metadata (2.4 kB)
Requirement already satisfied: pyOpenSSL>=16.2.0 in /opt/conda/envs/15f0149b1fbf715d94535d380cb72343/lib/python3.8/site-packages (from Scrapy==2.1.0) (19.1.0)
Requirement already satisfied: queuelib>=1.4.2 in /opt/conda/envs/15f0149b1fbf715d94535d380cb72343/lib/python3.8/site-packages (from Scrapy==2.1.0) (1.5.0)
Collecting service-identity>=16.0.0 (from Scrapy==2.1.0)
  Downloading service_identity-24.2.0-py3-none-any.whl.metadata (5.1 kB)
Requirement already satisfied: w3lib>=1.17.0 in /opt/conda/envs/15f0149b1fbf715d94535d380cb72343/lib/python3.8/site-packages (from Scrapy==2.1.0) (2.2.1)
Collecting zope.interface>=4.1.3 (from Scrapy==2.1.0)
  Downloading zope.interface-7.2-cp38-cp38-manylinux_2_5_x86_64.manylinux1_x86_64.manylinux_2_17_x86_64.manylinux2014_x86_64.whl.metadata (44 kB)
Collecting protego>=0.1.15 (from Scrapy==2.1.0)
  Downloading Protego-0.3.1-py2.py3-none-any.whl.metadata (5.9 kB)
Requirement already satisfied: six>=1.4.1 in /opt/conda/envs/15f0149b1fbf715d94535d380cb72343/lib/python3.8/site-packages (from cryptography>=2.0->Scrapy==2.1.0) (1.16.0)
Requirement already satisfied: cffi!=1.11.3,>=1.8 in /opt/conda/envs/15f0149b1fbf715d94535d380cb72343/lib/python3.8/site-packages (from cryptography>=2.0->Scrapy==2.1.0) (1.14.0)
Requirement already satisfied: attrs>=19.1.0 in /opt/conda/envs/15f0149b1fbf715d94535d380cb72343/lib/python3.8/site-packages (from service-identity>=16.0.0->Scrapy==2.1.0) (19.3.0)
Requirement already satisfied: pyasn1 in /opt/conda/envs/15f0149b1fbf715d94535d380cb72343/lib/python3.8/site-packages (from service-identity>=16.0.0->Scrapy==2.1.0) (0.4.8)
Requirement already satisfied: pyasn1-modules in /opt/conda/envs/15f0149b1fbf715d94535d380cb72343/lib/python3.8/site-packages (from service-identity>=16.0.0->Scrapy==2.1.0) (0.2.8)
Collecting attrs>=19.1.0 (from service-identity>=16.0.0->Scrapy==2.1.0)
  Downloading attrs-24.2.0-py3-none-any.whl.metadata (11 kB)
Collecting automat>=24.8.0 (from Twisted>=17.9.0->Scrapy==2.1.0)
  Downloading Automat-24.8.1-py3-none-any.whl.metadata (8.4 kB)
Requirement already satisfied: constantly>=15.1 in /opt/conda/envs/15f0149b1fbf715d94535d380cb72343/lib/python3.8/site-packages (from Twisted>=17.9.0->Scrapy==2.1.0) (15.1.0)
Requirement already satisfied: hyperlink>=17.1.1 in /opt/conda/envs/15f0149b1fbf715d94535d380cb72343/lib/python3.8/site-packages (from Twisted>=17.9.0->Scrapy==2.1.0) (19.0.0)
Collecting incremental>=24.7.0 (from Twisted>=17.9.0->Scrapy==2.1.0)
  Downloading incremental-24.7.2-py3-none-any.whl.metadata (8.1 kB)
Collecting typing-extensions>=4.2.0 (from Twisted>=17.9.0->Scrapy==2.1.0)
  Downloading typing_extensions-4.12.2-py3-none-any.whl.metadata (3.0 kB)
Requirement already satisfied: setuptools in /opt/conda/envs/15f0149b1fbf715d94535d380cb72343/lib/python3.8/site-packages (from zope.interface>=4.1.3->Scrapy==2.1.0) (75.1.0)
Requirement already satisfied: pycparser in /opt/conda/envs/15f0149b1fbf715d94535d380cb72343/lib/python3.8/site-packages (from cffi!=1.11.3,>=1.8->cryptography>=2.0->Scrapy==2.1.0) (2.20)
Requirement already satisfied: idna>=2.5 in /opt/conda/envs/15f0149b1fbf715d94535d380cb72343/lib/python3.8/site-packages (from hyperlink>=17.1.1->Twisted>=17.9.0->Scrapy==2.1.0) (2.9)
Requirement already satisfied: tomli in /opt/conda/envs/15f0149b1fbf715d94535d380cb72343/lib/python3.8/site-packages (from incremental>=24.7.0->Twisted>=17.9.0->Scrapy==2.1.0) (2.0.1)
Downloading Scrapy-2.1.0-py2.py3-none-any.whl (239 kB)
Downloading Protego-0.3.1-py2.py3-none-any.whl (8.5 kB)
Downloading PyDispatcher-2.0.7-py3-none-any.whl (12 kB)
Downloading service_identity-24.2.0-py3-none-any.whl (11 kB)
Downloading twisted-24.11.0-py3-none-any.whl (3.2 MB)
   â”â”â”â”â”â”â”â”â”â”â”â”â”â”â”â”â”â”â”â”â”â”â”â”â”â”â”â”â”â”â”â”â”â”â”â”â”â”â”â” 3.2/3.2 MB 52.3 MB/s eta 0:00:00
Downloading zope.interface-7.2-cp38-cp38-manylinux_2_5_x86_64.manylinux1_x86_64.manylinux_2_17_x86_64.manylinux2014_x86_64.whl (257 kB)
Downloading attrs-24.2.0-py3-none-any.whl (63 kB)
Downloading Automat-24.8.1-py3-none-any.whl (42 kB)
Downloading incremental-24.7.2-py3-none-any.whl (20 kB)
Downloading typing_extensions-4.12.2-py3-none-any.whl (37 kB)
Installing collected packages: PyDispatcher, zope.interface, typing-extensions, protego, incremental, attrs, automat, Twisted, service-identity, Scrapy
  Attempting uninstall: incremental
    Found existing installation: incremental 17.5.0
    Uninstalling incremental-17.5.0:
      Successfully uninstalled incremental-17.5.0
  Attempting uninstall: attrs
    Found existing installation: attrs 19.3.0
    Uninstalling attrs-19.3.0:
      Successfully uninstalled attrs-19.3.0
  Attempting uninstall: automat
    Found existing installation: Automat 20.2.0
    Uninstalling Automat-20.2.0:
      Successfully uninstalled Automat-20.2.0
Successfully installed PyDispatcher-2.0.7 Scrapy-2.1.0 Twisted-24.11.0 attrs-24.2.0 automat-24.8.1 incremental-24.7.2 protego-0.3.1 service-identity-24.2.0 typing-extensions-4.12.2 zope.interface-7.2
WARNING: Running pip as the 'root' user can result in broken permissions and conflicting behaviour with the system package manager, possibly rendering your system unusable.It is recommended to use a virtual environment instead: https://pip.pypa.io/warnings/venv. Use the --root-user-action option if you know what you are doing and want to suppress this warning.
Collecting service-identity==18.1.0
  Downloading service_identity-18.1.0-py2.py3-none-any.whl.metadata (4.9 kB)
Requirement already satisfied: attrs>=16.0.0 in /opt/conda/envs/15f0149b1fbf715d94535d380cb72343/lib/python3.8/site-packages (from service-identity==18.1.0) (24.2.0)
Requirement already satisfied: pyasn1-modules in /opt/conda/envs/15f0149b1fbf715d94535d380cb72343/lib/python3.8/site-packages (from service-identity==18.1.0) (0.2.8)
Requirement already satisfied: pyasn1 in /opt/conda/envs/15f0149b1fbf715d94535d380cb72343/lib/python3.8/site-packages (from service-identity==18.1.0) (0.4.8)
Requirement already satisfied: cryptography in /opt/conda/envs/15f0149b1fbf715d94535d380cb72343/lib/python3.8/site-packages (from service-identity==18.1.0) (2.9.2)
Requirement already satisfied: six>=1.4.1 in /opt/conda/envs/15f0149b1fbf715d94535d380cb72343/lib/python3.8/site-packages (from cryptography->service-identity==18.1.0) (1.16.0)
Requirement already satisfied: cffi!=1.11.3,>=1.8 in /opt/conda/envs/15f0149b1fbf715d94535d380cb72343/lib/python3.8/site-packages (from cryptography->service-identity==18.1.0) (1.14.0)
Requirement already satisfied: pycparser in /opt/conda/envs/15f0149b1fbf715d94535d380cb72343/lib/python3.8/site-packages (from cffi!=1.11.3,>=1.8->cryptography->service-identity==18.1.0) (2.20)
Downloading service_identity-18.1.0-py2.py3-none-any.whl (11 kB)
Installing collected packages: service-identity
  Attempting uninstall: service-identity
    Found existing installation: service-identity 24.2.0
    Uninstalling service-identity-24.2.0:
      Successfully uninstalled service-identity-24.2.0
Successfully installed service-identity-18.1.0
WARNING: Running pip as the 'root' user can result in broken permissions and conflicting behaviour with the system package manager, possibly rendering your system unusable.It is recommended to use a virtual environment instead: https://pip.pypa.io/warnings/venv. Use the --root-user-action option if you know what you are doing and want to suppress this warning.
Collecting six==1.15.0
  Downloading six-1.15.0-py2.py3-none-any.whl.metadata (1.8 kB)
Downloading six-1.15.0-py2.py3-none-any.whl (10 kB)
Installing collected packages: six
  Attempting uninstall: six
    Found existing installation: six 1.16.0
    Uninstalling six-1.16.0:
      Successfully uninstalled six-1.16.0
Successfully installed six-1.15.0
WARNING: Running pip as the 'root' user can result in broken permissions and conflicting behaviour with the system package manager, possibly rendering your system unusable.It is recommended to use a virtual environment instead: https://pip.pypa.io/warnings/venv. Use the --root-user-action option if you know what you are doing and want to suppress this warning.
Collecting SOAPpy==0.12.22
  Downloading SOAPpy-0.12.22.zip (172 kB)
  Preparing metadata (setup.py): started
  Preparing metadata (setup.py): finished with status 'error'
  error: subprocess-exited-with-error
  
  Ã— python setup.py egg_info did not run successfully.
  â”‚ exit code: 1
  â•°â”€> [43 lines of output]
      running egg_info
      creating /tmp/pip-pip-egg-info-2kx9cjrw/SOAPpy.egg-info
      writing /tmp/pip-pip-egg-info-2kx9cjrw/SOAPpy.egg-info/PKG-INFO
      writing dependency_links to /tmp/pip-pip-egg-info-2kx9cjrw/SOAPpy.egg-info/dependency_links.txt
      writing requirements to /tmp/pip-pip-egg-info-2kx9cjrw/SOAPpy.egg-info/requires.txt
      writing top-level names to /tmp/pip-pip-egg-info-2kx9cjrw/SOAPpy.egg-info/top_level.txt
      writing manifest file '/tmp/pip-pip-egg-info-2kx9cjrw/SOAPpy.egg-info/SOURCES.txt'
      reading manifest file '/tmp/pip-pip-egg-info-2kx9cjrw/SOAPpy.egg-info/SOURCES.txt'
      reading manifest template 'MANIFEST.in'
      warning: no files found matching '*.rst'
      warning: no previously-included files matching '*pyc' found anywhere in distribution
      Traceback (most recent call last):
        File "<string>", line 2, in <module>
        File "<pip-setuptools-caller>", line 34, in <module>
        File "/tmp/pip-install-a4owlok8/soappy_f917f844bb1f4d92811e3c76e72b709b/setup.py", line 18, in <module>
          setup(
        File "/opt/conda/envs/15f0149b1fbf715d94535d380cb72343/lib/python3.8/site-packages/setuptools/__init__.py", line 117, in setup
          return distutils.core.setup(**attrs)
        File "/opt/conda/envs/15f0149b1fbf715d94535d380cb72343/lib/python3.8/site-packages/setuptools/_distutils/core.py", line 183, in setup
          return run_commands(dist)
        File "/opt/conda/envs/15f0149b1fbf715d94535d380cb72343/lib/python3.8/site-packages/setuptools/_distutils/core.py", line 199, in run_commands
          dist.run_commands()
        File "/opt/conda/envs/15f0149b1fbf715d94535d380cb72343/lib/python3.8/site-packages/setuptools/_distutils/dist.py", line 954, in run_commands
          self.run_command(cmd)
        File "/opt/conda/envs/15f0149b1fbf715d94535d380cb72343/lib/python3.8/site-packages/setuptools/dist.py", line 950, in run_command
          super().run_command(command)
        File "/opt/conda/envs/15f0149b1fbf715d94535d380cb72343/lib/python3.8/site-packages/setuptools/_distutils/dist.py", line 973, in run_command
          cmd_obj.run()
        File "/opt/conda/envs/15f0149b1fbf715d94535d380cb72343/lib/python3.8/site-packages/setuptools/command/egg_info.py", line 311, in run
          self.find_sources()
        File "/opt/conda/envs/15f0149b1fbf715d94535d380cb72343/lib/python3.8/site-packages/setuptools/command/egg_info.py", line 319, in find_sources
          mm.run()
        File "/opt/conda/envs/15f0149b1fbf715d94535d380cb72343/lib/python3.8/site-packages/setuptools/command/egg_info.py", line 545, in run
          self.prune_file_list()
        File "/opt/conda/envs/15f0149b1fbf715d94535d380cb72343/lib/python3.8/site-packages/setuptools/command/sdist.py", line 161, in prune_file_list
          super().prune_file_list()
        File "/opt/conda/envs/15f0149b1fbf715d94535d380cb72343/lib/python3.8/site-packages/setuptools/_distutils/command/sdist.py", line 380, in prune_file_list
          base_dir = self.distribution.get_fullname()
        File "/opt/conda/envs/15f0149b1fbf715d94535d380cb72343/lib/python3.8/site-packages/setuptools/_core_metadata.py", line 267, in get_fullname
          return _distribution_fullname(self.get_name(), self.get_version())
        File "/opt/conda/envs/15f0149b1fbf715d94535d380cb72343/lib/python3.8/site-packages/setuptools/_core_metadata.py", line 285, in _distribution_fullname
          canonicalize_version(version, strip_trailing_zero=False),
      TypeError: canonicalize_version() got an unexpected keyword argument 'strip_trailing_zero'
      [end of output]
  
  note: This error originates from a subprocess, and is likely not a problem with pip.
error: metadata-generation-failed

Ã— Encountered error while generating package metadata.
â•°â”€> See above for output.

note: This is an issue with the package mentioned above, not pip.
hint: See above for details.
Requirement already satisfied: sortedcontainers==2.1.0 in /opt/conda/envs/15f0149b1fbf715d94535d380cb72343/lib/python3.8/site-packages (2.1.0)
WARNING: Running pip as the 'root' user can result in broken permissions and conflicting behaviour with the system package manager, possibly rendering your system unusable.It is recommended to use a virtual environment instead: https://pip.pypa.io/warnings/venv. Use the --root-user-action option if you know what you are doing and want to suppress this warning.
Collecting structlog==20.1.0
  Downloading structlog-20.1.0-py2.py3-none-any.whl.metadata (11 kB)
Requirement already satisfied: six in /opt/conda/envs/15f0149b1fbf715d94535d380cb72343/lib/python3.8/site-packages (from structlog==20.1.0) (1.15.0)
Downloading structlog-20.1.0-py2.py3-none-any.whl (40 kB)
Installing collected packages: structlog
Successfully installed structlog-20.1.0
WARNING: Running pip as the 'root' user can result in broken permissions and conflicting behaviour with the system package manager, possibly rendering your system unusable.It is recommended to use a virtual environment instead: https://pip.pypa.io/warnings/venv. Use the --root-user-action option if you know what you are doing and want to suppress this warning.
Collecting testfixtures==6.14.1
  Downloading testfixtures-6.14.1-py2.py3-none-any.whl.metadata (3.5 kB)
Downloading testfixtures-6.14.1-py2.py3-none-any.whl (89 kB)
Installing collected packages: testfixtures
Successfully installed testfixtures-6.14.1
WARNING: Running pip as the 'root' user can result in broken permissions and conflicting behaviour with the system package manager, possibly rendering your system unusable.It is recommended to use a virtual environment instead: https://pip.pypa.io/warnings/venv. Use the --root-user-action option if you know what you are doing and want to suppress this warning.
Collecting tornado==6.0.4
  Downloading tornado-6.0.4.tar.gz (496 kB)
  Preparing metadata (setup.py): started
  Preparing metadata (setup.py): finished with status 'error'
  error: subprocess-exited-with-error
  
  Ã— python setup.py egg_info did not run successfully.
  â”‚ exit code: 1
  â•°â”€> [44 lines of output]
      running egg_info
      creating /tmp/pip-pip-egg-info-an5oxr0g/tornado.egg-info
      writing /tmp/pip-pip-egg-info-an5oxr0g/tornado.egg-info/PKG-INFO
      writing dependency_links to /tmp/pip-pip-egg-info-an5oxr0g/tornado.egg-info/dependency_links.txt
      writing top-level names to /tmp/pip-pip-egg-info-an5oxr0g/tornado.egg-info/top_level.txt
      writing manifest file '/tmp/pip-pip-egg-info-an5oxr0g/tornado.egg-info/SOURCES.txt'
      reading manifest file '/tmp/pip-pip-egg-info-an5oxr0g/tornado.egg-info/SOURCES.txt'
      reading manifest template 'MANIFEST.in'
      warning: no files found matching '*.yaml' under directory 'demos'
      no previously-included directories found matching 'docs/build'
      warning: no files found matching 'tornado/test/README'
      adding license file 'LICENSE'
      Traceback (most recent call last):
        File "<string>", line 2, in <module>
        File "<pip-setuptools-caller>", line 34, in <module>
        File "/tmp/pip-install-ly3yus56/tornado_26eae5d978ee4dcd990017f99701a8aa/setup.py", line 142, in <module>
          setup(
        File "/opt/conda/envs/15f0149b1fbf715d94535d380cb72343/lib/python3.8/site-packages/setuptools/__init__.py", line 117, in setup
          return distutils.core.setup(**attrs)
        File "/opt/conda/envs/15f0149b1fbf715d94535d380cb72343/lib/python3.8/site-packages/setuptools/_distutils/core.py", line 183, in setup
          return run_commands(dist)
        File "/opt/conda/envs/15f0149b1fbf715d94535d380cb72343/lib/python3.8/site-packages/setuptools/_distutils/core.py", line 199, in run_commands
          dist.run_commands()
        File "/opt/conda/envs/15f0149b1fbf715d94535d380cb72343/lib/python3.8/site-packages/setuptools/_distutils/dist.py", line 954, in run_commands
          self.run_command(cmd)
        File "/opt/conda/envs/15f0149b1fbf715d94535d380cb72343/lib/python3.8/site-packages/setuptools/dist.py", line 950, in run_command
          super().run_command(command)
        File "/opt/conda/envs/15f0149b1fbf715d94535d380cb72343/lib/python3.8/site-packages/setuptools/_distutils/dist.py", line 973, in run_command
          cmd_obj.run()
        File "/opt/conda/envs/15f0149b1fbf715d94535d380cb72343/lib/python3.8/site-packages/setuptools/command/egg_info.py", line 311, in run
          self.find_sources()
        File "/opt/conda/envs/15f0149b1fbf715d94535d380cb72343/lib/python3.8/site-packages/setuptools/command/egg_info.py", line 319, in find_sources
          mm.run()
        File "/opt/conda/envs/15f0149b1fbf715d94535d380cb72343/lib/python3.8/site-packages/setuptools/command/egg_info.py", line 545, in run
          self.prune_file_list()
        File "/opt/conda/envs/15f0149b1fbf715d94535d380cb72343/lib/python3.8/site-packages/setuptools/command/sdist.py", line 161, in prune_file_list
          super().prune_file_list()
        File "/opt/conda/envs/15f0149b1fbf715d94535d380cb72343/lib/python3.8/site-packages/setuptools/_distutils/command/sdist.py", line 380, in prune_file_list
          base_dir = self.distribution.get_fullname()
        File "/opt/conda/envs/15f0149b1fbf715d94535d380cb72343/lib/python3.8/site-packages/setuptools/_core_metadata.py", line 267, in get_fullname
          return _distribution_fullname(self.get_name(), self.get_version())
        File "/opt/conda/envs/15f0149b1fbf715d94535d380cb72343/lib/python3.8/site-packages/setuptools/_core_metadata.py", line 285, in _distribution_fullname
          canonicalize_version(version, strip_trailing_zero=False),
      TypeError: canonicalize_version() got an unexpected keyword argument 'strip_trailing_zero'
      [end of output]
  
  note: This error originates from a subprocess, and is likely not a problem with pip.
error: metadata-generation-failed

Ã— Encountered error while generating package metadata.
â•°â”€> See above for output.

note: This is an issue with the package mentioned above, not pip.
hint: See above for details.
Collecting Twisted==20.3.0
  Downloading Twisted-20.3.0.tar.bz2 (3.1 MB)
     â”â”â”â”â”â”â”â”â”â”â”â”â”â”â”â”â”â”â”â”â”â”â”â”â”â”â”â”â”â”â”â”â”â”â”â”â”â”â”â” 3.1/3.1 MB 8.4 MB/s eta 0:00:00
  Preparing metadata (setup.py): started
  Preparing metadata (setup.py): finished with status 'error'
  error: subprocess-exited-with-error
  
  Ã— python setup.py egg_info did not run successfully.
  â”‚ exit code: 1
  â•°â”€> [75 lines of output]
      running egg_info
      creating /tmp/pip-pip-egg-info-9otxdv8a/Twisted.egg-info
      writing /tmp/pip-pip-egg-info-9otxdv8a/Twisted.egg-info/PKG-INFO
      writing dependency_links to /tmp/pip-pip-egg-info-9otxdv8a/Twisted.egg-info/dependency_links.txt
      writing entry points to /tmp/pip-pip-egg-info-9otxdv8a/Twisted.egg-info/entry_points.txt
      writing requirements to /tmp/pip-pip-egg-info-9otxdv8a/Twisted.egg-info/requires.txt
      writing top-level names to /tmp/pip-pip-egg-info-9otxdv8a/Twisted.egg-info/top_level.txt
      writing manifest file '/tmp/pip-pip-egg-info-9otxdv8a/Twisted.egg-info/SOURCES.txt'
      reading manifest file '/tmp/pip-pip-egg-info-9otxdv8a/Twisted.egg-info/SOURCES.txt'
      reading manifest template 'MANIFEST.in'
      /opt/conda/envs/15f0149b1fbf715d94535d380cb72343/lib/python3.8/site-packages/setuptools/__init__.py:94: _DeprecatedInstaller: setuptools.installer and fetch_build_eggs are deprecated.
      !!
      
              ********************************************************************************
              Requirements should be satisfied by a PEP 517 installer.
              If you are using pip, you can try `pip install --use-pep517`.
              ********************************************************************************
      
      !!
        dist.fetch_build_eggs(dist.setup_requires)
      warning: no previously-included files matching '*.misc' found under directory 'src/twisted'
      warning: no previously-included files matching '*.bugfix' found under directory 'src/twisted'
      warning: no previously-included files matching '*.doc' found under directory 'src/twisted'
      warning: no previously-included files matching '*.feature' found under directory 'src/twisted'
      warning: no previously-included files matching '*.removal' found under directory 'src/twisted'
      warning: no previously-included files matching 'NEWS' found under directory 'src/twisted'
      warning: no previously-included files matching 'README' found under directory 'src/twisted'
      warning: no previously-included files matching 'newsfragments' found under directory 'src/twisted'
      warning: no previously-included files found matching 'src/twisted/topfiles/CREDITS'
      warning: no previously-included files found matching 'src/twisted/topfiles/ChangeLog.Old'
      warning: no previously-included files found matching 'pyproject.toml'
      warning: no previously-included files found matching 'codecov.yml'
      warning: no previously-included files found matching 'appveyor.yml'
      warning: no previously-included files found matching '.coveralls.yml'
      warning: no previously-included files found matching '.circleci'
      warning: no previously-included files matching '*' found under directory '.circleci'
      no previously-included directories found matching 'bin'
      no previously-included directories found matching 'admin'
      no previously-included directories found matching '.travis'
      no previously-included directories found matching '.github'
      warning: no previously-included files found matching 'docs/historic/2003'
      warning: no previously-included files matching '*' found under directory 'docs/historic/2003'
      adding license file 'LICENSE'
      Traceback (most recent call last):
        File "<string>", line 2, in <module>
        File "<pip-setuptools-caller>", line 34, in <module>
        File "/tmp/pip-install-ywjczxsa/twisted_ca14640dc95d4b1591372871c9c444d7/setup.py", line 20, in <module>
          setuptools.setup(**_setup["getSetupArgs"]())
        File "/opt/conda/envs/15f0149b1fbf715d94535d380cb72343/lib/python3.8/site-packages/setuptools/__init__.py", line 117, in setup
          return distutils.core.setup(**attrs)
        File "/opt/conda/envs/15f0149b1fbf715d94535d380cb72343/lib/python3.8/site-packages/setuptools/_distutils/core.py", line 183, in setup
          return run_commands(dist)
        File "/opt/conda/envs/15f0149b1fbf715d94535d380cb72343/lib/python3.8/site-packages/setuptools/_distutils/core.py", line 199, in run_commands
          dist.run_commands()
        File "/opt/conda/envs/15f0149b1fbf715d94535d380cb72343/lib/python3.8/site-packages/setuptools/_distutils/dist.py", line 954, in run_commands
          self.run_command(cmd)
        File "/opt/conda/envs/15f0149b1fbf715d94535d380cb72343/lib/python3.8/site-packages/setuptools/dist.py", line 950, in run_command
          super().run_command(command)
        File "/opt/conda/envs/15f0149b1fbf715d94535d380cb72343/lib/python3.8/site-packages/setuptools/_distutils/dist.py", line 973, in run_command
          cmd_obj.run()
        File "/opt/conda/envs/15f0149b1fbf715d94535d380cb72343/lib/python3.8/site-packages/setuptools/command/egg_info.py", line 311, in run
          self.find_sources()
        File "/opt/conda/envs/15f0149b1fbf715d94535d380cb72343/lib/python3.8/site-packages/setuptools/command/egg_info.py", line 319, in find_sources
          mm.run()
        File "/opt/conda/envs/15f0149b1fbf715d94535d380cb72343/lib/python3.8/site-packages/setuptools/command/egg_info.py", line 545, in run
          self.prune_file_list()
        File "/opt/conda/envs/15f0149b1fbf715d94535d380cb72343/lib/python3.8/site-packages/setuptools/command/sdist.py", line 161, in prune_file_list
          super().prune_file_list()
        File "/opt/conda/envs/15f0149b1fbf715d94535d380cb72343/lib/python3.8/site-packages/setuptools/_distutils/command/sdist.py", line 380, in prune_file_list
          base_dir = self.distribution.get_fullname()
        File "/opt/conda/envs/15f0149b1fbf715d94535d380cb72343/lib/python3.8/site-packages/setuptools/_core_metadata.py", line 267, in get_fullname
          return _distribution_fullname(self.get_name(), self.get_version())
        File "/opt/conda/envs/15f0149b1fbf715d94535d380cb72343/lib/python3.8/site-packages/setuptools/_core_metadata.py", line 285, in _distribution_fullname
          canonicalize_version(version, strip_trailing_zero=False),
      TypeError: canonicalize_version() got an unexpected keyword argument 'strip_trailing_zero'
      [end of output]
  
  note: This error originates from a subprocess, and is likely not a problem with pip.
error: metadata-generation-failed

Ã— Encountered error while generating package metadata.
â•°â”€> See above for output.

note: This is an issue with the package mentioned above, not pip.
hint: See above for details.
Collecting urllib3==1.25.9
  Downloading urllib3-1.25.9-py2.py3-none-any.whl.metadata (39 kB)
Downloading urllib3-1.25.9-py2.py3-none-any.whl (126 kB)
Installing collected packages: urllib3
  Attempting uninstall: urllib3
    Found existing installation: urllib3 1.25.11
    Uninstalling urllib3-1.25.11:
      Successfully uninstalled urllib3-1.25.11
Successfully installed urllib3-1.25.9
WARNING: Running pip as the 'root' user can result in broken permissions and conflicting behaviour with the system package manager, possibly rendering your system unusable.It is recommended to use a virtual environment instead: https://pip.pypa.io/warnings/venv. Use the --root-user-action option if you know what you are doing and want to suppress this warning.
Collecting urwid==2.1.0
  Downloading urwid-2.1.0.tar.gz (630 kB)
     â”â”â”â”â”â”â”â”â”â”â”â”â”â”â”â”â”â”â”â”â”â”â”â”â”â”â”â”â”â”â”â”â”â”â”â”â”â” 630.2/630.2 kB 22.0 MB/s eta 0:00:00
  Preparing metadata (setup.py): started
  Preparing metadata (setup.py): finished with status 'error'
  error: subprocess-exited-with-error
  
  Ã— python setup.py egg_info did not run successfully.
  â”‚ exit code: 1
  â•°â”€> [44 lines of output]
      running egg_info
      creating /tmp/pip-pip-egg-info-7jarvtnh/urwid.egg-info
      writing /tmp/pip-pip-egg-info-7jarvtnh/urwid.egg-info/PKG-INFO
      writing dependency_links to /tmp/pip-pip-egg-info-7jarvtnh/urwid.egg-info/dependency_links.txt
      writing top-level names to /tmp/pip-pip-egg-info-7jarvtnh/urwid.egg-info/top_level.txt
      writing manifest file '/tmp/pip-pip-egg-info-7jarvtnh/urwid.egg-info/SOURCES.txt'
      reading manifest file '/tmp/pip-pip-egg-info-7jarvtnh/urwid.egg-info/SOURCES.txt'
      reading manifest template 'MANIFEST.in'
      /opt/conda/envs/15f0149b1fbf715d94535d380cb72343/lib/python3.8/site-packages/setuptools/_distutils/dist.py:261: UserWarning: Unknown distribution option: 'test_suite'
        warnings.warn(msg)
      warning: no files found matching 'CHANGELOG'
      adding license file 'COPYING'
      Traceback (most recent call last):
        File "<string>", line 2, in <module>
        File "<pip-setuptools-caller>", line 34, in <module>
        File "/tmp/pip-install-vzsh109k/urwid_0a0ef606789d4519a9ebdf6235fb4efe/setup.py", line 83, in <module>
          setup(**setup_d)
        File "/opt/conda/envs/15f0149b1fbf715d94535d380cb72343/lib/python3.8/site-packages/setuptools/__init__.py", line 117, in setup
          return distutils.core.setup(**attrs)
        File "/opt/conda/envs/15f0149b1fbf715d94535d380cb72343/lib/python3.8/site-packages/setuptools/_distutils/core.py", line 183, in setup
          return run_commands(dist)
        File "/opt/conda/envs/15f0149b1fbf715d94535d380cb72343/lib/python3.8/site-packages/setuptools/_distutils/core.py", line 199, in run_commands
          dist.run_commands()
        File "/opt/conda/envs/15f0149b1fbf715d94535d380cb72343/lib/python3.8/site-packages/setuptools/_distutils/dist.py", line 954, in run_commands
          self.run_command(cmd)
        File "/opt/conda/envs/15f0149b1fbf715d94535d380cb72343/lib/python3.8/site-packages/setuptools/dist.py", line 950, in run_command
          super().run_command(command)
        File "/opt/conda/envs/15f0149b1fbf715d94535d380cb72343/lib/python3.8/site-packages/setuptools/_distutils/dist.py", line 973, in run_command
          cmd_obj.run()
        File "/opt/conda/envs/15f0149b1fbf715d94535d380cb72343/lib/python3.8/site-packages/setuptools/command/egg_info.py", line 311, in run
          self.find_sources()
        File "/opt/conda/envs/15f0149b1fbf715d94535d380cb72343/lib/python3.8/site-packages/setuptools/command/egg_info.py", line 319, in find_sources
          mm.run()
        File "/opt/conda/envs/15f0149b1fbf715d94535d380cb72343/lib/python3.8/site-packages/setuptools/command/egg_info.py", line 545, in run
          self.prune_file_list()
        File "/opt/conda/envs/15f0149b1fbf715d94535d380cb72343/lib/python3.8/site-packages/setuptools/command/sdist.py", line 161, in prune_file_list
          super().prune_file_list()
        File "/opt/conda/envs/15f0149b1fbf715d94535d380cb72343/lib/python3.8/site-packages/setuptools/_distutils/command/sdist.py", line 380, in prune_file_list
          base_dir = self.distribution.get_fullname()
        File "/opt/conda/envs/15f0149b1fbf715d94535d380cb72343/lib/python3.8/site-packages/setuptools/_core_metadata.py", line 267, in get_fullname
          return _distribution_fullname(self.get_name(), self.get_version())
        File "/opt/conda/envs/15f0149b1fbf715d94535d380cb72343/lib/python3.8/site-packages/setuptools/_core_metadata.py", line 285, in _distribution_fullname
          canonicalize_version(version, strip_trailing_zero=False),
      TypeError: canonicalize_version() got an unexpected keyword argument 'strip_trailing_zero'
      [end of output]
  
  note: This error originates from a subprocess, and is likely not a problem with pip.
error: metadata-generation-failed

Ã— Encountered error while generating package metadata.
â•°â”€> See above for output.

note: This is an issue with the package mentioned above, not pip.
hint: See above for details.
Collecting utils==1.0.1
  Downloading utils-1.0.1-py2.py3-none-any.whl.metadata (4.6 kB)
Downloading utils-1.0.1-py2.py3-none-any.whl (21 kB)
Installing collected packages: utils
Successfully installed utils-1.0.1
WARNING: Running pip as the 'root' user can result in broken permissions and conflicting behaviour with the system package manager, possibly rendering your system unusable.It is recommended to use a virtual environment instead: https://pip.pypa.io/warnings/venv. Use the --root-user-action option if you know what you are doing and want to suppress this warning.
Collecting w3lib==1.22.0
  Downloading w3lib-1.22.0-py2.py3-none-any.whl.metadata (981 bytes)
Requirement already satisfied: six>=1.4.1 in /opt/conda/envs/15f0149b1fbf715d94535d380cb72343/lib/python3.8/site-packages (from w3lib==1.22.0) (1.15.0)
Downloading w3lib-1.22.0-py2.py3-none-any.whl (20 kB)
Installing collected packages: w3lib
  Attempting uninstall: w3lib
    Found existing installation: w3lib 2.2.1
    Uninstalling w3lib-2.2.1:
      Successfully uninstalled w3lib-2.2.1
Successfully installed w3lib-1.22.0
WARNING: Running pip as the 'root' user can result in broken permissions and conflicting behaviour with the system package manager, possibly rendering your system unusable.It is recommended to use a virtual environment instead: https://pip.pypa.io/warnings/venv. Use the --root-user-action option if you know what you are doing and want to suppress this warning.
Collecting wcwidth==0.1.9
  Downloading wcwidth-0.1.9-py2.py3-none-any.whl.metadata (9.2 kB)
Downloading wcwidth-0.1.9-py2.py3-none-any.whl (19 kB)
Installing collected packages: wcwidth
  Attempting uninstall: wcwidth
    Found existing installation: wcwidth 0.2.13
    Uninstalling wcwidth-0.2.13:
      Successfully uninstalled wcwidth-0.2.13
Successfully installed wcwidth-0.1.9
WARNING: Running pip as the 'root' user can result in broken permissions and conflicting behaviour with the system package manager, possibly rendering your system unusable.It is recommended to use a virtual environment instead: https://pip.pypa.io/warnings/venv. Use the --root-user-action option if you know what you are doing and want to suppress this warning.
Collecting Werkzeug==1.0.1
  Downloading Werkzeug-1.0.1-py2.py3-none-any.whl.metadata (4.7 kB)
Downloading Werkzeug-1.0.1-py2.py3-none-any.whl (298 kB)
Installing collected packages: Werkzeug
  Attempting uninstall: Werkzeug
    Found existing installation: Werkzeug 3.0.6
    Uninstalling Werkzeug-3.0.6:
      Successfully uninstalled Werkzeug-3.0.6
Successfully installed Werkzeug-1.0.1
WARNING: Running pip as the 'root' user can result in broken permissions and conflicting behaviour with the system package manager, possibly rendering your system unusable.It is recommended to use a virtual environment instead: https://pip.pypa.io/warnings/venv. Use the --root-user-action option if you know what you are doing and want to suppress this warning.
Requirement already satisfied: wsproto==0.15.0 in /opt/conda/envs/15f0149b1fbf715d94535d380cb72343/lib/python3.8/site-packages (0.15.0)
Requirement already satisfied: h11>=0.8.1 in /opt/conda/envs/15f0149b1fbf715d94535d380cb72343/lib/python3.8/site-packages (from wsproto==0.15.0) (0.9.0)
WARNING: Running pip as the 'root' user can result in broken permissions and conflicting behaviour with the system package manager, possibly rendering your system unusable.It is recommended to use a virtual environment instead: https://pip.pypa.io/warnings/venv. Use the --root-user-action option if you know what you are doing and want to suppress this warning.
Collecting wstools==0.4.8
  Downloading wstools-0.4.8-py2.py3-none-any.whl.metadata (2.6 kB)
Requirement already satisfied: pbr in /opt/conda/envs/15f0149b1fbf715d94535d380cb72343/lib/python3.8/site-packages (from wstools==0.4.8) (5.4.5)
Requirement already satisfied: setuptools>=17.1 in /opt/conda/envs/15f0149b1fbf715d94535d380cb72343/lib/python3.8/site-packages (from wstools==0.4.8) (75.1.0)
Requirement already satisfied: six in /opt/conda/envs/15f0149b1fbf715d94535d380cb72343/lib/python3.8/site-packages (from wstools==0.4.8) (1.15.0)
Downloading wstools-0.4.8-py2.py3-none-any.whl (54 kB)
Installing collected packages: wstools
Successfully installed wstools-0.4.8
WARNING: Running pip as the 'root' user can result in broken permissions and conflicting behaviour with the system package manager, possibly rendering your system unusable.It is recommended to use a virtual environment instead: https://pip.pypa.io/warnings/venv. Use the --root-user-action option if you know what you are doing and want to suppress this warning.
Collecting zope.interface==5.1.0
  Downloading zope.interface-5.1.0-cp38-cp38-manylinux2010_x86_64.whl.metadata (34 kB)
Requirement already satisfied: setuptools in /opt/conda/envs/15f0149b1fbf715d94535d380cb72343/lib/python3.8/site-packages (from zope.interface==5.1.0) (75.1.0)
Downloading zope.interface-5.1.0-cp38-cp38-manylinux2010_x86_64.whl (243 kB)
Installing collected packages: zope.interface
  Attempting uninstall: zope.interface
    Found existing installation: zope.interface 7.2
    Uninstalling zope.interface-7.2:
      Successfully uninstalled zope.interface-7.2
Successfully installed zope.interface-5.1.0
WARNING: Running pip as the 'root' user can result in broken permissions and conflicting behaviour with the system package manager, possibly rendering your system unusable.It is recommended to use a virtual environment instead: https://pip.pypa.io/warnings/venv. Use the --root-user-action option if you know what you are doing and want to suppress this warning.
Requirement already satisfied: zstandard==0.13.0 in /opt/conda/envs/15f0149b1fbf715d94535d380cb72343/lib/python3.8/site-packages (0.13.0)
Requirement already satisfied: cffi>=1.11 in /opt/conda/envs/15f0149b1fbf715d94535d380cb72343/lib/python3.8/site-packages (from zstandard==0.13.0) (1.14.0)
Requirement already satisfied: pycparser in /opt/conda/envs/15f0149b1fbf715d94535d380cb72343/lib/python3.8/site-packages (from cffi>=1.11->zstandard==0.13.0) (2.20)
WARNING: Running pip as the 'root' user can result in broken permissions and conflicting behaviour with the system package manager, possibly rendering your system unusable.It is recommended to use a virtual environment instead: https://pip.pypa.io/warnings/venv. Use the --root-user-action option if you know what you are doing and want to suppress this warning.
Requirement already satisfied: Twisted in /opt/conda/envs/15f0149b1fbf715d94535d380cb72343/lib/python3.8/site-packages (24.11.0)
Requirement already satisfied: attrs>=22.2.0 in /opt/conda/envs/15f0149b1fbf715d94535d380cb72343/lib/python3.8/site-packages (from Twisted) (24.2.0)
Requirement already satisfied: automat>=24.8.0 in /opt/conda/envs/15f0149b1fbf715d94535d380cb72343/lib/python3.8/site-packages (from Twisted) (24.8.1)
Requirement already satisfied: constantly>=15.1 in /opt/conda/envs/15f0149b1fbf715d94535d380cb72343/lib/python3.8/site-packages (from Twisted) (15.1.0)
Requirement already satisfied: hyperlink>=17.1.1 in /opt/conda/envs/15f0149b1fbf715d94535d380cb72343/lib/python3.8/site-packages (from Twisted) (19.0.0)
Requirement already satisfied: incremental>=24.7.0 in /opt/conda/envs/15f0149b1fbf715d94535d380cb72343/lib/python3.8/site-packages (from Twisted) (24.7.2)
Requirement already satisfied: typing-extensions>=4.2.0 in /opt/conda/envs/15f0149b1fbf715d94535d380cb72343/lib/python3.8/site-packages (from Twisted) (4.12.2)
Requirement already satisfied: zope-interface>=5 in /opt/conda/envs/15f0149b1fbf715d94535d380cb72343/lib/python3.8/site-packages (from Twisted) (5.1.0)
Requirement already satisfied: idna>=2.5 in /opt/conda/envs/15f0149b1fbf715d94535d380cb72343/lib/python3.8/site-packages (from hyperlink>=17.1.1->Twisted) (2.9)
Requirement already satisfied: setuptools>=61.0 in /opt/conda/envs/15f0149b1fbf715d94535d380cb72343/lib/python3.8/site-packages (from incremental>=24.7.0->Twisted) (75.1.0)
Requirement already satisfied: tomli in /opt/conda/envs/15f0149b1fbf715d94535d380cb72343/lib/python3.8/site-packages (from incremental>=24.7.0->Twisted) (2.0.1)
WARNING: Running pip as the 'root' user can result in broken permissions and conflicting behaviour with the system package manager, possibly rendering your system unusable.It is recommended to use a virtual environment instead: https://pip.pypa.io/warnings/venv. Use the --root-user-action option if you know what you are doing and want to suppress this warning.
Requirement already satisfied: pytest in /opt/conda/envs/15f0149b1fbf715d94535d380cb72343/lib/python3.8/site-packages (5.4.2)
Requirement already satisfied: py>=1.5.0 in /opt/conda/envs/15f0149b1fbf715d94535d380cb72343/lib/python3.8/site-packages (from pytest) (1.8.1)
Requirement already satisfied: packaging in /opt/conda/envs/15f0149b1fbf715d94535d380cb72343/lib/python3.8/site-packages (from pytest) (20.4)
Requirement already satisfied: attrs>=17.4.0 in /opt/conda/envs/15f0149b1fbf715d94535d380cb72343/lib/python3.8/site-packages (from pytest) (24.2.0)
Requirement already satisfied: more-itertools>=4.0.0 in /opt/conda/envs/15f0149b1fbf715d94535d380cb72343/lib/python3.8/site-packages (from pytest) (8.3.0)
Requirement already satisfied: pluggy<1.0,>=0.12 in /opt/conda/envs/15f0149b1fbf715d94535d380cb72343/lib/python3.8/site-packages (from pytest) (0.13.1)
Requirement already satisfied: wcwidth in /opt/conda/envs/15f0149b1fbf715d94535d380cb72343/lib/python3.8/site-packages (from pytest) (0.1.9)
Requirement already satisfied: pyparsing>=2.0.2 in /opt/conda/envs/15f0149b1fbf715d94535d380cb72343/lib/python3.8/site-packages (from packaging->pytest) (2.4.7)
Requirement already satisfied: six in /opt/conda/envs/15f0149b1fbf715d94535d380cb72343/lib/python3.8/site-packages (from packaging->pytest) (1.15.0)
WARNING: Running pip as the 'root' user can result in broken permissions and conflicting behaviour with the system package manager, possibly rendering your system unusable.It is recommended to use a virtual environment instead: https://pip.pypa.io/warnings/venv. Use the --root-user-action option if you know what you are doing and want to suppress this warning.
Requirement already satisfied: Pillow in /opt/conda/envs/15f0149b1fbf715d94535d380cb72343/lib/python3.8/site-packages (7.1.2)
WARNING: Running pip as the 'root' user can result in broken permissions and conflicting behaviour with the system package manager, possibly rendering your system unusable.It is recommended to use a virtual environment instead: https://pip.pypa.io/warnings/venv. Use the --root-user-action option if you know what you are doing and want to suppress this warning.
Requirement already satisfied: utils in /opt/conda/envs/15f0149b1fbf715d94535d380cb72343/lib/python3.8/site-packages (1.0.1)
WARNING: Running pip as the 'root' user can result in broken permissions and conflicting behaviour with the system package manager, possibly rendering your system unusable.It is recommended to use a virtual environment instead: https://pip.pypa.io/warnings/venv. Use the --root-user-action option if you know what you are doing and want to suppress this warning.
Requirement already satisfied: mitmproxy in /opt/conda/envs/15f0149b1fbf715d94535d380cb72343/lib/python3.8/site-packages (5.1.1)
Requirement already satisfied: blinker<1.5,>=1.4 in /opt/conda/envs/15f0149b1fbf715d94535d380cb72343/lib/python3.8/site-packages (from mitmproxy) (1.4)
Requirement already satisfied: Brotli<1.1,>=1.0 in /opt/conda/envs/15f0149b1fbf715d94535d380cb72343/lib/python3.8/site-packages (from mitmproxy) (1.0.7)
Requirement already satisfied: certifi>=2019.9.11 in /opt/conda/envs/15f0149b1fbf715d94535d380cb72343/lib/python3.8/site-packages (from mitmproxy) (2020.4.5.1)
Requirement already satisfied: click<8,>=7.0 in /opt/conda/envs/15f0149b1fbf715d94535d380cb72343/lib/python3.8/site-packages (from mitmproxy) (7.1.2)
Requirement already satisfied: cryptography<3.0,>=2.9 in /opt/conda/envs/15f0149b1fbf715d94535d380cb72343/lib/python3.8/site-packages (from mitmproxy) (2.9.2)
Requirement already satisfied: flask<1.2,>=1.1.1 in /opt/conda/envs/15f0149b1fbf715d94535d380cb72343/lib/python3.8/site-packages (from mitmproxy) (1.1.2)
Requirement already satisfied: h2<4,>=3.2.0 in /opt/conda/envs/15f0149b1fbf715d94535d380cb72343/lib/python3.8/site-packages (from mitmproxy) (3.2.0)
Requirement already satisfied: hyperframe<6,>=5.1.0 in /opt/conda/envs/15f0149b1fbf715d94535d380cb72343/lib/python3.8/site-packages (from mitmproxy) (5.2.0)
Requirement already satisfied: kaitaistruct<0.9,>=0.7 in /opt/conda/envs/15f0149b1fbf715d94535d380cb72343/lib/python3.8/site-packages (from mitmproxy) (0.8)
Requirement already satisfied: ldap3<2.8,>=2.6.1 in /opt/conda/envs/15f0149b1fbf715d94535d380cb72343/lib/python3.8/site-packages (from mitmproxy) (2.7)
Requirement already satisfied: passlib<1.8,>=1.6.5 in /opt/conda/envs/15f0149b1fbf715d94535d380cb72343/lib/python3.8/site-packages (from mitmproxy) (1.7.2)
Requirement already satisfied: protobuf<3.12,>=3.6.0 in /opt/conda/envs/15f0149b1fbf715d94535d380cb72343/lib/python3.8/site-packages (from mitmproxy) (3.11.3)
Requirement already satisfied: pyasn1<0.5,>=0.3.1 in /opt/conda/envs/15f0149b1fbf715d94535d380cb72343/lib/python3.8/site-packages (from mitmproxy) (0.4.8)
Requirement already satisfied: pyOpenSSL<19.2,>=19.1.0 in /opt/conda/envs/15f0149b1fbf715d94535d380cb72343/lib/python3.8/site-packages (from mitmproxy) (19.1.0)
Requirement already satisfied: pyparsing<2.5,>=2.4.2 in /opt/conda/envs/15f0149b1fbf715d94535d380cb72343/lib/python3.8/site-packages (from mitmproxy) (2.4.7)
Requirement already satisfied: pyperclip<1.9,>=1.6.0 in /opt/conda/envs/15f0149b1fbf715d94535d380cb72343/lib/python3.8/site-packages (from mitmproxy) (1.8.2)
Requirement already satisfied: ruamel.yaml<0.17,>=0.16 in /opt/conda/envs/15f0149b1fbf715d94535d380cb72343/lib/python3.8/site-packages (from mitmproxy) (0.16.10)
Requirement already satisfied: sortedcontainers<2.2,>=2.1.0 in /opt/conda/envs/15f0149b1fbf715d94535d380cb72343/lib/python3.8/site-packages (from mitmproxy) (2.1.0)
Requirement already satisfied: tornado<7,>=4.3 in /opt/conda/envs/15f0149b1fbf715d94535d380cb72343/lib/python3.8/site-packages (from mitmproxy) (6.4.2)
Requirement already satisfied: urwid<2.2,>=2.1.0 in /opt/conda/envs/15f0149b1fbf715d94535d380cb72343/lib/python3.8/site-packages (from mitmproxy) (2.1.2)
Requirement already satisfied: wsproto<0.16,>=0.14 in /opt/conda/envs/15f0149b1fbf715d94535d380cb72343/lib/python3.8/site-packages (from mitmproxy) (0.15.0)
Requirement already satisfied: publicsuffix2<3,>=2.20190812 in /opt/conda/envs/15f0149b1fbf715d94535d380cb72343/lib/python3.8/site-packages (from mitmproxy) (2.20191221)
Requirement already satisfied: zstandard<0.14,>=0.11 in /opt/conda/envs/15f0149b1fbf715d94535d380cb72343/lib/python3.8/site-packages (from mitmproxy) (0.13.0)
Requirement already satisfied: six>=1.4.1 in /opt/conda/envs/15f0149b1fbf715d94535d380cb72343/lib/python3.8/site-packages (from cryptography<3.0,>=2.9->mitmproxy) (1.15.0)
Requirement already satisfied: cffi!=1.11.3,>=1.8 in /opt/conda/envs/15f0149b1fbf715d94535d380cb72343/lib/python3.8/site-packages (from cryptography<3.0,>=2.9->mitmproxy) (1.14.0)
Requirement already satisfied: Werkzeug>=0.15 in /opt/conda/envs/15f0149b1fbf715d94535d380cb72343/lib/python3.8/site-packages (from flask<1.2,>=1.1.1->mitmproxy) (1.0.1)
Requirement already satisfied: Jinja2>=2.10.1 in /opt/conda/envs/15f0149b1fbf715d94535d380cb72343/lib/python3.8/site-packages (from flask<1.2,>=1.1.1->mitmproxy) (2.11.2)
Requirement already satisfied: itsdangerous>=0.24 in /opt/conda/envs/15f0149b1fbf715d94535d380cb72343/lib/python3.8/site-packages (from flask<1.2,>=1.1.1->mitmproxy) (1.1.0)
Requirement already satisfied: hpack<4,>=3.0 in /opt/conda/envs/15f0149b1fbf715d94535d380cb72343/lib/python3.8/site-packages (from h2<4,>=3.2.0->mitmproxy) (3.0.0)
Requirement already satisfied: setuptools in /opt/conda/envs/15f0149b1fbf715d94535d380cb72343/lib/python3.8/site-packages (from protobuf<3.12,>=3.6.0->mitmproxy) (75.1.0)
Requirement already satisfied: ruamel.yaml.clib>=0.1.2 in /opt/conda/envs/15f0149b1fbf715d94535d380cb72343/lib/python3.8/site-packages (from ruamel.yaml<0.17,>=0.16->mitmproxy) (0.2.0)
Requirement already satisfied: h11>=0.8.1 in /opt/conda/envs/15f0149b1fbf715d94535d380cb72343/lib/python3.8/site-packages (from wsproto<0.16,>=0.14->mitmproxy) (0.9.0)
Requirement already satisfied: pycparser in /opt/conda/envs/15f0149b1fbf715d94535d380cb72343/lib/python3.8/site-packages (from cffi!=1.11.3,>=1.8->cryptography<3.0,>=2.9->mitmproxy) (2.20)
Requirement already satisfied: MarkupSafe>=0.23 in /opt/conda/envs/15f0149b1fbf715d94535d380cb72343/lib/python3.8/site-packages (from Jinja2>=2.10.1->flask<1.2,>=1.1.1->mitmproxy) (2.1.5)
WARNING: Running pip as the 'root' user can result in broken permissions and conflicting behaviour with the system package manager, possibly rendering your system unusable.It is recommended to use a virtual environment instead: https://pip.pypa.io/warnings/venv. Use the --root-user-action option if you know what you are doing and want to suppress this warning.
Collecting leveldb
  Downloading leveldb-0.201.tar.gz (236 kB)
  Preparing metadata (setup.py): started
  Preparing metadata (setup.py): finished with status 'error'
  error: subprocess-exited-with-error
  
  Ã— python setup.py egg_info did not run successfully.
  â”‚ exit code: 1
  â•°â”€> [42 lines of output]
      running egg_info
      creating /tmp/pip-pip-egg-info-_xbzsnzo/leveldb.egg-info
      writing /tmp/pip-pip-egg-info-_xbzsnzo/leveldb.egg-info/PKG-INFO
      writing dependency_links to /tmp/pip-pip-egg-info-_xbzsnzo/leveldb.egg-info/dependency_links.txt
      writing top-level names to /tmp/pip-pip-egg-info-_xbzsnzo/leveldb.egg-info/top_level.txt
      writing manifest file '/tmp/pip-pip-egg-info-_xbzsnzo/leveldb.egg-info/SOURCES.txt'
      reading manifest file '/tmp/pip-pip-egg-info-_xbzsnzo/leveldb.egg-info/SOURCES.txt'
      reading manifest template 'MANIFEST.in'
      warning: no files found matching 'leveldb/*.cc'
      adding license file 'LICENSE'
      Traceback (most recent call last):
        File "<string>", line 2, in <module>
        File "<pip-setuptools-caller>", line 34, in <module>
        File "/tmp/pip-install-c89anba5/leveldb_05206d6e2a5f42feb7b23598f899d863/setup.py", line 45, in <module>
          setup(
        File "/opt/conda/envs/15f0149b1fbf715d94535d380cb72343/lib/python3.8/site-packages/setuptools/__init__.py", line 117, in setup
          return distutils.core.setup(**attrs)
        File "/opt/conda/envs/15f0149b1fbf715d94535d380cb72343/lib/python3.8/site-packages/setuptools/_distutils/core.py", line 183, in setup
          return run_commands(dist)
        File "/opt/conda/envs/15f0149b1fbf715d94535d380cb72343/lib/python3.8/site-packages/setuptools/_distutils/core.py", line 199, in run_commands
          dist.run_commands()
        File "/opt/conda/envs/15f0149b1fbf715d94535d380cb72343/lib/python3.8/site-packages/setuptools/_distutils/dist.py", line 954, in run_commands
          self.run_command(cmd)
        File "/opt/conda/envs/15f0149b1fbf715d94535d380cb72343/lib/python3.8/site-packages/setuptools/dist.py", line 950, in run_command
          super().run_command(command)
        File "/opt/conda/envs/15f0149b1fbf715d94535d380cb72343/lib/python3.8/site-packages/setuptools/_distutils/dist.py", line 973, in run_command
          cmd_obj.run()
        File "/opt/conda/envs/15f0149b1fbf715d94535d380cb72343/lib/python3.8/site-packages/setuptools/command/egg_info.py", line 311, in run
          self.find_sources()
        File "/opt/conda/envs/15f0149b1fbf715d94535d380cb72343/lib/python3.8/site-packages/setuptools/command/egg_info.py", line 319, in find_sources
          mm.run()
        File "/opt/conda/envs/15f0149b1fbf715d94535d380cb72343/lib/python3.8/site-packages/setuptools/command/egg_info.py", line 545, in run
          self.prune_file_list()
        File "/opt/conda/envs/15f0149b1fbf715d94535d380cb72343/lib/python3.8/site-packages/setuptools/command/sdist.py", line 161, in prune_file_list
          super().prune_file_list()
        File "/opt/conda/envs/15f0149b1fbf715d94535d380cb72343/lib/python3.8/site-packages/setuptools/_distutils/command/sdist.py", line 380, in prune_file_list
          base_dir = self.distribution.get_fullname()
        File "/opt/conda/envs/15f0149b1fbf715d94535d380cb72343/lib/python3.8/site-packages/setuptools/_core_metadata.py", line 267, in get_fullname
          return _distribution_fullname(self.get_name(), self.get_version())
        File "/opt/conda/envs/15f0149b1fbf715d94535d380cb72343/lib/python3.8/site-packages/setuptools/_core_metadata.py", line 285, in _distribution_fullname
          canonicalize_version(version, strip_trailing_zero=False),
      TypeError: canonicalize_version() got an unexpected keyword argument 'strip_trailing_zero'
      [end of output]
  
  note: This error originates from a subprocess, and is likely not a problem with pip.
error: metadata-generation-failed

Ã— Encountered error while generating package metadata.
â•°â”€> See above for output.

note: This is an issue with the package mentioned above, not pip.
hint: See above for details.
Requirement already satisfied: appdirs==1.4.4 in /opt/conda/envs/15f0149b1fbf715d94535d380cb72343/lib/python3.8/site-packages (1.4.4)
WARNING: Running pip as the 'root' user can result in broken permissions and conflicting behaviour with the system package manager, possibly rendering your system unusable.It is recommended to use a virtual environment instead: https://pip.pypa.io/warnings/venv. Use the --root-user-action option if you know what you are doing and want to suppress this warning.
Requirement already satisfied: atomicwrites==1.4.0 in /opt/conda/envs/15f0149b1fbf715d94535d380cb72343/lib/python3.8/site-packages (1.4.0)
WARNING: Running pip as the 'root' user can result in broken permissions and conflicting behaviour with the system package manager, possibly rendering your system unusable.It is recommended to use a virtual environment instead: https://pip.pypa.io/warnings/venv. Use the --root-user-action option if you know what you are doing and want to suppress this warning.
Collecting attrs==19.3.0
  Using cached attrs-19.3.0-py2.py3-none-any.whl.metadata (9.0 kB)
Using cached attrs-19.3.0-py2.py3-none-any.whl (39 kB)
Installing collected packages: attrs
  Attempting uninstall: attrs
    Found existing installation: attrs 24.2.0
    Uninstalling attrs-24.2.0:
      Successfully uninstalled attrs-24.2.0
ERROR: pip's dependency resolver does not currently take into account all the packages that are installed. This behaviour is the source of the following dependency conflicts.
twisted 24.11.0 requires attrs>=22.2.0, but you have attrs 19.3.0 which is incompatible.
Successfully installed attrs-19.3.0
WARNING: Running pip as the 'root' user can result in broken permissions and conflicting behaviour with the system package manager, possibly rendering your system unusable.It is recommended to use a virtual environment instead: https://pip.pypa.io/warnings/venv. Use the --root-user-action option if you know what you are doing and want to suppress this warning.
Collecting Automat==20.2.0
  Using cached Automat-20.2.0-py2.py3-none-any.whl.metadata (17 kB)
Requirement already satisfied: attrs>=19.2.0 in /opt/conda/envs/15f0149b1fbf715d94535d380cb72343/lib/python3.8/site-packages (from Automat==20.2.0) (19.3.0)
Requirement already satisfied: six in /opt/conda/envs/15f0149b1fbf715d94535d380cb72343/lib/python3.8/site-packages (from Automat==20.2.0) (1.15.0)
Using cached Automat-20.2.0-py2.py3-none-any.whl (31 kB)
Installing collected packages: Automat
  Attempting uninstall: Automat
    Found existing installation: Automat 24.8.1
    Uninstalling Automat-24.8.1:
      Successfully uninstalled Automat-24.8.1
ERROR: pip's dependency resolver does not currently take into account all the packages that are installed. This behaviour is the source of the following dependency conflicts.
twisted 24.11.0 requires attrs>=22.2.0, but you have attrs 19.3.0 which is incompatible.
twisted 24.11.0 requires automat>=24.8.0, but you have automat 20.2.0 which is incompatible.
Successfully installed Automat-20.2.0
WARNING: Running pip as the 'root' user can result in broken permissions and conflicting behaviour with the system package manager, possibly rendering your system unusable.It is recommended to use a virtual environment instead: https://pip.pypa.io/warnings/venv. Use the --root-user-action option if you know what you are doing and want to suppress this warning.
Requirement already satisfied: bcrypt==3.1.7 in /opt/conda/envs/15f0149b1fbf715d94535d380cb72343/lib/python3.8/site-packages (3.1.7)
Requirement already satisfied: cffi>=1.1 in /opt/conda/envs/15f0149b1fbf715d94535d380cb72343/lib/python3.8/site-packages (from bcrypt==3.1.7) (1.14.0)
Requirement already satisfied: six>=1.4.1 in /opt/conda/envs/15f0149b1fbf715d94535d380cb72343/lib/python3.8/site-packages (from bcrypt==3.1.7) (1.15.0)
Requirement already satisfied: pycparser in /opt/conda/envs/15f0149b1fbf715d94535d380cb72343/lib/python3.8/site-packages (from cffi>=1.1->bcrypt==3.1.7) (2.20)
WARNING: Running pip as the 'root' user can result in broken permissions and conflicting behaviour with the system package manager, possibly rendering your system unusable.It is recommended to use a virtual environment instead: https://pip.pypa.io/warnings/venv. Use the --root-user-action option if you know what you are doing and want to suppress this warning.
Requirement already satisfied: blinker==1.4 in /opt/conda/envs/15f0149b1fbf715d94535d380cb72343/lib/python3.8/site-packages (1.4)
WARNING: Running pip as the 'root' user can result in broken permissions and conflicting behaviour with the system package manager, possibly rendering your system unusable.It is recommended to use a virtual environment instead: https://pip.pypa.io/warnings/venv. Use the --root-user-action option if you know what you are doing and want to suppress this warning.
Requirement already satisfied: Brotli==1.0.7 in /opt/conda/envs/15f0149b1fbf715d94535d380cb72343/lib/python3.8/site-packages (1.0.7)
WARNING: Running pip as the 'root' user can result in broken permissions and conflicting behaviour with the system package manager, possibly rendering your system unusable.It is recommended to use a virtual environment instead: https://pip.pypa.io/warnings/venv. Use the --root-user-action option if you know what you are doing and want to suppress this warning.
Requirement already satisfied: certifi==2020.4.5.1 in /opt/conda/envs/15f0149b1fbf715d94535d380cb72343/lib/python3.8/site-packages (2020.4.5.1)
WARNING: Running pip as the 'root' user can result in broken permissions and conflicting behaviour with the system package manager, possibly rendering your system unusable.It is recommended to use a virtual environment instead: https://pip.pypa.io/warnings/venv. Use the --root-user-action option if you know what you are doing and want to suppress this warning.
Requirement already satisfied: cffi==1.14.0 in /opt/conda/envs/15f0149b1fbf715d94535d380cb72343/lib/python3.8/site-packages (1.14.0)
Requirement already satisfied: pycparser in /opt/conda/envs/15f0149b1fbf715d94535d380cb72343/lib/python3.8/site-packages (from cffi==1.14.0) (2.20)
WARNING: Running pip as the 'root' user can result in broken permissions and conflicting behaviour with the system package manager, possibly rendering your system unusable.It is recommended to use a virtual environment instead: https://pip.pypa.io/warnings/venv. Use the --root-user-action option if you know what you are doing and want to suppress this warning.
Requirement already satisfied: chardet==3.0.4 in /opt/conda/envs/15f0149b1fbf715d94535d380cb72343/lib/python3.8/site-packages (3.0.4)
WARNING: Running pip as the 'root' user can result in broken permissions and conflicting behaviour with the system package manager, possibly rendering your system unusable.It is recommended to use a virtual environment instead: https://pip.pypa.io/warnings/venv. Use the --root-user-action option if you know what you are doing and want to suppress this warning.
Requirement already satisfied: click==7.1.2 in /opt/conda/envs/15f0149b1fbf715d94535d380cb72343/lib/python3.8/site-packages (7.1.2)
WARNING: Running pip as the 'root' user can result in broken permissions and conflicting behaviour with the system package manager, possibly rendering your system unusable.It is recommended to use a virtual environment instead: https://pip.pypa.io/warnings/venv. Use the --root-user-action option if you know what you are doing and want to suppress this warning.
Requirement already satisfied: colorama==0.4.3 in /opt/conda/envs/15f0149b1fbf715d94535d380cb72343/lib/python3.8/site-packages (0.4.3)
WARNING: Running pip as the 'root' user can result in broken permissions and conflicting behaviour with the system package manager, possibly rendering your system unusable.It is recommended to use a virtual environment instead: https://pip.pypa.io/warnings/venv. Use the --root-user-action option if you know what you are doing and want to suppress this warning.
Requirement already satisfied: constantly==15.1.0 in /opt/conda/envs/15f0149b1fbf715d94535d380cb72343/lib/python3.8/site-packages (15.1.0)
WARNING: Running pip as the 'root' user can result in broken permissions and conflicting behaviour with the system package manager, possibly rendering your system unusable.It is recommended to use a virtual environment instead: https://pip.pypa.io/warnings/venv. Use the --root-user-action option if you know what you are doing and want to suppress this warning.
Requirement already satisfied: cryptography==2.9.2 in /opt/conda/envs/15f0149b1fbf715d94535d380cb72343/lib/python3.8/site-packages (2.9.2)
Requirement already satisfied: six>=1.4.1 in /opt/conda/envs/15f0149b1fbf715d94535d380cb72343/lib/python3.8/site-packages (from cryptography==2.9.2) (1.15.0)
Requirement already satisfied: cffi!=1.11.3,>=1.8 in /opt/conda/envs/15f0149b1fbf715d94535d380cb72343/lib/python3.8/site-packages (from cryptography==2.9.2) (1.14.0)
Requirement already satisfied: pycparser in /opt/conda/envs/15f0149b1fbf715d94535d380cb72343/lib/python3.8/site-packages (from cffi!=1.11.3,>=1.8->cryptography==2.9.2) (2.20)
WARNING: Running pip as the 'root' user can result in broken permissions and conflicting behaviour with the system package manager, possibly rendering your system unusable.It is recommended to use a virtual environment instead: https://pip.pypa.io/warnings/venv. Use the --root-user-action option if you know what you are doing and want to suppress this warning.
Requirement already satisfied: cssselect==1.1.0 in /opt/conda/envs/15f0149b1fbf715d94535d380cb72343/lib/python3.8/site-packages (1.1.0)
WARNING: Running pip as the 'root' user can result in broken permissions and conflicting behaviour with the system package manager, possibly rendering your system unusable.It is recommended to use a virtual environment instead: https://pip.pypa.io/warnings/venv. Use the --root-user-action option if you know what you are doing and want to suppress this warning.
Requirement already satisfied: defusedxml==0.6.0 in /opt/conda/envs/15f0149b1fbf715d94535d380cb72343/lib/python3.8/site-packages (0.6.0)
WARNING: Running pip as the 'root' user can result in broken permissions and conflicting behaviour with the system package manager, possibly rendering your system unusable.It is recommended to use a virtual environment instead: https://pip.pypa.io/warnings/venv. Use the --root-user-action option if you know what you are doing and want to suppress this warning.
Requirement already satisfied: Flask==1.1.2 in /opt/conda/envs/15f0149b1fbf715d94535d380cb72343/lib/python3.8/site-packages (1.1.2)
Requirement already satisfied: Werkzeug>=0.15 in /opt/conda/envs/15f0149b1fbf715d94535d380cb72343/lib/python3.8/site-packages (from Flask==1.1.2) (1.0.1)
Requirement already satisfied: Jinja2>=2.10.1 in /opt/conda/envs/15f0149b1fbf715d94535d380cb72343/lib/python3.8/site-packages (from Flask==1.1.2) (2.11.2)
Requirement already satisfied: itsdangerous>=0.24 in /opt/conda/envs/15f0149b1fbf715d94535d380cb72343/lib/python3.8/site-packages (from Flask==1.1.2) (1.1.0)
Requirement already satisfied: click>=5.1 in /opt/conda/envs/15f0149b1fbf715d94535d380cb72343/lib/python3.8/site-packages (from Flask==1.1.2) (7.1.2)
Requirement already satisfied: MarkupSafe>=0.23 in /opt/conda/envs/15f0149b1fbf715d94535d380cb72343/lib/python3.8/site-packages (from Jinja2>=2.10.1->Flask==1.1.2) (2.1.5)
WARNING: Running pip as the 'root' user can result in broken permissions and conflicting behaviour with the system package manager, possibly rendering your system unusable.It is recommended to use a virtual environment instead: https://pip.pypa.io/warnings/venv. Use the --root-user-action option if you know what you are doing and want to suppress this warning.
Requirement already satisfied: h11==0.9.0 in /opt/conda/envs/15f0149b1fbf715d94535d380cb72343/lib/python3.8/site-packages (0.9.0)
WARNING: Running pip as the 'root' user can result in broken permissions and conflicting behaviour with the system package manager, possibly rendering your system unusable.It is recommended to use a virtual environment instead: https://pip.pypa.io/warnings/venv. Use the --root-user-action option if you know what you are doing and want to suppress this warning.
Requirement already satisfied: h2==3.2.0 in /opt/conda/envs/15f0149b1fbf715d94535d380cb72343/lib/python3.8/site-packages (3.2.0)
Requirement already satisfied: hyperframe<6,>=5.2.0 in /opt/conda/envs/15f0149b1fbf715d94535d380cb72343/lib/python3.8/site-packages (from h2==3.2.0) (5.2.0)
Requirement already satisfied: hpack<4,>=3.0 in /opt/conda/envs/15f0149b1fbf715d94535d380cb72343/lib/python3.8/site-packages (from h2==3.2.0) (3.0.0)
WARNING: Running pip as the 'root' user can result in broken permissions and conflicting behaviour with the system package manager, possibly rendering your system unusable.It is recommended to use a virtual environment instead: https://pip.pypa.io/warnings/venv. Use the --root-user-action option if you know what you are doing and want to suppress this warning.
Requirement already satisfied: hpack==3.0.0 in /opt/conda/envs/15f0149b1fbf715d94535d380cb72343/lib/python3.8/site-packages (3.0.0)
WARNING: Running pip as the 'root' user can result in broken permissions and conflicting behaviour with the system package manager, possibly rendering your system unusable.It is recommended to use a virtual environment instead: https://pip.pypa.io/warnings/venv. Use the --root-user-action option if you know what you are doing and want to suppress this warning.
Requirement already satisfied: hyperframe==5.2.0 in /opt/conda/envs/15f0149b1fbf715d94535d380cb72343/lib/python3.8/site-packages (5.2.0)
WARNING: Running pip as the 'root' user can result in broken permissions and conflicting behaviour with the system package manager, possibly rendering your system unusable.It is recommended to use a virtual environment instead: https://pip.pypa.io/warnings/venv. Use the --root-user-action option if you know what you are doing and want to suppress this warning.
Requirement already satisfied: hyperlink==19.0.0 in /opt/conda/envs/15f0149b1fbf715d94535d380cb72343/lib/python3.8/site-packages (19.0.0)
Requirement already satisfied: idna>=2.5 in /opt/conda/envs/15f0149b1fbf715d94535d380cb72343/lib/python3.8/site-packages (from hyperlink==19.0.0) (2.9)
WARNING: Running pip as the 'root' user can result in broken permissions and conflicting behaviour with the system package manager, possibly rendering your system unusable.It is recommended to use a virtual environment instead: https://pip.pypa.io/warnings/venv. Use the --root-user-action option if you know what you are doing and want to suppress this warning.
Requirement already satisfied: idna==2.9 in /opt/conda/envs/15f0149b1fbf715d94535d380cb72343/lib/python3.8/site-packages (2.9)
WARNING: Running pip as the 'root' user can result in broken permissions and conflicting behaviour with the system package manager, possibly rendering your system unusable.It is recommended to use a virtual environment instead: https://pip.pypa.io/warnings/venv. Use the --root-user-action option if you know what you are doing and want to suppress this warning.
Collecting incremental==17.5.0
  Using cached incremental-17.5.0-py2.py3-none-any.whl.metadata (5.7 kB)
Using cached incremental-17.5.0-py2.py3-none-any.whl (16 kB)
Installing collected packages: incremental
  Attempting uninstall: incremental
    Found existing installation: incremental 24.7.2
    Uninstalling incremental-24.7.2:
      Successfully uninstalled incremental-24.7.2
ERROR: pip's dependency resolver does not currently take into account all the packages that are installed. This behaviour is the source of the following dependency conflicts.
twisted 24.11.0 requires attrs>=22.2.0, but you have attrs 19.3.0 which is incompatible.
twisted 24.11.0 requires automat>=24.8.0, but you have automat 20.2.0 which is incompatible.
twisted 24.11.0 requires incremental>=24.7.0, but you have incremental 17.5.0 which is incompatible.
Successfully installed incremental-17.5.0
WARNING: Running pip as the 'root' user can result in broken permissions and conflicting behaviour with the system package manager, possibly rendering your system unusable.It is recommended to use a virtual environment instead: https://pip.pypa.io/warnings/venv. Use the --root-user-action option if you know what you are doing and want to suppress this warning.
Requirement already satisfied: itsdangerous==1.1.0 in /opt/conda/envs/15f0149b1fbf715d94535d380cb72343/lib/python3.8/site-packages (1.1.0)
WARNING: Running pip as the 'root' user can result in broken permissions and conflicting behaviour with the system package manager, possibly rendering your system unusable.It is recommended to use a virtual environment instead: https://pip.pypa.io/warnings/venv. Use the --root-user-action option if you know what you are doing and want to suppress this warning.
Requirement already satisfied: Jinja2==2.11.2 in /opt/conda/envs/15f0149b1fbf715d94535d380cb72343/lib/python3.8/site-packages (2.11.2)
Requirement already satisfied: MarkupSafe>=0.23 in /opt/conda/envs/15f0149b1fbf715d94535d380cb72343/lib/python3.8/site-packages (from Jinja2==2.11.2) (2.1.5)
WARNING: Running pip as the 'root' user can result in broken permissions and conflicting behaviour with the system package manager, possibly rendering your system unusable.It is recommended to use a virtual environment instead: https://pip.pypa.io/warnings/venv. Use the --root-user-action option if you know what you are doing and want to suppress this warning.
Requirement already satisfied: kaitaistruct==0.8 in /opt/conda/envs/15f0149b1fbf715d94535d380cb72343/lib/python3.8/site-packages (0.8)
WARNING: Running pip as the 'root' user can result in broken permissions and conflicting behaviour with the system package manager, possibly rendering your system unusable.It is recommended to use a virtual environment instead: https://pip.pypa.io/warnings/venv. Use the --root-user-action option if you know what you are doing and want to suppress this warning.
Requirement already satisfied: ldap3==2.7 in /opt/conda/envs/15f0149b1fbf715d94535d380cb72343/lib/python3.8/site-packages (2.7)
Requirement already satisfied: pyasn1>=0.1.8 in /opt/conda/envs/15f0149b1fbf715d94535d380cb72343/lib/python3.8/site-packages (from ldap3==2.7) (0.4.8)
WARNING: Running pip as the 'root' user can result in broken permissions and conflicting behaviour with the system package manager, possibly rendering your system unusable.It is recommended to use a virtual environment instead: https://pip.pypa.io/warnings/venv. Use the --root-user-action option if you know what you are doing and want to suppress this warning.
Requirement already satisfied: lxml==4.5.1 in /opt/conda/envs/15f0149b1fbf715d94535d380cb72343/lib/python3.8/site-packages (4.5.1)
WARNING: Running pip as the 'root' user can result in broken permissions and conflicting behaviour with the system package manager, possibly rendering your system unusable.It is recommended to use a virtual environment instead: https://pip.pypa.io/warnings/venv. Use the --root-user-action option if you know what you are doing and want to suppress this warning.
Collecting MarkupSafe==1.1.1
  Using cached MarkupSafe-1.1.1-cp38-cp38-manylinux2010_x86_64.whl.metadata (3.2 kB)
Using cached MarkupSafe-1.1.1-cp38-cp38-manylinux2010_x86_64.whl (32 kB)
Installing collected packages: MarkupSafe
  Attempting uninstall: MarkupSafe
    Found existing installation: MarkupSafe 2.1.5
    Uninstalling MarkupSafe-2.1.5:
      Successfully uninstalled MarkupSafe-2.1.5
Successfully installed MarkupSafe-1.1.1
WARNING: Running pip as the 'root' user can result in broken permissions and conflicting behaviour with the system package manager, possibly rendering your system unusable.It is recommended to use a virtual environment instead: https://pip.pypa.io/warnings/venv. Use the --root-user-action option if you know what you are doing and want to suppress this warning.
Requirement already satisfied: mitmproxy==5.1.1 in /opt/conda/envs/15f0149b1fbf715d94535d380cb72343/lib/python3.8/site-packages (5.1.1)
Requirement already satisfied: blinker<1.5,>=1.4 in /opt/conda/envs/15f0149b1fbf715d94535d380cb72343/lib/python3.8/site-packages (from mitmproxy==5.1.1) (1.4)
Requirement already satisfied: Brotli<1.1,>=1.0 in /opt/conda/envs/15f0149b1fbf715d94535d380cb72343/lib/python3.8/site-packages (from mitmproxy==5.1.1) (1.0.7)
Requirement already satisfied: certifi>=2019.9.11 in /opt/conda/envs/15f0149b1fbf715d94535d380cb72343/lib/python3.8/site-packages (from mitmproxy==5.1.1) (2020.4.5.1)
Requirement already satisfied: click<8,>=7.0 in /opt/conda/envs/15f0149b1fbf715d94535d380cb72343/lib/python3.8/site-packages (from mitmproxy==5.1.1) (7.1.2)
Requirement already satisfied: cryptography<3.0,>=2.9 in /opt/conda/envs/15f0149b1fbf715d94535d380cb72343/lib/python3.8/site-packages (from mitmproxy==5.1.1) (2.9.2)
Requirement already satisfied: flask<1.2,>=1.1.1 in /opt/conda/envs/15f0149b1fbf715d94535d380cb72343/lib/python3.8/site-packages (from mitmproxy==5.1.1) (1.1.2)
Requirement already satisfied: h2<4,>=3.2.0 in /opt/conda/envs/15f0149b1fbf715d94535d380cb72343/lib/python3.8/site-packages (from mitmproxy==5.1.1) (3.2.0)
Requirement already satisfied: hyperframe<6,>=5.1.0 in /opt/conda/envs/15f0149b1fbf715d94535d380cb72343/lib/python3.8/site-packages (from mitmproxy==5.1.1) (5.2.0)
Requirement already satisfied: kaitaistruct<0.9,>=0.7 in /opt/conda/envs/15f0149b1fbf715d94535d380cb72343/lib/python3.8/site-packages (from mitmproxy==5.1.1) (0.8)
Requirement already satisfied: ldap3<2.8,>=2.6.1 in /opt/conda/envs/15f0149b1fbf715d94535d380cb72343/lib/python3.8/site-packages (from mitmproxy==5.1.1) (2.7)
Requirement already satisfied: passlib<1.8,>=1.6.5 in /opt/conda/envs/15f0149b1fbf715d94535d380cb72343/lib/python3.8/site-packages (from mitmproxy==5.1.1) (1.7.2)
Requirement already satisfied: protobuf<3.12,>=3.6.0 in /opt/conda/envs/15f0149b1fbf715d94535d380cb72343/lib/python3.8/site-packages (from mitmproxy==5.1.1) (3.11.3)
Requirement already satisfied: pyasn1<0.5,>=0.3.1 in /opt/conda/envs/15f0149b1fbf715d94535d380cb72343/lib/python3.8/site-packages (from mitmproxy==5.1.1) (0.4.8)
Requirement already satisfied: pyOpenSSL<19.2,>=19.1.0 in /opt/conda/envs/15f0149b1fbf715d94535d380cb72343/lib/python3.8/site-packages (from mitmproxy==5.1.1) (19.1.0)
Requirement already satisfied: pyparsing<2.5,>=2.4.2 in /opt/conda/envs/15f0149b1fbf715d94535d380cb72343/lib/python3.8/site-packages (from mitmproxy==5.1.1) (2.4.7)
Requirement already satisfied: pyperclip<1.9,>=1.6.0 in /opt/conda/envs/15f0149b1fbf715d94535d380cb72343/lib/python3.8/site-packages (from mitmproxy==5.1.1) (1.8.2)
Requirement already satisfied: ruamel.yaml<0.17,>=0.16 in /opt/conda/envs/15f0149b1fbf715d94535d380cb72343/lib/python3.8/site-packages (from mitmproxy==5.1.1) (0.16.10)
Requirement already satisfied: sortedcontainers<2.2,>=2.1.0 in /opt/conda/envs/15f0149b1fbf715d94535d380cb72343/lib/python3.8/site-packages (from mitmproxy==5.1.1) (2.1.0)
Requirement already satisfied: tornado<7,>=4.3 in /opt/conda/envs/15f0149b1fbf715d94535d380cb72343/lib/python3.8/site-packages (from mitmproxy==5.1.1) (6.4.2)
Requirement already satisfied: urwid<2.2,>=2.1.0 in /opt/conda/envs/15f0149b1fbf715d94535d380cb72343/lib/python3.8/site-packages (from mitmproxy==5.1.1) (2.1.2)
Requirement already satisfied: wsproto<0.16,>=0.14 in /opt/conda/envs/15f0149b1fbf715d94535d380cb72343/lib/python3.8/site-packages (from mitmproxy==5.1.1) (0.15.0)
Requirement already satisfied: publicsuffix2<3,>=2.20190812 in /opt/conda/envs/15f0149b1fbf715d94535d380cb72343/lib/python3.8/site-packages (from mitmproxy==5.1.1) (2.20191221)
Requirement already satisfied: zstandard<0.14,>=0.11 in /opt/conda/envs/15f0149b1fbf715d94535d380cb72343/lib/python3.8/site-packages (from mitmproxy==5.1.1) (0.13.0)
Requirement already satisfied: six>=1.4.1 in /opt/conda/envs/15f0149b1fbf715d94535d380cb72343/lib/python3.8/site-packages (from cryptography<3.0,>=2.9->mitmproxy==5.1.1) (1.15.0)
Requirement already satisfied: cffi!=1.11.3,>=1.8 in /opt/conda/envs/15f0149b1fbf715d94535d380cb72343/lib/python3.8/site-packages (from cryptography<3.0,>=2.9->mitmproxy==5.1.1) (1.14.0)
Requirement already satisfied: Werkzeug>=0.15 in /opt/conda/envs/15f0149b1fbf715d94535d380cb72343/lib/python3.8/site-packages (from flask<1.2,>=1.1.1->mitmproxy==5.1.1) (1.0.1)
Requirement already satisfied: Jinja2>=2.10.1 in /opt/conda/envs/15f0149b1fbf715d94535d380cb72343/lib/python3.8/site-packages (from flask<1.2,>=1.1.1->mitmproxy==5.1.1) (2.11.2)
Requirement already satisfied: itsdangerous>=0.24 in /opt/conda/envs/15f0149b1fbf715d94535d380cb72343/lib/python3.8/site-packages (from flask<1.2,>=1.1.1->mitmproxy==5.1.1) (1.1.0)
Requirement already satisfied: hpack<4,>=3.0 in /opt/conda/envs/15f0149b1fbf715d94535d380cb72343/lib/python3.8/site-packages (from h2<4,>=3.2.0->mitmproxy==5.1.1) (3.0.0)
Requirement already satisfied: setuptools in /opt/conda/envs/15f0149b1fbf715d94535d380cb72343/lib/python3.8/site-packages (from protobuf<3.12,>=3.6.0->mitmproxy==5.1.1) (75.1.0)
Requirement already satisfied: ruamel.yaml.clib>=0.1.2 in /opt/conda/envs/15f0149b1fbf715d94535d380cb72343/lib/python3.8/site-packages (from ruamel.yaml<0.17,>=0.16->mitmproxy==5.1.1) (0.2.0)
Requirement already satisfied: h11>=0.8.1 in /opt/conda/envs/15f0149b1fbf715d94535d380cb72343/lib/python3.8/site-packages (from wsproto<0.16,>=0.14->mitmproxy==5.1.1) (0.9.0)
Requirement already satisfied: pycparser in /opt/conda/envs/15f0149b1fbf715d94535d380cb72343/lib/python3.8/site-packages (from cffi!=1.11.3,>=1.8->cryptography<3.0,>=2.9->mitmproxy==5.1.1) (2.20)
Requirement already satisfied: MarkupSafe>=0.23 in /opt/conda/envs/15f0149b1fbf715d94535d380cb72343/lib/python3.8/site-packages (from Jinja2>=2.10.1->flask<1.2,>=1.1.1->mitmproxy==5.1.1) (1.1.1)
WARNING: Running pip as the 'root' user can result in broken permissions and conflicting behaviour with the system package manager, possibly rendering your system unusable.It is recommended to use a virtual environment instead: https://pip.pypa.io/warnings/venv. Use the --root-user-action option if you know what you are doing and want to suppress this warning.
Requirement already satisfied: more-itertools==8.3.0 in /opt/conda/envs/15f0149b1fbf715d94535d380cb72343/lib/python3.8/site-packages (8.3.0)
WARNING: Running pip as the 'root' user can result in broken permissions and conflicting behaviour with the system package manager, possibly rendering your system unusable.It is recommended to use a virtual environment instead: https://pip.pypa.io/warnings/venv. Use the --root-user-action option if you know what you are doing and want to suppress this warning.
Requirement already satisfied: numpy==1.18.4 in /opt/conda/envs/15f0149b1fbf715d94535d380cb72343/lib/python3.8/site-packages (1.18.4)
WARNING: Running pip as the 'root' user can result in broken permissions and conflicting behaviour with the system package manager, possibly rendering your system unusable.It is recommended to use a virtual environment instead: https://pip.pypa.io/warnings/venv. Use the --root-user-action option if you know what you are doing and want to suppress this warning.
Requirement already satisfied: packaging==20.4 in /opt/conda/envs/15f0149b1fbf715d94535d380cb72343/lib/python3.8/site-packages (20.4)
Requirement already satisfied: pyparsing>=2.0.2 in /opt/conda/envs/15f0149b1fbf715d94535d380cb72343/lib/python3.8/site-packages (from packaging==20.4) (2.4.7)
Requirement already satisfied: six in /opt/conda/envs/15f0149b1fbf715d94535d380cb72343/lib/python3.8/site-packages (from packaging==20.4) (1.15.0)
WARNING: Running pip as the 'root' user can result in broken permissions and conflicting behaviour with the system package manager, possibly rendering your system unusable.It is recommended to use a virtual environment instead: https://pip.pypa.io/warnings/venv. Use the --root-user-action option if you know what you are doing and want to suppress this warning.
Requirement already satisfied: parsel==1.6.0 in /opt/conda/envs/15f0149b1fbf715d94535d380cb72343/lib/python3.8/site-packages (1.6.0)
Requirement already satisfied: w3lib>=1.19.0 in /opt/conda/envs/15f0149b1fbf715d94535d380cb72343/lib/python3.8/site-packages (from parsel==1.6.0) (1.22.0)
Requirement already satisfied: lxml in /opt/conda/envs/15f0149b1fbf715d94535d380cb72343/lib/python3.8/site-packages (from parsel==1.6.0) (4.5.1)
Requirement already satisfied: six>=1.6.0 in /opt/conda/envs/15f0149b1fbf715d94535d380cb72343/lib/python3.8/site-packages (from parsel==1.6.0) (1.15.0)
Requirement already satisfied: cssselect>=0.9 in /opt/conda/envs/15f0149b1fbf715d94535d380cb72343/lib/python3.8/site-packages (from parsel==1.6.0) (1.1.0)
WARNING: Running pip as the 'root' user can result in broken permissions and conflicting behaviour with the system package manager, possibly rendering your system unusable.It is recommended to use a virtual environment instead: https://pip.pypa.io/warnings/venv. Use the --root-user-action option if you know what you are doing and want to suppress this warning.
Requirement already satisfied: passlib==1.7.2 in /opt/conda/envs/15f0149b1fbf715d94535d380cb72343/lib/python3.8/site-packages (1.7.2)
WARNING: Running pip as the 'root' user can result in broken permissions and conflicting behaviour with the system package manager, possibly rendering your system unusable.It is recommended to use a virtual environment instead: https://pip.pypa.io/warnings/venv. Use the --root-user-action option if you know what you are doing and want to suppress this warning.
Requirement already satisfied: pbr==5.4.5 in /opt/conda/envs/15f0149b1fbf715d94535d380cb72343/lib/python3.8/site-packages (5.4.5)
WARNING: Running pip as the 'root' user can result in broken permissions and conflicting behaviour with the system package manager, possibly rendering your system unusable.It is recommended to use a virtual environment instead: https://pip.pypa.io/warnings/venv. Use the --root-user-action option if you know what you are doing and want to suppress this warning.
Requirement already satisfied: Pillow==7.1.2 in /opt/conda/envs/15f0149b1fbf715d94535d380cb72343/lib/python3.8/site-packages (7.1.2)
WARNING: Running pip as the 'root' user can result in broken permissions and conflicting behaviour with the system package manager, possibly rendering your system unusable.It is recommended to use a virtual environment instead: https://pip.pypa.io/warnings/venv. Use the --root-user-action option if you know what you are doing and want to suppress this warning.
Requirement already satisfied: pluggy==0.13.1 in /opt/conda/envs/15f0149b1fbf715d94535d380cb72343/lib/python3.8/site-packages (0.13.1)
WARNING: Running pip as the 'root' user can result in broken permissions and conflicting behaviour with the system package manager, possibly rendering your system unusable.It is recommended to use a virtual environment instead: https://pip.pypa.io/warnings/venv. Use the --root-user-action option if you know what you are doing and want to suppress this warning.
Requirement already satisfied: priority==1.3.0 in /opt/conda/envs/15f0149b1fbf715d94535d380cb72343/lib/python3.8/site-packages (1.3.0)
WARNING: Running pip as the 'root' user can result in broken permissions and conflicting behaviour with the system package manager, possibly rendering your system unusable.It is recommended to use a virtual environment instead: https://pip.pypa.io/warnings/venv. Use the --root-user-action option if you know what you are doing and want to suppress this warning.
Collecting Protego==0.1.16
  Using cached Protego-0.1.16.tar.gz (3.2 MB)
  Preparing metadata (setup.py): started
  Preparing metadata (setup.py): finished with status 'error'
  error: subprocess-exited-with-error
  
  Ã— python setup.py egg_info did not run successfully.
  â”‚ exit code: 1
  â•°â”€> [61 lines of output]
      running egg_info
      creating /tmp/pip-pip-egg-info-shnmvd57/Protego.egg-info
      writing /tmp/pip-pip-egg-info-shnmvd57/Protego.egg-info/PKG-INFO
      writing dependency_links to /tmp/pip-pip-egg-info-shnmvd57/Protego.egg-info/dependency_links.txt
      writing requirements to /tmp/pip-pip-egg-info-shnmvd57/Protego.egg-info/requires.txt
      writing top-level names to /tmp/pip-pip-egg-info-shnmvd57/Protego.egg-info/top_level.txt
      writing manifest file '/tmp/pip-pip-egg-info-shnmvd57/Protego.egg-info/SOURCES.txt'
      reading manifest file '/tmp/pip-pip-egg-info-shnmvd57/Protego.egg-info/SOURCES.txt'
      reading manifest template 'MANIFEST.in'
      /opt/conda/envs/15f0149b1fbf715d94535d380cb72343/lib/python3.8/site-packages/setuptools/dist.py:452: SetuptoolsDeprecationWarning: Invalid dash-separated options
      !!
      
              ********************************************************************************
              Usage of dash-separated 'description-file' will not be supported in future
              versions. Please use the underscore name 'description_file' instead.
      
              This deprecation is overdue, please update your project and remove deprecated
              calls to avoid build errors in the future.
      
              See https://setuptools.pypa.io/en/latest/userguide/declarative_config.html for details.
              ********************************************************************************
      
      !!
        opt = self.warn_dash_deprecation(opt, section)
      /opt/conda/envs/15f0149b1fbf715d94535d380cb72343/lib/python3.8/site-packages/setuptools/_distutils/dist.py:261: UserWarning: Unknown distribution option: 'tests_require'
        warnings.warn(msg)
      warning: no previously-included files matching '__pycache__' found anywhere in distribution
      warning: no previously-included files matching '*.py[cod]' found anywhere in distribution
      adding license file 'LICENSE'
      Traceback (most recent call last):
        File "<string>", line 2, in <module>
        File "<pip-setuptools-caller>", line 34, in <module>
        File "/tmp/pip-install-f92k8ayb/protego_88450605ef374d1fa85a55e83d68d820/setup.py", line 4, in <module>
          setup(name='Protego',
        File "/opt/conda/envs/15f0149b1fbf715d94535d380cb72343/lib/python3.8/site-packages/setuptools/__init__.py", line 117, in setup
          return distutils.core.setup(**attrs)
        File "/opt/conda/envs/15f0149b1fbf715d94535d380cb72343/lib/python3.8/site-packages/setuptools/_distutils/core.py", line 183, in setup
          return run_commands(dist)
        File "/opt/conda/envs/15f0149b1fbf715d94535d380cb72343/lib/python3.8/site-packages/setuptools/_distutils/core.py", line 199, in run_commands
          dist.run_commands()
        File "/opt/conda/envs/15f0149b1fbf715d94535d380cb72343/lib/python3.8/site-packages/setuptools/_distutils/dist.py", line 954, in run_commands
          self.run_command(cmd)
        File "/opt/conda/envs/15f0149b1fbf715d94535d380cb72343/lib/python3.8/site-packages/setuptools/dist.py", line 950, in run_command
          super().run_command(command)
        File "/opt/conda/envs/15f0149b1fbf715d94535d380cb72343/lib/python3.8/site-packages/setuptools/_distutils/dist.py", line 973, in run_command
          cmd_obj.run()
        File "/opt/conda/envs/15f0149b1fbf715d94535d380cb72343/lib/python3.8/site-packages/setuptools/command/egg_info.py", line 311, in run
          self.find_sources()
        File "/opt/conda/envs/15f0149b1fbf715d94535d380cb72343/lib/python3.8/site-packages/setuptools/command/egg_info.py", line 319, in find_sources
          mm.run()
        File "/opt/conda/envs/15f0149b1fbf715d94535d380cb72343/lib/python3.8/site-packages/setuptools/command/egg_info.py", line 545, in run
          self.prune_file_list()
        File "/opt/conda/envs/15f0149b1fbf715d94535d380cb72343/lib/python3.8/site-packages/setuptools/command/sdist.py", line 161, in prune_file_list
          super().prune_file_list()
        File "/opt/conda/envs/15f0149b1fbf715d94535d380cb72343/lib/python3.8/site-packages/setuptools/_distutils/command/sdist.py", line 380, in prune_file_list
          base_dir = self.distribution.get_fullname()
        File "/opt/conda/envs/15f0149b1fbf715d94535d380cb72343/lib/python3.8/site-packages/setuptools/_core_metadata.py", line 267, in get_fullname
          return _distribution_fullname(self.get_name(), self.get_version())
        File "/opt/conda/envs/15f0149b1fbf715d94535d380cb72343/lib/python3.8/site-packages/setuptools/_core_metadata.py", line 285, in _distribution_fullname
          canonicalize_version(version, strip_trailing_zero=False),
      TypeError: canonicalize_version() got an unexpected keyword argument 'strip_trailing_zero'
      [end of output]
  
  note: This error originates from a subprocess, and is likely not a problem with pip.
error: metadata-generation-failed

Ã— Encountered error while generating package metadata.
â•°â”€> See above for output.

note: This is an issue with the package mentioned above, not pip.
hint: See above for details.
Requirement already satisfied: protobuf==3.11.3 in /opt/conda/envs/15f0149b1fbf715d94535d380cb72343/lib/python3.8/site-packages (3.11.3)
Requirement already satisfied: six>=1.9 in /opt/conda/envs/15f0149b1fbf715d94535d380cb72343/lib/python3.8/site-packages (from protobuf==3.11.3) (1.15.0)
Requirement already satisfied: setuptools in /opt/conda/envs/15f0149b1fbf715d94535d380cb72343/lib/python3.8/site-packages (from protobuf==3.11.3) (75.1.0)
WARNING: Running pip as the 'root' user can result in broken permissions and conflicting behaviour with the system package manager, possibly rendering your system unusable.It is recommended to use a virtual environment instead: https://pip.pypa.io/warnings/venv. Use the --root-user-action option if you know what you are doing and want to suppress this warning.
Requirement already satisfied: publicsuffix2==2.20191221 in /opt/conda/envs/15f0149b1fbf715d94535d380cb72343/lib/python3.8/site-packages (2.20191221)
WARNING: Running pip as the 'root' user can result in broken permissions and conflicting behaviour with the system package manager, possibly rendering your system unusable.It is recommended to use a virtual environment instead: https://pip.pypa.io/warnings/venv. Use the --root-user-action option if you know what you are doing and want to suppress this warning.
Requirement already satisfied: py==1.8.1 in /opt/conda/envs/15f0149b1fbf715d94535d380cb72343/lib/python3.8/site-packages (1.8.1)
WARNING: Running pip as the 'root' user can result in broken permissions and conflicting behaviour with the system package manager, possibly rendering your system unusable.It is recommended to use a virtual environment instead: https://pip.pypa.io/warnings/venv. Use the --root-user-action option if you know what you are doing and want to suppress this warning.
Requirement already satisfied: pyasn1==0.4.8 in /opt/conda/envs/15f0149b1fbf715d94535d380cb72343/lib/python3.8/site-packages (0.4.8)
WARNING: Running pip as the 'root' user can result in broken permissions and conflicting behaviour with the system package manager, possibly rendering your system unusable.It is recommended to use a virtual environment instead: https://pip.pypa.io/warnings/venv. Use the --root-user-action option if you know what you are doing and want to suppress this warning.
Requirement already satisfied: pyasn1-modules==0.2.8 in /opt/conda/envs/15f0149b1fbf715d94535d380cb72343/lib/python3.8/site-packages (0.2.8)
Requirement already satisfied: pyasn1<0.5.0,>=0.4.6 in /opt/conda/envs/15f0149b1fbf715d94535d380cb72343/lib/python3.8/site-packages (from pyasn1-modules==0.2.8) (0.4.8)
WARNING: Running pip as the 'root' user can result in broken permissions and conflicting behaviour with the system package manager, possibly rendering your system unusable.It is recommended to use a virtual environment instead: https://pip.pypa.io/warnings/venv. Use the --root-user-action option if you know what you are doing and want to suppress this warning.
Requirement already satisfied: pycparser==2.20 in /opt/conda/envs/15f0149b1fbf715d94535d380cb72343/lib/python3.8/site-packages (2.20)
WARNING: Running pip as the 'root' user can result in broken permissions and conflicting behaviour with the system package manager, possibly rendering your system unusable.It is recommended to use a virtual environment instead: https://pip.pypa.io/warnings/venv. Use the --root-user-action option if you know what you are doing and want to suppress this warning.
Collecting PyDispatcher==2.0.5
  Using cached PyDispatcher-2.0.5.zip (47 kB)
  Preparing metadata (setup.py): started
  Preparing metadata (setup.py): finished with status 'error'
  error: subprocess-exited-with-error
  
  Ã— python setup.py egg_info did not run successfully.
  â”‚ exit code: 1
  â•°â”€> [43 lines of output]
      running egg_info
      creating /tmp/pip-pip-egg-info-wkpzy20x/PyDispatcher.egg-info
      writing /tmp/pip-pip-egg-info-wkpzy20x/PyDispatcher.egg-info/PKG-INFO
      writing dependency_links to /tmp/pip-pip-egg-info-wkpzy20x/PyDispatcher.egg-info/dependency_links.txt
      writing top-level names to /tmp/pip-pip-egg-info-wkpzy20x/PyDispatcher.egg-info/top_level.txt
      writing manifest file '/tmp/pip-pip-egg-info-wkpzy20x/PyDispatcher.egg-info/SOURCES.txt'
      reading manifest file '/tmp/pip-pip-egg-info-wkpzy20x/PyDispatcher.egg-info/SOURCES.txt'
      reading manifest template 'MANIFEST.in'
      warning: no previously-included files matching '*.bat' found anywhere in distribution
      warning: no previously-included files matching 'CVS' found anywhere in distribution
      warning: no previously-included files matching '.cvsignore' found anywhere in distribution
      Traceback (most recent call last):
        File "<string>", line 2, in <module>
        File "<pip-setuptools-caller>", line 34, in <module>
        File "/tmp/pip-install-jf677j1o/pydispatcher_f9b472e0723140a68b7dfc5a4cbeeb34/setup.py", line 49, in <module>
          setup (
        File "/opt/conda/envs/15f0149b1fbf715d94535d380cb72343/lib/python3.8/site-packages/setuptools/__init__.py", line 117, in setup
          return distutils.core.setup(**attrs)
        File "/opt/conda/envs/15f0149b1fbf715d94535d380cb72343/lib/python3.8/site-packages/setuptools/_distutils/core.py", line 183, in setup
          return run_commands(dist)
        File "/opt/conda/envs/15f0149b1fbf715d94535d380cb72343/lib/python3.8/site-packages/setuptools/_distutils/core.py", line 199, in run_commands
          dist.run_commands()
        File "/opt/conda/envs/15f0149b1fbf715d94535d380cb72343/lib/python3.8/site-packages/setuptools/_distutils/dist.py", line 954, in run_commands
          self.run_command(cmd)
        File "/opt/conda/envs/15f0149b1fbf715d94535d380cb72343/lib/python3.8/site-packages/setuptools/dist.py", line 950, in run_command
          super().run_command(command)
        File "/opt/conda/envs/15f0149b1fbf715d94535d380cb72343/lib/python3.8/site-packages/setuptools/_distutils/dist.py", line 973, in run_command
          cmd_obj.run()
        File "/opt/conda/envs/15f0149b1fbf715d94535d380cb72343/lib/python3.8/site-packages/setuptools/command/egg_info.py", line 311, in run
          self.find_sources()
        File "/opt/conda/envs/15f0149b1fbf715d94535d380cb72343/lib/python3.8/site-packages/setuptools/command/egg_info.py", line 319, in find_sources
          mm.run()
        File "/opt/conda/envs/15f0149b1fbf715d94535d380cb72343/lib/python3.8/site-packages/setuptools/command/egg_info.py", line 545, in run
          self.prune_file_list()
        File "/opt/conda/envs/15f0149b1fbf715d94535d380cb72343/lib/python3.8/site-packages/setuptools/command/sdist.py", line 161, in prune_file_list
          super().prune_file_list()
        File "/opt/conda/envs/15f0149b1fbf715d94535d380cb72343/lib/python3.8/site-packages/setuptools/_distutils/command/sdist.py", line 380, in prune_file_list
          base_dir = self.distribution.get_fullname()
        File "/opt/conda/envs/15f0149b1fbf715d94535d380cb72343/lib/python3.8/site-packages/setuptools/_core_metadata.py", line 267, in get_fullname
          return _distribution_fullname(self.get_name(), self.get_version())
        File "/opt/conda/envs/15f0149b1fbf715d94535d380cb72343/lib/python3.8/site-packages/setuptools/_core_metadata.py", line 285, in _distribution_fullname
          canonicalize_version(version, strip_trailing_zero=False),
      TypeError: canonicalize_version() got an unexpected keyword argument 'strip_trailing_zero'
      [end of output]
  
  note: This error originates from a subprocess, and is likely not a problem with pip.
error: metadata-generation-failed

Ã— Encountered error while generating package metadata.
â•°â”€> See above for output.

note: This is an issue with the package mentioned above, not pip.
hint: See above for details.
Requirement already satisfied: pydivert==2.1.0 in /opt/conda/envs/15f0149b1fbf715d94535d380cb72343/lib/python3.8/site-packages (2.1.0)
WARNING: Running pip as the 'root' user can result in broken permissions and conflicting behaviour with the system package manager, possibly rendering your system unusable.It is recommended to use a virtual environment instead: https://pip.pypa.io/warnings/venv. Use the --root-user-action option if you know what you are doing and want to suppress this warning.
Requirement already satisfied: PyHamcrest==2.0.2 in /opt/conda/envs/15f0149b1fbf715d94535d380cb72343/lib/python3.8/site-packages (2.0.2)
WARNING: Running pip as the 'root' user can result in broken permissions and conflicting behaviour with the system package manager, possibly rendering your system unusable.It is recommended to use a virtual environment instead: https://pip.pypa.io/warnings/venv. Use the --root-user-action option if you know what you are doing and want to suppress this warning.
Requirement already satisfied: pylibversion==0.1.0 in /opt/conda/envs/15f0149b1fbf715d94535d380cb72343/lib/python3.8/site-packages (0.1.0)
Requirement already satisfied: requests~=2.0 in /opt/conda/envs/15f0149b1fbf715d94535d380cb72343/lib/python3.8/site-packages (from pylibversion==0.1.0) (2.23.0)
Requirement already satisfied: chardet<4,>=3.0.2 in /opt/conda/envs/15f0149b1fbf715d94535d380cb72343/lib/python3.8/site-packages (from requests~=2.0->pylibversion==0.1.0) (3.0.4)
Requirement already satisfied: idna<3,>=2.5 in /opt/conda/envs/15f0149b1fbf715d94535d380cb72343/lib/python3.8/site-packages (from requests~=2.0->pylibversion==0.1.0) (2.9)
Requirement already satisfied: urllib3!=1.25.0,!=1.25.1,<1.26,>=1.21.1 in /opt/conda/envs/15f0149b1fbf715d94535d380cb72343/lib/python3.8/site-packages (from requests~=2.0->pylibversion==0.1.0) (1.25.9)
Requirement already satisfied: certifi>=2017.4.17 in /opt/conda/envs/15f0149b1fbf715d94535d380cb72343/lib/python3.8/site-packages (from requests~=2.0->pylibversion==0.1.0) (2020.4.5.1)
WARNING: Running pip as the 'root' user can result in broken permissions and conflicting behaviour with the system package manager, possibly rendering your system unusable.It is recommended to use a virtual environment instead: https://pip.pypa.io/warnings/venv. Use the --root-user-action option if you know what you are doing and want to suppress this warning.
Requirement already satisfied: pyOpenSSL==19.1.0 in /opt/conda/envs/15f0149b1fbf715d94535d380cb72343/lib/python3.8/site-packages (19.1.0)
Requirement already satisfied: cryptography>=2.8 in /opt/conda/envs/15f0149b1fbf715d94535d380cb72343/lib/python3.8/site-packages (from pyOpenSSL==19.1.0) (2.9.2)
Requirement already satisfied: six>=1.5.2 in /opt/conda/envs/15f0149b1fbf715d94535d380cb72343/lib/python3.8/site-packages (from pyOpenSSL==19.1.0) (1.15.0)
Requirement already satisfied: cffi!=1.11.3,>=1.8 in /opt/conda/envs/15f0149b1fbf715d94535d380cb72343/lib/python3.8/site-packages (from cryptography>=2.8->pyOpenSSL==19.1.0) (1.14.0)
Requirement already satisfied: pycparser in /opt/conda/envs/15f0149b1fbf715d94535d380cb72343/lib/python3.8/site-packages (from cffi!=1.11.3,>=1.8->cryptography>=2.8->pyOpenSSL==19.1.0) (2.20)
WARNING: Running pip as the 'root' user can result in broken permissions and conflicting behaviour with the system package manager, possibly rendering your system unusable.It is recommended to use a virtual environment instead: https://pip.pypa.io/warnings/venv. Use the --root-user-action option if you know what you are doing and want to suppress this warning.
Requirement already satisfied: pyparsing==2.4.7 in /opt/conda/envs/15f0149b1fbf715d94535d380cb72343/lib/python3.8/site-packages (2.4.7)
WARNING: Running pip as the 'root' user can result in broken permissions and conflicting behaviour with the system package manager, possibly rendering your system unusable.It is recommended to use a virtual environment instead: https://pip.pypa.io/warnings/venv. Use the --root-user-action option if you know what you are doing and want to suppress this warning.
Collecting pyperclip==1.8.0
  Using cached pyperclip-1.8.0.tar.gz (16 kB)
  Preparing metadata (setup.py): started
  Preparing metadata (setup.py): finished with status 'error'
  error: subprocess-exited-with-error
  
  Ã— python setup.py egg_info did not run successfully.
  â”‚ exit code: 1
  â•°â”€> [43 lines of output]
      running egg_info
      creating /tmp/pip-pip-egg-info-k0b5kpzr/pyperclip.egg-info
      writing /tmp/pip-pip-egg-info-k0b5kpzr/pyperclip.egg-info/PKG-INFO
      writing dependency_links to /tmp/pip-pip-egg-info-k0b5kpzr/pyperclip.egg-info/dependency_links.txt
      writing top-level names to /tmp/pip-pip-egg-info-k0b5kpzr/pyperclip.egg-info/top_level.txt
      writing manifest file '/tmp/pip-pip-egg-info-k0b5kpzr/pyperclip.egg-info/SOURCES.txt'
      reading manifest file '/tmp/pip-pip-egg-info-k0b5kpzr/pyperclip.egg-info/SOURCES.txt'
      reading manifest template 'MANIFEST.in'
      /opt/conda/envs/15f0149b1fbf715d94535d380cb72343/lib/python3.8/site-packages/setuptools/_distutils/dist.py:261: UserWarning: Unknown distribution option: 'test_suite'
        warnings.warn(msg)
      warning: no files found matching '*.py' under directory 'pyperclip'
      Traceback (most recent call last):
        File "<string>", line 2, in <module>
        File "<pip-setuptools-caller>", line 34, in <module>
        File "/tmp/pip-install-yk15e4rz/pyperclip_4c4150a3108647b7855443f31865c8f6/setup.py", line 14, in <module>
          setup(
        File "/opt/conda/envs/15f0149b1fbf715d94535d380cb72343/lib/python3.8/site-packages/setuptools/__init__.py", line 117, in setup
          return distutils.core.setup(**attrs)
        File "/opt/conda/envs/15f0149b1fbf715d94535d380cb72343/lib/python3.8/site-packages/setuptools/_distutils/core.py", line 183, in setup
          return run_commands(dist)
        File "/opt/conda/envs/15f0149b1fbf715d94535d380cb72343/lib/python3.8/site-packages/setuptools/_distutils/core.py", line 199, in run_commands
          dist.run_commands()
        File "/opt/conda/envs/15f0149b1fbf715d94535d380cb72343/lib/python3.8/site-packages/setuptools/_distutils/dist.py", line 954, in run_commands
          self.run_command(cmd)
        File "/opt/conda/envs/15f0149b1fbf715d94535d380cb72343/lib/python3.8/site-packages/setuptools/dist.py", line 950, in run_command
          super().run_command(command)
        File "/opt/conda/envs/15f0149b1fbf715d94535d380cb72343/lib/python3.8/site-packages/setuptools/_distutils/dist.py", line 973, in run_command
          cmd_obj.run()
        File "/opt/conda/envs/15f0149b1fbf715d94535d380cb72343/lib/python3.8/site-packages/setuptools/command/egg_info.py", line 311, in run
          self.find_sources()
        File "/opt/conda/envs/15f0149b1fbf715d94535d380cb72343/lib/python3.8/site-packages/setuptools/command/egg_info.py", line 319, in find_sources
          mm.run()
        File "/opt/conda/envs/15f0149b1fbf715d94535d380cb72343/lib/python3.8/site-packages/setuptools/command/egg_info.py", line 545, in run
          self.prune_file_list()
        File "/opt/conda/envs/15f0149b1fbf715d94535d380cb72343/lib/python3.8/site-packages/setuptools/command/sdist.py", line 161, in prune_file_list
          super().prune_file_list()
        File "/opt/conda/envs/15f0149b1fbf715d94535d380cb72343/lib/python3.8/site-packages/setuptools/_distutils/command/sdist.py", line 380, in prune_file_list
          base_dir = self.distribution.get_fullname()
        File "/opt/conda/envs/15f0149b1fbf715d94535d380cb72343/lib/python3.8/site-packages/setuptools/_core_metadata.py", line 267, in get_fullname
          return _distribution_fullname(self.get_name(), self.get_version())
        File "/opt/conda/envs/15f0149b1fbf715d94535d380cb72343/lib/python3.8/site-packages/setuptools/_core_metadata.py", line 285, in _distribution_fullname
          canonicalize_version(version, strip_trailing_zero=False),
      TypeError: canonicalize_version() got an unexpected keyword argument 'strip_trailing_zero'
      [end of output]
  
  note: This error originates from a subprocess, and is likely not a problem with pip.
error: metadata-generation-failed

Ã— Encountered error while generating package metadata.
â•°â”€> See above for output.

note: This is an issue with the package mentioned above, not pip.
hint: See above for details.
Requirement already satisfied: pyserial==3.4 in /opt/conda/envs/15f0149b1fbf715d94535d380cb72343/lib/python3.8/site-packages (3.4)
WARNING: Running pip as the 'root' user can result in broken permissions and conflicting behaviour with the system package manager, possibly rendering your system unusable.It is recommended to use a virtual environment instead: https://pip.pypa.io/warnings/venv. Use the --root-user-action option if you know what you are doing and want to suppress this warning.
Requirement already satisfied: pytest==5.4.2 in /opt/conda/envs/15f0149b1fbf715d94535d380cb72343/lib/python3.8/site-packages (5.4.2)
Requirement already satisfied: py>=1.5.0 in /opt/conda/envs/15f0149b1fbf715d94535d380cb72343/lib/python3.8/site-packages (from pytest==5.4.2) (1.8.1)
Requirement already satisfied: packaging in /opt/conda/envs/15f0149b1fbf715d94535d380cb72343/lib/python3.8/site-packages (from pytest==5.4.2) (20.4)
Requirement already satisfied: attrs>=17.4.0 in /opt/conda/envs/15f0149b1fbf715d94535d380cb72343/lib/python3.8/site-packages (from pytest==5.4.2) (19.3.0)
Requirement already satisfied: more-itertools>=4.0.0 in /opt/conda/envs/15f0149b1fbf715d94535d380cb72343/lib/python3.8/site-packages (from pytest==5.4.2) (8.3.0)
Requirement already satisfied: pluggy<1.0,>=0.12 in /opt/conda/envs/15f0149b1fbf715d94535d380cb72343/lib/python3.8/site-packages (from pytest==5.4.2) (0.13.1)
Requirement already satisfied: wcwidth in /opt/conda/envs/15f0149b1fbf715d94535d380cb72343/lib/python3.8/site-packages (from pytest==5.4.2) (0.1.9)
Requirement already satisfied: pyparsing>=2.0.2 in /opt/conda/envs/15f0149b1fbf715d94535d380cb72343/lib/python3.8/site-packages (from packaging->pytest==5.4.2) (2.4.7)
Requirement already satisfied: six in /opt/conda/envs/15f0149b1fbf715d94535d380cb72343/lib/python3.8/site-packages (from packaging->pytest==5.4.2) (1.15.0)
WARNING: Running pip as the 'root' user can result in broken permissions and conflicting behaviour with the system package manager, possibly rendering your system unusable.It is recommended to use a virtual environment instead: https://pip.pypa.io/warnings/venv. Use the --root-user-action option if you know what you are doing and want to suppress this warning.
Collecting python-json-logger==0.1.11
  Using cached python-json-logger-0.1.11.tar.gz (6.0 kB)
  Preparing metadata (setup.py): started
  Preparing metadata (setup.py): finished with status 'error'
  error: subprocess-exited-with-error
  
  Ã— python setup.py egg_info did not run successfully.
  â”‚ exit code: 1
  â•°â”€> [43 lines of output]
      running egg_info
      creating /tmp/pip-pip-egg-info-tigdbfri/python_json_logger.egg-info
      writing /tmp/pip-pip-egg-info-tigdbfri/python_json_logger.egg-info/PKG-INFO
      writing dependency_links to /tmp/pip-pip-egg-info-tigdbfri/python_json_logger.egg-info/dependency_links.txt
      writing top-level names to /tmp/pip-pip-egg-info-tigdbfri/python_json_logger.egg-info/top_level.txt
      writing manifest file '/tmp/pip-pip-egg-info-tigdbfri/python_json_logger.egg-info/SOURCES.txt'
      reading manifest file '/tmp/pip-pip-egg-info-tigdbfri/python_json_logger.egg-info/SOURCES.txt'
      reading manifest template 'MANIFEST.in'
      adding license file 'LICENSE'
      /opt/conda/envs/15f0149b1fbf715d94535d380cb72343/lib/python3.8/site-packages/setuptools/_distutils/dist.py:261: UserWarning: Unknown distribution option: 'test_suite'
        warnings.warn(msg)
      Traceback (most recent call last):
        File "<string>", line 2, in <module>
        File "<pip-setuptools-caller>", line 34, in <module>
        File "/tmp/pip-install-m7v6ho9i/python-json-logger_def22ffe39d2448a92abc0e3a42ec12a/setup.py", line 4, in <module>
          setup(
        File "/opt/conda/envs/15f0149b1fbf715d94535d380cb72343/lib/python3.8/site-packages/setuptools/__init__.py", line 117, in setup
          return distutils.core.setup(**attrs)
        File "/opt/conda/envs/15f0149b1fbf715d94535d380cb72343/lib/python3.8/site-packages/setuptools/_distutils/core.py", line 183, in setup
          return run_commands(dist)
        File "/opt/conda/envs/15f0149b1fbf715d94535d380cb72343/lib/python3.8/site-packages/setuptools/_distutils/core.py", line 199, in run_commands
          dist.run_commands()
        File "/opt/conda/envs/15f0149b1fbf715d94535d380cb72343/lib/python3.8/site-packages/setuptools/_distutils/dist.py", line 954, in run_commands
          self.run_command(cmd)
        File "/opt/conda/envs/15f0149b1fbf715d94535d380cb72343/lib/python3.8/site-packages/setuptools/dist.py", line 950, in run_command
          super().run_command(command)
        File "/opt/conda/envs/15f0149b1fbf715d94535d380cb72343/lib/python3.8/site-packages/setuptools/_distutils/dist.py", line 973, in run_command
          cmd_obj.run()
        File "/opt/conda/envs/15f0149b1fbf715d94535d380cb72343/lib/python3.8/site-packages/setuptools/command/egg_info.py", line 311, in run
          self.find_sources()
        File "/opt/conda/envs/15f0149b1fbf715d94535d380cb72343/lib/python3.8/site-packages/setuptools/command/egg_info.py", line 319, in find_sources
          mm.run()
        File "/opt/conda/envs/15f0149b1fbf715d94535d380cb72343/lib/python3.8/site-packages/setuptools/command/egg_info.py", line 545, in run
          self.prune_file_list()
        File "/opt/conda/envs/15f0149b1fbf715d94535d380cb72343/lib/python3.8/site-packages/setuptools/command/sdist.py", line 161, in prune_file_list
          super().prune_file_list()
        File "/opt/conda/envs/15f0149b1fbf715d94535d380cb72343/lib/python3.8/site-packages/setuptools/_distutils/command/sdist.py", line 380, in prune_file_list
          base_dir = self.distribution.get_fullname()
        File "/opt/conda/envs/15f0149b1fbf715d94535d380cb72343/lib/python3.8/site-packages/setuptools/_core_metadata.py", line 267, in get_fullname
          return _distribution_fullname(self.get_name(), self.get_version())
        File "/opt/conda/envs/15f0149b1fbf715d94535d380cb72343/lib/python3.8/site-packages/setuptools/_core_metadata.py", line 285, in _distribution_fullname
          canonicalize_version(version, strip_trailing_zero=False),
      TypeError: canonicalize_version() got an unexpected keyword argument 'strip_trailing_zero'
      [end of output]
  
  note: This error originates from a subprocess, and is likely not a problem with pip.
error: metadata-generation-failed

Ã— Encountered error while generating package metadata.
â•°â”€> See above for output.

note: This is an issue with the package mentioned above, not pip.
hint: See above for details.
ERROR: Could not find a version that satisfies the requirement pywin32==227 (from versions: none)
ERROR: No matching distribution found for pywin32==227
Requirement already satisfied: queuelib==1.5.0 in /opt/conda/envs/15f0149b1fbf715d94535d380cb72343/lib/python3.8/site-packages (1.5.0)
WARNING: Running pip as the 'root' user can result in broken permissions and conflicting behaviour with the system package manager, possibly rendering your system unusable.It is recommended to use a virtual environment instead: https://pip.pypa.io/warnings/venv. Use the --root-user-action option if you know what you are doing and want to suppress this warning.
Requirement already satisfied: requests==2.23.0 in /opt/conda/envs/15f0149b1fbf715d94535d380cb72343/lib/python3.8/site-packages (2.23.0)
Requirement already satisfied: chardet<4,>=3.0.2 in /opt/conda/envs/15f0149b1fbf715d94535d380cb72343/lib/python3.8/site-packages (from requests==2.23.0) (3.0.4)
Requirement already satisfied: idna<3,>=2.5 in /opt/conda/envs/15f0149b1fbf715d94535d380cb72343/lib/python3.8/site-packages (from requests==2.23.0) (2.9)
Requirement already satisfied: urllib3!=1.25.0,!=1.25.1,<1.26,>=1.21.1 in /opt/conda/envs/15f0149b1fbf715d94535d380cb72343/lib/python3.8/site-packages (from requests==2.23.0) (1.25.9)
Requirement already satisfied: certifi>=2017.4.17 in /opt/conda/envs/15f0149b1fbf715d94535d380cb72343/lib/python3.8/site-packages (from requests==2.23.0) (2020.4.5.1)
WARNING: Running pip as the 'root' user can result in broken permissions and conflicting behaviour with the system package manager, possibly rendering your system unusable.It is recommended to use a virtual environment instead: https://pip.pypa.io/warnings/venv. Use the --root-user-action option if you know what you are doing and want to suppress this warning.
Requirement already satisfied: ruamel.yaml==0.16.10 in /opt/conda/envs/15f0149b1fbf715d94535d380cb72343/lib/python3.8/site-packages (0.16.10)
Requirement already satisfied: ruamel.yaml.clib>=0.1.2 in /opt/conda/envs/15f0149b1fbf715d94535d380cb72343/lib/python3.8/site-packages (from ruamel.yaml==0.16.10) (0.2.0)
WARNING: Running pip as the 'root' user can result in broken permissions and conflicting behaviour with the system package manager, possibly rendering your system unusable.It is recommended to use a virtual environment instead: https://pip.pypa.io/warnings/venv. Use the --root-user-action option if you know what you are doing and want to suppress this warning.
Requirement already satisfied: ruamel.yaml.clib==0.2.0 in /opt/conda/envs/15f0149b1fbf715d94535d380cb72343/lib/python3.8/site-packages (0.2.0)
WARNING: Running pip as the 'root' user can result in broken permissions and conflicting behaviour with the system package manager, possibly rendering your system unusable.It is recommended to use a virtual environment instead: https://pip.pypa.io/warnings/venv. Use the --root-user-action option if you know what you are doing and want to suppress this warning.
Requirement already satisfied: Scrapy==2.1.0 in /opt/conda/envs/15f0149b1fbf715d94535d380cb72343/lib/python3.8/site-packages (2.1.0)
Requirement already satisfied: Twisted>=17.9.0 in /opt/conda/envs/15f0149b1fbf715d94535d380cb72343/lib/python3.8/site-packages (from Scrapy==2.1.0) (24.11.0)
Requirement already satisfied: cryptography>=2.0 in /opt/conda/envs/15f0149b1fbf715d94535d380cb72343/lib/python3.8/site-packages (from Scrapy==2.1.0) (2.9.2)
Requirement already satisfied: cssselect>=0.9.1 in /opt/conda/envs/15f0149b1fbf715d94535d380cb72343/lib/python3.8/site-packages (from Scrapy==2.1.0) (1.1.0)
Requirement already satisfied: lxml>=3.5.0 in /opt/conda/envs/15f0149b1fbf715d94535d380cb72343/lib/python3.8/site-packages (from Scrapy==2.1.0) (4.5.1)
Requirement already satisfied: parsel>=1.5.0 in /opt/conda/envs/15f0149b1fbf715d94535d380cb72343/lib/python3.8/site-packages (from Scrapy==2.1.0) (1.6.0)
Requirement already satisfied: PyDispatcher>=2.0.5 in /opt/conda/envs/15f0149b1fbf715d94535d380cb72343/lib/python3.8/site-packages (from Scrapy==2.1.0) (2.0.7)
Requirement already satisfied: pyOpenSSL>=16.2.0 in /opt/conda/envs/15f0149b1fbf715d94535d380cb72343/lib/python3.8/site-packages (from Scrapy==2.1.0) (19.1.0)
Requirement already satisfied: queuelib>=1.4.2 in /opt/conda/envs/15f0149b1fbf715d94535d380cb72343/lib/python3.8/site-packages (from Scrapy==2.1.0) (1.5.0)
Requirement already satisfied: service-identity>=16.0.0 in /opt/conda/envs/15f0149b1fbf715d94535d380cb72343/lib/python3.8/site-packages (from Scrapy==2.1.0) (18.1.0)
Requirement already satisfied: w3lib>=1.17.0 in /opt/conda/envs/15f0149b1fbf715d94535d380cb72343/lib/python3.8/site-packages (from Scrapy==2.1.0) (1.22.0)
Requirement already satisfied: zope.interface>=4.1.3 in /opt/conda/envs/15f0149b1fbf715d94535d380cb72343/lib/python3.8/site-packages (from Scrapy==2.1.0) (5.1.0)
Requirement already satisfied: protego>=0.1.15 in /opt/conda/envs/15f0149b1fbf715d94535d380cb72343/lib/python3.8/site-packages (from Scrapy==2.1.0) (0.3.1)
Requirement already satisfied: six>=1.4.1 in /opt/conda/envs/15f0149b1fbf715d94535d380cb72343/lib/python3.8/site-packages (from cryptography>=2.0->Scrapy==2.1.0) (1.15.0)
Requirement already satisfied: cffi!=1.11.3,>=1.8 in /opt/conda/envs/15f0149b1fbf715d94535d380cb72343/lib/python3.8/site-packages (from cryptography>=2.0->Scrapy==2.1.0) (1.14.0)
Requirement already satisfied: attrs>=16.0.0 in /opt/conda/envs/15f0149b1fbf715d94535d380cb72343/lib/python3.8/site-packages (from service-identity>=16.0.0->Scrapy==2.1.0) (19.3.0)
Requirement already satisfied: pyasn1-modules in /opt/conda/envs/15f0149b1fbf715d94535d380cb72343/lib/python3.8/site-packages (from service-identity>=16.0.0->Scrapy==2.1.0) (0.2.8)
Requirement already satisfied: pyasn1 in /opt/conda/envs/15f0149b1fbf715d94535d380cb72343/lib/python3.8/site-packages (from service-identity>=16.0.0->Scrapy==2.1.0) (0.4.8)
Collecting attrs>=16.0.0 (from service-identity>=16.0.0->Scrapy==2.1.0)
  Using cached attrs-24.2.0-py3-none-any.whl.metadata (11 kB)
Collecting automat>=24.8.0 (from Twisted>=17.9.0->Scrapy==2.1.0)
  Using cached Automat-24.8.1-py3-none-any.whl.metadata (8.4 kB)
Requirement already satisfied: constantly>=15.1 in /opt/conda/envs/15f0149b1fbf715d94535d380cb72343/lib/python3.8/site-packages (from Twisted>=17.9.0->Scrapy==2.1.0) (15.1.0)
Requirement already satisfied: hyperlink>=17.1.1 in /opt/conda/envs/15f0149b1fbf715d94535d380cb72343/lib/python3.8/site-packages (from Twisted>=17.9.0->Scrapy==2.1.0) (19.0.0)
Collecting incremental>=24.7.0 (from Twisted>=17.9.0->Scrapy==2.1.0)
  Using cached incremental-24.7.2-py3-none-any.whl.metadata (8.1 kB)
Requirement already satisfied: typing-extensions>=4.2.0 in /opt/conda/envs/15f0149b1fbf715d94535d380cb72343/lib/python3.8/site-packages (from Twisted>=17.9.0->Scrapy==2.1.0) (4.12.2)
Requirement already satisfied: setuptools in /opt/conda/envs/15f0149b1fbf715d94535d380cb72343/lib/python3.8/site-packages (from zope.interface>=4.1.3->Scrapy==2.1.0) (75.1.0)
Requirement already satisfied: pycparser in /opt/conda/envs/15f0149b1fbf715d94535d380cb72343/lib/python3.8/site-packages (from cffi!=1.11.3,>=1.8->cryptography>=2.0->Scrapy==2.1.0) (2.20)
Requirement already satisfied: idna>=2.5 in /opt/conda/envs/15f0149b1fbf715d94535d380cb72343/lib/python3.8/site-packages (from hyperlink>=17.1.1->Twisted>=17.9.0->Scrapy==2.1.0) (2.9)
Requirement already satisfied: tomli in /opt/conda/envs/15f0149b1fbf715d94535d380cb72343/lib/python3.8/site-packages (from incremental>=24.7.0->Twisted>=17.9.0->Scrapy==2.1.0) (2.0.1)
Using cached attrs-24.2.0-py3-none-any.whl (63 kB)
Using cached Automat-24.8.1-py3-none-any.whl (42 kB)
Using cached incremental-24.7.2-py3-none-any.whl (20 kB)
Installing collected packages: incremental, automat, attrs
  Attempting uninstall: incremental
    Found existing installation: incremental 17.5.0
    Uninstalling incremental-17.5.0:
      Successfully uninstalled incremental-17.5.0
  Attempting uninstall: automat
    Found existing installation: Automat 20.2.0
    Uninstalling Automat-20.2.0:
      Successfully uninstalled Automat-20.2.0
  Attempting uninstall: attrs
    Found existing installation: attrs 19.3.0
    Uninstalling attrs-19.3.0:
      Successfully uninstalled attrs-19.3.0
Successfully installed attrs-24.2.0 automat-24.8.1 incremental-24.7.2
WARNING: Running pip as the 'root' user can result in broken permissions and conflicting behaviour with the system package manager, possibly rendering your system unusable.It is recommended to use a virtual environment instead: https://pip.pypa.io/warnings/venv. Use the --root-user-action option if you know what you are doing and want to suppress this warning.
Requirement already satisfied: service-identity==18.1.0 in /opt/conda/envs/15f0149b1fbf715d94535d380cb72343/lib/python3.8/site-packages (18.1.0)
Requirement already satisfied: attrs>=16.0.0 in /opt/conda/envs/15f0149b1fbf715d94535d380cb72343/lib/python3.8/site-packages (from service-identity==18.1.0) (24.2.0)
Requirement already satisfied: pyasn1-modules in /opt/conda/envs/15f0149b1fbf715d94535d380cb72343/lib/python3.8/site-packages (from service-identity==18.1.0) (0.2.8)
Requirement already satisfied: pyasn1 in /opt/conda/envs/15f0149b1fbf715d94535d380cb72343/lib/python3.8/site-packages (from service-identity==18.1.0) (0.4.8)
Requirement already satisfied: cryptography in /opt/conda/envs/15f0149b1fbf715d94535d380cb72343/lib/python3.8/site-packages (from service-identity==18.1.0) (2.9.2)
Requirement already satisfied: six>=1.4.1 in /opt/conda/envs/15f0149b1fbf715d94535d380cb72343/lib/python3.8/site-packages (from cryptography->service-identity==18.1.0) (1.15.0)
Requirement already satisfied: cffi!=1.11.3,>=1.8 in /opt/conda/envs/15f0149b1fbf715d94535d380cb72343/lib/python3.8/site-packages (from cryptography->service-identity==18.1.0) (1.14.0)
Requirement already satisfied: pycparser in /opt/conda/envs/15f0149b1fbf715d94535d380cb72343/lib/python3.8/site-packages (from cffi!=1.11.3,>=1.8->cryptography->service-identity==18.1.0) (2.20)
WARNING: Running pip as the 'root' user can result in broken permissions and conflicting behaviour with the system package manager, possibly rendering your system unusable.It is recommended to use a virtual environment instead: https://pip.pypa.io/warnings/venv. Use the --root-user-action option if you know what you are doing and want to suppress this warning.
Requirement already satisfied: six==1.15.0 in /opt/conda/envs/15f0149b1fbf715d94535d380cb72343/lib/python3.8/site-packages (1.15.0)
WARNING: Running pip as the 'root' user can result in broken permissions and conflicting behaviour with the system package manager, possibly rendering your system unusable.It is recommended to use a virtual environment instead: https://pip.pypa.io/warnings/venv. Use the --root-user-action option if you know what you are doing and want to suppress this warning.
Collecting SOAPpy==0.12.22
  Using cached SOAPpy-0.12.22.zip (172 kB)
  Preparing metadata (setup.py): started
  Preparing metadata (setup.py): finished with status 'error'
  error: subprocess-exited-with-error
  
  Ã— python setup.py egg_info did not run successfully.
  â”‚ exit code: 1
  â•°â”€> [43 lines of output]
      running egg_info
      creating /tmp/pip-pip-egg-info-xrcv9ldd/SOAPpy.egg-info
      writing /tmp/pip-pip-egg-info-xrcv9ldd/SOAPpy.egg-info/PKG-INFO
      writing dependency_links to /tmp/pip-pip-egg-info-xrcv9ldd/SOAPpy.egg-info/dependency_links.txt
      writing requirements to /tmp/pip-pip-egg-info-xrcv9ldd/SOAPpy.egg-info/requires.txt
      writing top-level names to /tmp/pip-pip-egg-info-xrcv9ldd/SOAPpy.egg-info/top_level.txt
      writing manifest file '/tmp/pip-pip-egg-info-xrcv9ldd/SOAPpy.egg-info/SOURCES.txt'
      reading manifest file '/tmp/pip-pip-egg-info-xrcv9ldd/SOAPpy.egg-info/SOURCES.txt'
      reading manifest template 'MANIFEST.in'
      warning: no files found matching '*.rst'
      warning: no previously-included files matching '*pyc' found anywhere in distribution
      Traceback (most recent call last):
        File "<string>", line 2, in <module>
        File "<pip-setuptools-caller>", line 34, in <module>
        File "/tmp/pip-install-tsvoy75a/soappy_83ca7dfac6424a03a8adade6d3a335f5/setup.py", line 18, in <module>
          setup(
        File "/opt/conda/envs/15f0149b1fbf715d94535d380cb72343/lib/python3.8/site-packages/setuptools/__init__.py", line 117, in setup
          return distutils.core.setup(**attrs)
        File "/opt/conda/envs/15f0149b1fbf715d94535d380cb72343/lib/python3.8/site-packages/setuptools/_distutils/core.py", line 183, in setup
          return run_commands(dist)
        File "/opt/conda/envs/15f0149b1fbf715d94535d380cb72343/lib/python3.8/site-packages/setuptools/_distutils/core.py", line 199, in run_commands
          dist.run_commands()
        File "/opt/conda/envs/15f0149b1fbf715d94535d380cb72343/lib/python3.8/site-packages/setuptools/_distutils/dist.py", line 954, in run_commands
          self.run_command(cmd)
        File "/opt/conda/envs/15f0149b1fbf715d94535d380cb72343/lib/python3.8/site-packages/setuptools/dist.py", line 950, in run_command
          super().run_command(command)
        File "/opt/conda/envs/15f0149b1fbf715d94535d380cb72343/lib/python3.8/site-packages/setuptools/_distutils/dist.py", line 973, in run_command
          cmd_obj.run()
        File "/opt/conda/envs/15f0149b1fbf715d94535d380cb72343/lib/python3.8/site-packages/setuptools/command/egg_info.py", line 311, in run
          self.find_sources()
        File "/opt/conda/envs/15f0149b1fbf715d94535d380cb72343/lib/python3.8/site-packages/setuptools/command/egg_info.py", line 319, in find_sources
          mm.run()
        File "/opt/conda/envs/15f0149b1fbf715d94535d380cb72343/lib/python3.8/site-packages/setuptools/command/egg_info.py", line 545, in run
          self.prune_file_list()
        File "/opt/conda/envs/15f0149b1fbf715d94535d380cb72343/lib/python3.8/site-packages/setuptools/command/sdist.py", line 161, in prune_file_list
          super().prune_file_list()
        File "/opt/conda/envs/15f0149b1fbf715d94535d380cb72343/lib/python3.8/site-packages/setuptools/_distutils/command/sdist.py", line 380, in prune_file_list
          base_dir = self.distribution.get_fullname()
        File "/opt/conda/envs/15f0149b1fbf715d94535d380cb72343/lib/python3.8/site-packages/setuptools/_core_metadata.py", line 267, in get_fullname
          return _distribution_fullname(self.get_name(), self.get_version())
        File "/opt/conda/envs/15f0149b1fbf715d94535d380cb72343/lib/python3.8/site-packages/setuptools/_core_metadata.py", line 285, in _distribution_fullname
          canonicalize_version(version, strip_trailing_zero=False),
      TypeError: canonicalize_version() got an unexpected keyword argument 'strip_trailing_zero'
      [end of output]
  
  note: This error originates from a subprocess, and is likely not a problem with pip.
error: metadata-generation-failed

Ã— Encountered error while generating package metadata.
â•°â”€> See above for output.

note: This is an issue with the package mentioned above, not pip.
hint: See above for details.
Requirement already satisfied: sortedcontainers==2.1.0 in /opt/conda/envs/15f0149b1fbf715d94535d380cb72343/lib/python3.8/site-packages (2.1.0)
WARNING: Running pip as the 'root' user can result in broken permissions and conflicting behaviour with the system package manager, possibly rendering your system unusable.It is recommended to use a virtual environment instead: https://pip.pypa.io/warnings/venv. Use the --root-user-action option if you know what you are doing and want to suppress this warning.
Requirement already satisfied: structlog==20.1.0 in /opt/conda/envs/15f0149b1fbf715d94535d380cb72343/lib/python3.8/site-packages (20.1.0)
Requirement already satisfied: six in /opt/conda/envs/15f0149b1fbf715d94535d380cb72343/lib/python3.8/site-packages (from structlog==20.1.0) (1.15.0)
WARNING: Running pip as the 'root' user can result in broken permissions and conflicting behaviour with the system package manager, possibly rendering your system unusable.It is recommended to use a virtual environment instead: https://pip.pypa.io/warnings/venv. Use the --root-user-action option if you know what you are doing and want to suppress this warning.
Requirement already satisfied: testfixtures==6.14.1 in /opt/conda/envs/15f0149b1fbf715d94535d380cb72343/lib/python3.8/site-packages (6.14.1)
WARNING: Running pip as the 'root' user can result in broken permissions and conflicting behaviour with the system package manager, possibly rendering your system unusable.It is recommended to use a virtual environment instead: https://pip.pypa.io/warnings/venv. Use the --root-user-action option if you know what you are doing and want to suppress this warning.
Collecting tornado==6.0.4
  Using cached tornado-6.0.4.tar.gz (496 kB)
  Preparing metadata (setup.py): started
  Preparing metadata (setup.py): finished with status 'error'
  error: subprocess-exited-with-error
  
  Ã— python setup.py egg_info did not run successfully.
  â”‚ exit code: 1
  â•°â”€> [44 lines of output]
      running egg_info
      creating /tmp/pip-pip-egg-info-wjf3ro_o/tornado.egg-info
      writing /tmp/pip-pip-egg-info-wjf3ro_o/tornado.egg-info/PKG-INFO
      writing dependency_links to /tmp/pip-pip-egg-info-wjf3ro_o/tornado.egg-info/dependency_links.txt
      writing top-level names to /tmp/pip-pip-egg-info-wjf3ro_o/tornado.egg-info/top_level.txt
      writing manifest file '/tmp/pip-pip-egg-info-wjf3ro_o/tornado.egg-info/SOURCES.txt'
      reading manifest file '/tmp/pip-pip-egg-info-wjf3ro_o/tornado.egg-info/SOURCES.txt'
      reading manifest template 'MANIFEST.in'
      warning: no files found matching '*.yaml' under directory 'demos'
      no previously-included directories found matching 'docs/build'
      warning: no files found matching 'tornado/test/README'
      adding license file 'LICENSE'
      Traceback (most recent call last):
        File "<string>", line 2, in <module>
        File "<pip-setuptools-caller>", line 34, in <module>
        File "/tmp/pip-install-d053_y6o/tornado_6dbd971fa2c74cef87ebf09db166a8de/setup.py", line 142, in <module>
          setup(
        File "/opt/conda/envs/15f0149b1fbf715d94535d380cb72343/lib/python3.8/site-packages/setuptools/__init__.py", line 117, in setup
          return distutils.core.setup(**attrs)
        File "/opt/conda/envs/15f0149b1fbf715d94535d380cb72343/lib/python3.8/site-packages/setuptools/_distutils/core.py", line 183, in setup
          return run_commands(dist)
        File "/opt/conda/envs/15f0149b1fbf715d94535d380cb72343/lib/python3.8/site-packages/setuptools/_distutils/core.py", line 199, in run_commands
          dist.run_commands()
        File "/opt/conda/envs/15f0149b1fbf715d94535d380cb72343/lib/python3.8/site-packages/setuptools/_distutils/dist.py", line 954, in run_commands
          self.run_command(cmd)
        File "/opt/conda/envs/15f0149b1fbf715d94535d380cb72343/lib/python3.8/site-packages/setuptools/dist.py", line 950, in run_command
          super().run_command(command)
        File "/opt/conda/envs/15f0149b1fbf715d94535d380cb72343/lib/python3.8/site-packages/setuptools/_distutils/dist.py", line 973, in run_command
          cmd_obj.run()
        File "/opt/conda/envs/15f0149b1fbf715d94535d380cb72343/lib/python3.8/site-packages/setuptools/command/egg_info.py", line 311, in run
          self.find_sources()
        File "/opt/conda/envs/15f0149b1fbf715d94535d380cb72343/lib/python3.8/site-packages/setuptools/command/egg_info.py", line 319, in find_sources
          mm.run()
        File "/opt/conda/envs/15f0149b1fbf715d94535d380cb72343/lib/python3.8/site-packages/setuptools/command/egg_info.py", line 545, in run
          self.prune_file_list()
        File "/opt/conda/envs/15f0149b1fbf715d94535d380cb72343/lib/python3.8/site-packages/setuptools/command/sdist.py", line 161, in prune_file_list
          super().prune_file_list()
        File "/opt/conda/envs/15f0149b1fbf715d94535d380cb72343/lib/python3.8/site-packages/setuptools/_distutils/command/sdist.py", line 380, in prune_file_list
          base_dir = self.distribution.get_fullname()
        File "/opt/conda/envs/15f0149b1fbf715d94535d380cb72343/lib/python3.8/site-packages/setuptools/_core_metadata.py", line 267, in get_fullname
          return _distribution_fullname(self.get_name(), self.get_version())
        File "/opt/conda/envs/15f0149b1fbf715d94535d380cb72343/lib/python3.8/site-packages/setuptools/_core_metadata.py", line 285, in _distribution_fullname
          canonicalize_version(version, strip_trailing_zero=False),
      TypeError: canonicalize_version() got an unexpected keyword argument 'strip_trailing_zero'
      [end of output]
  
  note: This error originates from a subprocess, and is likely not a problem with pip.
error: metadata-generation-failed

Ã— Encountered error while generating package metadata.
â•°â”€> See above for output.

note: This is an issue with the package mentioned above, not pip.
hint: See above for details.
Collecting Twisted==20.3.0
  Using cached Twisted-20.3.0.tar.bz2 (3.1 MB)
  Preparing metadata (setup.py): started
  Preparing metadata (setup.py): finished with status 'error'
  error: subprocess-exited-with-error
  
  Ã— python setup.py egg_info did not run successfully.
  â”‚ exit code: 1
  â•°â”€> [75 lines of output]
      running egg_info
      creating /tmp/pip-pip-egg-info-n2409rkc/Twisted.egg-info
      writing /tmp/pip-pip-egg-info-n2409rkc/Twisted.egg-info/PKG-INFO
      writing dependency_links to /tmp/pip-pip-egg-info-n2409rkc/Twisted.egg-info/dependency_links.txt
      writing entry points to /tmp/pip-pip-egg-info-n2409rkc/Twisted.egg-info/entry_points.txt
      writing requirements to /tmp/pip-pip-egg-info-n2409rkc/Twisted.egg-info/requires.txt
      writing top-level names to /tmp/pip-pip-egg-info-n2409rkc/Twisted.egg-info/top_level.txt
      writing manifest file '/tmp/pip-pip-egg-info-n2409rkc/Twisted.egg-info/SOURCES.txt'
      reading manifest file '/tmp/pip-pip-egg-info-n2409rkc/Twisted.egg-info/SOURCES.txt'
      reading manifest template 'MANIFEST.in'
      /opt/conda/envs/15f0149b1fbf715d94535d380cb72343/lib/python3.8/site-packages/setuptools/__init__.py:94: _DeprecatedInstaller: setuptools.installer and fetch_build_eggs are deprecated.
      !!
      
              ********************************************************************************
              Requirements should be satisfied by a PEP 517 installer.
              If you are using pip, you can try `pip install --use-pep517`.
              ********************************************************************************
      
      !!
        dist.fetch_build_eggs(dist.setup_requires)
      warning: no previously-included files matching '*.misc' found under directory 'src/twisted'
      warning: no previously-included files matching '*.bugfix' found under directory 'src/twisted'
      warning: no previously-included files matching '*.doc' found under directory 'src/twisted'
      warning: no previously-included files matching '*.feature' found under directory 'src/twisted'
      warning: no previously-included files matching '*.removal' found under directory 'src/twisted'
      warning: no previously-included files matching 'NEWS' found under directory 'src/twisted'
      warning: no previously-included files matching 'README' found under directory 'src/twisted'
      warning: no previously-included files matching 'newsfragments' found under directory 'src/twisted'
      warning: no previously-included files found matching 'src/twisted/topfiles/CREDITS'
      warning: no previously-included files found matching 'src/twisted/topfiles/ChangeLog.Old'
      warning: no previously-included files found matching 'pyproject.toml'
      warning: no previously-included files found matching 'codecov.yml'
      warning: no previously-included files found matching 'appveyor.yml'
      warning: no previously-included files found matching '.coveralls.yml'
      warning: no previously-included files found matching '.circleci'
      warning: no previously-included files matching '*' found under directory '.circleci'
      no previously-included directories found matching 'bin'
      no previously-included directories found matching 'admin'
      no previously-included directories found matching '.travis'
      no previously-included directories found matching '.github'
      warning: no previously-included files found matching 'docs/historic/2003'
      warning: no previously-included files matching '*' found under directory 'docs/historic/2003'
      adding license file 'LICENSE'
      Traceback (most recent call last):
        File "<string>", line 2, in <module>
        File "<pip-setuptools-caller>", line 34, in <module>
        File "/tmp/pip-install-y6pr_ues/twisted_a755296df86b4afaa4cae718ab341d05/setup.py", line 20, in <module>
          setuptools.setup(**_setup["getSetupArgs"]())
        File "/opt/conda/envs/15f0149b1fbf715d94535d380cb72343/lib/python3.8/site-packages/setuptools/__init__.py", line 117, in setup
          return distutils.core.setup(**attrs)
        File "/opt/conda/envs/15f0149b1fbf715d94535d380cb72343/lib/python3.8/site-packages/setuptools/_distutils/core.py", line 183, in setup
          return run_commands(dist)
        File "/opt/conda/envs/15f0149b1fbf715d94535d380cb72343/lib/python3.8/site-packages/setuptools/_distutils/core.py", line 199, in run_commands
          dist.run_commands()
        File "/opt/conda/envs/15f0149b1fbf715d94535d380cb72343/lib/python3.8/site-packages/setuptools/_distutils/dist.py", line 954, in run_commands
          self.run_command(cmd)
        File "/opt/conda/envs/15f0149b1fbf715d94535d380cb72343/lib/python3.8/site-packages/setuptools/dist.py", line 950, in run_command
          super().run_command(command)
        File "/opt/conda/envs/15f0149b1fbf715d94535d380cb72343/lib/python3.8/site-packages/setuptools/_distutils/dist.py", line 973, in run_command
          cmd_obj.run()
        File "/opt/conda/envs/15f0149b1fbf715d94535d380cb72343/lib/python3.8/site-packages/setuptools/command/egg_info.py", line 311, in run
          self.find_sources()
        File "/opt/conda/envs/15f0149b1fbf715d94535d380cb72343/lib/python3.8/site-packages/setuptools/command/egg_info.py", line 319, in find_sources
          mm.run()
        File "/opt/conda/envs/15f0149b1fbf715d94535d380cb72343/lib/python3.8/site-packages/setuptools/command/egg_info.py", line 545, in run
          self.prune_file_list()
        File "/opt/conda/envs/15f0149b1fbf715d94535d380cb72343/lib/python3.8/site-packages/setuptools/command/sdist.py", line 161, in prune_file_list
          super().prune_file_list()
        File "/opt/conda/envs/15f0149b1fbf715d94535d380cb72343/lib/python3.8/site-packages/setuptools/_distutils/command/sdist.py", line 380, in prune_file_list
          base_dir = self.distribution.get_fullname()
        File "/opt/conda/envs/15f0149b1fbf715d94535d380cb72343/lib/python3.8/site-packages/setuptools/_core_metadata.py", line 267, in get_fullname
          return _distribution_fullname(self.get_name(), self.get_version())
        File "/opt/conda/envs/15f0149b1fbf715d94535d380cb72343/lib/python3.8/site-packages/setuptools/_core_metadata.py", line 285, in _distribution_fullname
          canonicalize_version(version, strip_trailing_zero=False),
      TypeError: canonicalize_version() got an unexpected keyword argument 'strip_trailing_zero'
      [end of output]
  
  note: This error originates from a subprocess, and is likely not a problem with pip.
error: metadata-generation-failed

Ã— Encountered error while generating package metadata.
â•°â”€> See above for output.

note: This is an issue with the package mentioned above, not pip.
hint: See above for details.
Requirement already satisfied: urllib3==1.25.9 in /opt/conda/envs/15f0149b1fbf715d94535d380cb72343/lib/python3.8/site-packages (1.25.9)
WARNING: Running pip as the 'root' user can result in broken permissions and conflicting behaviour with the system package manager, possibly rendering your system unusable.It is recommended to use a virtual environment instead: https://pip.pypa.io/warnings/venv. Use the --root-user-action option if you know what you are doing and want to suppress this warning.
Collecting urwid==2.1.0
  Using cached urwid-2.1.0.tar.gz (630 kB)
  Preparing metadata (setup.py): started
  Preparing metadata (setup.py): finished with status 'error'
  error: subprocess-exited-with-error
  
  Ã— python setup.py egg_info did not run successfully.
  â”‚ exit code: 1
  â•°â”€> [44 lines of output]
      running egg_info
      creating /tmp/pip-pip-egg-info-k81hhsjf/urwid.egg-info
      writing /tmp/pip-pip-egg-info-k81hhsjf/urwid.egg-info/PKG-INFO
      writing dependency_links to /tmp/pip-pip-egg-info-k81hhsjf/urwid.egg-info/dependency_links.txt
      writing top-level names to /tmp/pip-pip-egg-info-k81hhsjf/urwid.egg-info/top_level.txt
      writing manifest file '/tmp/pip-pip-egg-info-k81hhsjf/urwid.egg-info/SOURCES.txt'
      reading manifest file '/tmp/pip-pip-egg-info-k81hhsjf/urwid.egg-info/SOURCES.txt'
      reading manifest template 'MANIFEST.in'
      /opt/conda/envs/15f0149b1fbf715d94535d380cb72343/lib/python3.8/site-packages/setuptools/_distutils/dist.py:261: UserWarning: Unknown distribution option: 'test_suite'
        warnings.warn(msg)
      warning: no files found matching 'CHANGELOG'
      adding license file 'COPYING'
      Traceback (most recent call last):
        File "<string>", line 2, in <module>
        File "<pip-setuptools-caller>", line 34, in <module>
        File "/tmp/pip-install-s06emysb/urwid_8451397ef2924b5a9bc04ea89d12750a/setup.py", line 83, in <module>
          setup(**setup_d)
        File "/opt/conda/envs/15f0149b1fbf715d94535d380cb72343/lib/python3.8/site-packages/setuptools/__init__.py", line 117, in setup
          return distutils.core.setup(**attrs)
        File "/opt/conda/envs/15f0149b1fbf715d94535d380cb72343/lib/python3.8/site-packages/setuptools/_distutils/core.py", line 183, in setup
          return run_commands(dist)
        File "/opt/conda/envs/15f0149b1fbf715d94535d380cb72343/lib/python3.8/site-packages/setuptools/_distutils/core.py", line 199, in run_commands
          dist.run_commands()
        File "/opt/conda/envs/15f0149b1fbf715d94535d380cb72343/lib/python3.8/site-packages/setuptools/_distutils/dist.py", line 954, in run_commands
          self.run_command(cmd)
        File "/opt/conda/envs/15f0149b1fbf715d94535d380cb72343/lib/python3.8/site-packages/setuptools/dist.py", line 950, in run_command
          super().run_command(command)
        File "/opt/conda/envs/15f0149b1fbf715d94535d380cb72343/lib/python3.8/site-packages/setuptools/_distutils/dist.py", line 973, in run_command
          cmd_obj.run()
        File "/opt/conda/envs/15f0149b1fbf715d94535d380cb72343/lib/python3.8/site-packages/setuptools/command/egg_info.py", line 311, in run
          self.find_sources()
        File "/opt/conda/envs/15f0149b1fbf715d94535d380cb72343/lib/python3.8/site-packages/setuptools/command/egg_info.py", line 319, in find_sources
          mm.run()
        File "/opt/conda/envs/15f0149b1fbf715d94535d380cb72343/lib/python3.8/site-packages/setuptools/command/egg_info.py", line 545, in run
          self.prune_file_list()
        File "/opt/conda/envs/15f0149b1fbf715d94535d380cb72343/lib/python3.8/site-packages/setuptools/command/sdist.py", line 161, in prune_file_list
          super().prune_file_list()
        File "/opt/conda/envs/15f0149b1fbf715d94535d380cb72343/lib/python3.8/site-packages/setuptools/_distutils/command/sdist.py", line 380, in prune_file_list
          base_dir = self.distribution.get_fullname()
        File "/opt/conda/envs/15f0149b1fbf715d94535d380cb72343/lib/python3.8/site-packages/setuptools/_core_metadata.py", line 267, in get_fullname
          return _distribution_fullname(self.get_name(), self.get_version())
        File "/opt/conda/envs/15f0149b1fbf715d94535d380cb72343/lib/python3.8/site-packages/setuptools/_core_metadata.py", line 285, in _distribution_fullname
          canonicalize_version(version, strip_trailing_zero=False),
      TypeError: canonicalize_version() got an unexpected keyword argument 'strip_trailing_zero'
      [end of output]
  
  note: This error originates from a subprocess, and is likely not a problem with pip.
error: metadata-generation-failed

Ã— Encountered error while generating package metadata.
â•°â”€> See above for output.

note: This is an issue with the package mentioned above, not pip.
hint: See above for details.
Requirement already satisfied: utils==1.0.1 in /opt/conda/envs/15f0149b1fbf715d94535d380cb72343/lib/python3.8/site-packages (1.0.1)
WARNING: Running pip as the 'root' user can result in broken permissions and conflicting behaviour with the system package manager, possibly rendering your system unusable.It is recommended to use a virtual environment instead: https://pip.pypa.io/warnings/venv. Use the --root-user-action option if you know what you are doing and want to suppress this warning.
Requirement already satisfied: w3lib==1.22.0 in /opt/conda/envs/15f0149b1fbf715d94535d380cb72343/lib/python3.8/site-packages (1.22.0)
Requirement already satisfied: six>=1.4.1 in /opt/conda/envs/15f0149b1fbf715d94535d380cb72343/lib/python3.8/site-packages (from w3lib==1.22.0) (1.15.0)
WARNING: Running pip as the 'root' user can result in broken permissions and conflicting behaviour with the system package manager, possibly rendering your system unusable.It is recommended to use a virtual environment instead: https://pip.pypa.io/warnings/venv. Use the --root-user-action option if you know what you are doing and want to suppress this warning.
Requirement already satisfied: wcwidth==0.1.9 in /opt/conda/envs/15f0149b1fbf715d94535d380cb72343/lib/python3.8/site-packages (0.1.9)
WARNING: Running pip as the 'root' user can result in broken permissions and conflicting behaviour with the system package manager, possibly rendering your system unusable.It is recommended to use a virtual environment instead: https://pip.pypa.io/warnings/venv. Use the --root-user-action option if you know what you are doing and want to suppress this warning.
Requirement already satisfied: Werkzeug==1.0.1 in /opt/conda/envs/15f0149b1fbf715d94535d380cb72343/lib/python3.8/site-packages (1.0.1)
WARNING: Running pip as the 'root' user can result in broken permissions and conflicting behaviour with the system package manager, possibly rendering your system unusable.It is recommended to use a virtual environment instead: https://pip.pypa.io/warnings/venv. Use the --root-user-action option if you know what you are doing and want to suppress this warning.
Requirement already satisfied: wsproto==0.15.0 in /opt/conda/envs/15f0149b1fbf715d94535d380cb72343/lib/python3.8/site-packages (0.15.0)
Requirement already satisfied: h11>=0.8.1 in /opt/conda/envs/15f0149b1fbf715d94535d380cb72343/lib/python3.8/site-packages (from wsproto==0.15.0) (0.9.0)
WARNING: Running pip as the 'root' user can result in broken permissions and conflicting behaviour with the system package manager, possibly rendering your system unusable.It is recommended to use a virtual environment instead: https://pip.pypa.io/warnings/venv. Use the --root-user-action option if you know what you are doing and want to suppress this warning.
Requirement already satisfied: wstools==0.4.8 in /opt/conda/envs/15f0149b1fbf715d94535d380cb72343/lib/python3.8/site-packages (0.4.8)
Requirement already satisfied: pbr in /opt/conda/envs/15f0149b1fbf715d94535d380cb72343/lib/python3.8/site-packages (from wstools==0.4.8) (5.4.5)
Requirement already satisfied: setuptools>=17.1 in /opt/conda/envs/15f0149b1fbf715d94535d380cb72343/lib/python3.8/site-packages (from wstools==0.4.8) (75.1.0)
Requirement already satisfied: six in /opt/conda/envs/15f0149b1fbf715d94535d380cb72343/lib/python3.8/site-packages (from wstools==0.4.8) (1.15.0)
WARNING: Running pip as the 'root' user can result in broken permissions and conflicting behaviour with the system package manager, possibly rendering your system unusable.It is recommended to use a virtual environment instead: https://pip.pypa.io/warnings/venv. Use the --root-user-action option if you know what you are doing and want to suppress this warning.
Requirement already satisfied: zope.interface==5.1.0 in /opt/conda/envs/15f0149b1fbf715d94535d380cb72343/lib/python3.8/site-packages (5.1.0)
Requirement already satisfied: setuptools in /opt/conda/envs/15f0149b1fbf715d94535d380cb72343/lib/python3.8/site-packages (from zope.interface==5.1.0) (75.1.0)
WARNING: Running pip as the 'root' user can result in broken permissions and conflicting behaviour with the system package manager, possibly rendering your system unusable.It is recommended to use a virtual environment instead: https://pip.pypa.io/warnings/venv. Use the --root-user-action option if you know what you are doing and want to suppress this warning.
Requirement already satisfied: zstandard==0.13.0 in /opt/conda/envs/15f0149b1fbf715d94535d380cb72343/lib/python3.8/site-packages (0.13.0)
Requirement already satisfied: cffi>=1.11 in /opt/conda/envs/15f0149b1fbf715d94535d380cb72343/lib/python3.8/site-packages (from zstandard==0.13.0) (1.14.0)
Requirement already satisfied: pycparser in /opt/conda/envs/15f0149b1fbf715d94535d380cb72343/lib/python3.8/site-packages (from cffi>=1.11->zstandard==0.13.0) (2.20)
WARNING: Running pip as the 'root' user can result in broken permissions and conflicting behaviour with the system package manager, possibly rendering your system unusable.It is recommended to use a virtual environment instead: https://pip.pypa.io/warnings/venv. Use the --root-user-action option if you know what you are doing and want to suppress this warning.
   Running on module 0 (./conf.py)...
   Running on module 1 (./spidermanager.py)...
   Running on module 2 (./contrib/loader/common.py)...
   Running on module 3 (./contrib/loader/processor.py)...
   Running on module 4 (./contrib/downloadermiddleware/decompression.py)...
   Running on module 5 (./contrib/downloadermiddleware/httpcompression.py)...
   Running on module 6 (./contrib/downloadermiddleware/chunked.py)...
   Running on module 7 (./contrib/downloadermiddleware/httpcache.py)...
   Running on module 8 (./contrib/downloadermiddleware/httpauth.py)...
   Running on module 9 (./contrib/downloadermiddleware/retry.py)...
   Running on module 10 (./contrib/downloadermiddleware/downloadtimeout.py)...
   Running on module 11 (./contrib/downloadermiddleware/ajaxcrawl.py)...
   Running on module 12 (./contrib/downloadermiddleware/useragent.py)...
   Running on module 13 (./contrib/downloadermiddleware/stats.py)...
   Running on module 14 (./contrib/downloadermiddleware/httpproxy.py)...
   Running on module 15 (./contrib/downloadermiddleware/defaultheaders.py)...
   Running on module 16 (./contrib/downloadermiddleware/cookies.py)...
   Running on module 17 (./contrib/downloadermiddleware/robotstxt.py)...
   Running on module 18 (./contrib/downloadermiddleware/redirect.py)...
   Running on module 19 (./contrib/httpcache.py)...
   Running on module 20 (./contrib/memdebug.py)...
   Running on module 21 (./contrib/spiders/crawl.py)...
   Running on module 22 (./contrib/spiders/feed.py)...
   Running on module 23 (./contrib/spiders/init.py)...
   Running on module 24 (./contrib/spiders/sitemap.py)...
   Running on module 25 (./contrib/pipeline/images.py)...
   Running on module 26 (./contrib/pipeline/files.py)...
   Running on module 27 (./contrib/pipeline/media.py)...
   Running on module 28 (./contrib/linkextractors/regex.py)...
   Running on module 29 (./contrib/linkextractors/htmlparser.py)...
   Running on module 30 (./contrib/linkextractors/sgml.py)...
   Running on module 31 (./contrib/linkextractors/lxmlhtml.py)...
   Running on module 32 (./contrib/corestats.py)...
   Running on module 33 (./contrib/debug.py)...
   Running on module 34 (./contrib/logstats.py)...
   Running on module 35 (./contrib/memusage.py)...
   Running on module 36 (./contrib/spiderstate.py)...
   Running on module 37 (./contrib/spidermiddleware/offsite.py)...
   Running on module 38 (./contrib/spidermiddleware/urllength.py)...
   Running on module 39 (./contrib/spidermiddleware/httperror.py)...
   Running on module 40 (./contrib/spidermiddleware/depth.py)...
   Running on module 41 (./contrib/spidermiddleware/referer.py)...
   Running on module 42 (./contrib/closespider.py)...
   Running on module 43 (./contrib/feedexport.py)...
   Running on module 44 (./contrib/statsmailer.py)...
   Running on module 45 (./contrib/throttle.py)...
   Running on module 46 (./command.py)...
   Running on module 47 (./middleware.py)...
   Running on module 48 (./crawler.py)...
   Running on module 49 (./core/engine.py)...
   Running on module 50 (./core/scheduler.py)...
   Running on module 51 (./core/spidermw.py)...
   Running on module 52 (./core/downloader/middleware.py)...
   Running on module 53 (./core/downloader/handlers/http.py)...
   Running on module 54 (./core/downloader/handlers/s3.py)...
   Running on module 55 (./core/downloader/handlers/http11.py)...
   Running on module 56 (./core/downloader/handlers/file.py)...
   Running on module 57 (./core/downloader/handlers/http10.py)...
   Running on module 58 (./core/downloader/handlers/ftp.py)...
   Running on module 59 (./core/downloader/contextfactory.py)...
   Running on module 60 (./core/downloader/webclient.py)...
   Running on module 61 (./core/scraper.py)...
   Running on module 62 (./link.py)...
   Running on module 63 (./contrib_exp/downloadermiddleware/decompression.py)...
   Running on module 64 (./contrib_exp/iterators.py)...
   Running on module 65 (./item.py)...
   Running on module 66 (./project.py)...
   Running on module 67 (./_monkeypatches.py)...
   Running on module 68 (./interfaces.py)...
   Running on module 69 (./mail.py)...
   Running on module 70 (./contracts/default.py)...
   Running on module 71 (./utils/conf.py)...
   Running on module 72 (./utils/engine.py)...
   Running on module 73 (./utils/deprecate.py)...
   Running on module 74 (./utils/http.py)...
   Running on module 75 (./utils/python.py)...
