pynguin log ./FileDownloader.py
[05:16:29] INFO     Start Pynguin Test Generationâ€¦              generator.py:116
           INFO     Collecting static constants from module     generator.py:216
                    under test                                                  
           INFO     Constants found: 4282                       generator.py:221
           INFO     Setting up runtime collection of constants  generator.py:228
[05:16:31] ERROR    While getting the types of exceptions in   syntaxtree.py:341
                    the handler, expected to find an ast.Name,                  
                    ast.Tuple, or ast.Attribute,but got                         
                    <ast.Call object at 0x7f3eca45be80>                         
           ERROR    While getting the types of exceptions in   syntaxtree.py:341
                    the handler, expected to find an ast.Name,                  
                    ast.Tuple, or ast.Attribute,but got                         
                    <ast.Call object at 0x7f3eca8cee60>                         
[05:16:33] INFO     Analyzed project to create test cluster       module.py:1326
           INFO     Modules:      51                              module.py:1327
           INFO     Functions:   385                              module.py:1328
           INFO     Classes:     311                              module.py:1329
           INFO     Using seed 1733289389346455999              generator.py:202
           INFO     Using strategy:            generationalgorithmfactory.py:302
                    Algorithm.WHOLE_SUITE                                       
           INFO     Instantiated 283 fitness   generationalgorithmfactory.py:393
                    functions                                                   
           INFO     Using CoverageArchive      generationalgorithmfactory.py:346
           INFO     Using selection function:  generationalgorithmfactory.py:321
                    Selection.TOURNAMENT_SELEC                                  
                    TION                                                        
           INFO     Using crossover function:  generationalgorithmfactory.py:334
                    SinglePointRelativeCrossOv                                  
                    er                                                          
           INFO     Using ranking function:    generationalgorithmfactory.py:354
                    RankBasedPreferenceSorting                                  
           INFO     Start generating test cases                 generator.py:526
[05:16:36] INFO     Initial Population, Coverage: 0.017668  searchobserver.py:77
           INFO     Iteration:       1, Coverage: 0.021201  searchobserver.py:83
           INFO     Iteration:       2, Coverage: 0.028269  searchobserver.py:83
           INFO     Iteration:       3, Coverage: 0.031802  searchobserver.py:83
[05:16:37] INFO     Iteration:       4, Coverage: 0.031802  searchobserver.py:83
           INFO     Iteration:       5, Coverage: 0.031802  searchobserver.py:83
           INFO     Iteration:       6, Coverage: 0.035336  searchobserver.py:83
[05:16:38] INFO     Iteration:       7, Coverage: 0.035336  searchobserver.py:83
           INFO     Iteration:       8, Coverage: 0.035336  searchobserver.py:83
           INFO     Iteration:       9, Coverage: 0.035336  searchobserver.py:83
[05:16:39] INFO     Iteration:      10, Coverage: 0.035336  searchobserver.py:83
           INFO     Iteration:      11, Coverage: 0.035336  searchobserver.py:83
           INFO     Iteration:      12, Coverage: 0.035336  searchobserver.py:83
[05:16:40] INFO     Iteration:      13, Coverage: 0.035336  searchobserver.py:83
           INFO     Iteration:      14, Coverage: 0.035336  searchobserver.py:83
           INFO     Iteration:      15, Coverage: 0.035336  searchobserver.py:83
[05:16:41] INFO     Iteration:      16, Coverage: 0.035336  searchobserver.py:83
           INFO     Iteration:      17, Coverage: 0.035336  searchobserver.py:83
           INFO     Iteration:      18, Coverage: 0.035336  searchobserver.py:83
[05:16:42] INFO     Iteration:      19, Coverage: 0.035336  searchobserver.py:83
           INFO     Iteration:      20, Coverage: 0.035336  searchobserver.py:83
           INFO     Iteration:      21, Coverage: 0.035336  searchobserver.py:83
[05:16:43] INFO     Iteration:      22, Coverage: 0.035336  searchobserver.py:83
           INFO     Iteration:      23, Coverage: 0.035336  searchobserver.py:83
[05:16:44] INFO     Iteration:      24, Coverage: 0.038869  searchobserver.py:83
           INFO     Iteration:      25, Coverage: 0.038869  searchobserver.py:83
Exception ignored in: <function _TemporaryFileCloser.__del__ at 0x7f3ed4816320>
Traceback (most recent call last):
  File "/opt/conda/lib/python3.10/tempfile.py", line 466, in __del__
    self.close()
  File "/opt/conda/lib/python3.10/tempfile.py", line 459, in close
    self.file.close()
AttributeError: 'FileDownloader' object has no attribute 'close'
[05:16:45] INFO     Iteration:      26, Coverage: 0.042403  searchobserver.py:83
           INFO     Iteration:      27, Coverage: 0.042403  searchobserver.py:83
           INFO     Iteration:      28, Coverage: 0.045936  searchobserver.py:83
[05:16:46] INFO     Iteration:      29, Coverage: 0.045936  searchobserver.py:83
           INFO     Iteration:      30, Coverage: 0.045936  searchobserver.py:83
[05:16:47] INFO     Iteration:      31, Coverage: 0.049470  searchobserver.py:83
           INFO     Iteration:      32, Coverage: 0.049470  searchobserver.py:83
           INFO     Iteration:      33, Coverage: 0.049470  searchobserver.py:83
[05:16:48] INFO     Iteration:      34, Coverage: 0.049470  searchobserver.py:83
[05:16:49] INFO     Iteration:      35, Coverage: 0.049470  searchobserver.py:83
           INFO     Iteration:      36, Coverage: 0.049470  searchobserver.py:83
           INFO     Iteration:      37, Coverage: 0.049470  searchobserver.py:83
[05:16:50] INFO     Iteration:      38, Coverage: 0.049470  searchobserver.py:83
           INFO     Iteration:      39, Coverage: 0.049470  searchobserver.py:83
           INFO     Iteration:      40, Coverage: 0.049470  searchobserver.py:83
[05:16:51] INFO     Iteration:      41, Coverage: 0.049470  searchobserver.py:83
           INFO     Iteration:      42, Coverage: 0.053004  searchobserver.py:83
[05:16:52] INFO     Iteration:      43, Coverage: 0.053004  searchobserver.py:83
           INFO     Iteration:      44, Coverage: 0.053004  searchobserver.py:83
[05:16:53] INFO     Iteration:      45, Coverage: 0.053004  searchobserver.py:83
           INFO     Iteration:      46, Coverage: 0.053004  searchobserver.py:83
           INFO     Iteration:      47, Coverage: 0.053004  searchobserver.py:83
[05:16:54] INFO     Iteration:      48, Coverage: 0.053004  searchobserver.py:83
           INFO     Iteration:      49, Coverage: 0.053004  searchobserver.py:83
[05:16:55] INFO     Iteration:      50, Coverage: 0.056537  searchobserver.py:83
           INFO     Iteration:      51, Coverage: 0.056537  searchobserver.py:83
[05:16:56] INFO     Iteration:      52, Coverage: 0.056537  searchobserver.py:83
           INFO     Iteration:      53, Coverage: 0.060071  searchobserver.py:83
           INFO     Iteration:      54, Coverage: 0.060071  searchobserver.py:83
[05:16:57] INFO     Iteration:      55, Coverage: 0.060071  searchobserver.py:83
           INFO     Iteration:      56, Coverage: 0.063604  searchobserver.py:83
           INFO     Iteration:      57, Coverage: 0.063604  searchobserver.py:83
[05:16:58] INFO     Iteration:      58, Coverage: 0.063604  searchobserver.py:83
           INFO     Iteration:      59, Coverage: 0.063604  searchobserver.py:83
[05:16:59] INFO     Iteration:      60, Coverage: 0.067138  searchobserver.py:83
           INFO     Iteration:      61, Coverage: 0.067138  searchobserver.py:83
[05:17:00] INFO     Iteration:      62, Coverage: 0.067138  searchobserver.py:83
           INFO     Iteration:      63, Coverage: 0.067138  searchobserver.py:83
[05:17:01] INFO     Iteration:      64, Coverage: 0.067138  searchobserver.py:83
           INFO     Iteration:      65, Coverage: 0.067138  searchobserver.py:83
[05:17:02] INFO     Iteration:      66, Coverage: 0.067138  searchobserver.py:83
           INFO     Iteration:      67, Coverage: 0.067138  searchobserver.py:83
[05:17:03] INFO     Iteration:      68, Coverage: 0.067138  searchobserver.py:83
           INFO     Iteration:      69, Coverage: 0.067138  searchobserver.py:83
[05:17:04] INFO     Iteration:      70, Coverage: 0.067138  searchobserver.py:83
           INFO     Iteration:      71, Coverage: 0.067138  searchobserver.py:83
[05:17:05] INFO     Iteration:      72, Coverage: 0.067138  searchobserver.py:83
           INFO     Iteration:      73, Coverage: 0.067138  searchobserver.py:83
[05:17:06] INFO     Iteration:      74, Coverage: 0.067138  searchobserver.py:83
           INFO     Iteration:      75, Coverage: 0.067138  searchobserver.py:83
           INFO     Iteration:      76, Coverage: 0.067138  searchobserver.py:83
[05:17:07] INFO     Iteration:      77, Coverage: 0.067138  searchobserver.py:83
[05:17:08] INFO     Iteration:      78, Coverage: 0.067138  searchobserver.py:83
           INFO     Iteration:      79, Coverage: 0.067138  searchobserver.py:83
           INFO     Iteration:      80, Coverage: 0.067138  searchobserver.py:83
[05:17:09] INFO     Iteration:      81, Coverage: 0.067138  searchobserver.py:83
[05:17:10] INFO     Iteration:      82, Coverage: 0.067138  searchobserver.py:83
           INFO     Iteration:      83, Coverage: 0.067138  searchobserver.py:83
[05:17:11] INFO     Iteration:      84, Coverage: 0.067138  searchobserver.py:83
           INFO     Iteration:      85, Coverage: 0.067138  searchobserver.py:83
[05:17:12] INFO     Iteration:      86, Coverage: 0.067138  searchobserver.py:83
           INFO     Iteration:      87, Coverage: 0.067138  searchobserver.py:83
           INFO     Iteration:      88, Coverage: 0.067138  searchobserver.py:83
Exception ignored in: <function _TemporaryFileCloser.__del__ at 0x7f3ed4816320>
Traceback (most recent call last):
  File "/opt/conda/lib/python3.10/tempfile.py", line 466, in __del__
    self.close()
  File "/opt/conda/lib/python3.10/tempfile.py", line 462, in close
    unlink(self.name)
TypeError: unlink: path should be string, bytes or os.PathLike, not FileDownloader
[05:17:13] INFO     Iteration:      89, Coverage: 0.067138  searchobserver.py:83
[05:17:14] INFO     Iteration:      90, Coverage: 0.074205  searchobserver.py:83
           INFO     Iteration:      91, Coverage: 0.074205  searchobserver.py:83
[05:17:15] INFO     Iteration:      92, Coverage: 0.074205  searchobserver.py:83
           INFO     Iteration:      93, Coverage: 0.077739  searchobserver.py:83
[05:17:16] INFO     Iteration:      94, Coverage: 0.077739  searchobserver.py:83
           INFO     Iteration:      95, Coverage: 0.077739  searchobserver.py:83
[05:17:17] INFO     Iteration:      96, Coverage: 0.077739  searchobserver.py:83
           INFO     Iteration:      97, Coverage: 0.077739  searchobserver.py:83
[05:17:18] INFO     Iteration:      98, Coverage: 0.077739  searchobserver.py:83
           INFO     Iteration:      99, Coverage: 0.077739  searchobserver.py:83
[05:17:19] INFO     Iteration:     100, Coverage: 0.077739  searchobserver.py:83
           INFO     Iteration:     101, Coverage: 0.077739  searchobserver.py:83
[05:17:20] INFO     Iteration:     102, Coverage: 0.077739  searchobserver.py:83
           INFO     Iteration:     103, Coverage: 0.077739  searchobserver.py:83
[05:17:21] INFO     Iteration:     104, Coverage: 0.081272  searchobserver.py:83
           INFO     Iteration:     105, Coverage: 0.081272  searchobserver.py:83
[05:17:22] INFO     Iteration:     106, Coverage: 0.081272  searchobserver.py:83
           INFO     Iteration:     107, Coverage: 0.081272  searchobserver.py:83
[05:17:23] INFO     Iteration:     108, Coverage: 0.081272  searchobserver.py:83
           INFO     Iteration:     109, Coverage: 0.081272  searchobserver.py:83
[05:17:24] INFO     Iteration:     110, Coverage: 0.081272  searchobserver.py:83
           INFO     Iteration:     111, Coverage: 0.088339  searchobserver.py:83
[05:17:25] INFO     Iteration:     112, Coverage: 0.088339  searchobserver.py:83
           INFO     Iteration:     113, Coverage: 0.091873  searchobserver.py:83
[05:17:26] INFO     Iteration:     114, Coverage: 0.091873  searchobserver.py:83
           INFO     Iteration:     115, Coverage: 0.091873  searchobserver.py:83
[05:17:27] INFO     Iteration:     116, Coverage: 0.091873  searchobserver.py:83
           INFO     Iteration:     117, Coverage: 0.095406  searchobserver.py:83
[05:17:28] INFO     Iteration:     118, Coverage: 0.095406  searchobserver.py:83
[05:17:29] INFO     Iteration:     119, Coverage: 0.095406  searchobserver.py:83
           INFO     Iteration:     120, Coverage: 0.095406  searchobserver.py:83
[05:17:30] INFO     Iteration:     121, Coverage: 0.098940  searchobserver.py:83
           INFO     Iteration:     122, Coverage: 0.098940  searchobserver.py:83
[05:17:31] INFO     Iteration:     123, Coverage: 0.098940  searchobserver.py:83
           INFO     Iteration:     124, Coverage: 0.098940  searchobserver.py:83
[05:17:32] INFO     Iteration:     125, Coverage: 0.098940  searchobserver.py:83
           INFO     Iteration:     126, Coverage: 0.102473  searchobserver.py:83
[05:17:33] INFO     Iteration:     127, Coverage: 0.102473  searchobserver.py:83
           INFO     Iteration:     128, Coverage: 0.102473  searchobserver.py:83
[05:17:34] INFO     Iteration:     129, Coverage: 0.102473  searchobserver.py:83
           INFO     Iteration:     130, Coverage: 0.102473  searchobserver.py:83
[05:17:35] INFO     Iteration:     131, Coverage: 0.102473  searchobserver.py:83
           INFO     Iteration:     132, Coverage: 0.102473  searchobserver.py:83
[05:17:36] INFO     Iteration:     133, Coverage: 0.102473  searchobserver.py:83
           INFO     Iteration:     134, Coverage: 0.102473  searchobserver.py:83
[05:17:37] INFO     Iteration:     135, Coverage: 0.102473  searchobserver.py:83
           INFO     Iteration:     136, Coverage: 0.102473  searchobserver.py:83
[05:17:38] INFO     Iteration:     137, Coverage: 0.102473  searchobserver.py:83
           INFO     Iteration:     138, Coverage: 0.102473  searchobserver.py:83
[05:17:39] INFO     Iteration:     139, Coverage: 0.102473  searchobserver.py:83
           INFO     Iteration:     140, Coverage: 0.102473  searchobserver.py:83
[05:17:40] INFO     Iteration:     141, Coverage: 0.102473  searchobserver.py:83
           INFO     Iteration:     142, Coverage: 0.102473  searchobserver.py:83
[05:17:41] INFO     Iteration:     143, Coverage: 0.102473  searchobserver.py:83
           INFO     Iteration:     144, Coverage: 0.102473  searchobserver.py:83
[05:17:42] INFO     Iteration:     145, Coverage: 0.102473  searchobserver.py:83
           INFO     Iteration:     146, Coverage: 0.102473  searchobserver.py:83
[05:17:43] INFO     Iteration:     147, Coverage: 0.102473  searchobserver.py:83
           INFO     Iteration:     148, Coverage: 0.102473  searchobserver.py:83
[05:17:44] INFO     Iteration:     149, Coverage: 0.102473  searchobserver.py:83
           INFO     Iteration:     150, Coverage: 0.102473  searchobserver.py:83
[05:17:45] INFO     Iteration:     151, Coverage: 0.102473  searchobserver.py:83
           INFO     Iteration:     152, Coverage: 0.102473  searchobserver.py:83
[05:17:46] INFO     Iteration:     153, Coverage: 0.102473  searchobserver.py:83
[05:17:47] INFO     Iteration:     154, Coverage: 0.102473  searchobserver.py:83
           INFO     Iteration:     155, Coverage: 0.102473  searchobserver.py:83
[05:17:48] INFO     Iteration:     156, Coverage: 0.102473  searchobserver.py:83
           INFO     Iteration:     157, Coverage: 0.102473  searchobserver.py:83
[05:17:49] INFO     Iteration:     158, Coverage: 0.102473  searchobserver.py:83
           INFO     Iteration:     159, Coverage: 0.102473  searchobserver.py:83
[05:17:50] INFO     Iteration:     160, Coverage: 0.102473  searchobserver.py:83
           INFO     Iteration:     161, Coverage: 0.102473  searchobserver.py:83
[05:17:51] INFO     Iteration:     162, Coverage: 0.102473  searchobserver.py:83
           INFO     Iteration:     163, Coverage: 0.102473  searchobserver.py:83
[05:17:52] INFO     Iteration:     164, Coverage: 0.102473  searchobserver.py:83
           INFO     Iteration:     165, Coverage: 0.102473  searchobserver.py:83
[05:17:53] INFO     Iteration:     166, Coverage: 0.102473  searchobserver.py:83
[05:17:54] INFO     Iteration:     167, Coverage: 0.102473  searchobserver.py:83
           INFO     Iteration:     168, Coverage: 0.102473  searchobserver.py:83
[05:17:55] INFO     Iteration:     169, Coverage: 0.102473  searchobserver.py:83
           INFO     Iteration:     170, Coverage: 0.102473  searchobserver.py:83
[05:17:56] INFO     Iteration:     171, Coverage: 0.102473  searchobserver.py:83
           INFO     Iteration:     172, Coverage: 0.102473  searchobserver.py:83
[05:17:57] INFO     Iteration:     173, Coverage: 0.102473  searchobserver.py:83
[05:17:58] INFO     Iteration:     174, Coverage: 0.102473  searchobserver.py:83
           INFO     Iteration:     175, Coverage: 0.102473  searchobserver.py:83
[05:17:59] INFO     Iteration:     176, Coverage: 0.102473  searchobserver.py:83
           INFO     Iteration:     177, Coverage: 0.102473  searchobserver.py:83
[05:18:00] INFO     Iteration:     178, Coverage: 0.102473  searchobserver.py:83
[05:18:01] INFO     Iteration:     179, Coverage: 0.102473  searchobserver.py:83
           INFO     Iteration:     180, Coverage: 0.102473  searchobserver.py:83
[05:18:02] INFO     Iteration:     181, Coverage: 0.102473  searchobserver.py:83
           INFO     Iteration:     182, Coverage: 0.102473  searchobserver.py:83
           INFO     Iteration:     183, Coverage: 0.102473  searchobserver.py:83
[05:18:03] INFO     Iteration:     184, Coverage: 0.102473  searchobserver.py:83
[05:18:04] INFO     Iteration:     185, Coverage: 0.102473  searchobserver.py:83
           INFO     Iteration:     186, Coverage: 0.102473  searchobserver.py:83
           INFO     Iteration:     187, Coverage: 0.102473  searchobserver.py:83
[05:18:05] INFO     Iteration:     188, Coverage: 0.102473  searchobserver.py:83
[05:18:06] INFO     Iteration:     189, Coverage: 0.102473  searchobserver.py:83
           INFO     Iteration:     190, Coverage: 0.102473  searchobserver.py:83
           INFO     Iteration:     191, Coverage: 0.102473  searchobserver.py:83
[05:18:07] INFO     Iteration:     192, Coverage: 0.102473  searchobserver.py:83
           INFO     Iteration:     193, Coverage: 0.102473  searchobserver.py:83
[05:18:08] INFO     Iteration:     194, Coverage: 0.102473  searchobserver.py:83
[05:18:09] INFO     Iteration:     195, Coverage: 0.102473  searchobserver.py:83
           INFO     Iteration:     196, Coverage: 0.102473  searchobserver.py:83
[05:18:10] INFO     Iteration:     197, Coverage: 0.102473  searchobserver.py:83
           INFO     Iteration:     198, Coverage: 0.102473  searchobserver.py:83
[05:18:11] INFO     Iteration:     199, Coverage: 0.102473  searchobserver.py:83
[05:18:12] INFO     Iteration:     200, Coverage: 0.102473  searchobserver.py:83
           INFO     Iteration:     201, Coverage: 0.102473  searchobserver.py:83
           INFO     Iteration:     202, Coverage: 0.102473  searchobserver.py:83
[05:18:13] INFO     Iteration:     203, Coverage: 0.102473  searchobserver.py:83
           INFO     Iteration:     204, Coverage: 0.106007  searchobserver.py:83
Exception ignored in: <function _TemporaryFileCloser.__del__ at 0x7f3ed4816320>
Traceback (most recent call last):
  File "/opt/conda/lib/python3.10/tempfile.py", line 466, in __del__
    self.close()
  File "/opt/conda/lib/python3.10/tempfile.py", line 459, in close
    self.file.close()
AttributeError: 'FileDownloader' object has no attribute 'close'
[05:18:14] INFO     Iteration:     205, Coverage: 0.106007  searchobserver.py:83
[05:18:15] INFO     Iteration:     206, Coverage: 0.106007  searchobserver.py:83
           INFO     Iteration:     207, Coverage: 0.106007  searchobserver.py:83
           INFO     Iteration:     208, Coverage: 0.106007  searchobserver.py:83
[05:18:16] INFO     Iteration:     209, Coverage: 0.106007  searchobserver.py:83
[05:18:17] INFO     Iteration:     210, Coverage: 0.106007  searchobserver.py:83
           INFO     Iteration:     211, Coverage: 0.106007  searchobserver.py:83
[05:18:18] INFO     Iteration:     212, Coverage: 0.106007  searchobserver.py:83
           INFO     Iteration:     213, Coverage: 0.106007  searchobserver.py:83
[05:18:19] INFO     Iteration:     214, Coverage: 0.106007  searchobserver.py:83
Exception ignored in: <function _TemporaryFileCloser.__del__ at 0x7f3ed4816320>
Traceback (most recent call last):
  File "/opt/conda/lib/python3.10/tempfile.py", line 466, in __del__
    self.close()
  File "/opt/conda/lib/python3.10/tempfile.py", line 462, in close
    unlink(self.name)
TypeError: unlink: path should be string, bytes or os.PathLike, not NoneType
[05:18:20] INFO     Iteration:     215, Coverage: 0.106007  searchobserver.py:83
           INFO     Iteration:     216, Coverage: 0.106007  searchobserver.py:83
[05:18:21] INFO     Iteration:     217, Coverage: 0.106007  searchobserver.py:83
           INFO     Iteration:     218, Coverage: 0.106007  searchobserver.py:83
[05:18:22] INFO     Iteration:     219, Coverage: 0.106007  searchobserver.py:83
           INFO     Iteration:     220, Coverage: 0.106007  searchobserver.py:83
[05:18:23] INFO     Iteration:     221, Coverage: 0.106007  searchobserver.py:83
           INFO     Iteration:     222, Coverage: 0.106007  searchobserver.py:83
[05:18:24] INFO     Iteration:     223, Coverage: 0.106007  searchobserver.py:83
           INFO     Iteration:     224, Coverage: 0.106007  searchobserver.py:83
[05:18:25] INFO     Iteration:     225, Coverage: 0.106007  searchobserver.py:83
           INFO     Iteration:     226, Coverage: 0.106007  searchobserver.py:83
[05:18:26] INFO     Iteration:     227, Coverage: 0.106007  searchobserver.py:83
[05:18:27] INFO     Iteration:     228, Coverage: 0.106007  searchobserver.py:83
[05:18:33] INFO     Iteration:     229, Coverage: 0.106007  searchobserver.py:83
[05:18:34] INFO     Iteration:     230, Coverage: 0.106007  searchobserver.py:83
[05:18:36] INFO     Iteration:     231, Coverage: 0.106007  searchobserver.py:83
[05:18:37] INFO     Iteration:     232, Coverage: 0.106007  searchobserver.py:83
[05:18:38] INFO     Iteration:     233, Coverage: 0.106007  searchobserver.py:83
[05:18:40] INFO     Iteration:     234, Coverage: 0.106007  searchobserver.py:83
[05:18:41] INFO     Iteration:     235, Coverage: 0.106007  searchobserver.py:83
[05:18:42] INFO     Iteration:     236, Coverage: 0.106007  searchobserver.py:83
[05:18:44] INFO     Iteration:     237, Coverage: 0.106007  searchobserver.py:83
[05:18:45] INFO     Iteration:     238, Coverage: 0.106007  searchobserver.py:83
[05:18:47] INFO     Iteration:     239, Coverage: 0.106007  searchobserver.py:83
[05:18:48] INFO     Iteration:     240, Coverage: 0.106007  searchobserver.py:83
[05:18:50] INFO     Iteration:     241, Coverage: 0.106007  searchobserver.py:83
[05:18:52] INFO     Iteration:     242, Coverage: 0.106007  searchobserver.py:83
[05:18:53] INFO     Iteration:     243, Coverage: 0.106007  searchobserver.py:83
[05:18:54] INFO     Iteration:     244, Coverage: 0.106007  searchobserver.py:83
[05:18:56] INFO     Iteration:     245, Coverage: 0.106007  searchobserver.py:83
[05:18:58] INFO     Iteration:     246, Coverage: 0.106007  searchobserver.py:83
[05:18:59] INFO     Iteration:     247, Coverage: 0.106007  searchobserver.py:83
[05:19:01] INFO     Iteration:     248, Coverage: 0.106007  searchobserver.py:83
[05:19:03] INFO     Iteration:     249, Coverage: 0.106007  searchobserver.py:83
           INFO     Iteration:     250, Coverage: 0.106007  searchobserver.py:83
[05:19:06] INFO     Iteration:     251, Coverage: 0.106007  searchobserver.py:83
[05:19:07] INFO     Iteration:     252, Coverage: 0.106007  searchobserver.py:83
[05:19:09] INFO     Iteration:     253, Coverage: 0.106007  searchobserver.py:83
[05:19:11] INFO     Iteration:     254, Coverage: 0.106007  searchobserver.py:83
[05:19:12] INFO     Iteration:     255, Coverage: 0.106007  searchobserver.py:83
[05:19:14] INFO     Iteration:     256, Coverage: 0.106007  searchobserver.py:83
[05:19:16] INFO     Iteration:     257, Coverage: 0.106007  searchobserver.py:83
[05:19:17] INFO     Iteration:     258, Coverage: 0.106007  searchobserver.py:83
[05:19:19] INFO     Iteration:     259, Coverage: 0.106007  searchobserver.py:83
[05:19:21] INFO     Iteration:     260, Coverage: 0.106007  searchobserver.py:83
[05:19:22] INFO     Iteration:     261, Coverage: 0.106007  searchobserver.py:83
[05:19:24] INFO     Iteration:     262, Coverage: 0.106007  searchobserver.py:83
[05:19:26] INFO     Iteration:     263, Coverage: 0.106007  searchobserver.py:83
           INFO     Iteration:     264, Coverage: 0.106007  searchobserver.py:83
[05:19:28] INFO     Iteration:     265, Coverage: 0.106007  searchobserver.py:83
[05:19:29] INFO     Iteration:     266, Coverage: 0.106007  searchobserver.py:83
[05:19:31] INFO     Iteration:     267, Coverage: 0.106007  searchobserver.py:83
[05:19:34] INFO     Iteration:     268, Coverage: 0.106007  searchobserver.py:83
[05:19:36] INFO     Iteration:     269, Coverage: 0.106007  searchobserver.py:83
[05:19:38] INFO     Iteration:     270, Coverage: 0.106007  searchobserver.py:83
[05:19:39] INFO     Iteration:     271, Coverage: 0.106007  searchobserver.py:83
[05:19:40] INFO     Iteration:     272, Coverage: 0.106007  searchobserver.py:83
[05:19:42] INFO     Iteration:     273, Coverage: 0.106007  searchobserver.py:83
[05:19:44] INFO     Iteration:     274, Coverage: 0.106007  searchobserver.py:83
[05:19:46] INFO     Iteration:     275, Coverage: 0.106007  searchobserver.py:83
[05:19:48] INFO     Iteration:     276, Coverage: 0.106007  searchobserver.py:83
[05:19:49] INFO     Iteration:     277, Coverage: 0.106007  searchobserver.py:83
[05:19:50] INFO     Iteration:     278, Coverage: 0.106007  searchobserver.py:83
[05:19:52] INFO     Iteration:     279, Coverage: 0.106007  searchobserver.py:83
[05:19:55] INFO     Iteration:     280, Coverage: 0.106007  searchobserver.py:83
[05:19:57] INFO     Iteration:     281, Coverage: 0.106007  searchobserver.py:83
Exception ignored in: <function _TemporaryFileCloser.__del__ at 0x7f3ed4816320>
Traceback (most recent call last):
  File "/opt/conda/lib/python3.10/tempfile.py", line 466, in __del__
    self.close()
  File "/opt/conda/lib/python3.10/tempfile.py", line 459, in close
    self.file.close()
AttributeError: 'str' object has no attribute 'close'
[05:19:58] INFO     Iteration:     282, Coverage: 0.106007  searchobserver.py:83
[05:20:00] INFO     Iteration:     283, Coverage: 0.106007  searchobserver.py:83
[05:20:02] INFO     Iteration:     284, Coverage: 0.106007  searchobserver.py:83
[05:20:04] INFO     Iteration:     285, Coverage: 0.106007  searchobserver.py:83
           INFO     Iteration:     286, Coverage: 0.106007  searchobserver.py:83
Exception ignored in: <function _TemporaryFileCloser.__del__ at 0x7f3ed4816320>
Traceback (most recent call last):
  File "/opt/conda/lib/python3.10/tempfile.py", line 466, in __del__
    self.close()
  File "/opt/conda/lib/python3.10/tempfile.py", line 459, in close
    self.file.close()
AttributeError: 'FileDownloader' object has no attribute 'close'
[05:20:06] INFO     Iteration:     287, Coverage: 0.106007  searchobserver.py:83
[05:20:08] INFO     Iteration:     288, Coverage: 0.106007  searchobserver.py:83
[05:20:10] INFO     Iteration:     289, Coverage: 0.106007  searchobserver.py:83
[05:20:11] INFO     Iteration:     290, Coverage: 0.109541  searchobserver.py:83
[05:20:13] INFO     Iteration:     291, Coverage: 0.113074  searchobserver.py:83
[05:20:14] INFO     Iteration:     292, Coverage: 0.113074  searchobserver.py:83
[05:20:16] INFO     Iteration:     293, Coverage: 0.113074  searchobserver.py:83
[05:20:18] INFO     Iteration:     294, Coverage: 0.113074  searchobserver.py:83
[05:20:20] INFO     Iteration:     295, Coverage: 0.113074  searchobserver.py:83
Exception ignored in: <function _TemporaryFileCloser.__del__ at 0x7f3ed4816320>
Traceback (most recent call last):
  File "/opt/conda/lib/python3.10/tempfile.py", line 466, in __del__
    self.close()
  File "/opt/conda/lib/python3.10/tempfile.py", line 459, in close
    self.file.close()
AttributeError: 'FileDownloader' object has no attribute 'close'
[05:20:23] INFO     Iteration:     296, Coverage: 0.113074  searchobserver.py:83
[05:20:25] INFO     Iteration:     297, Coverage: 0.113074  searchobserver.py:83
[05:20:27] INFO     Iteration:     298, Coverage: 0.113074  searchobserver.py:83
[05:20:29] INFO     Iteration:     299, Coverage: 0.113074  searchobserver.py:83
[05:20:30] INFO     Iteration:     300, Coverage: 0.113074  searchobserver.py:83
[05:20:32] INFO     Iteration:     301, Coverage: 0.113074  searchobserver.py:83
Exception ignored in: <function _TemporaryFileCloser.__del__ at 0x7f3ed4816320>
Traceback (most recent call last):
  File "/opt/conda/lib/python3.10/tempfile.py", line 466, in __del__
    self.close()
  File "/opt/conda/lib/python3.10/tempfile.py", line 459, in close
    self.file.close()
AttributeError: 'tuple' object has no attribute 'close'
[05:20:34] INFO     Iteration:     302, Coverage: 0.113074  searchobserver.py:83
[05:20:36] INFO     Iteration:     303, Coverage: 0.113074  searchobserver.py:83
[05:20:38] INFO     Iteration:     304, Coverage: 0.113074  searchobserver.py:83
[05:20:40] INFO     Iteration:     305, Coverage: 0.113074  searchobserver.py:83
[05:20:41] INFO     Iteration:     306, Coverage: 0.113074  searchobserver.py:83
[05:20:43] INFO     Iteration:     307, Coverage: 0.113074  searchobserver.py:83
[05:20:45] INFO     Iteration:     308, Coverage: 0.113074  searchobserver.py:83
[05:20:47] INFO     Iteration:     309, Coverage: 0.113074  searchobserver.py:83
[05:20:49] INFO     Iteration:     310, Coverage: 0.113074  searchobserver.py:83
[05:20:51] INFO     Iteration:     311, Coverage: 0.113074  searchobserver.py:83
[05:20:53] INFO     Iteration:     312, Coverage: 0.113074  searchobserver.py:83
[05:20:54] INFO     Iteration:     313, Coverage: 0.113074  searchobserver.py:83
[05:20:56] INFO     Iteration:     314, Coverage: 0.113074  searchobserver.py:83
[05:21:00] INFO     Iteration:     315, Coverage: 0.113074  searchobserver.py:83
[05:21:02] INFO     Iteration:     316, Coverage: 0.113074  searchobserver.py:83
[05:21:04] INFO     Iteration:     317, Coverage: 0.113074  searchobserver.py:83
[05:21:06] INFO     Iteration:     318, Coverage: 0.113074  searchobserver.py:83
[05:21:08] INFO     Iteration:     319, Coverage: 0.113074  searchobserver.py:83
[05:21:10] INFO     Iteration:     320, Coverage: 0.113074  searchobserver.py:83
[05:21:12] INFO     Iteration:     321, Coverage: 0.113074  searchobserver.py:83
[05:21:15] INFO     Iteration:     322, Coverage: 0.113074  searchobserver.py:83
[05:21:17] INFO     Iteration:     323, Coverage: 0.113074  searchobserver.py:83
[05:21:18] INFO     Iteration:     324, Coverage: 0.113074  searchobserver.py:83
[05:21:20] INFO     Iteration:     325, Coverage: 0.113074  searchobserver.py:83
[05:21:22] INFO     Iteration:     326, Coverage: 0.113074  searchobserver.py:83
[05:21:24] INFO     Iteration:     327, Coverage: 0.113074  searchobserver.py:83
[05:21:27] INFO     Iteration:     328, Coverage: 0.113074  searchobserver.py:83
[05:21:29] INFO     Iteration:     329, Coverage: 0.113074  searchobserver.py:83
[05:21:31] INFO     Iteration:     330, Coverage: 0.113074  searchobserver.py:83
[05:21:34] INFO     Iteration:     331, Coverage: 0.113074  searchobserver.py:83
           INFO     Stopping condition reached                  generator.py:531
           INFO     Used search time: 301/300                   generator.py:533
           INFO     Stop generating test cases                  generator.py:534
           INFO     Start generating assertions                 generator.py:664
           INFO     Setup mutation generator                    generator.py:637
           INFO     Import module FileDownloader                generator.py:640
           INFO     Build AST for FileDownloader                generator.py:643
           INFO     Mutate module FileDownloader                generator.py:648
[05:21:36] INFO     Generated 862 mutants                       generator.py:657
[05:21:40] INFO     Running tests on mutant   1/862    assertiongenerator.py:346
[05:21:41] INFO     Running tests on mutant   2/862    assertiongenerator.py:346
           INFO     Running tests on mutant   3/862    assertiongenerator.py:346
[05:21:42] INFO     Running tests on mutant   4/862    assertiongenerator.py:346
[05:21:45] INFO     Running tests on mutant   5/862    assertiongenerator.py:346
[05:21:47] INFO     Running tests on mutant   6/862    assertiongenerator.py:346
[05:21:48] INFO     Running tests on mutant   7/862    assertiongenerator.py:346
[05:21:49] INFO     Running tests on mutant   8/862    assertiongenerator.py:346
           INFO     Running tests on mutant   9/862    assertiongenerator.py:346
[05:21:50] INFO     Running tests on mutant  10/862    assertiongenerator.py:346
[05:21:51] INFO     Running tests on mutant  11/862    assertiongenerator.py:346
           INFO     Running tests on mutant  12/862    assertiongenerator.py:346
[05:21:52] INFO     Running tests on mutant  13/862    assertiongenerator.py:346
[05:21:53] INFO     Running tests on mutant  14/862    assertiongenerator.py:346
[05:21:54] INFO     Running tests on mutant  15/862    assertiongenerator.py:346
[05:21:56] INFO     Running tests on mutant  16/862    assertiongenerator.py:346
           INFO     Running tests on mutant  17/862    assertiongenerator.py:346
[05:21:57] INFO     Running tests on mutant  18/862    assertiongenerator.py:346
[05:21:58] INFO     Running tests on mutant  19/862    assertiongenerator.py:346
[05:21:59] INFO     Running tests on mutant  20/862    assertiongenerator.py:346
           INFO     Running tests on mutant  21/862    assertiongenerator.py:346
[05:22:00] INFO     Running tests on mutant  22/862    assertiongenerator.py:346
[05:22:01] INFO     Running tests on mutant  23/862    assertiongenerator.py:346
[05:22:02] INFO     Running tests on mutant  24/862    assertiongenerator.py:346
           INFO     Running tests on mutant  25/862    assertiongenerator.py:346
[05:22:03] INFO     Running tests on mutant  26/862    assertiongenerator.py:346
[05:22:05] INFO     Running tests on mutant  27/862    assertiongenerator.py:346
[05:22:06] INFO     Running tests on mutant  28/862    assertiongenerator.py:346
           INFO     Running tests on mutant  29/862    assertiongenerator.py:346
[05:22:07] INFO     Running tests on mutant  30/862    assertiongenerator.py:346
[05:22:08] INFO     Running tests on mutant  31/862    assertiongenerator.py:346
[05:22:09] INFO     Running tests on mutant  32/862    assertiongenerator.py:346
           INFO     Running tests on mutant  33/862    assertiongenerator.py:346
[05:22:10] INFO     Running tests on mutant  34/862    assertiongenerator.py:346
[05:22:11] INFO     Running tests on mutant  35/862    assertiongenerator.py:346
[05:22:12] INFO     Running tests on mutant  36/862    assertiongenerator.py:346
           INFO     Running tests on mutant  37/862    assertiongenerator.py:346
[05:22:15] INFO     Running tests on mutant  38/862    assertiongenerator.py:346
           INFO     Running tests on mutant  39/862    assertiongenerator.py:346
[05:22:16] INFO     Running tests on mutant  40/862    assertiongenerator.py:346
[05:22:17] INFO     Running tests on mutant  41/862    assertiongenerator.py:346
           INFO     Running tests on mutant  42/862    assertiongenerator.py:346
[05:22:18] INFO     Running tests on mutant  43/862    assertiongenerator.py:346
[05:22:19] INFO     Running tests on mutant  44/862    assertiongenerator.py:346
[05:22:20] INFO     Running tests on mutant  45/862    assertiongenerator.py:346
           INFO     Running tests on mutant  46/862    assertiongenerator.py:346
[05:22:21] INFO     Running tests on mutant  47/862    assertiongenerator.py:346
[05:22:23] INFO     Running tests on mutant  48/862    assertiongenerator.py:346
[05:22:27] INFO     Running tests on mutant  49/862    assertiongenerator.py:346
[05:22:28] INFO     Running tests on mutant  50/862    assertiongenerator.py:346
           INFO     Running tests on mutant  51/862    assertiongenerator.py:346
[05:22:29] INFO     Running tests on mutant  52/862    assertiongenerator.py:346
[05:22:30] INFO     Running tests on mutant  53/862    assertiongenerator.py:346
[05:22:31] INFO     Running tests on mutant  54/862    assertiongenerator.py:346
           INFO     Running tests on mutant  55/862    assertiongenerator.py:346
[05:22:32] INFO     Running tests on mutant  56/862    assertiongenerator.py:346
[05:22:33] INFO     Running tests on mutant  57/862    assertiongenerator.py:346
[05:22:34] INFO     Running tests on mutant  58/862    assertiongenerator.py:346
           INFO     Running tests on mutant  59/862    assertiongenerator.py:346
[05:22:36] INFO     Running tests on mutant  60/862    assertiongenerator.py:346
[05:22:37] INFO     Running tests on mutant  61/862    assertiongenerator.py:346
[05:22:38] INFO     Running tests on mutant  62/862    assertiongenerator.py:346
[05:22:39] INFO     Running tests on mutant  63/862    assertiongenerator.py:346
           INFO     Running tests on mutant  64/862    assertiongenerator.py:346
[05:22:40] INFO     Running tests on mutant  65/862    assertiongenerator.py:346
[05:22:41] INFO     Running tests on mutant  66/862    assertiongenerator.py:346
           INFO     Running tests on mutant  67/862    assertiongenerator.py:346
[05:22:42] INFO     Running tests on mutant  68/862    assertiongenerator.py:346
[05:22:43] INFO     Running tests on mutant  69/862    assertiongenerator.py:346
           INFO     Running tests on mutant  70/862    assertiongenerator.py:346
[05:22:46] INFO     Running tests on mutant  71/862    assertiongenerator.py:346
           INFO     Running tests on mutant  72/862    assertiongenerator.py:346
[05:22:47] INFO     Running tests on mutant  73/862    assertiongenerator.py:346
[05:22:48] INFO     Running tests on mutant  74/862    assertiongenerator.py:346
[05:22:49] INFO     Running tests on mutant  75/862    assertiongenerator.py:346
           INFO     Running tests on mutant  76/862    assertiongenerator.py:346
[05:22:50] INFO     Running tests on mutant  77/862    assertiongenerator.py:346
[05:22:51] INFO     Running tests on mutant  78/862    assertiongenerator.py:346
[05:22:52] INFO     Running tests on mutant  79/862    assertiongenerator.py:346
           INFO     Running tests on mutant  80/862    assertiongenerator.py:346
[05:22:53] INFO     Running tests on mutant  81/862    assertiongenerator.py:346
[05:22:56] INFO     Running tests on mutant  82/862    assertiongenerator.py:346
           INFO     Running tests on mutant  83/862    assertiongenerator.py:346
[05:22:57] INFO     Running tests on mutant  84/862    assertiongenerator.py:346
[05:22:58] INFO     Running tests on mutant  85/862    assertiongenerator.py:346
           INFO     Running tests on mutant  86/862    assertiongenerator.py:346
[05:22:59] INFO     Running tests on mutant  87/862    assertiongenerator.py:346
[05:23:00] INFO     Running tests on mutant  88/862    assertiongenerator.py:346
[05:23:01] INFO     Running tests on mutant  89/862    assertiongenerator.py:346
           INFO     Running tests on mutant  90/862    assertiongenerator.py:346
[05:23:02] INFO     Running tests on mutant  91/862    assertiongenerator.py:346
[05:23:03] INFO     Running tests on mutant  92/862    assertiongenerator.py:346
[05:23:04] INFO     Running tests on mutant  93/862    assertiongenerator.py:346
[05:23:06] INFO     Running tests on mutant  94/862    assertiongenerator.py:346
[05:23:07] INFO     Running tests on mutant  95/862    assertiongenerator.py:346
           INFO     Running tests on mutant  96/862    assertiongenerator.py:346
[05:23:08] INFO     Running tests on mutant  97/862    assertiongenerator.py:346
[05:23:09] INFO     Running tests on mutant  98/862    assertiongenerator.py:346
           INFO     Running tests on mutant  99/862    assertiongenerator.py:346
[05:23:10] INFO     Running tests on mutant 100/862    assertiongenerator.py:346
[05:23:11] INFO     Running tests on mutant 101/862    assertiongenerator.py:346
[05:23:12] INFO     Running tests on mutant 102/862    assertiongenerator.py:346
           INFO     Running tests on mutant 103/862    assertiongenerator.py:346
[05:23:13] INFO     Running tests on mutant 104/862    assertiongenerator.py:346
[05:23:17] INFO     Running tests on mutant 105/862    assertiongenerator.py:346
[05:23:21] INFO     Running tests on mutant 106/862    assertiongenerator.py:346
[05:23:22] INFO     Running tests on mutant 107/862    assertiongenerator.py:346
           INFO     Running tests on mutant 108/862    assertiongenerator.py:346
[05:23:23] INFO     Running tests on mutant 109/862    assertiongenerator.py:346
[05:23:24] INFO     Running tests on mutant 110/862    assertiongenerator.py:346
[05:23:25] INFO     Running tests on mutant 111/862    assertiongenerator.py:346
           INFO     Running tests on mutant 112/862    assertiongenerator.py:346
[05:23:26] INFO     Running tests on mutant 113/862    assertiongenerator.py:346
[05:23:27] INFO     Running tests on mutant 114/862    assertiongenerator.py:346
[05:23:28] INFO     Running tests on mutant 115/862    assertiongenerator.py:346
           INFO     Running tests on mutant 116/862    assertiongenerator.py:346
[05:23:29] INFO     Running tests on mutant 117/862    assertiongenerator.py:346
[05:23:30] INFO     Running tests on mutant 118/862    assertiongenerator.py:346
[05:23:33] INFO     Running tests on mutant 119/862    assertiongenerator.py:346
           INFO     Running tests on mutant 120/862    assertiongenerator.py:346
[05:23:34] INFO     Running tests on mutant 121/862    assertiongenerator.py:346
[05:23:35] INFO     Running tests on mutant 122/862    assertiongenerator.py:346
           INFO     Running tests on mutant 123/862    assertiongenerator.py:346
[05:23:36] INFO     Running tests on mutant 124/862    assertiongenerator.py:346
[05:23:37] INFO     Running tests on mutant 125/862    assertiongenerator.py:346
[05:23:38] INFO     Running tests on mutant 126/862    assertiongenerator.py:346
           INFO     Running tests on mutant 127/862    assertiongenerator.py:346
[05:23:39] INFO     Running tests on mutant 128/862    assertiongenerator.py:346
[05:23:40] INFO     Running tests on mutant 129/862    assertiongenerator.py:346
[05:23:41] INFO     Running tests on mutant 130/862    assertiongenerator.py:346
[05:23:43] INFO     Running tests on mutant 131/862    assertiongenerator.py:346
[05:23:44] INFO     Running tests on mutant 132/862    assertiongenerator.py:346
[05:23:45] INFO     Running tests on mutant 133/862    assertiongenerator.py:346
[05:23:46] INFO     Running tests on mutant 134/862    assertiongenerator.py:346
           INFO     Running tests on mutant 135/862    assertiongenerator.py:346
[05:23:47] INFO     Running tests on mutant 136/862    assertiongenerator.py:346
[05:23:48] INFO     Running tests on mutant 137/862    assertiongenerator.py:346
[05:23:49] INFO     Running tests on mutant 138/862    assertiongenerator.py:346
           INFO     Running tests on mutant 139/862    assertiongenerator.py:346
[05:23:50] INFO     Running tests on mutant 140/862    assertiongenerator.py:346
[05:23:51] INFO     Running tests on mutant 141/862    assertiongenerator.py:346
[05:23:52] INFO     Running tests on mutant 142/862    assertiongenerator.py:346
           INFO     Running tests on mutant 143/862    assertiongenerator.py:346
[05:23:55] INFO     Running tests on mutant 144/862    assertiongenerator.py:346
[05:23:56] INFO     Running tests on mutant 145/862    assertiongenerator.py:346
[05:23:57] INFO     Running tests on mutant 146/862    assertiongenerator.py:346
           INFO     Running tests on mutant 147/862    assertiongenerator.py:346
[05:23:58] INFO     Running tests on mutant 148/862    assertiongenerator.py:346
[05:23:59] INFO     Running tests on mutant 149/862    assertiongenerator.py:346
[05:24:00] INFO     Running tests on mutant 150/862    assertiongenerator.py:346
[05:24:01] INFO     Running tests on mutant 151/862    assertiongenerator.py:346
           INFO     Running tests on mutant 152/862    assertiongenerator.py:346
[05:24:02] INFO     Running tests on mutant 153/862    assertiongenerator.py:346
[05:24:03] INFO     Running tests on mutant 154/862    assertiongenerator.py:346
           INFO     Running tests on mutant 155/862    assertiongenerator.py:346
[05:24:04] INFO     Running tests on mutant 156/862    assertiongenerator.py:346
[05:24:05] INFO     Running tests on mutant 157/862    assertiongenerator.py:346
[05:24:08] INFO     Running tests on mutant 158/862    assertiongenerator.py:346
           INFO     Running tests on mutant 159/862    assertiongenerator.py:346
[05:24:09] INFO     Running tests on mutant 160/862    assertiongenerator.py:346
[05:24:10] INFO     Running tests on mutant 161/862    assertiongenerator.py:346
[05:24:11] INFO     Running tests on mutant 162/862    assertiongenerator.py:346
           INFO     Running tests on mutant 163/862    assertiongenerator.py:346
[05:24:12] INFO     Running tests on mutant 164/862    assertiongenerator.py:346
[05:24:13] INFO     Running tests on mutant 165/862    assertiongenerator.py:346
[05:24:14] INFO     Running tests on mutant 166/862    assertiongenerator.py:346
           INFO     Running tests on mutant 167/862    assertiongenerator.py:346
[05:24:15] INFO     Running tests on mutant 168/862    assertiongenerator.py:346
[05:24:16] INFO     Running tests on mutant 169/862    assertiongenerator.py:346
[05:24:17] INFO     Running tests on mutant 170/862    assertiongenerator.py:346
[05:24:20] INFO     Running tests on mutant 171/862    assertiongenerator.py:346
           INFO     Running tests on mutant 172/862    assertiongenerator.py:346
[05:24:21] INFO     Running tests on mutant 173/862    assertiongenerator.py:346
[05:26:29] INFO     Running tests on mutant 174/862    assertiongenerator.py:346
[05:26:30] INFO     Running tests on mutant 175/862    assertiongenerator.py:346
[05:26:31] INFO     Running tests on mutant 176/862    assertiongenerator.py:346
[05:26:32] INFO     Running tests on mutant 177/862    assertiongenerator.py:346
[05:26:33] INFO     Running tests on mutant 178/862    assertiongenerator.py:346
[05:26:34] INFO     Running tests on mutant 179/862    assertiongenerator.py:346
           INFO     Running tests on mutant 180/862    assertiongenerator.py:346
[05:26:35] INFO     Running tests on mutant 181/862    assertiongenerator.py:346
[05:26:36] INFO     Running tests on mutant 182/862    assertiongenerator.py:346
[05:26:37] INFO     Running tests on mutant 183/862    assertiongenerator.py:346
           INFO     Running tests on mutant 184/862    assertiongenerator.py:346
[05:29:26] INFO     Running tests on mutant 185/862    assertiongenerator.py:346
[05:29:27] INFO     Running tests on mutant 186/862    assertiongenerator.py:346
[05:29:28] INFO     Running tests on mutant 187/862    assertiongenerator.py:346
[05:29:29] INFO     Running tests on mutant 188/862    assertiongenerator.py:346
[05:29:30] INFO     Running tests on mutant 189/862    assertiongenerator.py:346
[05:29:31] INFO     Running tests on mutant 190/862    assertiongenerator.py:346
           INFO     Running tests on mutant 191/862    assertiongenerator.py:346
[05:29:32] INFO     Running tests on mutant 192/862    assertiongenerator.py:346
[05:29:33] INFO     Running tests on mutant 193/862    assertiongenerator.py:346
[05:29:34] INFO     Running tests on mutant 194/862    assertiongenerator.py:346
[05:29:35] INFO     Running tests on mutant 195/862    assertiongenerator.py:346
[05:29:36] INFO     Running tests on mutant 196/862    assertiongenerator.py:346
           INFO     Running tests on mutant 197/862    assertiongenerator.py:346
[05:29:37] INFO     Running tests on mutant 198/862    assertiongenerator.py:346
[05:33:19] INFO     Running tests on mutant 199/862    assertiongenerator.py:346
           INFO     Running tests on mutant 200/862    assertiongenerator.py:346
[05:33:20] INFO     Running tests on mutant 201/862    assertiongenerator.py:346
[05:33:21] INFO     Running tests on mutant 202/862    assertiongenerator.py:346
[05:33:22] INFO     Running tests on mutant 203/862    assertiongenerator.py:346
[05:33:23] INFO     Running tests on mutant 204/862    assertiongenerator.py:346
[05:33:24] INFO     Running tests on mutant 205/862    assertiongenerator.py:346
           INFO     Running tests on mutant 206/862    assertiongenerator.py:346
[05:33:25] INFO     Running tests on mutant 207/862    assertiongenerator.py:346
[05:33:26] INFO     Running tests on mutant 208/862    assertiongenerator.py:346
[05:33:27] INFO     Running tests on mutant 209/862    assertiongenerator.py:346
[05:33:28] INFO     Running tests on mutant 210/862    assertiongenerator.py:346
           INFO     Running tests on mutant 211/862    assertiongenerator.py:346
[05:33:29] INFO     Running tests on mutant 212/862    assertiongenerator.py:346
[05:33:30] INFO     Running tests on mutant 213/862    assertiongenerator.py:346
[05:37:17] INFO     Running tests on mutant 214/862    assertiongenerator.py:346
[05:37:18] INFO     Running tests on mutant 215/862    assertiongenerator.py:346
[05:37:19] INFO     Running tests on mutant 216/862    assertiongenerator.py:346
[05:37:20] INFO     Running tests on mutant 217/862    assertiongenerator.py:346
           INFO     Running tests on mutant 218/862    assertiongenerator.py:346
[05:37:21] INFO     Running tests on mutant 219/862    assertiongenerator.py:346
[05:37:22] INFO     Running tests on mutant 220/862    assertiongenerator.py:346
[05:37:23] INFO     Running tests on mutant 221/862    assertiongenerator.py:346
[05:37:24] INFO     Running tests on mutant 222/862    assertiongenerator.py:346
[05:37:25] INFO     Running tests on mutant 223/862    assertiongenerator.py:346
           INFO     Running tests on mutant 224/862    assertiongenerator.py:346
[05:37:26] INFO     Running tests on mutant 225/862    assertiongenerator.py:346
[05:37:27] INFO     Running tests on mutant 226/862    assertiongenerator.py:346
[05:37:28] INFO     Running tests on mutant 227/862    assertiongenerator.py:346
[05:41:19] INFO     Running tests on mutant 228/862    assertiongenerator.py:346
[05:41:20] INFO     Running tests on mutant 229/862    assertiongenerator.py:346
[05:41:21] INFO     Running tests on mutant 230/862    assertiongenerator.py:346
           INFO     Running tests on mutant 231/862    assertiongenerator.py:346
[05:41:22] INFO     Running tests on mutant 232/862    assertiongenerator.py:346
[05:41:23] INFO     Running tests on mutant 233/862    assertiongenerator.py:346
[05:41:24] INFO     Running tests on mutant 234/862    assertiongenerator.py:346
[05:41:25] INFO     Running tests on mutant 235/862    assertiongenerator.py:346
[05:41:26] INFO     Running tests on mutant 236/862    assertiongenerator.py:346
[05:41:27] INFO     Running tests on mutant 237/862    assertiongenerator.py:346
           INFO     Running tests on mutant 238/862    assertiongenerator.py:346
[05:41:28] INFO     Running tests on mutant 239/862    assertiongenerator.py:346
[05:41:29] INFO     Running tests on mutant 240/862    assertiongenerator.py:346
[05:41:30] INFO     Running tests on mutant 241/862    assertiongenerator.py:346
[05:41:31] INFO     Running tests on mutant 242/862    assertiongenerator.py:346
[05:46:04] INFO     Running tests on mutant 243/862    assertiongenerator.py:346
[05:46:05] INFO     Running tests on mutant 244/862    assertiongenerator.py:346
           INFO     Running tests on mutant 245/862    assertiongenerator.py:346
[05:46:06] INFO     Running tests on mutant 246/862    assertiongenerator.py:346
[05:46:07] INFO     Running tests on mutant 247/862    assertiongenerator.py:346
[05:46:08] INFO     Running tests on mutant 248/862    assertiongenerator.py:346
[05:46:09] INFO     Running tests on mutant 249/862    assertiongenerator.py:346
[05:46:10] INFO     Running tests on mutant 250/862    assertiongenerator.py:346
           INFO     Running tests on mutant 251/862    assertiongenerator.py:346
[05:46:11] INFO     Running tests on mutant 252/862    assertiongenerator.py:346
[05:46:12] INFO     Running tests on mutant 253/862    assertiongenerator.py:346
[05:46:13] INFO     Running tests on mutant 254/862    assertiongenerator.py:346
[05:46:14] INFO     Running tests on mutant 255/862    assertiongenerator.py:346
[05:46:15] INFO     Running tests on mutant 256/862    assertiongenerator.py:346
[05:46:16] INFO     Running tests on mutant 257/862    assertiongenerator.py:346
[05:46:17] INFO     Running tests on mutant 258/862    assertiongenerator.py:346
[05:51:01] INFO     Running tests on mutant 259/862    assertiongenerator.py:346
[05:51:02] INFO     Running tests on mutant 260/862    assertiongenerator.py:346
           INFO     Running tests on mutant 261/862    assertiongenerator.py:346
[05:51:03] INFO     Running tests on mutant 262/862    assertiongenerator.py:346
[05:51:04] INFO     Running tests on mutant 263/862    assertiongenerator.py:346
[05:51:05] INFO     Running tests on mutant 264/862    assertiongenerator.py:346
[05:51:06] INFO     Running tests on mutant 265/862    assertiongenerator.py:346
           INFO     Running tests on mutant 266/862    assertiongenerator.py:346
[05:51:07] INFO     Running tests on mutant 267/862    assertiongenerator.py:346
[05:51:08] INFO     Running tests on mutant 268/862    assertiongenerator.py:346
[05:51:09] INFO     Running tests on mutant 269/862    assertiongenerator.py:346
[05:51:10] INFO     Running tests on mutant 270/862    assertiongenerator.py:346
           INFO     Running tests on mutant 271/862    assertiongenerator.py:346
[05:51:11] INFO     Running tests on mutant 272/862    assertiongenerator.py:346
[05:51:12] INFO     Running tests on mutant 273/862    assertiongenerator.py:346
[05:56:01] INFO     Running tests on mutant 274/862    assertiongenerator.py:346
           INFO     Running tests on mutant 275/862    assertiongenerator.py:346
[05:56:02] INFO     Running tests on mutant 276/862    assertiongenerator.py:346
[05:56:03] INFO     Running tests on mutant 277/862    assertiongenerator.py:346
[05:56:04] INFO     Running tests on mutant 278/862    assertiongenerator.py:346
[05:56:05] INFO     Running tests on mutant 279/862    assertiongenerator.py:346
[05:56:06] INFO     Running tests on mutant 280/862    assertiongenerator.py:346
           INFO     Running tests on mutant 281/862    assertiongenerator.py:346
[05:56:07] INFO     Running tests on mutant 282/862    assertiongenerator.py:346
[05:56:08] INFO     Running tests on mutant 283/862    assertiongenerator.py:346
[05:56:09] INFO     Running tests on mutant 284/862    assertiongenerator.py:346
[05:56:10] INFO     Running tests on mutant 285/862    assertiongenerator.py:346
           INFO     Running tests on mutant 286/862    assertiongenerator.py:346
[05:56:11] INFO     Running tests on mutant 287/862    assertiongenerator.py:346
[05:56:12] INFO     Running tests on mutant 288/862    assertiongenerator.py:346
[05:56:13] INFO     Running tests on mutant 289/862    assertiongenerator.py:346
[06:00:56] INFO     Running tests on mutant 290/862    assertiongenerator.py:346
[06:00:57] INFO     Running tests on mutant 291/862    assertiongenerator.py:346
[06:00:58] INFO     Running tests on mutant 292/862    assertiongenerator.py:346
           INFO     Running tests on mutant 293/862    assertiongenerator.py:346
[06:00:59] INFO     Running tests on mutant 294/862    assertiongenerator.py:346
[06:01:00] INFO     Running tests on mutant 295/862    assertiongenerator.py:346
[06:01:01] INFO     Running tests on mutant 296/862    assertiongenerator.py:346
[06:01:02] INFO     Running tests on mutant 297/862    assertiongenerator.py:346
           INFO     Running tests on mutant 298/862    assertiongenerator.py:346
[06:01:03] INFO     Running tests on mutant 299/862    assertiongenerator.py:346
[06:01:04] INFO     Running tests on mutant 300/862    assertiongenerator.py:346
[06:01:05] INFO     Running tests on mutant 301/862    assertiongenerator.py:346
[06:01:06] INFO     Running tests on mutant 302/862    assertiongenerator.py:346
[06:01:07] INFO     Running tests on mutant 303/862    assertiongenerator.py:346
           INFO     Running tests on mutant 304/862    assertiongenerator.py:346
[06:01:08] INFO     Running tests on mutant 305/862    assertiongenerator.py:346
[06:01:09] INFO     Running tests on mutant 306/862    assertiongenerator.py:346
[06:06:00] INFO     Running tests on mutant 307/862    assertiongenerator.py:346
[06:06:01] INFO     Running tests on mutant 308/862    assertiongenerator.py:346
[06:06:02] INFO     Running tests on mutant 309/862    assertiongenerator.py:346
[06:06:03] INFO     Running tests on mutant 310/862    assertiongenerator.py:346
           INFO     Running tests on mutant 311/862    assertiongenerator.py:346
[06:06:04] INFO     Running tests on mutant 312/862    assertiongenerator.py:346
[06:06:05] INFO     Running tests on mutant 313/862    assertiongenerator.py:346
[06:06:06] INFO     Running tests on mutant 314/862    assertiongenerator.py:346
[06:06:07] INFO     Running tests on mutant 315/862    assertiongenerator.py:346
           INFO     Running tests on mutant 316/862    assertiongenerator.py:346
[06:06:08] INFO     Running tests on mutant 317/862    assertiongenerator.py:346
