pynguin log ./pylab.py
[01:04:52] INFO     Start Pynguin Test Generation…              generator.py:116
           INFO     Collecting static constants from module     generator.py:216
                    under test                                                  
           ERROR    Cannot collect constants: invalid syntax    constants.py:303
                    (<unknown>, line 17)                                        
                    ╭─── Traceback (most recent call last) ───╮                 
                    │ /opt/conda/lib/python3.10/site-packages │                 
                    │ /pynguin/analyses/constants.py:300 in   │                 
                    │ collect_static_constants                │                 
                    │                                         │                 
                    │   297 │   │   module_path = path / modu │                 
                    │   298 │   │   with module_path.open(mod │                 
                    │   299 │   │   │   try:                  │                 
                    │ ❱ 300 │   │   │   │   tree = ast.parse( │                 
                    │   301 │   │   │   │   collector.visit(t │                 
                    │   302 │   │   │   except BaseException  │                 
                    │   303 │   │   │   │   logger.exception( │                 
                    │                                         │                 
                    │ /opt/conda/lib/python3.10/ast.py:50 in  │                 
                    │ parse                                   │                 
                    │                                         │                 
                    │     47 │   elif feature_version is None │                 
                    │     48 │   │   feature_version = -1     │                 
                    │     49 │   # Else it should be an int g │                 
                    │ ❱   50 │   return compile(source, filen │                 
                    │     51 │   │   │   │      _feature_vers │                 
                    │     52                                  │                 
                    │     53                                  │                 
                    ╰─────────────────────────────────────────╯                 
                    ╭─────────────────────────────────────────╮                 
                    │ import (_path, artist, cbook, cm, color │                 
                    │        ▲                                │                 
                    ╰─────────────────────────────────────────╯                 
                    SyntaxError: invalid syntax                                 
[01:04:53] INFO     Constants found: 19565                      generator.py:221
           INFO     Setting up runtime collection of constants  generator.py:228
           ERROR    Failed to load SUT: No module named 'cbook' generator.py:176
                    ╭─── Traceback (most recent call last) ───╮                 
                    │ /opt/conda/lib/python3.10/site-packages │                 
                    │ /pynguin/generator.py:172 in _load_sut  │                 
                    │                                         │                 
                    │   169 │   try:                          │                 
                    │   170 │   │   # We need to set the curr │                 
                    │   171 │   │   tracer.current_thread_ide │                 
                    │ ❱ 172 │   │   importlib.import_module(c │                 
                    │   173 │   except ImportError as ex:     │                 
                    │   174 │   │   # A module could not be i │                 
                    │   175 │   │   # are missing or it is ma │                 
                    │                                         │                 
                    │ /opt/conda/lib/python3.10/importlib/__i │                 
                    │ nit__.py:126 in import_module           │                 
                    │                                         │                 
                    │   123 │   │   │   if character != '.':  │                 
                    │   124 │   │   │   │   break             │                 
                    │   125 │   │   │   level += 1            │                 
                    │ ❱ 126 │   return _bootstrap._gcd_import │                 
                    │   127                                   │                 
                    │   128                                   │                 
                    │   129 _RELOADING = {}                   │                 
                    │ in _gcd_import:1050                     │                 
                    │ in _find_and_load:1027                  │                 
                    │ in _find_and_load_unlocked:1006         │                 
                    │ in _load_unlocked:688                   │                 
                    │                                         │                 
                    │ /opt/conda/lib/python3.10/site-packages │                 
                    │ /pynguin/instrumentation/machinery.py:5 │                 
                    │ 9 in exec_module                        │                 
                    │                                         │                 
                    │    56 │                                 │                 
                    │    57 │   def exec_module(self, module) │                 
                    │    58 │   │   self._tracer.reset()      │                 
                    │ ❱  59 │   │   super().exec_module(modul │                 
                    │    60 │   │   self._tracer.store_import │                 
                    │    61 │                                 │                 
                    │    62 │   def get_code(self, fullname)  │                 
                    │ in exec_module:883                      │                 
                    │ in _call_with_frames_removed:241        │                 
                    │                                         │                 
                    │ /home/user/BugsInPy/temp/projects/matpl │                 
                    │ otlib/lib/./pylab.py:1 in <module>      │                 
                    │                                         │                 
                    │ ❱ 1 from matplotlib.pylab import *      │                 
                    │   2 import matplotlib.pylab             │                 
                    │   3 __doc__ = matplotlib.pylab.__doc__  │                 
                    │   4                                     │                 
                    │                                         │                 
                    │ /home/user/BugsInPy/temp/projects/matpl │                 
                    │ otlib/lib/./matplotlib/__init__.py:138  │                 
                    │ in <module>                             │                 
                    │                                         │                 
                    │    135                                  │                 
                    │    136 # cbook must import matplotlib o │                 
                    │    137 # definitions, so it is safe to  │                 
                    │ ❱  138 import cbook, rcsetup            │                 
                    │    139 from matplotlib.cbook import (   │                 
                    │    140 │   MatplotlibDeprecationWarning │                 
                    │    141 from matplotlib.cbook import mpl │                 
                    ╰─────────────────────────────────────────╯                 
                    ModuleNotFoundError: No module named                        
                    'cbook'                                                     
           INFO     Stop Pynguin Test Generation…               generator.py:119
