Log file
Retrieving notices: ...working... done
Collecting package metadata (current_repodata.json): ...working... done
Solving environment: ...working... unsuccessful attempt using repodata from current_repodata.json, retrying with next repodata source.
Collecting package metadata (repodata.json): ...working... done
Solving environment: ...working... done


==> WARNING: A newer version of conda exists. <==
  current version: 23.7.4
  latest version: 24.11.0

Please update conda by running

    $ conda update -n base -c defaults conda

Or to minimize the number of packages updated during conda update use

     conda install conda=24.11.0



## Package Plan ##

  environment location: /opt/conda/envs/f25ec32b84fa2c9f65b9ad23b80f6958

  added / updated specs:
    - pytest
    - python=3.8.3


The following packages will be downloaded:

    package                    |            build
    ---------------------------|-----------------
    _libgcc_mutex-0.1          |             main           3 KB
    _openmp_mutex-5.1          |            1_gnu          21 KB
    exceptiongroup-1.2.0       |   py38h06a4308_0          29 KB
    iniconfig-1.1.1            |     pyhd3eb1b0_0           8 KB
    ld_impl_linux-64-2.40      |       h12ee557_0         710 KB
    libffi-3.3                 |       he6710b0_2          50 KB
    libgcc-ng-11.2.0           |       h1234567_1         5.3 MB
    libgomp-11.2.0             |       h1234567_1         474 KB
    libstdcxx-ng-11.2.0        |       h1234567_1         4.7 MB
    ncurses-6.4                |       h6a678d5_0         914 KB
    openssl-1.1.1w             |       h7f8727e_0         3.7 MB
    packaging-24.1             |   py38h06a4308_0         147 KB
    pip-24.2                   |   py38h06a4308_0         2.2 MB
    pluggy-1.0.0               |   py38h06a4308_1          28 KB
    pytest-7.4.4               |   py38h06a4308_0        1002 KB
    python-3.8.3               |       hcff3b4d_2        49.1 MB
    readline-8.2               |       h5eee18b_0         357 KB
    setuptools-75.1.0          |   py38h06a4308_0         1.7 MB
    tk-8.6.14                  |       h39e8969_0         3.4 MB
    tomli-2.0.1                |   py38h06a4308_0          24 KB
    wheel-0.44.0               |   py38h06a4308_0         108 KB
    zlib-1.2.13                |       h5eee18b_1         111 KB
    ------------------------------------------------------------
                                           Total:        74.0 MB

The following NEW packages will be INSTALLED:

  _libgcc_mutex      pkgs/main/linux-64::_libgcc_mutex-0.1-main 
  _openmp_mutex      pkgs/main/linux-64::_openmp_mutex-5.1-1_gnu 
  ca-certificates    pkgs/main/linux-64::ca-certificates-2024.11.26-h06a4308_0 
  exceptiongroup     pkgs/main/linux-64::exceptiongroup-1.2.0-py38h06a4308_0 
  iniconfig          pkgs/main/noarch::iniconfig-1.1.1-pyhd3eb1b0_0 
  ld_impl_linux-64   pkgs/main/linux-64::ld_impl_linux-64-2.40-h12ee557_0 
  libffi             pkgs/main/linux-64::libffi-3.3-he6710b0_2 
  libgcc-ng          pkgs/main/linux-64::libgcc-ng-11.2.0-h1234567_1 
  libgomp            pkgs/main/linux-64::libgomp-11.2.0-h1234567_1 
  libstdcxx-ng       pkgs/main/linux-64::libstdcxx-ng-11.2.0-h1234567_1 
  ncurses            pkgs/main/linux-64::ncurses-6.4-h6a678d5_0 
  openssl            pkgs/main/linux-64::openssl-1.1.1w-h7f8727e_0 
  packaging          pkgs/main/linux-64::packaging-24.1-py38h06a4308_0 
  pip                pkgs/main/linux-64::pip-24.2-py38h06a4308_0 
  pluggy             pkgs/main/linux-64::pluggy-1.0.0-py38h06a4308_1 
  pytest             pkgs/main/linux-64::pytest-7.4.4-py38h06a4308_0 
  python             pkgs/main/linux-64::python-3.8.3-hcff3b4d_2 
  readline           pkgs/main/linux-64::readline-8.2-h5eee18b_0 
  setuptools         pkgs/main/linux-64::setuptools-75.1.0-py38h06a4308_0 
  sqlite             pkgs/main/linux-64::sqlite-3.45.3-h5eee18b_0 
  tk                 pkgs/main/linux-64::tk-8.6.14-h39e8969_0 
  tomli              pkgs/main/linux-64::tomli-2.0.1-py38h06a4308_0 
  wheel              pkgs/main/linux-64::wheel-0.44.0-py38h06a4308_0 
  xz                 pkgs/main/linux-64::xz-5.4.6-h5eee18b_1 
  zlib               pkgs/main/linux-64::zlib-1.2.13-h5eee18b_1 



Downloading and Extracting Packages
readline-8.2         | 357 KB    |            |   0% 
pip-24.2             | 2.2 MB    |            |   0% [A

ld_impl_linux-64-2.4 | 710 KB    |            |   0% [A[A


packaging-24.1       | 147 KB    |            |   0% [A[A[A



tomli-2.0.1          | 24 KB     |            |   0% [A[A[A[A




ncurses-6.4          | 914 KB    |            |   0% [A[A[A[A[A





iniconfig-1.1.1      | 8 KB      |            |   0% [A[A[A[A[A[A






libstdcxx-ng-11.2.0  | 4.7 MB    |            |   0% [A[A[A[A[A[A[A







libgcc-ng-11.2.0     | 5.3 MB    |            |   0% [A[A[A[A[A[A[A[A








exceptiongroup-1.2.0 | 29 KB     |            |   0% [A[A[A[A[A[A[A[A[A









setuptools-75.1.0    | 1.7 MB    |            |   0% [A[A[A[A[A[A[A[A[A[A










zlib-1.2.13          | 111 KB    |            |   0% [A[A[A[A[A[A[A[A[A[A[A











pytest-7.4.4         | 1002 KB   |            |   0% [A[A[A[A[A[A[A[A[A[A[A[A












_openmp_mutex-5.1    | 21 KB     |            |   0% [A[A[A[A[A[A[A[A[A[A[A[A[A













python-3.8.3         | 49.1 MB   |            |   0% [A[A[A[A[A[A[A[A[A[A[A[A[A[A














wheel-0.44.0         | 108 KB    |            |   0% [A[A[A[A[A[A[A[A[A[A[A[A[A[A[A















pluggy-1.0.0         | 28 KB     |            |   0% [A[A[A[A[A[A[A[A[A[A[A[A[A[A[A[A
















libgomp-11.2.0       | 474 KB    |            |   0% [A[A[A[A[A[A[A[A[A[A[A[A[A[A[A[A[A

















libffi-3.3           | 50 KB     |            |   0% [A[A[A[A[A[A[A[A[A[A[A[A[A[A[A[A[A[A


















 ... (more hidden) ...[A[A[A[A[A[A[A[A[A[A[A[A[A[A[A[A[A[A[A
pip-24.2             | 2.2 MB    |            |   1% [A



tomli-2.0.1          | 24 KB     | ######5    |  66% [A[A[A[A
pip-24.2             | 2.2 MB    | ####5      |  45% [A



tomli-2.0.1          | 24 KB     | ########## | 100% [A[A[A[A




ncurses-6.4          | 914 KB    | 1          |   2% [A[A[A[A[Areadline-8.2         | 357 KB    | 4          |   4% 


packaging-24.1       | 147 KB    | #          |  11% [A[A[A





iniconfig-1.1.1      | 8 KB      | ########## | 100% [A[A[A[A[A[A

ld_impl_linux-64-2.4 | 710 KB    | 2          |   2% [A[A






libstdcxx-ng-11.2.0  | 4.7 MB    |            |   0% [A[A[A[A[A[A[A







libgcc-ng-11.2.0     | 5.3 MB    |            |   0% [A[A[A[A[A[A[A[A








exceptiongroup-1.2.0 | 29 KB     | #####4     |  55% [A[A[A[A[A[A[A[A[A









setuptools-75.1.0    | 1.7 MB    |            |   1% [A[A[A[A[A[A[A[A[A[A

ld_impl_linux-64-2.4 | 710 KB    | ######7    |  68% [A[A










zlib-1.2.13          | 111 KB    | #4         |  14% [A[A[A[A[A[A[A[A[A[A[A






libstdcxx-ng-11.2.0  | 4.7 MB    | #4         |  15% [A[A[A[A[A[A[A







libgcc-ng-11.2.0     | 5.3 MB    | #1         |  12% [A[A[A[A[A[A[A[A





iniconfig-1.1.1      | 8 KB      | ########## | 100% [A[A[A[A[A[A









setuptools-75.1.0    | 1.7 MB    | ####9      |  50% [A[A[A[A[A[A[A[A[A[A












_openmp_mutex-5.1    | 21 KB     | #######6   |  77% [A[A[A[A[A[A[A[A[A[A[A[A[A











pytest-7.4.4         | 1002 KB   | 1          |   2% [A[A[A[A[A[A[A[A[A[A[A[A













python-3.8.3         | 49.1 MB   |            |   0% [A[A[A[A[A[A[A[A[A[A[A[A[A[A






libstdcxx-ng-11.2.0  | 4.7 MB    | ###4       |  35% [A[A[A[A[A[A[A







libgcc-ng-11.2.0     | 5.3 MB    | ##6        |  27% [A[A[A[A[A[A[A[A











pytest-7.4.4         | 1002 KB   | ########## | 100% [A[A[A[A[A[A[A[A[A[A[A[A















pluggy-1.0.0         | 28 KB     | #####6     |  56% [A[A[A[A[A[A[A[A[A[A[A[A[A[A[A[A














wheel-0.44.0         | 108 KB    | #4         |  15% [A[A[A[A[A[A[A[A[A[A[A[A[A[A[A













python-3.8.3         | 49.1 MB   | 1          |   2% [A[A[A[A[A[A[A[A[A[A[A[A[A[A






libstdcxx-ng-11.2.0  | 4.7 MB    | #####5     |  56% [A[A[A[A[A[A[A







libgcc-ng-11.2.0     | 5.3 MB    | ####       |  41% [A[A[A[A[A[A[A[A
















libgomp-11.2.0       | 474 KB    | 3          |   3% [A[A[A[A[A[A[A[A[A[A[A[A[A[A[A[A[A

















libffi-3.3           | 50 KB     | ###1       |  32% [A[A[A[A[A[A[A[A[A[A[A[A[A[A[A[A[A[A


















 ... (more hidden) ...[A[A[A[A[A[A[A[A[A[A[A[A[A[A[A[A[A[A[A













python-3.8.3         | 49.1 MB   | 3          |   4% [A[A[A[A[A[A[A[A[A[A[A[A[A[A






libstdcxx-ng-11.2.0  | 4.7 MB    | #######6   |  76% [A[A[A[A[A[A[A







libgcc-ng-11.2.0     | 5.3 MB    | #####7     |  57% [A[A[A[A[A[A[A[A


















 ... (more hidden) ...[A[A[A[A[A[A[A[A[A[A[A[A[A[A[A[A[A[A[A













python-3.8.3         | 49.1 MB   | 5          |   5% [A[A[A[A[A[A[A[A[A[A[A[A[A[A







libgcc-ng-11.2.0     | 5.3 MB    | #######    |  70% [A[A[A[A[A[A[A[Areadline-8.2         | 357 KB    | ########## | 100% 






libstdcxx-ng-11.2.0  | 4.7 MB    | #########3 |  94% [A[A[A[A[A[A[Areadline-8.2         | 357 KB    | ########## | 100% 


















 ... (more hidden) ...[A[A[A[A[A[A[A[A[A[A[A[A[A[A[A[A[A[A[A













python-3.8.3         | 49.1 MB   | 7          |   7% [A[A[A[A[A[A[A[A[A[A[A[A[A[A







libgcc-ng-11.2.0     | 5.3 MB    | ########5  |  85% [A[A[A[A[A[A[A[A


packaging-24.1       | 147 KB    | ########## | 100% [A[A[A


packaging-24.1       | 147 KB    | ########## | 100% [A[A[A


















 ... (more hidden) ...[A[A[A[A[A[A[A[A[A[A[A[A[A[A[A[A[A[A[A













python-3.8.3         | 49.1 MB   | 9          |   9% [A[A[A[A[A[A[A[A[A[A[A[A[A[A


















 ... (more hidden) ...[A[A[A[A[A[A[A[A[A[A[A[A[A[A[A[A[A[A[A













python-3.8.3         | 49.1 MB   | #1         |  11% [A[A[A[A[A[A[A[A[A[A[A[A[A[A








exceptiongroup-1.2.0 | 29 KB     | ########## | 100% [A[A[A[A[A[A[A[A[A








exceptiongroup-1.2.0 | 29 KB     | ########## | 100% [A[A[A[A[A[A[A[A[A













python-3.8.3         | 49.1 MB   | #4         |  14% [A[A[A[A[A[A[A[A[A[A[A[A[A[A










zlib-1.2.13          | 111 KB    | ########## | 100% [A[A[A[A[A[A[A[A[A[A[A










zlib-1.2.13          | 111 KB    | ########## | 100% [A[A[A[A[A[A[A[A[A[A[A













python-3.8.3         | 49.1 MB   | #7         |  17% [A[A[A[A[A[A[A[A[A[A[A[A[A[A

ld_impl_linux-64-2.4 | 710 KB    | ########## | 100% [A[A













python-3.8.3         | 49.1 MB   | ##         |  21% [A[A[A[A[A[A[A[A[A[A[A[A[A[A













python-3.8.3         | 49.1 MB   | ##4        |  24% [A[A[A[A[A[A[A[A[A[A[A[A[A[A












_openmp_mutex-5.1    | 21 KB     | ########## | 100% [A[A[A[A[A[A[A[A[A[A[A[A[A












_openmp_mutex-5.1    | 21 KB     | ########## | 100% [A[A[A[A[A[A[A[A[A[A[A[A[A













python-3.8.3         | 49.1 MB   | ##7        |  27% [A[A[A[A[A[A[A[A[A[A[A[A[A[A













python-3.8.3         | 49.1 MB   | ###        |  30% [A[A[A[A[A[A[A[A[A[A[A[A[A[A













python-3.8.3         | 49.1 MB   | ###3       |  33% [A[A[A[A[A[A[A[A[A[A[A[A[A[A













python-3.8.3         | 49.1 MB   | ###6       |  36% [A[A[A[A[A[A[A[A[A[A[A[A[A[A













python-3.8.3         | 49.1 MB   | ###9       |  40% [A[A[A[A[A[A[A[A[A[A[A[A[A[A













python-3.8.3         | 49.1 MB   | ####2      |  43% [A[A[A[A[A[A[A[A[A[A[A[A[A[A













python-3.8.3         | 49.1 MB   | ####5      |  46% [A[A[A[A[A[A[A[A[A[A[A[A[A[A













python-3.8.3         | 49.1 MB   | ####9      |  49% [A[A[A[A[A[A[A[A[A[A[A[A[A[A













python-3.8.3         | 49.1 MB   | #####2     |  53% [A[A[A[A[A[A[A[A[A[A[A[A[A[A













python-3.8.3         | 49.1 MB   | #####5     |  56% [A[A[A[A[A[A[A[A[A[A[A[A[A[A













python-3.8.3         | 49.1 MB   | #####9     |  59% [A[A[A[A[A[A[A[A[A[A[A[A[A[A













python-3.8.3         | 49.1 MB   | ######2    |  62% [A[A[A[A[A[A[A[A[A[A[A[A[A[A













python-3.8.3         | 49.1 MB   | ######5    |  65% [A[A[A[A[A[A[A[A[A[A[A[A[A[A













python-3.8.3         | 49.1 MB   | ######8    |  69% [A[A[A[A[A[A[A[A[A[A[A[A[A[A













python-3.8.3         | 49.1 MB   | #######1   |  72% [A[A[A[A[A[A[A[A[A[A[A[A[A[A













python-3.8.3         | 49.1 MB   | #######4   |  75% [A[A[A[A[A[A[A[A[A[A[A[A[A[A
pip-24.2             | 2.2 MB    | ########## | 100% [A
pip-24.2             | 2.2 MB    | ########## | 100% [A













python-3.8.3         | 49.1 MB   | #######8   |  78% [A[A[A[A[A[A[A[A[A[A[A[A[A[A













python-3.8.3         | 49.1 MB   | ########1  |  81% [A[A[A[A[A[A[A[A[A[A[A[A[A[A













python-3.8.3         | 49.1 MB   | ########4  |  84% [A[A[A[A[A[A[A[A[A[A[A[A[A[A













python-3.8.3         | 49.1 MB   | ########7  |  88% [A[A[A[A[A[A[A[A[A[A[A[A[A[A













python-3.8.3         | 49.1 MB   | #########1 |  91% [A[A[A[A[A[A[A[A[A[A[A[A[A[A













python-3.8.3         | 49.1 MB   | #########4 |  95% [A[A[A[A[A[A[A[A[A[A[A[A[A[A













python-3.8.3         | 49.1 MB   | #########8 |  98% [A[A[A[A[A[A[A[A[A[A[A[A[A[A











pytest-7.4.4         | 1002 KB   | ########## | 100% [A[A[A[A[A[A[A[A[A[A[A[A









setuptools-75.1.0    | 1.7 MB    | ########## | 100% [A[A[A[A[A[A[A[A[A[A









setuptools-75.1.0    | 1.7 MB    | ########## | 100% [A[A[A[A[A[A[A[A[A[A















pluggy-1.0.0         | 28 KB     | ########## | 100% [A[A[A[A[A[A[A[A[A[A[A[A[A[A[A[A















pluggy-1.0.0         | 28 KB     | ########## | 100% [A[A[A[A[A[A[A[A[A[A[A[A[A[A[A[A

















libffi-3.3           | 50 KB     | ########## | 100% [A[A[A[A[A[A[A[A[A[A[A[A[A[A[A[A[A[A

















libffi-3.3           | 50 KB     | ########## | 100% [A[A[A[A[A[A[A[A[A[A[A[A[A[A[A[A[A[A














wheel-0.44.0         | 108 KB    | ########## | 100% [A[A[A[A[A[A[A[A[A[A[A[A[A[A[A














wheel-0.44.0         | 108 KB    | ########## | 100% [A[A[A[A[A[A[A[A[A[A[A[A[A[A[A
















libgomp-11.2.0       | 474 KB    | ########## | 100% [A[A[A[A[A[A[A[A[A[A[A[A[A[A[A[A[A
















libgomp-11.2.0       | 474 KB    | ########## | 100% [A[A[A[A[A[A[A[A[A[A[A[A[A[A[A[A[A






libstdcxx-ng-11.2.0  | 4.7 MB    | ########## | 100% [A[A[A[A[A[A[A







libgcc-ng-11.2.0     | 5.3 MB    | ########## | 100% [A[A[A[A[A[A[A[A







libgcc-ng-11.2.0     | 5.3 MB    | ########## | 100% [A[A[A[A[A[A[A[A




ncurses-6.4          | 914 KB    | ########## | 100% [A[A[A[A[A




ncurses-6.4          | 914 KB    | ########## | 100% [A[A[A[A[A


















 ... (more hidden) ...[A[A[A[A[A[A[A[A[A[A[A[A[A[A[A[A[A[A[A













python-3.8.3         | 49.1 MB   | ########## | 100% [A[A[A[A[A[A[A[A[A[A[A[A[A[A


















                      [A[A[A[A[A[A[A[A[A[A[A[A[A[A[A[A[A[A[A                                                     
                                                     [A

                                                     [A[A


                                                     [A[A[A



                                                     [A[A[A[A




                                                     [A[A[A[A[A





                                                     [A[A[A[A[A[A






                                                     [A[A[A[A[A[A[A







                                                     [A[A[A[A[A[A[A[A








                                                     [A[A[A[A[A[A[A[A[A









                                                     [A[A[A[A[A[A[A[A[A[A










                                                     [A[A[A[A[A[A[A[A[A[A[A











                                                     [A[A[A[A[A[A[A[A[A[A[A[A












                                                     [A[A[A[A[A[A[A[A[A[A[A[A[A













                                                     [A[A[A[A[A[A[A[A[A[A[A[A[A[A














                                                     [A[A[A[A[A[A[A[A[A[A[A[A[A[A[A















                                                     [A[A[A[A[A[A[A[A[A[A[A[A[A[A[A[A
















                                                     [A[A[A[A[A[A[A[A[A[A[A[A[A[A[A[A[A

















                                                     [A[A[A[A[A[A[A[A[A[A[A[A[A[A[A[A[A[A
[A

[A[A
Preparing transaction: ...working... done
Verifying transaction: ...working... done
Executing transaction: ...working... done
#
# To activate this environment, use
#
#     $ conda activate f25ec32b84fa2c9f65b9ad23b80f6958
#
# To deactivate an active environment, use
#
#     $ conda deactivate

Collecting aiofiles==0.5.0
  Downloading aiofiles-0.5.0-py3-none-any.whl.metadata (5.0 kB)
Downloading aiofiles-0.5.0-py3-none-any.whl (11 kB)
Installing collected packages: aiofiles
Successfully installed aiofiles-0.5.0
WARNING: Running pip as the 'root' user can result in broken permissions and conflicting behaviour with the system package manager, possibly rendering your system unusable.It is recommended to use a virtual environment instead: https://pip.pypa.io/warnings/venv. Use the --root-user-action option if you know what you are doing and want to suppress this warning.
Collecting aiosqlite==0.13.0
  Downloading aiosqlite-0.13.0-py3-none-any.whl.metadata (4.1 kB)
Downloading aiosqlite-0.13.0-py3-none-any.whl (12 kB)
Installing collected packages: aiosqlite
Successfully installed aiosqlite-0.13.0
WARNING: Running pip as the 'root' user can result in broken permissions and conflicting behaviour with the system package manager, possibly rendering your system unusable.It is recommended to use a virtual environment instead: https://pip.pypa.io/warnings/venv. Use the --root-user-action option if you know what you are doing and want to suppress this warning.
Collecting aniso8601==7.0.0
  Downloading aniso8601-7.0.0-py2.py3-none-any.whl.metadata (17 kB)
Downloading aniso8601-7.0.0-py2.py3-none-any.whl (42 kB)
Installing collected packages: aniso8601
Successfully installed aniso8601-7.0.0
WARNING: Running pip as the 'root' user can result in broken permissions and conflicting behaviour with the system package manager, possibly rendering your system unusable.It is recommended to use a virtual environment instead: https://pip.pypa.io/warnings/venv. Use the --root-user-action option if you know what you are doing and want to suppress this warning.
Collecting appdirs==1.4.4
  Downloading appdirs-1.4.4-py2.py3-none-any.whl.metadata (9.0 kB)
Downloading appdirs-1.4.4-py2.py3-none-any.whl (9.6 kB)
Installing collected packages: appdirs
Successfully installed appdirs-1.4.4
WARNING: Running pip as the 'root' user can result in broken permissions and conflicting behaviour with the system package manager, possibly rendering your system unusable.It is recommended to use a virtual environment instead: https://pip.pypa.io/warnings/venv. Use the --root-user-action option if you know what you are doing and want to suppress this warning.
Collecting async-exit-stack==1.0.1
  Downloading async_exit_stack-1.0.1-py3-none-any.whl.metadata (2.9 kB)
Downloading async_exit_stack-1.0.1-py3-none-any.whl (4.7 kB)
Installing collected packages: async-exit-stack
Successfully installed async-exit-stack-1.0.1
WARNING: Running pip as the 'root' user can result in broken permissions and conflicting behaviour with the system package manager, possibly rendering your system unusable.It is recommended to use a virtual environment instead: https://pip.pypa.io/warnings/venv. Use the --root-user-action option if you know what you are doing and want to suppress this warning.
Collecting async-generator==1.10
  Downloading async_generator-1.10-py3-none-any.whl.metadata (4.9 kB)
Downloading async_generator-1.10-py3-none-any.whl (18 kB)
Installing collected packages: async-generator
Successfully installed async-generator-1.10
WARNING: Running pip as the 'root' user can result in broken permissions and conflicting behaviour with the system package manager, possibly rendering your system unusable.It is recommended to use a virtual environment instead: https://pip.pypa.io/warnings/venv. Use the --root-user-action option if you know what you are doing and want to suppress this warning.
Collecting atomicwrites==1.4.0
  Downloading atomicwrites-1.4.0-py2.py3-none-any.whl.metadata (5.6 kB)
Downloading atomicwrites-1.4.0-py2.py3-none-any.whl (6.8 kB)
Installing collected packages: atomicwrites
Successfully installed atomicwrites-1.4.0
WARNING: Running pip as the 'root' user can result in broken permissions and conflicting behaviour with the system package manager, possibly rendering your system unusable.It is recommended to use a virtual environment instead: https://pip.pypa.io/warnings/venv. Use the --root-user-action option if you know what you are doing and want to suppress this warning.
Collecting attrs==19.3.0
  Downloading attrs-19.3.0-py2.py3-none-any.whl.metadata (9.0 kB)
Downloading attrs-19.3.0-py2.py3-none-any.whl (39 kB)
Installing collected packages: attrs
Successfully installed attrs-19.3.0
WARNING: Running pip as the 'root' user can result in broken permissions and conflicting behaviour with the system package manager, possibly rendering your system unusable.It is recommended to use a virtual environment instead: https://pip.pypa.io/warnings/venv. Use the --root-user-action option if you know what you are doing and want to suppress this warning.
Collecting autoflake==1.3.1
  Downloading autoflake-1.3.1.tar.gz (17 kB)
  Preparing metadata (setup.py): started
  Preparing metadata (setup.py): finished with status 'done'
Collecting pyflakes>=1.1.0 (from autoflake==1.3.1)
  Downloading pyflakes-3.2.0-py2.py3-none-any.whl.metadata (3.5 kB)
Downloading pyflakes-3.2.0-py2.py3-none-any.whl (62 kB)
Building wheels for collected packages: autoflake
  Building wheel for autoflake (setup.py): started
  Building wheel for autoflake (setup.py): finished with status 'done'
  Created wheel for autoflake: filename=autoflake-1.3.1-py3-none-any.whl size=12384 sha256=2fb19ce09204e192acd0255200cde9505f39eab3f1352a93ebfaf02a330b19d8
  Stored in directory: /root/.cache/pip/wheels/ec/bc/11/2715121b764b496897ebe07883139ea07aa780711394e931fe
Successfully built autoflake
Installing collected packages: pyflakes, autoflake
Successfully installed autoflake-1.3.1 pyflakes-3.2.0
WARNING: Running pip as the 'root' user can result in broken permissions and conflicting behaviour with the system package manager, possibly rendering your system unusable.It is recommended to use a virtual environment instead: https://pip.pypa.io/warnings/venv. Use the --root-user-action option if you know what you are doing and want to suppress this warning.
Collecting bcrypt==3.1.7
  Downloading bcrypt-3.1.7-cp34-abi3-manylinux1_x86_64.whl.metadata (7.3 kB)
Collecting cffi>=1.1 (from bcrypt==3.1.7)
  Downloading cffi-1.17.1-cp38-cp38-manylinux_2_17_x86_64.manylinux2014_x86_64.whl.metadata (1.5 kB)
Collecting six>=1.4.1 (from bcrypt==3.1.7)
  Downloading six-1.16.0-py2.py3-none-any.whl.metadata (1.8 kB)
Collecting pycparser (from cffi>=1.1->bcrypt==3.1.7)
  Downloading pycparser-2.22-py3-none-any.whl.metadata (943 bytes)
Downloading bcrypt-3.1.7-cp34-abi3-manylinux1_x86_64.whl (56 kB)
Downloading cffi-1.17.1-cp38-cp38-manylinux_2_17_x86_64.manylinux2014_x86_64.whl (446 kB)
Downloading six-1.16.0-py2.py3-none-any.whl (11 kB)
Downloading pycparser-2.22-py3-none-any.whl (117 kB)
Installing collected packages: six, pycparser, cffi, bcrypt
Successfully installed bcrypt-3.1.7 cffi-1.17.1 pycparser-2.22 six-1.16.0
WARNING: Running pip as the 'root' user can result in broken permissions and conflicting behaviour with the system package manager, possibly rendering your system unusable.It is recommended to use a virtual environment instead: https://pip.pypa.io/warnings/venv. Use the --root-user-action option if you know what you are doing and want to suppress this warning.
Collecting black==19.10b0
  Downloading black-19.10b0-py36-none-any.whl.metadata (58 kB)
Collecting click>=6.5 (from black==19.10b0)
  Downloading click-8.1.7-py3-none-any.whl.metadata (3.0 kB)
Requirement already satisfied: attrs>=18.1.0 in /opt/conda/envs/f25ec32b84fa2c9f65b9ad23b80f6958/lib/python3.8/site-packages (from black==19.10b0) (19.3.0)
Requirement already satisfied: appdirs in /opt/conda/envs/f25ec32b84fa2c9f65b9ad23b80f6958/lib/python3.8/site-packages (from black==19.10b0) (1.4.4)
Collecting toml>=0.9.4 (from black==19.10b0)
  Downloading toml-0.10.2-py2.py3-none-any.whl.metadata (7.1 kB)
Collecting typed-ast>=1.4.0 (from black==19.10b0)
  Downloading typed_ast-1.5.5-cp38-cp38-manylinux_2_17_x86_64.manylinux2014_x86_64.whl.metadata (1.7 kB)
Collecting regex (from black==19.10b0)
  Downloading regex-2024.11.6-cp38-cp38-manylinux_2_17_x86_64.manylinux2014_x86_64.whl.metadata (40 kB)
Collecting pathspec<1,>=0.6 (from black==19.10b0)
  Downloading pathspec-0.12.1-py3-none-any.whl.metadata (21 kB)
Downloading black-19.10b0-py36-none-any.whl (97 kB)
Downloading click-8.1.7-py3-none-any.whl (97 kB)
Downloading pathspec-0.12.1-py3-none-any.whl (31 kB)
Downloading toml-0.10.2-py2.py3-none-any.whl (16 kB)
Downloading typed_ast-1.5.5-cp38-cp38-manylinux_2_17_x86_64.manylinux2014_x86_64.whl (840 kB)
   ‚îÅ‚îÅ‚îÅ‚îÅ‚îÅ‚îÅ‚îÅ‚îÅ‚îÅ‚îÅ‚îÅ‚îÅ‚îÅ‚îÅ‚îÅ‚îÅ‚îÅ‚îÅ‚îÅ‚îÅ‚îÅ‚îÅ‚îÅ‚îÅ‚îÅ‚îÅ‚îÅ‚îÅ‚îÅ‚îÅ‚îÅ‚îÅ‚îÅ‚îÅ‚îÅ‚îÅ‚îÅ‚îÅ‚îÅ‚îÅ 840.0/840.0 kB 27.5 MB/s eta 0:00:00
Downloading regex-2024.11.6-cp38-cp38-manylinux_2_17_x86_64.manylinux2014_x86_64.whl (785 kB)
   ‚îÅ‚îÅ‚îÅ‚îÅ‚îÅ‚îÅ‚îÅ‚îÅ‚îÅ‚îÅ‚îÅ‚îÅ‚îÅ‚îÅ‚îÅ‚îÅ‚îÅ‚îÅ‚îÅ‚îÅ‚îÅ‚îÅ‚îÅ‚îÅ‚îÅ‚îÅ‚îÅ‚îÅ‚îÅ‚îÅ‚îÅ‚îÅ‚îÅ‚îÅ‚îÅ‚îÅ‚îÅ‚îÅ‚îÅ‚îÅ 785.1/785.1 kB 27.3 MB/s eta 0:00:00
Installing collected packages: typed-ast, toml, regex, pathspec, click, black
Successfully installed black-19.10b0 click-8.1.7 pathspec-0.12.1 regex-2024.11.6 toml-0.10.2 typed-ast-1.5.5
WARNING: Running pip as the 'root' user can result in broken permissions and conflicting behaviour with the system package manager, possibly rendering your system unusable.It is recommended to use a virtual environment instead: https://pip.pypa.io/warnings/venv. Use the --root-user-action option if you know what you are doing and want to suppress this warning.
Collecting certifi==2020.4.5.2
  Downloading certifi-2020.4.5.2-py2.py3-none-any.whl.metadata (2.9 kB)
Downloading certifi-2020.4.5.2-py2.py3-none-any.whl (157 kB)
Installing collected packages: certifi
Successfully installed certifi-2020.4.5.2
WARNING: Running pip as the 'root' user can result in broken permissions and conflicting behaviour with the system package manager, possibly rendering your system unusable.It is recommended to use a virtual environment instead: https://pip.pypa.io/warnings/venv. Use the --root-user-action option if you know what you are doing and want to suppress this warning.
Collecting cffi==1.14.0
  Downloading cffi-1.14.0-cp38-cp38-manylinux1_x86_64.whl.metadata (1.2 kB)
Requirement already satisfied: pycparser in /opt/conda/envs/f25ec32b84fa2c9f65b9ad23b80f6958/lib/python3.8/site-packages (from cffi==1.14.0) (2.22)
Downloading cffi-1.14.0-cp38-cp38-manylinux1_x86_64.whl (409 kB)
Installing collected packages: cffi
  Attempting uninstall: cffi
    Found existing installation: cffi 1.17.1
    Uninstalling cffi-1.17.1:
      Successfully uninstalled cffi-1.17.1
Successfully installed cffi-1.14.0
WARNING: Running pip as the 'root' user can result in broken permissions and conflicting behaviour with the system package manager, possibly rendering your system unusable.It is recommended to use a virtual environment instead: https://pip.pypa.io/warnings/venv. Use the --root-user-action option if you know what you are doing and want to suppress this warning.
Collecting chardet==3.0.4
  Downloading chardet-3.0.4-py2.py3-none-any.whl.metadata (3.2 kB)
Downloading chardet-3.0.4-py2.py3-none-any.whl (133 kB)
Installing collected packages: chardet
Successfully installed chardet-3.0.4
WARNING: Running pip as the 'root' user can result in broken permissions and conflicting behaviour with the system package manager, possibly rendering your system unusable.It is recommended to use a virtual environment instead: https://pip.pypa.io/warnings/venv. Use the --root-user-action option if you know what you are doing and want to suppress this warning.
Collecting click==7.1.2
  Downloading click-7.1.2-py2.py3-none-any.whl.metadata (2.9 kB)
Downloading click-7.1.2-py2.py3-none-any.whl (82 kB)
Installing collected packages: click
  Attempting uninstall: click
    Found existing installation: click 8.1.7
    Uninstalling click-8.1.7:
      Successfully uninstalled click-8.1.7
Successfully installed click-7.1.2
WARNING: Running pip as the 'root' user can result in broken permissions and conflicting behaviour with the system package manager, possibly rendering your system unusable.It is recommended to use a virtual environment instead: https://pip.pypa.io/warnings/venv. Use the --root-user-action option if you know what you are doing and want to suppress this warning.
Collecting colorama==0.4.3
  Downloading colorama-0.4.3-py2.py3-none-any.whl.metadata (14 kB)
Downloading colorama-0.4.3-py2.py3-none-any.whl (15 kB)
Installing collected packages: colorama
Successfully installed colorama-0.4.3
WARNING: Running pip as the 'root' user can result in broken permissions and conflicting behaviour with the system package manager, possibly rendering your system unusable.It is recommended to use a virtual environment instead: https://pip.pypa.io/warnings/venv. Use the --root-user-action option if you know what you are doing and want to suppress this warning.
Collecting coverage==5.1
  Downloading coverage-5.1-cp38-cp38-manylinux1_x86_64.whl.metadata (7.8 kB)
Downloading coverage-5.1-cp38-cp38-manylinux1_x86_64.whl (229 kB)
Installing collected packages: coverage
Successfully installed coverage-5.1
WARNING: Running pip as the 'root' user can result in broken permissions and conflicting behaviour with the system package manager, possibly rendering your system unusable.It is recommended to use a virtual environment instead: https://pip.pypa.io/warnings/venv. Use the --root-user-action option if you know what you are doing and want to suppress this warning.
Collecting databases==0.3.2
  Downloading databases-0.3.2-py3-none-any.whl.metadata (4.7 kB)
Collecting sqlalchemy (from databases==0.3.2)
  Downloading SQLAlchemy-2.0.36-cp38-cp38-manylinux_2_17_x86_64.manylinux2014_x86_64.whl.metadata (9.7 kB)
Collecting typing-extensions>=4.6.0 (from sqlalchemy->databases==0.3.2)
  Downloading typing_extensions-4.12.2-py3-none-any.whl.metadata (3.0 kB)
Collecting greenlet!=0.4.17 (from sqlalchemy->databases==0.3.2)
  Downloading greenlet-3.1.1-cp38-cp38-manylinux_2_24_x86_64.manylinux_2_28_x86_64.whl.metadata (3.8 kB)
Downloading databases-0.3.2-py3-none-any.whl (18 kB)
Downloading SQLAlchemy-2.0.36-cp38-cp38-manylinux_2_17_x86_64.manylinux2014_x86_64.whl (3.1 MB)
   ‚îÅ‚îÅ‚îÅ‚îÅ‚îÅ‚îÅ‚îÅ‚îÅ‚îÅ‚îÅ‚îÅ‚îÅ‚îÅ‚îÅ‚îÅ‚îÅ‚îÅ‚îÅ‚îÅ‚îÅ‚îÅ‚îÅ‚îÅ‚îÅ‚îÅ‚îÅ‚îÅ‚îÅ‚îÅ‚îÅ‚îÅ‚îÅ‚îÅ‚îÅ‚îÅ‚îÅ‚îÅ‚îÅ‚îÅ‚îÅ 3.1/3.1 MB 52.9 MB/s eta 0:00:00
Downloading greenlet-3.1.1-cp38-cp38-manylinux_2_24_x86_64.manylinux_2_28_x86_64.whl (605 kB)
   ‚îÅ‚îÅ‚îÅ‚îÅ‚îÅ‚îÅ‚îÅ‚îÅ‚îÅ‚îÅ‚îÅ‚îÅ‚îÅ‚îÅ‚îÅ‚îÅ‚îÅ‚îÅ‚îÅ‚îÅ‚îÅ‚îÅ‚îÅ‚îÅ‚îÅ‚îÅ‚îÅ‚îÅ‚îÅ‚îÅ‚îÅ‚îÅ‚îÅ‚îÅ‚îÅ‚îÅ‚îÅ‚îÅ‚îÅ‚îÅ 606.0/606.0 kB 23.1 MB/s eta 0:00:00
Downloading typing_extensions-4.12.2-py3-none-any.whl (37 kB)
Installing collected packages: typing-extensions, greenlet, sqlalchemy, databases
Successfully installed databases-0.3.2 greenlet-3.1.1 sqlalchemy-2.0.36 typing-extensions-4.12.2
WARNING: Running pip as the 'root' user can result in broken permissions and conflicting behaviour with the system package manager, possibly rendering your system unusable.It is recommended to use a virtual environment instead: https://pip.pypa.io/warnings/venv. Use the --root-user-action option if you know what you are doing and want to suppress this warning.
Collecting dnspython==1.16.0
  Downloading dnspython-1.16.0-py2.py3-none-any.whl.metadata (1.8 kB)
Downloading dnspython-1.16.0-py2.py3-none-any.whl (188 kB)
Installing collected packages: dnspython
Successfully installed dnspython-1.16.0
WARNING: Running pip as the 'root' user can result in broken permissions and conflicting behaviour with the system package manager, possibly rendering your system unusable.It is recommended to use a virtual environment instead: https://pip.pypa.io/warnings/venv. Use the --root-user-action option if you know what you are doing and want to suppress this warning.
Collecting docutils==0.16
  Downloading docutils-0.16-py2.py3-none-any.whl.metadata (2.7 kB)
Downloading docutils-0.16-py2.py3-none-any.whl (548 kB)
   ‚îÅ‚îÅ‚îÅ‚îÅ‚îÅ‚îÅ‚îÅ‚îÅ‚îÅ‚îÅ‚îÅ‚îÅ‚îÅ‚îÅ‚îÅ‚îÅ‚îÅ‚îÅ‚îÅ‚îÅ‚îÅ‚îÅ‚îÅ‚îÅ‚îÅ‚îÅ‚îÅ‚îÅ‚îÅ‚îÅ‚îÅ‚îÅ‚îÅ‚îÅ‚îÅ‚îÅ‚îÅ‚îÅ‚îÅ‚îÅ 548.2/548.2 kB 18.3 MB/s eta 0:00:00
Installing collected packages: docutils
Successfully installed docutils-0.16
WARNING: Running pip as the 'root' user can result in broken permissions and conflicting behaviour with the system package manager, possibly rendering your system unusable.It is recommended to use a virtual environment instead: https://pip.pypa.io/warnings/venv. Use the --root-user-action option if you know what you are doing and want to suppress this warning.
Collecting email-validator==1.1.1
  Downloading email_validator-1.1.1-py2.py3-none-any.whl.metadata (17 kB)
Requirement already satisfied: dnspython>=1.15.0 in /opt/conda/envs/f25ec32b84fa2c9f65b9ad23b80f6958/lib/python3.8/site-packages (from email-validator==1.1.1) (1.16.0)
Collecting idna>=2.0.0 (from email-validator==1.1.1)
  Downloading idna-3.10-py3-none-any.whl.metadata (10 kB)
Downloading email_validator-1.1.1-py2.py3-none-any.whl (17 kB)
Downloading idna-3.10-py3-none-any.whl (70 kB)
Installing collected packages: idna, email-validator
Successfully installed email-validator-1.1.1 idna-3.10
WARNING: Running pip as the 'root' user can result in broken permissions and conflicting behaviour with the system package manager, possibly rendering your system unusable.It is recommended to use a virtual environment instead: https://pip.pypa.io/warnings/venv. Use the --root-user-action option if you know what you are doing and want to suppress this warning.
Collecting fastapi==0.55.1
  Downloading fastapi-0.55.1-py3-none-any.whl.metadata (21 kB)
Collecting starlette==0.13.2 (from fastapi==0.55.1)
  Downloading starlette-0.13.2-py3-none-any.whl.metadata (6.7 kB)
Collecting pydantic<2.0.0,>=0.32.2 (from fastapi==0.55.1)
  Downloading pydantic-1.10.19-cp38-cp38-manylinux_2_17_x86_64.manylinux2014_x86_64.whl.metadata (152 kB)
Requirement already satisfied: typing-extensions>=4.2.0 in /opt/conda/envs/f25ec32b84fa2c9f65b9ad23b80f6958/lib/python3.8/site-packages (from pydantic<2.0.0,>=0.32.2->fastapi==0.55.1) (4.12.2)
Downloading fastapi-0.55.1-py3-none-any.whl (48 kB)
Downloading starlette-0.13.2-py3-none-any.whl (59 kB)
Downloading pydantic-1.10.19-cp38-cp38-manylinux_2_17_x86_64.manylinux2014_x86_64.whl (3.2 MB)
   ‚îÅ‚îÅ‚îÅ‚îÅ‚îÅ‚îÅ‚îÅ‚îÅ‚îÅ‚îÅ‚îÅ‚îÅ‚îÅ‚îÅ‚îÅ‚îÅ‚îÅ‚îÅ‚îÅ‚îÅ‚îÅ‚îÅ‚îÅ‚îÅ‚îÅ‚îÅ‚îÅ‚îÅ‚îÅ‚îÅ‚îÅ‚îÅ‚îÅ‚îÅ‚îÅ‚îÅ‚îÅ‚îÅ‚îÅ‚îÅ 3.2/3.2 MB 47.9 MB/s eta 0:00:00
Installing collected packages: starlette, pydantic, fastapi
Successfully installed fastapi-0.55.1 pydantic-1.10.19 starlette-0.13.2
WARNING: Running pip as the 'root' user can result in broken permissions and conflicting behaviour with the system package manager, possibly rendering your system unusable.It is recommended to use a virtual environment instead: https://pip.pypa.io/warnings/venv. Use the --root-user-action option if you know what you are doing and want to suppress this warning.
Collecting flake8==3.8.2
  Downloading flake8-3.8.2-py2.py3-none-any.whl.metadata (3.7 kB)
Collecting pyflakes<2.3.0,>=2.2.0 (from flake8==3.8.2)
  Downloading pyflakes-2.2.0-py2.py3-none-any.whl.metadata (3.9 kB)
Collecting pycodestyle<2.7.0,>=2.6.0a1 (from flake8==3.8.2)
  Downloading pycodestyle-2.6.0-py2.py3-none-any.whl.metadata (30 kB)
Collecting mccabe<0.7.0,>=0.6.0 (from flake8==3.8.2)
  Downloading mccabe-0.6.1-py2.py3-none-any.whl.metadata (4.3 kB)
Downloading flake8-3.8.2-py2.py3-none-any.whl (72 kB)
Downloading mccabe-0.6.1-py2.py3-none-any.whl (8.6 kB)
Downloading pycodestyle-2.6.0-py2.py3-none-any.whl (41 kB)
Downloading pyflakes-2.2.0-py2.py3-none-any.whl (66 kB)
Installing collected packages: mccabe, pyflakes, pycodestyle, flake8
  Attempting uninstall: pyflakes
    Found existing installation: pyflakes 3.2.0
    Uninstalling pyflakes-3.2.0:
      Successfully uninstalled pyflakes-3.2.0
Successfully installed flake8-3.8.2 mccabe-0.6.1 pycodestyle-2.6.0 pyflakes-2.2.0
WARNING: Running pip as the 'root' user can result in broken permissions and conflicting behaviour with the system package manager, possibly rendering your system unusable.It is recommended to use a virtual environment instead: https://pip.pypa.io/warnings/venv. Use the --root-user-action option if you know what you are doing and want to suppress this warning.
Collecting Flask==1.1.2
  Downloading Flask-1.1.2-py2.py3-none-any.whl.metadata (4.6 kB)
Collecting Werkzeug>=0.15 (from Flask==1.1.2)
  Downloading werkzeug-3.0.6-py3-none-any.whl.metadata (3.7 kB)
Collecting Jinja2>=2.10.1 (from Flask==1.1.2)
  Downloading jinja2-3.1.4-py3-none-any.whl.metadata (2.6 kB)
Collecting itsdangerous>=0.24 (from Flask==1.1.2)
  Downloading itsdangerous-2.2.0-py3-none-any.whl.metadata (1.9 kB)
Requirement already satisfied: click>=5.1 in /opt/conda/envs/f25ec32b84fa2c9f65b9ad23b80f6958/lib/python3.8/site-packages (from Flask==1.1.2) (7.1.2)
Collecting MarkupSafe>=2.0 (from Jinja2>=2.10.1->Flask==1.1.2)
  Downloading MarkupSafe-2.1.5-cp38-cp38-manylinux_2_17_x86_64.manylinux2014_x86_64.whl.metadata (3.0 kB)
Downloading Flask-1.1.2-py2.py3-none-any.whl (94 kB)
Downloading itsdangerous-2.2.0-py3-none-any.whl (16 kB)
Downloading jinja2-3.1.4-py3-none-any.whl (133 kB)
Downloading werkzeug-3.0.6-py3-none-any.whl (227 kB)
Downloading MarkupSafe-2.1.5-cp38-cp38-manylinux_2_17_x86_64.manylinux2014_x86_64.whl (26 kB)
Installing collected packages: MarkupSafe, itsdangerous, Werkzeug, Jinja2, Flask
Successfully installed Flask-1.1.2 Jinja2-3.1.4 MarkupSafe-2.1.5 Werkzeug-3.0.6 itsdangerous-2.2.0
WARNING: Running pip as the 'root' user can result in broken permissions and conflicting behaviour with the system package manager, possibly rendering your system unusable.It is recommended to use a virtual environment instead: https://pip.pypa.io/warnings/venv. Use the --root-user-action option if you know what you are doing and want to suppress this warning.
Collecting flit==2.3.0
  Downloading flit-2.3.0-py3-none-any.whl.metadata (3.7 kB)
Collecting flit_core>=2.3.0 (from flit==2.3.0)
  Downloading flit_core-3.10.1-py3-none-any.whl.metadata (823 bytes)
Collecting requests (from flit==2.3.0)
  Downloading requests-2.32.3-py3-none-any.whl.metadata (4.6 kB)
Requirement already satisfied: docutils in /opt/conda/envs/f25ec32b84fa2c9f65b9ad23b80f6958/lib/python3.8/site-packages (from flit==2.3.0) (0.16)
Collecting pytoml (from flit==2.3.0)
  Downloading pytoml-0.1.21-py2.py3-none-any.whl.metadata (2.0 kB)
Collecting charset-normalizer<4,>=2 (from requests->flit==2.3.0)
  Downloading charset_normalizer-3.4.0-cp38-cp38-manylinux_2_17_x86_64.manylinux2014_x86_64.whl.metadata (34 kB)
Requirement already satisfied: idna<4,>=2.5 in /opt/conda/envs/f25ec32b84fa2c9f65b9ad23b80f6958/lib/python3.8/site-packages (from requests->flit==2.3.0) (3.10)
Collecting urllib3<3,>=1.21.1 (from requests->flit==2.3.0)
  Downloading urllib3-2.2.3-py3-none-any.whl.metadata (6.5 kB)
Requirement already satisfied: certifi>=2017.4.17 in /opt/conda/envs/f25ec32b84fa2c9f65b9ad23b80f6958/lib/python3.8/site-packages (from requests->flit==2.3.0) (2020.4.5.2)
Downloading flit-2.3.0-py3-none-any.whl (49 kB)
Downloading flit_core-3.10.1-py3-none-any.whl (36 kB)
Downloading pytoml-0.1.21-py2.py3-none-any.whl (8.5 kB)
Downloading requests-2.32.3-py3-none-any.whl (64 kB)
Downloading charset_normalizer-3.4.0-cp38-cp38-manylinux_2_17_x86_64.manylinux2014_x86_64.whl (143 kB)
Downloading urllib3-2.2.3-py3-none-any.whl (126 kB)
Installing collected packages: pytoml, urllib3, flit_core, charset-normalizer, requests, flit
Successfully installed charset-normalizer-3.4.0 flit-2.3.0 flit_core-3.10.1 pytoml-0.1.21 requests-2.32.3 urllib3-2.2.3
WARNING: Running pip as the 'root' user can result in broken permissions and conflicting behaviour with the system package manager, possibly rendering your system unusable.It is recommended to use a virtual environment instead: https://pip.pypa.io/warnings/venv. Use the --root-user-action option if you know what you are doing and want to suppress this warning.
Collecting flit-core==2.3.0
  Downloading flit_core-2.3.0-py2.py3-none-any.whl.metadata (470 bytes)
Requirement already satisfied: pytoml in /opt/conda/envs/f25ec32b84fa2c9f65b9ad23b80f6958/lib/python3.8/site-packages (from flit-core==2.3.0) (0.1.21)
Downloading flit_core-2.3.0-py2.py3-none-any.whl (40 kB)
Installing collected packages: flit-core
  Attempting uninstall: flit-core
    Found existing installation: flit_core 3.10.1
    Uninstalling flit_core-3.10.1:
      Successfully uninstalled flit_core-3.10.1
Successfully installed flit-core-2.3.0
WARNING: Running pip as the 'root' user can result in broken permissions and conflicting behaviour with the system package manager, possibly rendering your system unusable.It is recommended to use a virtual environment instead: https://pip.pypa.io/warnings/venv. Use the --root-user-action option if you know what you are doing and want to suppress this warning.
Collecting future==0.18.2
  Downloading future-0.18.2.tar.gz (829 kB)
     ‚îÅ‚îÅ‚îÅ‚îÅ‚îÅ‚îÅ‚îÅ‚îÅ‚îÅ‚îÅ‚îÅ‚îÅ‚îÅ‚îÅ‚îÅ‚îÅ‚îÅ‚îÅ‚îÅ‚îÅ‚îÅ‚îÅ‚îÅ‚îÅ‚îÅ‚îÅ‚îÅ‚îÅ‚îÅ‚îÅ‚îÅ‚îÅ‚îÅ‚îÅ‚îÅ‚îÅ‚îÅ‚îÅ 829.2/829.2 kB 31.5 MB/s eta 0:00:00
  Preparing metadata (setup.py): started
  Preparing metadata (setup.py): finished with status 'done'
Building wheels for collected packages: future
  Building wheel for future (setup.py): started
  Building wheel for future (setup.py): finished with status 'done'
  Created wheel for future: filename=future-0.18.2-py3-none-any.whl size=491059 sha256=cd77b8448e986f0c429332811e9874f2f575ef3831858a61100f30c2fb1b4ee8
  Stored in directory: /root/.cache/pip/wheels/8e/70/28/3d6ccd6e315f65f245da085482a2e1c7d14b90b30f239e2cf4
Successfully built future
Installing collected packages: future
Successfully installed future-0.18.2
WARNING: Running pip as the 'root' user can result in broken permissions and conflicting behaviour with the system package manager, possibly rendering your system unusable.It is recommended to use a virtual environment instead: https://pip.pypa.io/warnings/venv. Use the --root-user-action option if you know what you are doing and want to suppress this warning.
Collecting graphene==2.1.8
  Downloading graphene-2.1.8-py2.py3-none-any.whl.metadata (7.9 kB)
Requirement already satisfied: six<2,>=1.10.0 in /opt/conda/envs/f25ec32b84fa2c9f65b9ad23b80f6958/lib/python3.8/site-packages (from graphene==2.1.8) (1.16.0)
Collecting graphql-core<3,>=2.1 (from graphene==2.1.8)
  Downloading graphql_core-2.3.2-py2.py3-none-any.whl.metadata (8.0 kB)
Collecting graphql-relay<3,>=2 (from graphene==2.1.8)
  Downloading graphql_relay-2.0.1-py3-none-any.whl.metadata (10 kB)
Requirement already satisfied: aniso8601<=7,>=3 in /opt/conda/envs/f25ec32b84fa2c9f65b9ad23b80f6958/lib/python3.8/site-packages (from graphene==2.1.8) (7.0.0)
Collecting promise<3,>=2.3 (from graphql-core<3,>=2.1->graphene==2.1.8)
  Downloading promise-2.3.tar.gz (19 kB)
  Preparing metadata (setup.py): started
  Preparing metadata (setup.py): finished with status 'done'
Collecting rx<2,>=1.6 (from graphql-core<3,>=2.1->graphene==2.1.8)
  Downloading Rx-1.6.3.tar.gz (97 kB)
  Preparing metadata (setup.py): started
  Preparing metadata (setup.py): finished with status 'done'
Downloading graphene-2.1.8-py2.py3-none-any.whl (107 kB)
Downloading graphql_core-2.3.2-py2.py3-none-any.whl (252 kB)
Downloading graphql_relay-2.0.1-py3-none-any.whl (20 kB)
Building wheels for collected packages: promise, rx
  Building wheel for promise (setup.py): started
  Building wheel for promise (setup.py): finished with status 'done'
  Created wheel for promise: filename=promise-2.3-py3-none-any.whl size=21483 sha256=dfdb9c4351af3f42028d8a4bcd657823618962e913e4c778038392fc2f01d725
  Stored in directory: /root/.cache/pip/wheels/54/aa/01/724885182f93150035a2a91bce34a12877e8067a97baaf5dc8
  Building wheel for rx (setup.py): started
  Building wheel for rx (setup.py): finished with status 'done'
  Created wheel for rx: filename=Rx-1.6.3-py2.py3-none-any.whl size=182330 sha256=c2131675ebcd8ed037af71f75e4ca4db15a1b64d9ada7cd2eaf4e95f68db1b1e
  Stored in directory: /root/.cache/pip/wheels/49/80/dd/fa65bf26a3c8117c61953ec9b3c30fbf3e25cdd7f866a52946
Successfully built promise rx
Installing collected packages: rx, promise, graphql-core, graphql-relay, graphene
Successfully installed graphene-2.1.8 graphql-core-2.3.2 graphql-relay-2.0.1 promise-2.3 rx-1.6.3
WARNING: Running pip as the 'root' user can result in broken permissions and conflicting behaviour with the system package manager, possibly rendering your system unusable.It is recommended to use a virtual environment instead: https://pip.pypa.io/warnings/venv. Use the --root-user-action option if you know what you are doing and want to suppress this warning.
Requirement already satisfied: graphql-core==2.3.2 in /opt/conda/envs/f25ec32b84fa2c9f65b9ad23b80f6958/lib/python3.8/site-packages (2.3.2)
Requirement already satisfied: six>=1.10.0 in /opt/conda/envs/f25ec32b84fa2c9f65b9ad23b80f6958/lib/python3.8/site-packages (from graphql-core==2.3.2) (1.16.0)
Requirement already satisfied: promise<3,>=2.3 in /opt/conda/envs/f25ec32b84fa2c9f65b9ad23b80f6958/lib/python3.8/site-packages (from graphql-core==2.3.2) (2.3)
Requirement already satisfied: rx<2,>=1.6 in /opt/conda/envs/f25ec32b84fa2c9f65b9ad23b80f6958/lib/python3.8/site-packages (from graphql-core==2.3.2) (1.6.3)
WARNING: Running pip as the 'root' user can result in broken permissions and conflicting behaviour with the system package manager, possibly rendering your system unusable.It is recommended to use a virtual environment instead: https://pip.pypa.io/warnings/venv. Use the --root-user-action option if you know what you are doing and want to suppress this warning.
Requirement already satisfied: graphql-relay==2.0.1 in /opt/conda/envs/f25ec32b84fa2c9f65b9ad23b80f6958/lib/python3.8/site-packages (2.0.1)
Requirement already satisfied: six>=1.12 in /opt/conda/envs/f25ec32b84fa2c9f65b9ad23b80f6958/lib/python3.8/site-packages (from graphql-relay==2.0.1) (1.16.0)
Requirement already satisfied: graphql-core<3,>=2.2 in /opt/conda/envs/f25ec32b84fa2c9f65b9ad23b80f6958/lib/python3.8/site-packages (from graphql-relay==2.0.1) (2.3.2)
Requirement already satisfied: promise<3,>=2.2 in /opt/conda/envs/f25ec32b84fa2c9f65b9ad23b80f6958/lib/python3.8/site-packages (from graphql-relay==2.0.1) (2.3)
Requirement already satisfied: rx<2,>=1.6 in /opt/conda/envs/f25ec32b84fa2c9f65b9ad23b80f6958/lib/python3.8/site-packages (from graphql-core<3,>=2.2->graphql-relay==2.0.1) (1.6.3)
WARNING: Running pip as the 'root' user can result in broken permissions and conflicting behaviour with the system package manager, possibly rendering your system unusable.It is recommended to use a virtual environment instead: https://pip.pypa.io/warnings/venv. Use the --root-user-action option if you know what you are doing and want to suppress this warning.
Collecting h11==0.9.0
  Downloading h11-0.9.0-py2.py3-none-any.whl.metadata (8.1 kB)
Downloading h11-0.9.0-py2.py3-none-any.whl (53 kB)
Installing collected packages: h11
Successfully installed h11-0.9.0
WARNING: Running pip as the 'root' user can result in broken permissions and conflicting behaviour with the system package manager, possibly rendering your system unusable.It is recommended to use a virtual environment instead: https://pip.pypa.io/warnings/venv. Use the --root-user-action option if you know what you are doing and want to suppress this warning.
Collecting idna==2.9
  Downloading idna-2.9-py2.py3-none-any.whl.metadata (9.1 kB)
Downloading idna-2.9-py2.py3-none-any.whl (58 kB)
Installing collected packages: idna
  Attempting uninstall: idna
    Found existing installation: idna 3.10
    Uninstalling idna-3.10:
      Successfully uninstalled idna-3.10
Successfully installed idna-2.9
WARNING: Running pip as the 'root' user can result in broken permissions and conflicting behaviour with the system package manager, possibly rendering your system unusable.It is recommended to use a virtual environment instead: https://pip.pypa.io/warnings/venv. Use the --root-user-action option if you know what you are doing and want to suppress this warning.
Collecting importlib-metadata==1.6.1
  Downloading importlib_metadata-1.6.1-py2.py3-none-any.whl.metadata (2.1 kB)
Collecting zipp>=0.5 (from importlib-metadata==1.6.1)
  Downloading zipp-3.20.2-py3-none-any.whl.metadata (3.7 kB)
Downloading importlib_metadata-1.6.1-py2.py3-none-any.whl (31 kB)
Downloading zipp-3.20.2-py3-none-any.whl (9.2 kB)
Installing collected packages: zipp, importlib-metadata
Successfully installed importlib-metadata-1.6.1 zipp-3.20.2
WARNING: Running pip as the 'root' user can result in broken permissions and conflicting behaviour with the system package manager, possibly rendering your system unusable.It is recommended to use a virtual environment instead: https://pip.pypa.io/warnings/venv. Use the --root-user-action option if you know what you are doing and want to suppress this warning.
Collecting isort==4.3.21
  Downloading isort-4.3.21-py2.py3-none-any.whl.metadata (19 kB)
Downloading isort-4.3.21-py2.py3-none-any.whl (42 kB)
Installing collected packages: isort
Successfully installed isort-4.3.21
WARNING: Running pip as the 'root' user can result in broken permissions and conflicting behaviour with the system package manager, possibly rendering your system unusable.It is recommended to use a virtual environment instead: https://pip.pypa.io/warnings/venv. Use the --root-user-action option if you know what you are doing and want to suppress this warning.
Collecting itsdangerous==1.1.0
  Downloading itsdangerous-1.1.0-py2.py3-none-any.whl.metadata (3.1 kB)
Downloading itsdangerous-1.1.0-py2.py3-none-any.whl (16 kB)
Installing collected packages: itsdangerous
  Attempting uninstall: itsdangerous
    Found existing installation: itsdangerous 2.2.0
    Uninstalling itsdangerous-2.2.0:
      Successfully uninstalled itsdangerous-2.2.0
Successfully installed itsdangerous-1.1.0
WARNING: Running pip as the 'root' user can result in broken permissions and conflicting behaviour with the system package manager, possibly rendering your system unusable.It is recommended to use a virtual environment instead: https://pip.pypa.io/warnings/venv. Use the --root-user-action option if you know what you are doing and want to suppress this warning.
Collecting Jinja2==2.11.2
  Downloading Jinja2-2.11.2-py2.py3-none-any.whl.metadata (3.5 kB)
Requirement already satisfied: MarkupSafe>=0.23 in /opt/conda/envs/f25ec32b84fa2c9f65b9ad23b80f6958/lib/python3.8/site-packages (from Jinja2==2.11.2) (2.1.5)
Downloading Jinja2-2.11.2-py2.py3-none-any.whl (125 kB)
Installing collected packages: Jinja2
  Attempting uninstall: Jinja2
    Found existing installation: Jinja2 3.1.4
    Uninstalling Jinja2-3.1.4:
      Successfully uninstalled Jinja2-3.1.4
Successfully installed Jinja2-2.11.2
WARNING: Running pip as the 'root' user can result in broken permissions and conflicting behaviour with the system package manager, possibly rendering your system unusable.It is recommended to use a virtual environment instead: https://pip.pypa.io/warnings/venv. Use the --root-user-action option if you know what you are doing and want to suppress this warning.
Collecting joblib==0.15.1
  Downloading joblib-0.15.1-py3-none-any.whl.metadata (4.5 kB)
Downloading joblib-0.15.1-py3-none-any.whl (298 kB)
Installing collected packages: joblib
Successfully installed joblib-0.15.1
WARNING: Running pip as the 'root' user can result in broken permissions and conflicting behaviour with the system package manager, possibly rendering your system unusable.It is recommended to use a virtual environment instead: https://pip.pypa.io/warnings/venv. Use the --root-user-action option if you know what you are doing and want to suppress this warning.
Collecting livereload==2.6.2
  Downloading livereload-2.6.2.tar.gz (25 kB)
  Preparing metadata (setup.py): started
  Preparing metadata (setup.py): finished with status 'error'
  error: subprocess-exited-with-error
  
  √ó python setup.py egg_info did not run successfully.
  ‚îÇ exit code: 1
  ‚ï∞‚îÄ> [10 lines of output]
      Traceback (most recent call last):
        File "<string>", line 2, in <module>
        File "<pip-setuptools-caller>", line 14, in <module>
        File "/opt/conda/envs/f25ec32b84fa2c9f65b9ad23b80f6958/lib/python3.8/site-packages/setuptools/__init__.py", line 27, in <module>
          from .dist import Distribution
        File "/opt/conda/envs/f25ec32b84fa2c9f65b9ad23b80f6958/lib/python3.8/site-packages/setuptools/dist.py", line 18, in <module>
          from . import (
        File "/opt/conda/envs/f25ec32b84fa2c9f65b9ad23b80f6958/lib/python3.8/site-packages/setuptools/_entry_points.py", line 45, in <module>
          def validate(eps: metadata.EntryPoints):
      AttributeError: module 'importlib_metadata' has no attribute 'EntryPoints'
      [end of output]
  
  note: This error originates from a subprocess, and is likely not a problem with pip.
error: metadata-generation-failed

√ó Encountered error while generating package metadata.
‚ï∞‚îÄ> See above for output.

note: This is an issue with the package mentioned above, not pip.
hint: See above for details.
Collecting lunr==0.5.8
  Downloading lunr-0.5.8-py2.py3-none-any.whl.metadata (5.7 kB)
Requirement already satisfied: future>=0.16.0 in /opt/conda/envs/f25ec32b84fa2c9f65b9ad23b80f6958/lib/python3.8/site-packages (from lunr==0.5.8) (0.18.2)
Requirement already satisfied: six>=1.11.0 in /opt/conda/envs/f25ec32b84fa2c9f65b9ad23b80f6958/lib/python3.8/site-packages (from lunr==0.5.8) (1.16.0)
Downloading lunr-0.5.8-py2.py3-none-any.whl (2.3 MB)
   ‚îÅ‚îÅ‚îÅ‚îÅ‚îÅ‚îÅ‚îÅ‚îÅ‚îÅ‚îÅ‚îÅ‚îÅ‚îÅ‚îÅ‚îÅ‚îÅ‚îÅ‚îÅ‚îÅ‚îÅ‚îÅ‚îÅ‚îÅ‚îÅ‚îÅ‚îÅ‚îÅ‚îÅ‚îÅ‚îÅ‚îÅ‚îÅ‚îÅ‚îÅ‚îÅ‚îÅ‚îÅ‚îÅ‚îÅ‚îÅ 2.3/2.3 MB 48.4 MB/s eta 0:00:00
Installing collected packages: lunr
Successfully installed lunr-0.5.8
WARNING: Running pip as the 'root' user can result in broken permissions and conflicting behaviour with the system package manager, possibly rendering your system unusable.It is recommended to use a virtual environment instead: https://pip.pypa.io/warnings/venv. Use the --root-user-action option if you know what you are doing and want to suppress this warning.
Collecting Markdown==3.2.2
  Downloading Markdown-3.2.2-py3-none-any.whl.metadata (2.4 kB)
Downloading Markdown-3.2.2-py3-none-any.whl (88 kB)
Installing collected packages: Markdown
Successfully installed Markdown-3.2.2
WARNING: Running pip as the 'root' user can result in broken permissions and conflicting behaviour with the system package manager, possibly rendering your system unusable.It is recommended to use a virtual environment instead: https://pip.pypa.io/warnings/venv. Use the --root-user-action option if you know what you are doing and want to suppress this warning.
Collecting markdown-include==0.5.1
  Downloading markdown-include-0.5.1.tar.gz (4.0 kB)
  Preparing metadata (setup.py): started
  Preparing metadata (setup.py): finished with status 'error'
  error: subprocess-exited-with-error
  
  √ó python setup.py egg_info did not run successfully.
  ‚îÇ exit code: 1
  ‚ï∞‚îÄ> [10 lines of output]
      Traceback (most recent call last):
        File "<string>", line 2, in <module>
        File "<pip-setuptools-caller>", line 14, in <module>
        File "/opt/conda/envs/f25ec32b84fa2c9f65b9ad23b80f6958/lib/python3.8/site-packages/setuptools/__init__.py", line 27, in <module>
          from .dist import Distribution
        File "/opt/conda/envs/f25ec32b84fa2c9f65b9ad23b80f6958/lib/python3.8/site-packages/setuptools/dist.py", line 18, in <module>
          from . import (
        File "/opt/conda/envs/f25ec32b84fa2c9f65b9ad23b80f6958/lib/python3.8/site-packages/setuptools/_entry_points.py", line 45, in <module>
          def validate(eps: metadata.EntryPoints):
      AttributeError: module 'importlib_metadata' has no attribute 'EntryPoints'
      [end of output]
  
  note: This error originates from a subprocess, and is likely not a problem with pip.
error: metadata-generation-failed

√ó Encountered error while generating package metadata.
‚ï∞‚îÄ> See above for output.

note: This is an issue with the package mentioned above, not pip.
hint: See above for details.
Collecting MarkupSafe==1.1.1
  Downloading MarkupSafe-1.1.1-cp38-cp38-manylinux2010_x86_64.whl.metadata (3.2 kB)
Downloading MarkupSafe-1.1.1-cp38-cp38-manylinux2010_x86_64.whl (32 kB)
Installing collected packages: MarkupSafe
  Attempting uninstall: MarkupSafe
    Found existing installation: MarkupSafe 2.1.5
    Uninstalling MarkupSafe-2.1.5:
      Successfully uninstalled MarkupSafe-2.1.5
ERROR: pip's dependency resolver does not currently take into account all the packages that are installed. This behaviour is the source of the following dependency conflicts.
werkzeug 3.0.6 requires MarkupSafe>=2.1.1, but you have markupsafe 1.1.1 which is incompatible.
Successfully installed MarkupSafe-1.1.1
WARNING: Running pip as the 'root' user can result in broken permissions and conflicting behaviour with the system package manager, possibly rendering your system unusable.It is recommended to use a virtual environment instead: https://pip.pypa.io/warnings/venv. Use the --root-user-action option if you know what you are doing and want to suppress this warning.
Requirement already satisfied: mccabe==0.6.1 in /opt/conda/envs/f25ec32b84fa2c9f65b9ad23b80f6958/lib/python3.8/site-packages (0.6.1)
WARNING: Running pip as the 'root' user can result in broken permissions and conflicting behaviour with the system package manager, possibly rendering your system unusable.It is recommended to use a virtual environment instead: https://pip.pypa.io/warnings/venv. Use the --root-user-action option if you know what you are doing and want to suppress this warning.
Collecting mkdocs==1.1.2
  Downloading mkdocs-1.1.2-py3-none-any.whl.metadata (1.5 kB)
Requirement already satisfied: click>=3.3 in /opt/conda/envs/f25ec32b84fa2c9f65b9ad23b80f6958/lib/python3.8/site-packages (from mkdocs==1.1.2) (7.1.2)
Requirement already satisfied: Jinja2>=2.10.1 in /opt/conda/envs/f25ec32b84fa2c9f65b9ad23b80f6958/lib/python3.8/site-packages (from mkdocs==1.1.2) (2.11.2)
Collecting livereload>=2.5.1 (from mkdocs==1.1.2)
  Downloading livereload-2.7.0-py3-none-any.whl.metadata (2.1 kB)
Requirement already satisfied: lunr==0.5.8 in /opt/conda/envs/f25ec32b84fa2c9f65b9ad23b80f6958/lib/python3.8/site-packages (from lunr[languages]==0.5.8->mkdocs==1.1.2) (0.5.8)
Requirement already satisfied: Markdown>=3.2.1 in /opt/conda/envs/f25ec32b84fa2c9f65b9ad23b80f6958/lib/python3.8/site-packages (from mkdocs==1.1.2) (3.2.2)
Collecting PyYAML>=3.10 (from mkdocs==1.1.2)
  Downloading PyYAML-6.0.2-cp38-cp38-manylinux_2_17_x86_64.manylinux2014_x86_64.whl.metadata (2.1 kB)
Collecting tornado>=5.0 (from mkdocs==1.1.2)
  Downloading tornado-6.4.2-cp38-abi3-manylinux_2_5_x86_64.manylinux1_x86_64.manylinux_2_17_x86_64.manylinux2014_x86_64.whl.metadata (2.5 kB)
Requirement already satisfied: future>=0.16.0 in /opt/conda/envs/f25ec32b84fa2c9f65b9ad23b80f6958/lib/python3.8/site-packages (from lunr==0.5.8->lunr[languages]==0.5.8->mkdocs==1.1.2) (0.18.2)
Requirement already satisfied: six>=1.11.0 in /opt/conda/envs/f25ec32b84fa2c9f65b9ad23b80f6958/lib/python3.8/site-packages (from lunr==0.5.8->lunr[languages]==0.5.8->mkdocs==1.1.2) (1.16.0)
Collecting nltk>=3.2.5 (from lunr[languages]==0.5.8->mkdocs==1.1.2)
  Downloading nltk-3.9.1-py3-none-any.whl.metadata (2.9 kB)
Requirement already satisfied: MarkupSafe>=0.23 in /opt/conda/envs/f25ec32b84fa2c9f65b9ad23b80f6958/lib/python3.8/site-packages (from Jinja2>=2.10.1->mkdocs==1.1.2) (1.1.1)
Requirement already satisfied: joblib in /opt/conda/envs/f25ec32b84fa2c9f65b9ad23b80f6958/lib/python3.8/site-packages (from nltk>=3.2.5->lunr[languages]==0.5.8->mkdocs==1.1.2) (0.15.1)
Requirement already satisfied: regex>=2021.8.3 in /opt/conda/envs/f25ec32b84fa2c9f65b9ad23b80f6958/lib/python3.8/site-packages (from nltk>=3.2.5->lunr[languages]==0.5.8->mkdocs==1.1.2) (2024.11.6)
Collecting tqdm (from nltk>=3.2.5->lunr[languages]==0.5.8->mkdocs==1.1.2)
  Downloading tqdm-4.67.1-py3-none-any.whl.metadata (57 kB)
Downloading mkdocs-1.1.2-py3-none-any.whl (6.4 MB)
   ‚îÅ‚îÅ‚îÅ‚îÅ‚îÅ‚îÅ‚îÅ‚îÅ‚îÅ‚îÅ‚îÅ‚îÅ‚îÅ‚îÅ‚îÅ‚îÅ‚îÅ‚îÅ‚îÅ‚îÅ‚îÅ‚îÅ‚îÅ‚îÅ‚îÅ‚îÅ‚îÅ‚îÅ‚îÅ‚îÅ‚îÅ‚îÅ‚îÅ‚îÅ‚îÅ‚îÅ‚îÅ‚îÅ‚îÅ‚îÅ 6.4/6.4 MB 57.7 MB/s eta 0:00:00
Downloading livereload-2.7.0-py3-none-any.whl (22 kB)
Downloading PyYAML-6.0.2-cp38-cp38-manylinux_2_17_x86_64.manylinux2014_x86_64.whl (746 kB)
   ‚îÅ‚îÅ‚îÅ‚îÅ‚îÅ‚îÅ‚îÅ‚îÅ‚îÅ‚îÅ‚îÅ‚îÅ‚îÅ‚îÅ‚îÅ‚îÅ‚îÅ‚îÅ‚îÅ‚îÅ‚îÅ‚îÅ‚îÅ‚îÅ‚îÅ‚îÅ‚îÅ‚îÅ‚îÅ‚îÅ‚îÅ‚îÅ‚îÅ‚îÅ‚îÅ‚îÅ‚îÅ‚îÅ‚îÅ‚îÅ 746.5/746.5 kB 22.6 MB/s eta 0:00:00
Downloading tornado-6.4.2-cp38-abi3-manylinux_2_5_x86_64.manylinux1_x86_64.manylinux_2_17_x86_64.manylinux2014_x86_64.whl (437 kB)
Downloading nltk-3.9.1-py3-none-any.whl (1.5 MB)
   ‚îÅ‚îÅ‚îÅ‚îÅ‚îÅ‚îÅ‚îÅ‚îÅ‚îÅ‚îÅ‚îÅ‚îÅ‚îÅ‚îÅ‚îÅ‚îÅ‚îÅ‚îÅ‚îÅ‚îÅ‚îÅ‚îÅ‚îÅ‚îÅ‚îÅ‚îÅ‚îÅ‚îÅ‚îÅ‚îÅ‚îÅ‚îÅ‚îÅ‚îÅ‚îÅ‚îÅ‚îÅ‚îÅ‚îÅ‚îÅ 1.5/1.5 MB 44.3 MB/s eta 0:00:00
Downloading tqdm-4.67.1-py3-none-any.whl (78 kB)
Installing collected packages: tqdm, tornado, PyYAML, nltk, livereload, mkdocs
Successfully installed PyYAML-6.0.2 livereload-2.7.0 mkdocs-1.1.2 nltk-3.9.1 tornado-6.4.2 tqdm-4.67.1
WARNING: Running pip as the 'root' user can result in broken permissions and conflicting behaviour with the system package manager, possibly rendering your system unusable.It is recommended to use a virtual environment instead: https://pip.pypa.io/warnings/venv. Use the --root-user-action option if you know what you are doing and want to suppress this warning.
Collecting mkdocs-material==5.2.3
  Downloading mkdocs_material-5.2.3-py2.py3-none-any.whl.metadata (7.7 kB)
Requirement already satisfied: mkdocs>=1.1 in /opt/conda/envs/f25ec32b84fa2c9f65b9ad23b80f6958/lib/python3.8/site-packages (from mkdocs-material==5.2.3) (1.1.2)
Collecting Pygments>=2.4 (from mkdocs-material==5.2.3)
  Downloading pygments-2.18.0-py3-none-any.whl.metadata (2.5 kB)
Requirement already satisfied: markdown>=3.2 in /opt/conda/envs/f25ec32b84fa2c9f65b9ad23b80f6958/lib/python3.8/site-packages (from mkdocs-material==5.2.3) (3.2.2)
Collecting pymdown-extensions>=7.0 (from mkdocs-material==5.2.3)
  Downloading pymdown_extensions-10.12-py3-none-any.whl.metadata (3.0 kB)
Collecting mkdocs-material-extensions>=1.0 (from mkdocs-material==5.2.3)
  Downloading mkdocs_material_extensions-1.3.1-py3-none-any.whl.metadata (6.9 kB)
Requirement already satisfied: click>=3.3 in /opt/conda/envs/f25ec32b84fa2c9f65b9ad23b80f6958/lib/python3.8/site-packages (from mkdocs>=1.1->mkdocs-material==5.2.3) (7.1.2)
Requirement already satisfied: Jinja2>=2.10.1 in /opt/conda/envs/f25ec32b84fa2c9f65b9ad23b80f6958/lib/python3.8/site-packages (from mkdocs>=1.1->mkdocs-material==5.2.3) (2.11.2)
Requirement already satisfied: livereload>=2.5.1 in /opt/conda/envs/f25ec32b84fa2c9f65b9ad23b80f6958/lib/python3.8/site-packages (from mkdocs>=1.1->mkdocs-material==5.2.3) (2.7.0)
Requirement already satisfied: lunr==0.5.8 in /opt/conda/envs/f25ec32b84fa2c9f65b9ad23b80f6958/lib/python3.8/site-packages (from lunr[languages]==0.5.8->mkdocs>=1.1->mkdocs-material==5.2.3) (0.5.8)
Requirement already satisfied: PyYAML>=3.10 in /opt/conda/envs/f25ec32b84fa2c9f65b9ad23b80f6958/lib/python3.8/site-packages (from mkdocs>=1.1->mkdocs-material==5.2.3) (6.0.2)
Requirement already satisfied: tornado>=5.0 in /opt/conda/envs/f25ec32b84fa2c9f65b9ad23b80f6958/lib/python3.8/site-packages (from mkdocs>=1.1->mkdocs-material==5.2.3) (6.4.2)
Requirement already satisfied: future>=0.16.0 in /opt/conda/envs/f25ec32b84fa2c9f65b9ad23b80f6958/lib/python3.8/site-packages (from lunr==0.5.8->lunr[languages]==0.5.8->mkdocs>=1.1->mkdocs-material==5.2.3) (0.18.2)
Requirement already satisfied: six>=1.11.0 in /opt/conda/envs/f25ec32b84fa2c9f65b9ad23b80f6958/lib/python3.8/site-packages (from lunr==0.5.8->lunr[languages]==0.5.8->mkdocs>=1.1->mkdocs-material==5.2.3) (1.16.0)
Requirement already satisfied: nltk>=3.2.5 in /opt/conda/envs/f25ec32b84fa2c9f65b9ad23b80f6958/lib/python3.8/site-packages (from lunr[languages]==0.5.8->mkdocs>=1.1->mkdocs-material==5.2.3) (3.9.1)
Collecting markdown>=3.2 (from mkdocs-material==5.2.3)
  Downloading Markdown-3.7-py3-none-any.whl.metadata (7.0 kB)
Collecting importlib-metadata>=4.4 (from markdown>=3.2->mkdocs-material==5.2.3)
  Downloading importlib_metadata-8.5.0-py3-none-any.whl.metadata (4.8 kB)
Requirement already satisfied: zipp>=3.20 in /opt/conda/envs/f25ec32b84fa2c9f65b9ad23b80f6958/lib/python3.8/site-packages (from importlib-metadata>=4.4->markdown>=3.2->mkdocs-material==5.2.3) (3.20.2)
Requirement already satisfied: MarkupSafe>=0.23 in /opt/conda/envs/f25ec32b84fa2c9f65b9ad23b80f6958/lib/python3.8/site-packages (from Jinja2>=2.10.1->mkdocs>=1.1->mkdocs-material==5.2.3) (1.1.1)
Requirement already satisfied: joblib in /opt/conda/envs/f25ec32b84fa2c9f65b9ad23b80f6958/lib/python3.8/site-packages (from nltk>=3.2.5->lunr[languages]==0.5.8->mkdocs>=1.1->mkdocs-material==5.2.3) (0.15.1)
Requirement already satisfied: regex>=2021.8.3 in /opt/conda/envs/f25ec32b84fa2c9f65b9ad23b80f6958/lib/python3.8/site-packages (from nltk>=3.2.5->lunr[languages]==0.5.8->mkdocs>=1.1->mkdocs-material==5.2.3) (2024.11.6)
Requirement already satisfied: tqdm in /opt/conda/envs/f25ec32b84fa2c9f65b9ad23b80f6958/lib/python3.8/site-packages (from nltk>=3.2.5->lunr[languages]==0.5.8->mkdocs>=1.1->mkdocs-material==5.2.3) (4.67.1)
Downloading mkdocs_material-5.2.3-py2.py3-none-any.whl (3.7 MB)
   ‚îÅ‚îÅ‚îÅ‚îÅ‚îÅ‚îÅ‚îÅ‚îÅ‚îÅ‚îÅ‚îÅ‚îÅ‚îÅ‚îÅ‚îÅ‚îÅ‚îÅ‚îÅ‚îÅ‚îÅ‚îÅ‚îÅ‚îÅ‚îÅ‚îÅ‚îÅ‚îÅ‚îÅ‚îÅ‚îÅ‚îÅ‚îÅ‚îÅ‚îÅ‚îÅ‚îÅ‚îÅ‚îÅ‚îÅ‚îÅ 3.7/3.7 MB 55.6 MB/s eta 0:00:00
Downloading mkdocs_material_extensions-1.3.1-py3-none-any.whl (8.7 kB)
Downloading pygments-2.18.0-py3-none-any.whl (1.2 MB)
   ‚îÅ‚îÅ‚îÅ‚îÅ‚îÅ‚îÅ‚îÅ‚îÅ‚îÅ‚îÅ‚îÅ‚îÅ‚îÅ‚îÅ‚îÅ‚îÅ‚îÅ‚îÅ‚îÅ‚îÅ‚îÅ‚îÅ‚îÅ‚îÅ‚îÅ‚îÅ‚îÅ‚îÅ‚îÅ‚îÅ‚îÅ‚îÅ‚îÅ‚îÅ‚îÅ‚îÅ‚îÅ‚îÅ‚îÅ‚îÅ 1.2/1.2 MB 34.5 MB/s eta 0:00:00
Downloading pymdown_extensions-10.12-py3-none-any.whl (263 kB)
Downloading Markdown-3.7-py3-none-any.whl (106 kB)
Downloading importlib_metadata-8.5.0-py3-none-any.whl (26 kB)
Installing collected packages: Pygments, mkdocs-material-extensions, importlib-metadata, markdown, pymdown-extensions, mkdocs-material
  Attempting uninstall: importlib-metadata
    Found existing installation: importlib-metadata 1.6.1
    Uninstalling importlib-metadata-1.6.1:
      Successfully uninstalled importlib-metadata-1.6.1
  Attempting uninstall: markdown
    Found existing installation: Markdown 3.2.2
    Uninstalling Markdown-3.2.2:
      Successfully uninstalled Markdown-3.2.2
Successfully installed Pygments-2.18.0 importlib-metadata-8.5.0 markdown-3.7 mkdocs-material-5.2.3 mkdocs-material-extensions-1.3.1 pymdown-extensions-10.12
WARNING: Running pip as the 'root' user can result in broken permissions and conflicting behaviour with the system package manager, possibly rendering your system unusable.It is recommended to use a virtual environment instead: https://pip.pypa.io/warnings/venv. Use the --root-user-action option if you know what you are doing and want to suppress this warning.
Collecting mkdocs-material-extensions==1.0
  Downloading mkdocs_material_extensions-1.0-py3-none-any.whl.metadata (6.2 kB)
Requirement already satisfied: mkdocs-material>=5.0.0 in /opt/conda/envs/f25ec32b84fa2c9f65b9ad23b80f6958/lib/python3.8/site-packages (from mkdocs-material-extensions==1.0) (5.2.3)
Requirement already satisfied: mkdocs>=1.1 in /opt/conda/envs/f25ec32b84fa2c9f65b9ad23b80f6958/lib/python3.8/site-packages (from mkdocs-material>=5.0.0->mkdocs-material-extensions==1.0) (1.1.2)
Requirement already satisfied: Pygments>=2.4 in /opt/conda/envs/f25ec32b84fa2c9f65b9ad23b80f6958/lib/python3.8/site-packages (from mkdocs-material>=5.0.0->mkdocs-material-extensions==1.0) (2.18.0)
Requirement already satisfied: markdown>=3.2 in /opt/conda/envs/f25ec32b84fa2c9f65b9ad23b80f6958/lib/python3.8/site-packages (from mkdocs-material>=5.0.0->mkdocs-material-extensions==1.0) (3.7)
Requirement already satisfied: pymdown-extensions>=7.0 in /opt/conda/envs/f25ec32b84fa2c9f65b9ad23b80f6958/lib/python3.8/site-packages (from mkdocs-material>=5.0.0->mkdocs-material-extensions==1.0) (10.12)
Requirement already satisfied: importlib-metadata>=4.4 in /opt/conda/envs/f25ec32b84fa2c9f65b9ad23b80f6958/lib/python3.8/site-packages (from markdown>=3.2->mkdocs-material>=5.0.0->mkdocs-material-extensions==1.0) (8.5.0)
Requirement already satisfied: click>=3.3 in /opt/conda/envs/f25ec32b84fa2c9f65b9ad23b80f6958/lib/python3.8/site-packages (from mkdocs>=1.1->mkdocs-material>=5.0.0->mkdocs-material-extensions==1.0) (7.1.2)
Requirement already satisfied: Jinja2>=2.10.1 in /opt/conda/envs/f25ec32b84fa2c9f65b9ad23b80f6958/lib/python3.8/site-packages (from mkdocs>=1.1->mkdocs-material>=5.0.0->mkdocs-material-extensions==1.0) (2.11.2)
Requirement already satisfied: livereload>=2.5.1 in /opt/conda/envs/f25ec32b84fa2c9f65b9ad23b80f6958/lib/python3.8/site-packages (from mkdocs>=1.1->mkdocs-material>=5.0.0->mkdocs-material-extensions==1.0) (2.7.0)
Requirement already satisfied: lunr==0.5.8 in /opt/conda/envs/f25ec32b84fa2c9f65b9ad23b80f6958/lib/python3.8/site-packages (from lunr[languages]==0.5.8->mkdocs>=1.1->mkdocs-material>=5.0.0->mkdocs-material-extensions==1.0) (0.5.8)
Requirement already satisfied: PyYAML>=3.10 in /opt/conda/envs/f25ec32b84fa2c9f65b9ad23b80f6958/lib/python3.8/site-packages (from mkdocs>=1.1->mkdocs-material>=5.0.0->mkdocs-material-extensions==1.0) (6.0.2)
Requirement already satisfied: tornado>=5.0 in /opt/conda/envs/f25ec32b84fa2c9f65b9ad23b80f6958/lib/python3.8/site-packages (from mkdocs>=1.1->mkdocs-material>=5.0.0->mkdocs-material-extensions==1.0) (6.4.2)
Requirement already satisfied: future>=0.16.0 in /opt/conda/envs/f25ec32b84fa2c9f65b9ad23b80f6958/lib/python3.8/site-packages (from lunr==0.5.8->lunr[languages]==0.5.8->mkdocs>=1.1->mkdocs-material>=5.0.0->mkdocs-material-extensions==1.0) (0.18.2)
Requirement already satisfied: six>=1.11.0 in /opt/conda/envs/f25ec32b84fa2c9f65b9ad23b80f6958/lib/python3.8/site-packages (from lunr==0.5.8->lunr[languages]==0.5.8->mkdocs>=1.1->mkdocs-material>=5.0.0->mkdocs-material-extensions==1.0) (1.16.0)
Requirement already satisfied: nltk>=3.2.5 in /opt/conda/envs/f25ec32b84fa2c9f65b9ad23b80f6958/lib/python3.8/site-packages (from lunr[languages]==0.5.8->mkdocs>=1.1->mkdocs-material>=5.0.0->mkdocs-material-extensions==1.0) (3.9.1)
Requirement already satisfied: zipp>=3.20 in /opt/conda/envs/f25ec32b84fa2c9f65b9ad23b80f6958/lib/python3.8/site-packages (from importlib-metadata>=4.4->markdown>=3.2->mkdocs-material>=5.0.0->mkdocs-material-extensions==1.0) (3.20.2)
Requirement already satisfied: MarkupSafe>=0.23 in /opt/conda/envs/f25ec32b84fa2c9f65b9ad23b80f6958/lib/python3.8/site-packages (from Jinja2>=2.10.1->mkdocs>=1.1->mkdocs-material>=5.0.0->mkdocs-material-extensions==1.0) (1.1.1)
Requirement already satisfied: joblib in /opt/conda/envs/f25ec32b84fa2c9f65b9ad23b80f6958/lib/python3.8/site-packages (from nltk>=3.2.5->lunr[languages]==0.5.8->mkdocs>=1.1->mkdocs-material>=5.0.0->mkdocs-material-extensions==1.0) (0.15.1)
Requirement already satisfied: regex>=2021.8.3 in /opt/conda/envs/f25ec32b84fa2c9f65b9ad23b80f6958/lib/python3.8/site-packages (from nltk>=3.2.5->lunr[languages]==0.5.8->mkdocs>=1.1->mkdocs-material>=5.0.0->mkdocs-material-extensions==1.0) (2024.11.6)
Requirement already satisfied: tqdm in /opt/conda/envs/f25ec32b84fa2c9f65b9ad23b80f6958/lib/python3.8/site-packages (from nltk>=3.2.5->lunr[languages]==0.5.8->mkdocs>=1.1->mkdocs-material>=5.0.0->mkdocs-material-extensions==1.0) (4.67.1)
Downloading mkdocs_material_extensions-1.0-py3-none-any.whl (7.9 kB)
Installing collected packages: mkdocs-material-extensions
  Attempting uninstall: mkdocs-material-extensions
    Found existing installation: mkdocs-material-extensions 1.3.1
    Uninstalling mkdocs-material-extensions-1.3.1:
      Successfully uninstalled mkdocs-material-extensions-1.3.1
Successfully installed mkdocs-material-extensions-1.0
WARNING: Running pip as the 'root' user can result in broken permissions and conflicting behaviour with the system package manager, possibly rendering your system unusable.It is recommended to use a virtual environment instead: https://pip.pypa.io/warnings/venv. Use the --root-user-action option if you know what you are doing and want to suppress this warning.
Collecting more-itertools==8.3.0
  Downloading more_itertools-8.3.0-py3-none-any.whl.metadata (43 kB)
Downloading more_itertools-8.3.0-py3-none-any.whl (44 kB)
Installing collected packages: more-itertools
Successfully installed more-itertools-8.3.0
WARNING: Running pip as the 'root' user can result in broken permissions and conflicting behaviour with the system package manager, possibly rendering your system unusable.It is recommended to use a virtual environment instead: https://pip.pypa.io/warnings/venv. Use the --root-user-action option if you know what you are doing and want to suppress this warning.
Collecting mypy==0.780
  Downloading mypy-0.780-cp38-cp38-manylinux1_x86_64.whl.metadata (1.4 kB)
Collecting typed-ast<1.5.0,>=1.4.0 (from mypy==0.780)
  Downloading typed_ast-1.4.3-cp38-cp38-manylinux1_x86_64.whl.metadata (1.3 kB)
Requirement already satisfied: typing-extensions>=3.7.4 in /opt/conda/envs/f25ec32b84fa2c9f65b9ad23b80f6958/lib/python3.8/site-packages (from mypy==0.780) (4.12.2)
Collecting mypy-extensions<0.5.0,>=0.4.3 (from mypy==0.780)
  Downloading mypy_extensions-0.4.4.tar.gz (4.2 kB)
  Preparing metadata (setup.py): started
  Preparing metadata (setup.py): finished with status 'done'
Downloading mypy-0.780-cp38-cp38-manylinux1_x86_64.whl (21.1 MB)
   ‚îÅ‚îÅ‚îÅ‚îÅ‚îÅ‚îÅ‚îÅ‚îÅ‚îÅ‚îÅ‚îÅ‚îÅ‚îÅ‚îÅ‚îÅ‚îÅ‚îÅ‚îÅ‚îÅ‚îÅ‚îÅ‚îÅ‚îÅ‚îÅ‚îÅ‚îÅ‚îÅ‚îÅ‚îÅ‚îÅ‚îÅ‚îÅ‚îÅ‚îÅ‚îÅ‚îÅ‚îÅ‚îÅ‚îÅ‚îÅ 21.1/21.1 MB 66.9 MB/s eta 0:00:00
Downloading typed_ast-1.4.3-cp38-cp38-manylinux1_x86_64.whl (774 kB)
   ‚îÅ‚îÅ‚îÅ‚îÅ‚îÅ‚îÅ‚îÅ‚îÅ‚îÅ‚îÅ‚îÅ‚îÅ‚îÅ‚îÅ‚îÅ‚îÅ‚îÅ‚îÅ‚îÅ‚îÅ‚îÅ‚îÅ‚îÅ‚îÅ‚îÅ‚îÅ‚îÅ‚îÅ‚îÅ‚îÅ‚îÅ‚îÅ‚îÅ‚îÅ‚îÅ‚îÅ‚îÅ‚îÅ‚îÅ‚îÅ 774.0/774.0 kB 25.5 MB/s eta 0:00:00
Building wheels for collected packages: mypy-extensions
  Building wheel for mypy-extensions (setup.py): started
  Building wheel for mypy-extensions (setup.py): finished with status 'done'
  Created wheel for mypy-extensions: filename=mypy_extensions-0.4.4-py2.py3-none-any.whl size=4469 sha256=c7c086237247b0ab7b373983077a5dda73fdc036bdcbcc622358950eab62cde6
  Stored in directory: /root/.cache/pip/wheels/c3/6b/25/cfccb9c2bf5860655ccedc1be849f6ed2f01ef58ba3d90085e
Successfully built mypy-extensions
Installing collected packages: typed-ast, mypy-extensions, mypy
  Attempting uninstall: typed-ast
    Found existing installation: typed-ast 1.5.5
    Uninstalling typed-ast-1.5.5:
      Successfully uninstalled typed-ast-1.5.5
Successfully installed mypy-0.780 mypy-extensions-0.4.4 typed-ast-1.4.3
WARNING: Running pip as the 'root' user can result in broken permissions and conflicting behaviour with the system package manager, possibly rendering your system unusable.It is recommended to use a virtual environment instead: https://pip.pypa.io/warnings/venv. Use the --root-user-action option if you know what you are doing and want to suppress this warning.
Collecting mypy-extensions==0.4.3
  Downloading mypy_extensions-0.4.3-py2.py3-none-any.whl.metadata (1.2 kB)
Downloading mypy_extensions-0.4.3-py2.py3-none-any.whl (4.5 kB)
Installing collected packages: mypy-extensions
  Attempting uninstall: mypy-extensions
    Found existing installation: mypy_extensions 0.4.4
    Uninstalling mypy_extensions-0.4.4:
      Successfully uninstalled mypy_extensions-0.4.4
Successfully installed mypy-extensions-0.4.3
WARNING: Running pip as the 'root' user can result in broken permissions and conflicting behaviour with the system package manager, possibly rendering your system unusable.It is recommended to use a virtual environment instead: https://pip.pypa.io/warnings/venv. Use the --root-user-action option if you know what you are doing and want to suppress this warning.
Collecting nltk==3.5
  Downloading nltk-3.5.zip (1.4 MB)
     ‚îÅ‚îÅ‚îÅ‚îÅ‚îÅ‚îÅ‚îÅ‚îÅ‚îÅ‚îÅ‚îÅ‚îÅ‚îÅ‚îÅ‚îÅ‚îÅ‚îÅ‚îÅ‚îÅ‚îÅ‚îÅ‚îÅ‚îÅ‚îÅ‚îÅ‚îÅ‚îÅ‚îÅ‚îÅ‚îÅ‚îÅ‚îÅ‚îÅ‚îÅ‚îÅ‚îÅ‚îÅ‚îÅ‚îÅ‚îÅ 1.4/1.4 MB 43.7 MB/s eta 0:00:00
  Preparing metadata (setup.py): started
  Preparing metadata (setup.py): finished with status 'done'
Requirement already satisfied: click in /opt/conda/envs/f25ec32b84fa2c9f65b9ad23b80f6958/lib/python3.8/site-packages (from nltk==3.5) (7.1.2)
Requirement already satisfied: joblib in /opt/conda/envs/f25ec32b84fa2c9f65b9ad23b80f6958/lib/python3.8/site-packages (from nltk==3.5) (0.15.1)
Requirement already satisfied: regex in /opt/conda/envs/f25ec32b84fa2c9f65b9ad23b80f6958/lib/python3.8/site-packages (from nltk==3.5) (2024.11.6)
Requirement already satisfied: tqdm in /opt/conda/envs/f25ec32b84fa2c9f65b9ad23b80f6958/lib/python3.8/site-packages (from nltk==3.5) (4.67.1)
Building wheels for collected packages: nltk
  Building wheel for nltk (setup.py): started
  Building wheel for nltk (setup.py): finished with status 'done'
  Created wheel for nltk: filename=nltk-3.5-py3-none-any.whl size=1434675 sha256=c3ffa748c53cfec45c7982dbf34a7f363373ef8e176262c8687d8be4dac4df53
  Stored in directory: /root/.cache/pip/wheels/ff/d5/7b/f1fb4e1e1603b2f01c2424dd60fbcc50c12ef918bafc44b155
Successfully built nltk
Installing collected packages: nltk
  Attempting uninstall: nltk
    Found existing installation: nltk 3.9.1
    Uninstalling nltk-3.9.1:
      Successfully uninstalled nltk-3.9.1
Successfully installed nltk-3.5
WARNING: Running pip as the 'root' user can result in broken permissions and conflicting behaviour with the system package manager, possibly rendering your system unusable.It is recommended to use a virtual environment instead: https://pip.pypa.io/warnings/venv. Use the --root-user-action option if you know what you are doing and want to suppress this warning.
Collecting orjson==3.0.2
  Downloading orjson-3.0.2-cp38-cp38-manylinux1_x86_64.whl.metadata (42 kB)
Downloading orjson-3.0.2-cp38-cp38-manylinux1_x86_64.whl (200 kB)
Installing collected packages: orjson
Successfully installed orjson-3.0.2
WARNING: Running pip as the 'root' user can result in broken permissions and conflicting behaviour with the system package manager, possibly rendering your system unusable.It is recommended to use a virtual environment instead: https://pip.pypa.io/warnings/venv. Use the --root-user-action option if you know what you are doing and want to suppress this warning.
Collecting packaging==20.4
  Downloading packaging-20.4-py2.py3-none-any.whl.metadata (11 kB)
Collecting pyparsing>=2.0.2 (from packaging==20.4)
  Downloading pyparsing-3.1.4-py3-none-any.whl.metadata (5.1 kB)
Requirement already satisfied: six in /opt/conda/envs/f25ec32b84fa2c9f65b9ad23b80f6958/lib/python3.8/site-packages (from packaging==20.4) (1.16.0)
Downloading packaging-20.4-py2.py3-none-any.whl (37 kB)
Downloading pyparsing-3.1.4-py3-none-any.whl (104 kB)
Installing collected packages: pyparsing, packaging
  Attempting uninstall: packaging
    Found existing installation: packaging 24.1
    Uninstalling packaging-24.1:
      Successfully uninstalled packaging-24.1
Successfully installed packaging-20.4 pyparsing-3.1.4
WARNING: Running pip as the 'root' user can result in broken permissions and conflicting behaviour with the system package manager, possibly rendering your system unusable.It is recommended to use a virtual environment instead: https://pip.pypa.io/warnings/venv. Use the --root-user-action option if you know what you are doing and want to suppress this warning.
Collecting passlib==1.7.2
  Downloading passlib-1.7.2-py2.py3-none-any.whl.metadata (1.7 kB)
Downloading passlib-1.7.2-py2.py3-none-any.whl (507 kB)
Installing collected packages: passlib
Successfully installed passlib-1.7.2
WARNING: Running pip as the 'root' user can result in broken permissions and conflicting behaviour with the system package manager, possibly rendering your system unusable.It is recommended to use a virtual environment instead: https://pip.pypa.io/warnings/venv. Use the --root-user-action option if you know what you are doing and want to suppress this warning.
Collecting pathspec==0.8.0
  Downloading pathspec-0.8.0-py2.py3-none-any.whl.metadata (11 kB)
Downloading pathspec-0.8.0-py2.py3-none-any.whl (28 kB)
Installing collected packages: pathspec
  Attempting uninstall: pathspec
    Found existing installation: pathspec 0.12.1
    Uninstalling pathspec-0.12.1:
      Successfully uninstalled pathspec-0.12.1
Successfully installed pathspec-0.8.0
WARNING: Running pip as the 'root' user can result in broken permissions and conflicting behaviour with the system package manager, possibly rendering your system unusable.It is recommended to use a virtual environment instead: https://pip.pypa.io/warnings/venv. Use the --root-user-action option if you know what you are doing and want to suppress this warning.
Collecting peewee==3.13.3
  Downloading peewee-3.13.3.tar.gz (2.3 MB)
     ‚îÅ‚îÅ‚îÅ‚îÅ‚îÅ‚îÅ‚îÅ‚îÅ‚îÅ‚îÅ‚îÅ‚îÅ‚îÅ‚îÅ‚îÅ‚îÅ‚îÅ‚îÅ‚îÅ‚îÅ‚îÅ‚îÅ‚îÅ‚îÅ‚îÅ‚îÅ‚îÅ‚îÅ‚îÅ‚îÅ‚îÅ‚îÅ‚îÅ‚îÅ‚îÅ‚îÅ‚îÅ‚îÅ‚îÅ‚îÅ 2.3/2.3 MB 49.0 MB/s eta 0:00:00
  Preparing metadata (setup.py): started
  Preparing metadata (setup.py): finished with status 'error'
  error: subprocess-exited-with-error
  
  √ó python setup.py egg_info did not run successfully.
  ‚îÇ exit code: 1
  ‚ï∞‚îÄ> [53 lines of output]
      /tmp/tmp_pw_sqlite3_xz5ynfd4/test_pw_sqlite3.c:1:10: fatal error: sqlite3.h: No such file or directory
          1 | #include <sqlite3.h>
            |          ^~~~~~~~~~~
      compilation terminated.
      unable to compile sqlite3 C extensions - missing headers?
      running egg_info
      creating /tmp/pip-pip-egg-info-4oa9hd5q/peewee.egg-info
      writing /tmp/pip-pip-egg-info-4oa9hd5q/peewee.egg-info/PKG-INFO
      writing dependency_links to /tmp/pip-pip-egg-info-4oa9hd5q/peewee.egg-info/dependency_links.txt
      writing top-level names to /tmp/pip-pip-egg-info-4oa9hd5q/peewee.egg-info/top_level.txt
      writing manifest file '/tmp/pip-pip-egg-info-4oa9hd5q/peewee.egg-info/SOURCES.txt'
      reading manifest file '/tmp/pip-pip-egg-info-4oa9hd5q/peewee.egg-info/SOURCES.txt'
      reading manifest template 'MANIFEST.in'
      /tmp/pip-install-dnn3p9jh/peewee_7858f5df643545e8b8703a64ccc0304c/setup.py:100: UserWarning: Could not find libsqlite3, SQLite extensions will not be built.
        warnings.warn('Could not find libsqlite3, SQLite extensions will not '
      warning: no files found matching 'tests.py'
      warning: no files found matching 'playhouse/pskel'
      warning: no files found matching 'playhouse/tests/README'
      adding license file 'LICENSE'
      Traceback (most recent call last):
        File "<string>", line 2, in <module>
        File "<pip-setuptools-caller>", line 34, in <module>
        File "/tmp/pip-install-dnn3p9jh/peewee_7858f5df643545e8b8703a64ccc0304c/setup.py", line 162, in <module>
          _do_setup(extension_support, sqlite_extension_support)
        File "/tmp/pip-install-dnn3p9jh/peewee_7858f5df643545e8b8703a64ccc0304c/setup.py", line 127, in _do_setup
          setup(
        File "/opt/conda/envs/f25ec32b84fa2c9f65b9ad23b80f6958/lib/python3.8/site-packages/setuptools/__init__.py", line 117, in setup
          return distutils.core.setup(**attrs)
        File "/opt/conda/envs/f25ec32b84fa2c9f65b9ad23b80f6958/lib/python3.8/site-packages/setuptools/_distutils/core.py", line 183, in setup
          return run_commands(dist)
        File "/opt/conda/envs/f25ec32b84fa2c9f65b9ad23b80f6958/lib/python3.8/site-packages/setuptools/_distutils/core.py", line 199, in run_commands
          dist.run_commands()
        File "/opt/conda/envs/f25ec32b84fa2c9f65b9ad23b80f6958/lib/python3.8/site-packages/setuptools/_distutils/dist.py", line 954, in run_commands
          self.run_command(cmd)
        File "/opt/conda/envs/f25ec32b84fa2c9f65b9ad23b80f6958/lib/python3.8/site-packages/setuptools/dist.py", line 950, in run_command
          super().run_command(command)
        File "/opt/conda/envs/f25ec32b84fa2c9f65b9ad23b80f6958/lib/python3.8/site-packages/setuptools/_distutils/dist.py", line 973, in run_command
          cmd_obj.run()
        File "/opt/conda/envs/f25ec32b84fa2c9f65b9ad23b80f6958/lib/python3.8/site-packages/setuptools/command/egg_info.py", line 311, in run
          self.find_sources()
        File "/opt/conda/envs/f25ec32b84fa2c9f65b9ad23b80f6958/lib/python3.8/site-packages/setuptools/command/egg_info.py", line 319, in find_sources
          mm.run()
        File "/opt/conda/envs/f25ec32b84fa2c9f65b9ad23b80f6958/lib/python3.8/site-packages/setuptools/command/egg_info.py", line 545, in run
          self.prune_file_list()
        File "/opt/conda/envs/f25ec32b84fa2c9f65b9ad23b80f6958/lib/python3.8/site-packages/setuptools/command/sdist.py", line 161, in prune_file_list
          super().prune_file_list()
        File "/opt/conda/envs/f25ec32b84fa2c9f65b9ad23b80f6958/lib/python3.8/site-packages/setuptools/_distutils/command/sdist.py", line 380, in prune_file_list
          base_dir = self.distribution.get_fullname()
        File "/opt/conda/envs/f25ec32b84fa2c9f65b9ad23b80f6958/lib/python3.8/site-packages/setuptools/_core_metadata.py", line 267, in get_fullname
          return _distribution_fullname(self.get_name(), self.get_version())
        File "/opt/conda/envs/f25ec32b84fa2c9f65b9ad23b80f6958/lib/python3.8/site-packages/setuptools/_core_metadata.py", line 285, in _distribution_fullname
          canonicalize_version(version, strip_trailing_zero=False),
      TypeError: canonicalize_version() got an unexpected keyword argument 'strip_trailing_zero'
      [end of output]
  
  note: This error originates from a subprocess, and is likely not a problem with pip.
error: metadata-generation-failed

√ó Encountered error while generating package metadata.
‚ï∞‚îÄ> See above for output.

note: This is an issue with the package mentioned above, not pip.
hint: See above for details.
Collecting pluggy==0.13.1
  Downloading pluggy-0.13.1-py2.py3-none-any.whl.metadata (15 kB)
Downloading pluggy-0.13.1-py2.py3-none-any.whl (18 kB)
Installing collected packages: pluggy
  Attempting uninstall: pluggy
    Found existing installation: pluggy 1.0.0
    Uninstalling pluggy-1.0.0:
      Successfully uninstalled pluggy-1.0.0
Successfully installed pluggy-0.13.1
WARNING: Running pip as the 'root' user can result in broken permissions and conflicting behaviour with the system package manager, possibly rendering your system unusable.It is recommended to use a virtual environment instead: https://pip.pypa.io/warnings/venv. Use the --root-user-action option if you know what you are doing and want to suppress this warning.
Requirement already satisfied: promise==2.3 in /opt/conda/envs/f25ec32b84fa2c9f65b9ad23b80f6958/lib/python3.8/site-packages (2.3)
Requirement already satisfied: six in /opt/conda/envs/f25ec32b84fa2c9f65b9ad23b80f6958/lib/python3.8/site-packages (from promise==2.3) (1.16.0)
WARNING: Running pip as the 'root' user can result in broken permissions and conflicting behaviour with the system package manager, possibly rendering your system unusable.It is recommended to use a virtual environment instead: https://pip.pypa.io/warnings/venv. Use the --root-user-action option if you know what you are doing and want to suppress this warning.
Collecting py==1.8.1
  Downloading py-1.8.1-py2.py3-none-any.whl.metadata (2.8 kB)
Downloading py-1.8.1-py2.py3-none-any.whl (83 kB)
Installing collected packages: py
Successfully installed py-1.8.1
WARNING: Running pip as the 'root' user can result in broken permissions and conflicting behaviour with the system package manager, possibly rendering your system unusable.It is recommended to use a virtual environment instead: https://pip.pypa.io/warnings/venv. Use the --root-user-action option if you know what you are doing and want to suppress this warning.
Requirement already satisfied: pycodestyle==2.6.0 in /opt/conda/envs/f25ec32b84fa2c9f65b9ad23b80f6958/lib/python3.8/site-packages (2.6.0)
WARNING: Running pip as the 'root' user can result in broken permissions and conflicting behaviour with the system package manager, possibly rendering your system unusable.It is recommended to use a virtual environment instead: https://pip.pypa.io/warnings/venv. Use the --root-user-action option if you know what you are doing and want to suppress this warning.
Collecting pycparser==2.20
  Downloading pycparser-2.20-py2.py3-none-any.whl.metadata (907 bytes)
Downloading pycparser-2.20-py2.py3-none-any.whl (112 kB)
Installing collected packages: pycparser
  Attempting uninstall: pycparser
    Found existing installation: pycparser 2.22
    Uninstalling pycparser-2.22:
      Successfully uninstalled pycparser-2.22
Successfully installed pycparser-2.20
WARNING: Running pip as the 'root' user can result in broken permissions and conflicting behaviour with the system package manager, possibly rendering your system unusable.It is recommended to use a virtual environment instead: https://pip.pypa.io/warnings/venv. Use the --root-user-action option if you know what you are doing and want to suppress this warning.
Collecting pydantic==0.18.2
  Downloading pydantic-0.18.2.tar.gz (39 kB)
  Preparing metadata (setup.py): started
  Preparing metadata (setup.py): finished with status 'error'
  error: subprocess-exited-with-error
  
  √ó python setup.py egg_info did not run successfully.
  ‚îÇ exit code: 1
  ‚ï∞‚îÄ> [57 lines of output]
      running egg_info
      creating /tmp/pip-pip-egg-info-0kaltvbu/pydantic.egg-info
      writing /tmp/pip-pip-egg-info-0kaltvbu/pydantic.egg-info/PKG-INFO
      writing dependency_links to /tmp/pip-pip-egg-info-0kaltvbu/pydantic.egg-info/dependency_links.txt
      writing requirements to /tmp/pip-pip-egg-info-0kaltvbu/pydantic.egg-info/requires.txt
      writing top-level names to /tmp/pip-pip-egg-info-0kaltvbu/pydantic.egg-info/top_level.txt
      writing manifest file '/tmp/pip-pip-egg-info-0kaltvbu/pydantic.egg-info/SOURCES.txt'
      reading manifest file '/tmp/pip-pip-egg-info-0kaltvbu/pydantic.egg-info/SOURCES.txt'
      reading manifest template 'MANIFEST.in'
      adding license file 'LICENSE'
      /opt/conda/envs/f25ec32b84fa2c9f65b9ad23b80f6958/lib/python3.8/site-packages/setuptools/dist.py:452: SetuptoolsDeprecationWarning: Invalid dash-separated options
      !!
      
              ********************************************************************************
              Usage of dash-separated 'python-tag' will not be supported in future
              versions. Please use the underscore name 'python_tag' instead.
      
              This deprecation is overdue, please update your project and remove deprecated
              calls to avoid build errors in the future.
      
              See https://setuptools.pypa.io/en/latest/userguide/declarative_config.html for details.
              ********************************************************************************
      
      !!
        opt = self.warn_dash_deprecation(opt, section)
      Traceback (most recent call last):
        File "<string>", line 2, in <module>
        File "<pip-setuptools-caller>", line 34, in <module>
        File "/tmp/pip-install-vj2auzch/pydantic_cd37234391d54295a19e78d9376e8b3a/setup.py", line 43, in <module>
          setup(
        File "/opt/conda/envs/f25ec32b84fa2c9f65b9ad23b80f6958/lib/python3.8/site-packages/setuptools/__init__.py", line 117, in setup
          return distutils.core.setup(**attrs)
        File "/opt/conda/envs/f25ec32b84fa2c9f65b9ad23b80f6958/lib/python3.8/site-packages/setuptools/_distutils/core.py", line 183, in setup
          return run_commands(dist)
        File "/opt/conda/envs/f25ec32b84fa2c9f65b9ad23b80f6958/lib/python3.8/site-packages/setuptools/_distutils/core.py", line 199, in run_commands
          dist.run_commands()
        File "/opt/conda/envs/f25ec32b84fa2c9f65b9ad23b80f6958/lib/python3.8/site-packages/setuptools/_distutils/dist.py", line 954, in run_commands
          self.run_command(cmd)
        File "/opt/conda/envs/f25ec32b84fa2c9f65b9ad23b80f6958/lib/python3.8/site-packages/setuptools/dist.py", line 950, in run_command
          super().run_command(command)
        File "/opt/conda/envs/f25ec32b84fa2c9f65b9ad23b80f6958/lib/python3.8/site-packages/setuptools/_distutils/dist.py", line 973, in run_command
          cmd_obj.run()
        File "/opt/conda/envs/f25ec32b84fa2c9f65b9ad23b80f6958/lib/python3.8/site-packages/setuptools/command/egg_info.py", line 311, in run
          self.find_sources()
        File "/opt/conda/envs/f25ec32b84fa2c9f65b9ad23b80f6958/lib/python3.8/site-packages/setuptools/command/egg_info.py", line 319, in find_sources
          mm.run()
        File "/opt/conda/envs/f25ec32b84fa2c9f65b9ad23b80f6958/lib/python3.8/site-packages/setuptools/command/egg_info.py", line 545, in run
          self.prune_file_list()
        File "/opt/conda/envs/f25ec32b84fa2c9f65b9ad23b80f6958/lib/python3.8/site-packages/setuptools/command/sdist.py", line 161, in prune_file_list
          super().prune_file_list()
        File "/opt/conda/envs/f25ec32b84fa2c9f65b9ad23b80f6958/lib/python3.8/site-packages/setuptools/_distutils/command/sdist.py", line 380, in prune_file_list
          base_dir = self.distribution.get_fullname()
        File "/opt/conda/envs/f25ec32b84fa2c9f65b9ad23b80f6958/lib/python3.8/site-packages/setuptools/_core_metadata.py", line 267, in get_fullname
          return _distribution_fullname(self.get_name(), self.get_version())
        File "/opt/conda/envs/f25ec32b84fa2c9f65b9ad23b80f6958/lib/python3.8/site-packages/setuptools/_core_metadata.py", line 285, in _distribution_fullname
          canonicalize_version(version, strip_trailing_zero=False),
      TypeError: canonicalize_version() got an unexpected keyword argument 'strip_trailing_zero'
      [end of output]
  
  note: This error originates from a subprocess, and is likely not a problem with pip.
error: metadata-generation-failed

√ó Encountered error while generating package metadata.
‚ï∞‚îÄ> See above for output.

note: This is an issue with the package mentioned above, not pip.
hint: See above for details.
Requirement already satisfied: pyflakes==2.2.0 in /opt/conda/envs/f25ec32b84fa2c9f65b9ad23b80f6958/lib/python3.8/site-packages (2.2.0)
WARNING: Running pip as the 'root' user can result in broken permissions and conflicting behaviour with the system package manager, possibly rendering your system unusable.It is recommended to use a virtual environment instead: https://pip.pypa.io/warnings/venv. Use the --root-user-action option if you know what you are doing and want to suppress this warning.
Collecting Pygments==2.6.1
  Downloading Pygments-2.6.1-py3-none-any.whl.metadata (1.8 kB)
Downloading Pygments-2.6.1-py3-none-any.whl (914 kB)
   ‚îÅ‚îÅ‚îÅ‚îÅ‚îÅ‚îÅ‚îÅ‚îÅ‚îÅ‚îÅ‚îÅ‚îÅ‚îÅ‚îÅ‚îÅ‚îÅ‚îÅ‚îÅ‚îÅ‚îÅ‚îÅ‚îÅ‚îÅ‚îÅ‚îÅ‚îÅ‚îÅ‚îÅ‚îÅ‚îÅ‚îÅ‚îÅ‚îÅ‚îÅ‚îÅ‚îÅ‚îÅ‚îÅ‚îÅ‚îÅ 914.4/914.4 kB 32.5 MB/s eta 0:00:00
Installing collected packages: Pygments
  Attempting uninstall: Pygments
    Found existing installation: Pygments 2.18.0
    Uninstalling Pygments-2.18.0:
      Successfully uninstalled Pygments-2.18.0
Successfully installed Pygments-2.6.1
WARNING: Running pip as the 'root' user can result in broken permissions and conflicting behaviour with the system package manager, possibly rendering your system unusable.It is recommended to use a virtual environment instead: https://pip.pypa.io/warnings/venv. Use the --root-user-action option if you know what you are doing and want to suppress this warning.
Collecting PyJWT==1.7.1
  Downloading PyJWT-1.7.1-py2.py3-none-any.whl.metadata (3.9 kB)
Downloading PyJWT-1.7.1-py2.py3-none-any.whl (18 kB)
Installing collected packages: PyJWT
Successfully installed PyJWT-1.7.1
WARNING: Running pip as the 'root' user can result in broken permissions and conflicting behaviour with the system package manager, possibly rendering your system unusable.It is recommended to use a virtual environment instead: https://pip.pypa.io/warnings/venv. Use the --root-user-action option if you know what you are doing and want to suppress this warning.
Collecting pymdown-extensions==7.1
  Downloading pymdown_extensions-7.1-py2.py3-none-any.whl.metadata (2.9 kB)
Requirement already satisfied: Markdown>=3.2 in /opt/conda/envs/f25ec32b84fa2c9f65b9ad23b80f6958/lib/python3.8/site-packages (from pymdown-extensions==7.1) (3.7)
Requirement already satisfied: importlib-metadata>=4.4 in /opt/conda/envs/f25ec32b84fa2c9f65b9ad23b80f6958/lib/python3.8/site-packages (from Markdown>=3.2->pymdown-extensions==7.1) (8.5.0)
Requirement already satisfied: zipp>=3.20 in /opt/conda/envs/f25ec32b84fa2c9f65b9ad23b80f6958/lib/python3.8/site-packages (from importlib-metadata>=4.4->Markdown>=3.2->pymdown-extensions==7.1) (3.20.2)
Downloading pymdown_extensions-7.1-py2.py3-none-any.whl (205 kB)
Installing collected packages: pymdown-extensions
  Attempting uninstall: pymdown-extensions
    Found existing installation: pymdown-extensions 10.12
    Uninstalling pymdown-extensions-10.12:
      Successfully uninstalled pymdown-extensions-10.12
Successfully installed pymdown-extensions-7.1
WARNING: Running pip as the 'root' user can result in broken permissions and conflicting behaviour with the system package manager, possibly rendering your system unusable.It is recommended to use a virtual environment instead: https://pip.pypa.io/warnings/venv. Use the --root-user-action option if you know what you are doing and want to suppress this warning.
Collecting pyparsing==2.4.7
  Downloading pyparsing-2.4.7-py2.py3-none-any.whl.metadata (3.6 kB)
Downloading pyparsing-2.4.7-py2.py3-none-any.whl (67 kB)
Installing collected packages: pyparsing
  Attempting uninstall: pyparsing
    Found existing installation: pyparsing 3.1.4
    Uninstalling pyparsing-3.1.4:
      Successfully uninstalled pyparsing-3.1.4
Successfully installed pyparsing-2.4.7
WARNING: Running pip as the 'root' user can result in broken permissions and conflicting behaviour with the system package manager, possibly rendering your system unusable.It is recommended to use a virtual environment instead: https://pip.pypa.io/warnings/venv. Use the --root-user-action option if you know what you are doing and want to suppress this warning.
Collecting pytest==5.4.3
  Downloading pytest-5.4.3-py3-none-any.whl.metadata (7.3 kB)
Requirement already satisfied: py>=1.5.0 in /opt/conda/envs/f25ec32b84fa2c9f65b9ad23b80f6958/lib/python3.8/site-packages (from pytest==5.4.3) (1.8.1)
Requirement already satisfied: packaging in /opt/conda/envs/f25ec32b84fa2c9f65b9ad23b80f6958/lib/python3.8/site-packages (from pytest==5.4.3) (20.4)
Requirement already satisfied: attrs>=17.4.0 in /opt/conda/envs/f25ec32b84fa2c9f65b9ad23b80f6958/lib/python3.8/site-packages (from pytest==5.4.3) (19.3.0)
Requirement already satisfied: more-itertools>=4.0.0 in /opt/conda/envs/f25ec32b84fa2c9f65b9ad23b80f6958/lib/python3.8/site-packages (from pytest==5.4.3) (8.3.0)
Requirement already satisfied: pluggy<1.0,>=0.12 in /opt/conda/envs/f25ec32b84fa2c9f65b9ad23b80f6958/lib/python3.8/site-packages (from pytest==5.4.3) (0.13.1)
Collecting wcwidth (from pytest==5.4.3)
  Downloading wcwidth-0.2.13-py2.py3-none-any.whl.metadata (14 kB)
Requirement already satisfied: pyparsing>=2.0.2 in /opt/conda/envs/f25ec32b84fa2c9f65b9ad23b80f6958/lib/python3.8/site-packages (from packaging->pytest==5.4.3) (2.4.7)
Requirement already satisfied: six in /opt/conda/envs/f25ec32b84fa2c9f65b9ad23b80f6958/lib/python3.8/site-packages (from packaging->pytest==5.4.3) (1.16.0)
Downloading pytest-5.4.3-py3-none-any.whl (248 kB)
Downloading wcwidth-0.2.13-py2.py3-none-any.whl (34 kB)
Installing collected packages: wcwidth, pytest
  Attempting uninstall: pytest
    Found existing installation: pytest 7.4.4
    Uninstalling pytest-7.4.4:
      Successfully uninstalled pytest-7.4.4
Successfully installed pytest-5.4.3 wcwidth-0.2.13
WARNING: Running pip as the 'root' user can result in broken permissions and conflicting behaviour with the system package manager, possibly rendering your system unusable.It is recommended to use a virtual environment instead: https://pip.pypa.io/warnings/venv. Use the --root-user-action option if you know what you are doing and want to suppress this warning.
Collecting pytest-cov==2.9.0
  Downloading pytest_cov-2.9.0-py2.py3-none-any.whl.metadata (19 kB)
Requirement already satisfied: pytest>=3.6 in /opt/conda/envs/f25ec32b84fa2c9f65b9ad23b80f6958/lib/python3.8/site-packages (from pytest-cov==2.9.0) (5.4.3)
Requirement already satisfied: coverage>=4.4 in /opt/conda/envs/f25ec32b84fa2c9f65b9ad23b80f6958/lib/python3.8/site-packages (from pytest-cov==2.9.0) (5.1)
Requirement already satisfied: py>=1.5.0 in /opt/conda/envs/f25ec32b84fa2c9f65b9ad23b80f6958/lib/python3.8/site-packages (from pytest>=3.6->pytest-cov==2.9.0) (1.8.1)
Requirement already satisfied: packaging in /opt/conda/envs/f25ec32b84fa2c9f65b9ad23b80f6958/lib/python3.8/site-packages (from pytest>=3.6->pytest-cov==2.9.0) (20.4)
Requirement already satisfied: attrs>=17.4.0 in /opt/conda/envs/f25ec32b84fa2c9f65b9ad23b80f6958/lib/python3.8/site-packages (from pytest>=3.6->pytest-cov==2.9.0) (19.3.0)
Requirement already satisfied: more-itertools>=4.0.0 in /opt/conda/envs/f25ec32b84fa2c9f65b9ad23b80f6958/lib/python3.8/site-packages (from pytest>=3.6->pytest-cov==2.9.0) (8.3.0)
Requirement already satisfied: pluggy<1.0,>=0.12 in /opt/conda/envs/f25ec32b84fa2c9f65b9ad23b80f6958/lib/python3.8/site-packages (from pytest>=3.6->pytest-cov==2.9.0) (0.13.1)
Requirement already satisfied: wcwidth in /opt/conda/envs/f25ec32b84fa2c9f65b9ad23b80f6958/lib/python3.8/site-packages (from pytest>=3.6->pytest-cov==2.9.0) (0.2.13)
Requirement already satisfied: pyparsing>=2.0.2 in /opt/conda/envs/f25ec32b84fa2c9f65b9ad23b80f6958/lib/python3.8/site-packages (from packaging->pytest>=3.6->pytest-cov==2.9.0) (2.4.7)
Requirement already satisfied: six in /opt/conda/envs/f25ec32b84fa2c9f65b9ad23b80f6958/lib/python3.8/site-packages (from packaging->pytest>=3.6->pytest-cov==2.9.0) (1.16.0)
Downloading pytest_cov-2.9.0-py2.py3-none-any.whl (19 kB)
Installing collected packages: pytest-cov
Successfully installed pytest-cov-2.9.0
WARNING: Running pip as the 'root' user can result in broken permissions and conflicting behaviour with the system package manager, possibly rendering your system unusable.It is recommended to use a virtual environment instead: https://pip.pypa.io/warnings/venv. Use the --root-user-action option if you know what you are doing and want to suppress this warning.
Collecting python-multipart==0.0.5
  Downloading python-multipart-0.0.5.tar.gz (32 kB)
  Preparing metadata (setup.py): started
  Preparing metadata (setup.py): finished with status 'error'
  error: subprocess-exited-with-error
  
  √ó python setup.py egg_info did not run successfully.
  ‚îÇ exit code: 1
  ‚ï∞‚îÄ> [52 lines of output]
      running egg_info
      creating /tmp/pip-pip-egg-info-ijv8ks1u/python_multipart.egg-info
      writing /tmp/pip-pip-egg-info-ijv8ks1u/python_multipart.egg-info/PKG-INFO
      writing dependency_links to /tmp/pip-pip-egg-info-ijv8ks1u/python_multipart.egg-info/dependency_links.txt
      writing requirements to /tmp/pip-pip-egg-info-ijv8ks1u/python_multipart.egg-info/requires.txt
      writing top-level names to /tmp/pip-pip-egg-info-ijv8ks1u/python_multipart.egg-info/top_level.txt
      writing manifest file '/tmp/pip-pip-egg-info-ijv8ks1u/python_multipart.egg-info/SOURCES.txt'
      reading manifest file '/tmp/pip-pip-egg-info-ijv8ks1u/python_multipart.egg-info/SOURCES.txt'
      reading manifest template 'MANIFEST.in'
      /opt/conda/envs/f25ec32b84fa2c9f65b9ad23b80f6958/lib/python3.8/site-packages/setuptools/_distutils/dist.py:261: UserWarning: Unknown distribution option: 'tests_require'
        warnings.warn(msg)
      /opt/conda/envs/f25ec32b84fa2c9f65b9ad23b80f6958/lib/python3.8/site-packages/setuptools/_distutils/dist.py:261: UserWarning: Unknown distribution option: 'test_suite'
        warnings.warn(msg)
      warning: no files found matching 'README.md'
      warning: no files found matching '*.bare' under directory 'multipart'
      warning: no files found matching 'LICENSE*.*' under directory 'multipart'
      warning: no previously-included files matching '*.pyc' found under directory 'multipart'
      warning: no previously-included files matching '*.pyo' found under directory 'multipart'
      warning: no previously-included files matching '*.pyd' found under directory 'multipart'
      adding license file 'LICENSE.txt'
      Traceback (most recent call last):
        File "<string>", line 2, in <module>
        File "<pip-setuptools-caller>", line 34, in <module>
        File "/tmp/pip-install-r53199f1/python-multipart_ffda17621a4046f1b5821e0bef1858fc/setup.py", line 19, in <module>
          setup(name='python-multipart',
        File "/opt/conda/envs/f25ec32b84fa2c9f65b9ad23b80f6958/lib/python3.8/site-packages/setuptools/__init__.py", line 117, in setup
          return distutils.core.setup(**attrs)
        File "/opt/conda/envs/f25ec32b84fa2c9f65b9ad23b80f6958/lib/python3.8/site-packages/setuptools/_distutils/core.py", line 183, in setup
          return run_commands(dist)
        File "/opt/conda/envs/f25ec32b84fa2c9f65b9ad23b80f6958/lib/python3.8/site-packages/setuptools/_distutils/core.py", line 199, in run_commands
          dist.run_commands()
        File "/opt/conda/envs/f25ec32b84fa2c9f65b9ad23b80f6958/lib/python3.8/site-packages/setuptools/_distutils/dist.py", line 954, in run_commands
          self.run_command(cmd)
        File "/opt/conda/envs/f25ec32b84fa2c9f65b9ad23b80f6958/lib/python3.8/site-packages/setuptools/dist.py", line 950, in run_command
          super().run_command(command)
        File "/opt/conda/envs/f25ec32b84fa2c9f65b9ad23b80f6958/lib/python3.8/site-packages/setuptools/_distutils/dist.py", line 973, in run_command
          cmd_obj.run()
        File "/opt/conda/envs/f25ec32b84fa2c9f65b9ad23b80f6958/lib/python3.8/site-packages/setuptools/command/egg_info.py", line 311, in run
          self.find_sources()
        File "/opt/conda/envs/f25ec32b84fa2c9f65b9ad23b80f6958/lib/python3.8/site-packages/setuptools/command/egg_info.py", line 319, in find_sources
          mm.run()
        File "/opt/conda/envs/f25ec32b84fa2c9f65b9ad23b80f6958/lib/python3.8/site-packages/setuptools/command/egg_info.py", line 545, in run
          self.prune_file_list()
        File "/opt/conda/envs/f25ec32b84fa2c9f65b9ad23b80f6958/lib/python3.8/site-packages/setuptools/command/sdist.py", line 161, in prune_file_list
          super().prune_file_list()
        File "/opt/conda/envs/f25ec32b84fa2c9f65b9ad23b80f6958/lib/python3.8/site-packages/setuptools/_distutils/command/sdist.py", line 380, in prune_file_list
          base_dir = self.distribution.get_fullname()
        File "/opt/conda/envs/f25ec32b84fa2c9f65b9ad23b80f6958/lib/python3.8/site-packages/setuptools/_core_metadata.py", line 267, in get_fullname
          return _distribution_fullname(self.get_name(), self.get_version())
        File "/opt/conda/envs/f25ec32b84fa2c9f65b9ad23b80f6958/lib/python3.8/site-packages/setuptools/_core_metadata.py", line 285, in _distribution_fullname
          canonicalize_version(version, strip_trailing_zero=False),
      TypeError: canonicalize_version() got an unexpected keyword argument 'strip_trailing_zero'
      [end of output]
  
  note: This error originates from a subprocess, and is likely not a problem with pip.
error: metadata-generation-failed

√ó Encountered error while generating package metadata.
‚ï∞‚îÄ> See above for output.

note: This is an issue with the package mentioned above, not pip.
hint: See above for details.
Requirement already satisfied: pytoml==0.1.21 in /opt/conda/envs/f25ec32b84fa2c9f65b9ad23b80f6958/lib/python3.8/site-packages (0.1.21)
WARNING: Running pip as the 'root' user can result in broken permissions and conflicting behaviour with the system package manager, possibly rendering your system unusable.It is recommended to use a virtual environment instead: https://pip.pypa.io/warnings/venv. Use the --root-user-action option if you know what you are doing and want to suppress this warning.
Collecting PyYAML==5.3.1
  Downloading PyYAML-5.3.1.tar.gz (269 kB)
  Preparing metadata (setup.py): started
  Preparing metadata (setup.py): finished with status 'error'
  error: subprocess-exited-with-error
  
  √ó python setup.py egg_info did not run successfully.
  ‚îÇ exit code: 1
  ‚ï∞‚îÄ> [30 lines of output]
      Traceback (most recent call last):
        File "<string>", line 2, in <module>
        File "<pip-setuptools-caller>", line 34, in <module>
        File "/tmp/pip-install-5_57cht7/pyyaml_8e5e278638c044dbbcd57679b71240e6/setup.py", line 291, in <module>
          setup(
        File "/opt/conda/envs/f25ec32b84fa2c9f65b9ad23b80f6958/lib/python3.8/site-packages/setuptools/_distutils/core.py", line 183, in setup
          return run_commands(dist)
        File "/opt/conda/envs/f25ec32b84fa2c9f65b9ad23b80f6958/lib/python3.8/site-packages/setuptools/_distutils/core.py", line 199, in run_commands
          dist.run_commands()
        File "/opt/conda/envs/f25ec32b84fa2c9f65b9ad23b80f6958/lib/python3.8/site-packages/setuptools/_distutils/dist.py", line 954, in run_commands
          self.run_command(cmd)
        File "/opt/conda/envs/f25ec32b84fa2c9f65b9ad23b80f6958/lib/python3.8/site-packages/setuptools/dist.py", line 950, in run_command
          super().run_command(command)
        File "/opt/conda/envs/f25ec32b84fa2c9f65b9ad23b80f6958/lib/python3.8/site-packages/setuptools/_distutils/dist.py", line 973, in run_command
          cmd_obj.run()
        File "/opt/conda/envs/f25ec32b84fa2c9f65b9ad23b80f6958/lib/python3.8/site-packages/setuptools/command/egg_info.py", line 311, in run
          self.find_sources()
        File "/opt/conda/envs/f25ec32b84fa2c9f65b9ad23b80f6958/lib/python3.8/site-packages/setuptools/command/egg_info.py", line 319, in find_sources
          mm.run()
        File "/opt/conda/envs/f25ec32b84fa2c9f65b9ad23b80f6958/lib/python3.8/site-packages/setuptools/command/egg_info.py", line 545, in run
          self.prune_file_list()
        File "/opt/conda/envs/f25ec32b84fa2c9f65b9ad23b80f6958/lib/python3.8/site-packages/setuptools/command/sdist.py", line 161, in prune_file_list
          super().prune_file_list()
        File "/opt/conda/envs/f25ec32b84fa2c9f65b9ad23b80f6958/lib/python3.8/site-packages/setuptools/_distutils/command/sdist.py", line 380, in prune_file_list
          base_dir = self.distribution.get_fullname()
        File "/opt/conda/envs/f25ec32b84fa2c9f65b9ad23b80f6958/lib/python3.8/site-packages/setuptools/_core_metadata.py", line 267, in get_fullname
          return _distribution_fullname(self.get_name(), self.get_version())
        File "/opt/conda/envs/f25ec32b84fa2c9f65b9ad23b80f6958/lib/python3.8/site-packages/setuptools/_core_metadata.py", line 285, in _distribution_fullname
          canonicalize_version(version, strip_trailing_zero=False),
      TypeError: canonicalize_version() got an unexpected keyword argument 'strip_trailing_zero'
      [end of output]
  
  note: This error originates from a subprocess, and is likely not a problem with pip.
error: metadata-generation-failed

√ó Encountered error while generating package metadata.
‚ï∞‚îÄ> See above for output.

note: This is an issue with the package mentioned above, not pip.
hint: See above for details.
Collecting regex==2020.6.8
  Downloading regex-2020.6.8-cp38-cp38-manylinux2010_x86_64.whl.metadata (39 kB)
Downloading regex-2020.6.8-cp38-cp38-manylinux2010_x86_64.whl (673 kB)
   ‚îÅ‚îÅ‚îÅ‚îÅ‚îÅ‚îÅ‚îÅ‚îÅ‚îÅ‚îÅ‚îÅ‚îÅ‚îÅ‚îÅ‚îÅ‚îÅ‚îÅ‚îÅ‚îÅ‚îÅ‚îÅ‚îÅ‚îÅ‚îÅ‚îÅ‚îÅ‚îÅ‚îÅ‚îÅ‚îÅ‚îÅ‚îÅ‚îÅ‚îÅ‚îÅ‚îÅ‚îÅ‚îÅ‚îÅ‚îÅ 673.2/673.2 kB 25.7 MB/s eta 0:00:00
Installing collected packages: regex
  Attempting uninstall: regex
    Found existing installation: regex 2024.11.6
    Uninstalling regex-2024.11.6:
      Successfully uninstalled regex-2024.11.6
Successfully installed regex-2020.6.8
WARNING: Running pip as the 'root' user can result in broken permissions and conflicting behaviour with the system package manager, possibly rendering your system unusable.It is recommended to use a virtual environment instead: https://pip.pypa.io/warnings/venv. Use the --root-user-action option if you know what you are doing and want to suppress this warning.
Collecting requests==2.23.0
  Downloading requests-2.23.0-py2.py3-none-any.whl.metadata (6.8 kB)
Requirement already satisfied: chardet<4,>=3.0.2 in /opt/conda/envs/f25ec32b84fa2c9f65b9ad23b80f6958/lib/python3.8/site-packages (from requests==2.23.0) (3.0.4)
Requirement already satisfied: idna<3,>=2.5 in /opt/conda/envs/f25ec32b84fa2c9f65b9ad23b80f6958/lib/python3.8/site-packages (from requests==2.23.0) (2.9)
Collecting urllib3!=1.25.0,!=1.25.1,<1.26,>=1.21.1 (from requests==2.23.0)
  Downloading urllib3-1.25.11-py2.py3-none-any.whl.metadata (41 kB)
Requirement already satisfied: certifi>=2017.4.17 in /opt/conda/envs/f25ec32b84fa2c9f65b9ad23b80f6958/lib/python3.8/site-packages (from requests==2.23.0) (2020.4.5.2)
Downloading requests-2.23.0-py2.py3-none-any.whl (58 kB)
Downloading urllib3-1.25.11-py2.py3-none-any.whl (127 kB)
Installing collected packages: urllib3, requests
  Attempting uninstall: urllib3
    Found existing installation: urllib3 2.2.3
    Uninstalling urllib3-2.2.3:
      Successfully uninstalled urllib3-2.2.3
  Attempting uninstall: requests
    Found existing installation: requests 2.32.3
    Uninstalling requests-2.32.3:
      Successfully uninstalled requests-2.32.3
Successfully installed requests-2.23.0 urllib3-1.25.11
WARNING: Running pip as the 'root' user can result in broken permissions and conflicting behaviour with the system package manager, possibly rendering your system unusable.It is recommended to use a virtual environment instead: https://pip.pypa.io/warnings/venv. Use the --root-user-action option if you know what you are doing and want to suppress this warning.
Collecting Rx==1.6.1
  Downloading Rx-1.6.1-py2.py3-none-any.whl.metadata (1.2 kB)
Downloading Rx-1.6.1-py2.py3-none-any.whl (179 kB)
Installing collected packages: Rx
  Attempting uninstall: Rx
    Found existing installation: Rx 1.6.3
    Uninstalling Rx-1.6.3:
      Successfully uninstalled Rx-1.6.3
Successfully installed Rx-1.6.1
WARNING: Running pip as the 'root' user can result in broken permissions and conflicting behaviour with the system package manager, possibly rendering your system unusable.It is recommended to use a virtual environment instead: https://pip.pypa.io/warnings/venv. Use the --root-user-action option if you know what you are doing and want to suppress this warning.
Collecting shellingham==1.3.2
  Downloading shellingham-1.3.2-py2.py3-none-any.whl.metadata (3.6 kB)
Downloading shellingham-1.3.2-py2.py3-none-any.whl (11 kB)
Installing collected packages: shellingham
Successfully installed shellingham-1.3.2
WARNING: Running pip as the 'root' user can result in broken permissions and conflicting behaviour with the system package manager, possibly rendering your system unusable.It is recommended to use a virtual environment instead: https://pip.pypa.io/warnings/venv. Use the --root-user-action option if you know what you are doing and want to suppress this warning.
Collecting six==1.15.0
  Downloading six-1.15.0-py2.py3-none-any.whl.metadata (1.8 kB)
Downloading six-1.15.0-py2.py3-none-any.whl (10 kB)
Installing collected packages: six
  Attempting uninstall: six
    Found existing installation: six 1.16.0
    Uninstalling six-1.16.0:
      Successfully uninstalled six-1.16.0
Successfully installed six-1.15.0
WARNING: Running pip as the 'root' user can result in broken permissions and conflicting behaviour with the system package manager, possibly rendering your system unusable.It is recommended to use a virtual environment instead: https://pip.pypa.io/warnings/venv. Use the --root-user-action option if you know what you are doing and want to suppress this warning.
Collecting SQLAlchemy==1.3.17
  Downloading SQLAlchemy-1.3.17-cp38-cp38-manylinux2010_x86_64.whl.metadata (7.3 kB)
Downloading SQLAlchemy-1.3.17-cp38-cp38-manylinux2010_x86_64.whl (1.3 MB)
   ‚îÅ‚îÅ‚îÅ‚îÅ‚îÅ‚îÅ‚îÅ‚îÅ‚îÅ‚îÅ‚îÅ‚îÅ‚îÅ‚îÅ‚îÅ‚îÅ‚îÅ‚îÅ‚îÅ‚îÅ‚îÅ‚îÅ‚îÅ‚îÅ‚îÅ‚îÅ‚îÅ‚îÅ‚îÅ‚îÅ‚îÅ‚îÅ‚îÅ‚îÅ‚îÅ‚îÅ‚îÅ‚îÅ‚îÅ‚îÅ 1.3/1.3 MB 39.0 MB/s eta 0:00:00
Installing collected packages: SQLAlchemy
  Attempting uninstall: SQLAlchemy
    Found existing installation: SQLAlchemy 2.0.36
    Uninstalling SQLAlchemy-2.0.36:
      Successfully uninstalled SQLAlchemy-2.0.36
Successfully installed SQLAlchemy-1.3.17
WARNING: Running pip as the 'root' user can result in broken permissions and conflicting behaviour with the system package manager, possibly rendering your system unusable.It is recommended to use a virtual environment instead: https://pip.pypa.io/warnings/venv. Use the --root-user-action option if you know what you are doing and want to suppress this warning.
Collecting starlette==0.10.1
  Downloading starlette-0.10.1.tar.gz (45 kB)
  Preparing metadata (setup.py): started
  Preparing metadata (setup.py): finished with status 'error'
  error: subprocess-exited-with-error
  
  √ó python setup.py egg_info did not run successfully.
  ‚îÇ exit code: 1
  ‚ï∞‚îÄ> [41 lines of output]
      running egg_info
      creating /tmp/pip-pip-egg-info-zah34dhn/starlette.egg-info
      writing /tmp/pip-pip-egg-info-zah34dhn/starlette.egg-info/PKG-INFO
      writing dependency_links to /tmp/pip-pip-egg-info-zah34dhn/starlette.egg-info/dependency_links.txt
      writing requirements to /tmp/pip-pip-egg-info-zah34dhn/starlette.egg-info/requires.txt
      writing top-level names to /tmp/pip-pip-egg-info-zah34dhn/starlette.egg-info/top_level.txt
      writing manifest file '/tmp/pip-pip-egg-info-zah34dhn/starlette.egg-info/SOURCES.txt'
      reading manifest file '/tmp/pip-pip-egg-info-zah34dhn/starlette.egg-info/SOURCES.txt'
      adding license file 'LICENSE.md'
      Traceback (most recent call last):
        File "<string>", line 2, in <module>
        File "<pip-setuptools-caller>", line 34, in <module>
        File "/tmp/pip-install-4ix2rj6i/starlette_ae783ff4f3ab48aca4ba579645d2d76e/setup.py", line 35, in <module>
          setup(
        File "/opt/conda/envs/f25ec32b84fa2c9f65b9ad23b80f6958/lib/python3.8/site-packages/setuptools/__init__.py", line 117, in setup
          return distutils.core.setup(**attrs)
        File "/opt/conda/envs/f25ec32b84fa2c9f65b9ad23b80f6958/lib/python3.8/site-packages/setuptools/_distutils/core.py", line 183, in setup
          return run_commands(dist)
        File "/opt/conda/envs/f25ec32b84fa2c9f65b9ad23b80f6958/lib/python3.8/site-packages/setuptools/_distutils/core.py", line 199, in run_commands
          dist.run_commands()
        File "/opt/conda/envs/f25ec32b84fa2c9f65b9ad23b80f6958/lib/python3.8/site-packages/setuptools/_distutils/dist.py", line 954, in run_commands
          self.run_command(cmd)
        File "/opt/conda/envs/f25ec32b84fa2c9f65b9ad23b80f6958/lib/python3.8/site-packages/setuptools/dist.py", line 950, in run_command
          super().run_command(command)
        File "/opt/conda/envs/f25ec32b84fa2c9f65b9ad23b80f6958/lib/python3.8/site-packages/setuptools/_distutils/dist.py", line 973, in run_command
          cmd_obj.run()
        File "/opt/conda/envs/f25ec32b84fa2c9f65b9ad23b80f6958/lib/python3.8/site-packages/setuptools/command/egg_info.py", line 311, in run
          self.find_sources()
        File "/opt/conda/envs/f25ec32b84fa2c9f65b9ad23b80f6958/lib/python3.8/site-packages/setuptools/command/egg_info.py", line 319, in find_sources
          mm.run()
        File "/opt/conda/envs/f25ec32b84fa2c9f65b9ad23b80f6958/lib/python3.8/site-packages/setuptools/command/egg_info.py", line 545, in run
          self.prune_file_list()
        File "/opt/conda/envs/f25ec32b84fa2c9f65b9ad23b80f6958/lib/python3.8/site-packages/setuptools/command/sdist.py", line 161, in prune_file_list
          super().prune_file_list()
        File "/opt/conda/envs/f25ec32b84fa2c9f65b9ad23b80f6958/lib/python3.8/site-packages/setuptools/_distutils/command/sdist.py", line 380, in prune_file_list
          base_dir = self.distribution.get_fullname()
        File "/opt/conda/envs/f25ec32b84fa2c9f65b9ad23b80f6958/lib/python3.8/site-packages/setuptools/_core_metadata.py", line 267, in get_fullname
          return _distribution_fullname(self.get_name(), self.get_version())
        File "/opt/conda/envs/f25ec32b84fa2c9f65b9ad23b80f6958/lib/python3.8/site-packages/setuptools/_core_metadata.py", line 285, in _distribution_fullname
          canonicalize_version(version, strip_trailing_zero=False),
      TypeError: canonicalize_version() got an unexpected keyword argument 'strip_trailing_zero'
      [end of output]
  
  note: This error originates from a subprocess, and is likely not a problem with pip.
error: metadata-generation-failed

√ó Encountered error while generating package metadata.
‚ï∞‚îÄ> See above for output.

note: This is an issue with the package mentioned above, not pip.
hint: See above for details.
Collecting toml==0.10.1
  Downloading toml-0.10.1-py2.py3-none-any.whl.metadata (6.4 kB)
Downloading toml-0.10.1-py2.py3-none-any.whl (19 kB)
Installing collected packages: toml
  Attempting uninstall: toml
    Found existing installation: toml 0.10.2
    Uninstalling toml-0.10.2:
      Successfully uninstalled toml-0.10.2
Successfully installed toml-0.10.1
WARNING: Running pip as the 'root' user can result in broken permissions and conflicting behaviour with the system package manager, possibly rendering your system unusable.It is recommended to use a virtual environment instead: https://pip.pypa.io/warnings/venv. Use the --root-user-action option if you know what you are doing and want to suppress this warning.
Collecting tornado==6.0.4
  Downloading tornado-6.0.4.tar.gz (496 kB)
  Preparing metadata (setup.py): started
  Preparing metadata (setup.py): finished with status 'error'
  error: subprocess-exited-with-error
  
  √ó python setup.py egg_info did not run successfully.
  ‚îÇ exit code: 1
  ‚ï∞‚îÄ> [44 lines of output]
      running egg_info
      creating /tmp/pip-pip-egg-info-gk1ag1ih/tornado.egg-info
      writing /tmp/pip-pip-egg-info-gk1ag1ih/tornado.egg-info/PKG-INFO
      writing dependency_links to /tmp/pip-pip-egg-info-gk1ag1ih/tornado.egg-info/dependency_links.txt
      writing top-level names to /tmp/pip-pip-egg-info-gk1ag1ih/tornado.egg-info/top_level.txt
      writing manifest file '/tmp/pip-pip-egg-info-gk1ag1ih/tornado.egg-info/SOURCES.txt'
      reading manifest file '/tmp/pip-pip-egg-info-gk1ag1ih/tornado.egg-info/SOURCES.txt'
      reading manifest template 'MANIFEST.in'
      warning: no files found matching '*.yaml' under directory 'demos'
      no previously-included directories found matching 'docs/build'
      warning: no files found matching 'tornado/test/README'
      adding license file 'LICENSE'
      Traceback (most recent call last):
        File "<string>", line 2, in <module>
        File "<pip-setuptools-caller>", line 34, in <module>
        File "/tmp/pip-install-j9r7fs59/tornado_e5e0413babec44fa959a193978f523c7/setup.py", line 142, in <module>
          setup(
        File "/opt/conda/envs/f25ec32b84fa2c9f65b9ad23b80f6958/lib/python3.8/site-packages/setuptools/__init__.py", line 117, in setup
          return distutils.core.setup(**attrs)
        File "/opt/conda/envs/f25ec32b84fa2c9f65b9ad23b80f6958/lib/python3.8/site-packages/setuptools/_distutils/core.py", line 183, in setup
          return run_commands(dist)
        File "/opt/conda/envs/f25ec32b84fa2c9f65b9ad23b80f6958/lib/python3.8/site-packages/setuptools/_distutils/core.py", line 199, in run_commands
          dist.run_commands()
        File "/opt/conda/envs/f25ec32b84fa2c9f65b9ad23b80f6958/lib/python3.8/site-packages/setuptools/_distutils/dist.py", line 954, in run_commands
          self.run_command(cmd)
        File "/opt/conda/envs/f25ec32b84fa2c9f65b9ad23b80f6958/lib/python3.8/site-packages/setuptools/dist.py", line 950, in run_command
          super().run_command(command)
        File "/opt/conda/envs/f25ec32b84fa2c9f65b9ad23b80f6958/lib/python3.8/site-packages/setuptools/_distutils/dist.py", line 973, in run_command
          cmd_obj.run()
        File "/opt/conda/envs/f25ec32b84fa2c9f65b9ad23b80f6958/lib/python3.8/site-packages/setuptools/command/egg_info.py", line 311, in run
          self.find_sources()
        File "/opt/conda/envs/f25ec32b84fa2c9f65b9ad23b80f6958/lib/python3.8/site-packages/setuptools/command/egg_info.py", line 319, in find_sources
          mm.run()
        File "/opt/conda/envs/f25ec32b84fa2c9f65b9ad23b80f6958/lib/python3.8/site-packages/setuptools/command/egg_info.py", line 545, in run
          self.prune_file_list()
        File "/opt/conda/envs/f25ec32b84fa2c9f65b9ad23b80f6958/lib/python3.8/site-packages/setuptools/command/sdist.py", line 161, in prune_file_list
          super().prune_file_list()
        File "/opt/conda/envs/f25ec32b84fa2c9f65b9ad23b80f6958/lib/python3.8/site-packages/setuptools/_distutils/command/sdist.py", line 380, in prune_file_list
          base_dir = self.distribution.get_fullname()
        File "/opt/conda/envs/f25ec32b84fa2c9f65b9ad23b80f6958/lib/python3.8/site-packages/setuptools/_core_metadata.py", line 267, in get_fullname
          return _distribution_fullname(self.get_name(), self.get_version())
        File "/opt/conda/envs/f25ec32b84fa2c9f65b9ad23b80f6958/lib/python3.8/site-packages/setuptools/_core_metadata.py", line 285, in _distribution_fullname
          canonicalize_version(version, strip_trailing_zero=False),
      TypeError: canonicalize_version() got an unexpected keyword argument 'strip_trailing_zero'
      [end of output]
  
  note: This error originates from a subprocess, and is likely not a problem with pip.
error: metadata-generation-failed

√ó Encountered error while generating package metadata.
‚ï∞‚îÄ> See above for output.

note: This is an issue with the package mentioned above, not pip.
hint: See above for details.
Collecting tqdm==4.46.1
  Downloading tqdm-4.46.1-py2.py3-none-any.whl.metadata (52 kB)
Downloading tqdm-4.46.1-py2.py3-none-any.whl (63 kB)
Installing collected packages: tqdm
  Attempting uninstall: tqdm
    Found existing installation: tqdm 4.67.1
    Uninstalling tqdm-4.67.1:
      Successfully uninstalled tqdm-4.67.1
Successfully installed tqdm-4.46.1
WARNING: Running pip as the 'root' user can result in broken permissions and conflicting behaviour with the system package manager, possibly rendering your system unusable.It is recommended to use a virtual environment instead: https://pip.pypa.io/warnings/venv. Use the --root-user-action option if you know what you are doing and want to suppress this warning.
Collecting typed-ast==1.4.1
  Downloading typed_ast-1.4.1-cp38-cp38-manylinux1_x86_64.whl.metadata (1.2 kB)
Downloading typed_ast-1.4.1-cp38-cp38-manylinux1_x86_64.whl (768 kB)
   ‚îÅ‚îÅ‚îÅ‚îÅ‚îÅ‚îÅ‚îÅ‚îÅ‚îÅ‚îÅ‚îÅ‚îÅ‚îÅ‚îÅ‚îÅ‚îÅ‚îÅ‚îÅ‚îÅ‚îÅ‚îÅ‚îÅ‚îÅ‚îÅ‚îÅ‚îÅ‚îÅ‚îÅ‚îÅ‚îÅ‚îÅ‚îÅ‚îÅ‚îÅ‚îÅ‚îÅ‚îÅ‚îÅ‚îÅ‚îÅ 768.2/768.2 kB 27.6 MB/s eta 0:00:00
Installing collected packages: typed-ast
  Attempting uninstall: typed-ast
    Found existing installation: typed-ast 1.4.3
    Uninstalling typed-ast-1.4.3:
      Successfully uninstalled typed-ast-1.4.3
Successfully installed typed-ast-1.4.1
WARNING: Running pip as the 'root' user can result in broken permissions and conflicting behaviour with the system package manager, possibly rendering your system unusable.It is recommended to use a virtual environment instead: https://pip.pypa.io/warnings/venv. Use the --root-user-action option if you know what you are doing and want to suppress this warning.
Collecting typer==0.2.1
  Downloading typer-0.2.1-py3-none-any.whl.metadata (11 kB)
Requirement already satisfied: click<7.2.0,>=7.1.1 in /opt/conda/envs/f25ec32b84fa2c9f65b9ad23b80f6958/lib/python3.8/site-packages (from typer==0.2.1) (7.1.2)
Downloading typer-0.2.1-py3-none-any.whl (20 kB)
Installing collected packages: typer
Successfully installed typer-0.2.1
WARNING: Running pip as the 'root' user can result in broken permissions and conflicting behaviour with the system package manager, possibly rendering your system unusable.It is recommended to use a virtual environment instead: https://pip.pypa.io/warnings/venv. Use the --root-user-action option if you know what you are doing and want to suppress this warning.
Collecting typer-cli==0.0.9
  Downloading typer_cli-0.0.9-py3-none-any.whl.metadata (12 kB)
Requirement already satisfied: colorama<0.5.0,>=0.4.3 in /opt/conda/envs/f25ec32b84fa2c9f65b9ad23b80f6958/lib/python3.8/site-packages (from typer-cli==0.0.9) (0.4.3)
Collecting importlib_metadata<2.0,>=1.5 (from typer-cli==0.0.9)
  Downloading importlib_metadata-1.7.0-py2.py3-none-any.whl.metadata (2.1 kB)
Requirement already satisfied: shellingham<2.0.0,>=1.3.2 in /opt/conda/envs/f25ec32b84fa2c9f65b9ad23b80f6958/lib/python3.8/site-packages (from typer-cli==0.0.9) (1.3.2)
Requirement already satisfied: typer<0.3.0,>=0.2.1 in /opt/conda/envs/f25ec32b84fa2c9f65b9ad23b80f6958/lib/python3.8/site-packages (from typer-cli==0.0.9) (0.2.1)
Requirement already satisfied: zipp>=0.5 in /opt/conda/envs/f25ec32b84fa2c9f65b9ad23b80f6958/lib/python3.8/site-packages (from importlib_metadata<2.0,>=1.5->typer-cli==0.0.9) (3.20.2)
Requirement already satisfied: click<7.2.0,>=7.1.1 in /opt/conda/envs/f25ec32b84fa2c9f65b9ad23b80f6958/lib/python3.8/site-packages (from typer<0.3.0,>=0.2.1->typer-cli==0.0.9) (7.1.2)
Downloading typer_cli-0.0.9-py3-none-any.whl (8.7 kB)
Downloading importlib_metadata-1.7.0-py2.py3-none-any.whl (31 kB)
Installing collected packages: importlib_metadata, typer-cli
  Attempting uninstall: importlib_metadata
    Found existing installation: importlib_metadata 8.5.0
    Uninstalling importlib_metadata-8.5.0:
      Successfully uninstalled importlib_metadata-8.5.0
ERROR: pip's dependency resolver does not currently take into account all the packages that are installed. This behaviour is the source of the following dependency conflicts.
markdown 3.7 requires importlib-metadata>=4.4; python_version < "3.10", but you have importlib-metadata 1.7.0 which is incompatible.
Successfully installed importlib_metadata-1.7.0 typer-cli-0.0.9
WARNING: Running pip as the 'root' user can result in broken permissions and conflicting behaviour with the system package manager, possibly rendering your system unusable.It is recommended to use a virtual environment instead: https://pip.pypa.io/warnings/venv. Use the --root-user-action option if you know what you are doing and want to suppress this warning.
Collecting typing-extensions==3.7.4.2
  Downloading typing_extensions-3.7.4.2-py3-none-any.whl.metadata (2.0 kB)
Downloading typing_extensions-3.7.4.2-py3-none-any.whl (22 kB)
Installing collected packages: typing-extensions
  Attempting uninstall: typing-extensions
    Found existing installation: typing_extensions 4.12.2
    Uninstalling typing_extensions-4.12.2:
      Successfully uninstalled typing_extensions-4.12.2
ERROR: pip's dependency resolver does not currently take into account all the packages that are installed. This behaviour is the source of the following dependency conflicts.
pydantic 1.10.19 requires typing-extensions>=4.2.0, but you have typing-extensions 3.7.4.2 which is incompatible.
Successfully installed typing-extensions-3.7.4.2
WARNING: Running pip as the 'root' user can result in broken permissions and conflicting behaviour with the system package manager, possibly rendering your system unusable.It is recommended to use a virtual environment instead: https://pip.pypa.io/warnings/venv. Use the --root-user-action option if you know what you are doing and want to suppress this warning.
Collecting ujson==3.0.0
  Downloading ujson-3.0.0-cp38-cp38-manylinux1_x86_64.whl.metadata (12 kB)
Downloading ujson-3.0.0-cp38-cp38-manylinux1_x86_64.whl (178 kB)
Installing collected packages: ujson
Successfully installed ujson-3.0.0
WARNING: Running pip as the 'root' user can result in broken permissions and conflicting behaviour with the system package manager, possibly rendering your system unusable.It is recommended to use a virtual environment instead: https://pip.pypa.io/warnings/venv. Use the --root-user-action option if you know what you are doing and want to suppress this warning.
Collecting urllib3==1.25.9
  Downloading urllib3-1.25.9-py2.py3-none-any.whl.metadata (39 kB)
Downloading urllib3-1.25.9-py2.py3-none-any.whl (126 kB)
Installing collected packages: urllib3
  Attempting uninstall: urllib3
    Found existing installation: urllib3 1.25.11
    Uninstalling urllib3-1.25.11:
      Successfully uninstalled urllib3-1.25.11
Successfully installed urllib3-1.25.9
WARNING: Running pip as the 'root' user can result in broken permissions and conflicting behaviour with the system package manager, possibly rendering your system unusable.It is recommended to use a virtual environment instead: https://pip.pypa.io/warnings/venv. Use the --root-user-action option if you know what you are doing and want to suppress this warning.
Collecting uvicorn==0.11.5
  Downloading uvicorn-0.11.5-py3-none-any.whl.metadata (3.4 kB)
Requirement already satisfied: click==7.* in /opt/conda/envs/f25ec32b84fa2c9f65b9ad23b80f6958/lib/python3.8/site-packages (from uvicorn==0.11.5) (7.1.2)
Requirement already satisfied: h11<0.10,>=0.8 in /opt/conda/envs/f25ec32b84fa2c9f65b9ad23b80f6958/lib/python3.8/site-packages (from uvicorn==0.11.5) (0.9.0)
Collecting websockets==8.* (from uvicorn==0.11.5)
  Downloading websockets-8.1-cp38-cp38-manylinux2010_x86_64.whl.metadata (6.2 kB)
Collecting httptools==0.1.* (from uvicorn==0.11.5)
  Downloading httptools-0.1.2-cp38-cp38-manylinux1_x86_64.whl.metadata (3.4 kB)
Collecting uvloop>=0.14.0 (from uvicorn==0.11.5)
  Downloading uvloop-0.21.0-cp38-cp38-manylinux_2_17_x86_64.manylinux2014_x86_64.whl.metadata (4.9 kB)
Downloading uvicorn-0.11.5-py3-none-any.whl (43 kB)
Downloading httptools-0.1.2-cp38-cp38-manylinux1_x86_64.whl (229 kB)
Downloading websockets-8.1-cp38-cp38-manylinux2010_x86_64.whl (78 kB)
Downloading uvloop-0.21.0-cp38-cp38-manylinux_2_17_x86_64.manylinux2014_x86_64.whl (4.3 MB)
   ‚îÅ‚îÅ‚îÅ‚îÅ‚îÅ‚îÅ‚îÅ‚îÅ‚îÅ‚îÅ‚îÅ‚îÅ‚îÅ‚îÅ‚îÅ‚îÅ‚îÅ‚îÅ‚îÅ‚îÅ‚îÅ‚îÅ‚îÅ‚îÅ‚îÅ‚îÅ‚îÅ‚îÅ‚îÅ‚îÅ‚îÅ‚îÅ‚îÅ‚îÅ‚îÅ‚îÅ‚îÅ‚îÅ‚îÅ‚îÅ 4.3/4.3 MB 55.2 MB/s eta 0:00:00
Installing collected packages: httptools, websockets, uvloop, uvicorn
Successfully installed httptools-0.1.2 uvicorn-0.11.5 uvloop-0.21.0 websockets-8.1
WARNING: Running pip as the 'root' user can result in broken permissions and conflicting behaviour with the system package manager, possibly rendering your system unusable.It is recommended to use a virtual environment instead: https://pip.pypa.io/warnings/venv. Use the --root-user-action option if you know what you are doing and want to suppress this warning.
Collecting wcwidth==0.2.4
  Downloading wcwidth-0.2.4-py2.py3-none-any.whl.metadata (10 kB)
Downloading wcwidth-0.2.4-py2.py3-none-any.whl (30 kB)
Installing collected packages: wcwidth
  Attempting uninstall: wcwidth
    Found existing installation: wcwidth 0.2.13
    Uninstalling wcwidth-0.2.13:
      Successfully uninstalled wcwidth-0.2.13
Successfully installed wcwidth-0.2.4
WARNING: Running pip as the 'root' user can result in broken permissions and conflicting behaviour with the system package manager, possibly rendering your system unusable.It is recommended to use a virtual environment instead: https://pip.pypa.io/warnings/venv. Use the --root-user-action option if you know what you are doing and want to suppress this warning.
Requirement already satisfied: websockets==8.1 in /opt/conda/envs/f25ec32b84fa2c9f65b9ad23b80f6958/lib/python3.8/site-packages (8.1)
WARNING: Running pip as the 'root' user can result in broken permissions and conflicting behaviour with the system package manager, possibly rendering your system unusable.It is recommended to use a virtual environment instead: https://pip.pypa.io/warnings/venv. Use the --root-user-action option if you know what you are doing and want to suppress this warning.
Collecting Werkzeug==1.0.1
  Downloading Werkzeug-1.0.1-py2.py3-none-any.whl.metadata (4.7 kB)
Downloading Werkzeug-1.0.1-py2.py3-none-any.whl (298 kB)
Installing collected packages: Werkzeug
  Attempting uninstall: Werkzeug
    Found existing installation: Werkzeug 3.0.6
    Uninstalling Werkzeug-3.0.6:
      Successfully uninstalled Werkzeug-3.0.6
Successfully installed Werkzeug-1.0.1
WARNING: Running pip as the 'root' user can result in broken permissions and conflicting behaviour with the system package manager, possibly rendering your system unusable.It is recommended to use a virtual environment instead: https://pip.pypa.io/warnings/venv. Use the --root-user-action option if you know what you are doing and want to suppress this warning.
Collecting zipp==3.1.0
  Downloading zipp-3.1.0-py3-none-any.whl.metadata (1.9 kB)
Downloading zipp-3.1.0-py3-none-any.whl (4.9 kB)
Installing collected packages: zipp
  Attempting uninstall: zipp
    Found existing installation: zipp 3.20.2
    Uninstalling zipp-3.20.2:
      Successfully uninstalled zipp-3.20.2
Successfully installed zipp-3.1.0
WARNING: Running pip as the 'root' user can result in broken permissions and conflicting behaviour with the system package manager, possibly rendering your system unusable.It is recommended to use a virtual environment instead: https://pip.pypa.io/warnings/venv. Use the --root-user-action option if you know what you are doing and want to suppress this warning.
Requirement already satisfied: aiofiles==0.5.0 in /opt/conda/envs/f25ec32b84fa2c9f65b9ad23b80f6958/lib/python3.8/site-packages (0.5.0)
WARNING: Running pip as the 'root' user can result in broken permissions and conflicting behaviour with the system package manager, possibly rendering your system unusable.It is recommended to use a virtual environment instead: https://pip.pypa.io/warnings/venv. Use the --root-user-action option if you know what you are doing and want to suppress this warning.
Requirement already satisfied: aiosqlite==0.13.0 in /opt/conda/envs/f25ec32b84fa2c9f65b9ad23b80f6958/lib/python3.8/site-packages (0.13.0)
WARNING: Running pip as the 'root' user can result in broken permissions and conflicting behaviour with the system package manager, possibly rendering your system unusable.It is recommended to use a virtual environment instead: https://pip.pypa.io/warnings/venv. Use the --root-user-action option if you know what you are doing and want to suppress this warning.
Requirement already satisfied: aniso8601==7.0.0 in /opt/conda/envs/f25ec32b84fa2c9f65b9ad23b80f6958/lib/python3.8/site-packages (7.0.0)
WARNING: Running pip as the 'root' user can result in broken permissions and conflicting behaviour with the system package manager, possibly rendering your system unusable.It is recommended to use a virtual environment instead: https://pip.pypa.io/warnings/venv. Use the --root-user-action option if you know what you are doing and want to suppress this warning.
Requirement already satisfied: appdirs==1.4.4 in /opt/conda/envs/f25ec32b84fa2c9f65b9ad23b80f6958/lib/python3.8/site-packages (1.4.4)
WARNING: Running pip as the 'root' user can result in broken permissions and conflicting behaviour with the system package manager, possibly rendering your system unusable.It is recommended to use a virtual environment instead: https://pip.pypa.io/warnings/venv. Use the --root-user-action option if you know what you are doing and want to suppress this warning.
Requirement already satisfied: async-exit-stack==1.0.1 in /opt/conda/envs/f25ec32b84fa2c9f65b9ad23b80f6958/lib/python3.8/site-packages (1.0.1)
WARNING: Running pip as the 'root' user can result in broken permissions and conflicting behaviour with the system package manager, possibly rendering your system unusable.It is recommended to use a virtual environment instead: https://pip.pypa.io/warnings/venv. Use the --root-user-action option if you know what you are doing and want to suppress this warning.
Requirement already satisfied: async-generator==1.10 in /opt/conda/envs/f25ec32b84fa2c9f65b9ad23b80f6958/lib/python3.8/site-packages (1.10)
WARNING: Running pip as the 'root' user can result in broken permissions and conflicting behaviour with the system package manager, possibly rendering your system unusable.It is recommended to use a virtual environment instead: https://pip.pypa.io/warnings/venv. Use the --root-user-action option if you know what you are doing and want to suppress this warning.
Requirement already satisfied: atomicwrites==1.4.0 in /opt/conda/envs/f25ec32b84fa2c9f65b9ad23b80f6958/lib/python3.8/site-packages (1.4.0)
WARNING: Running pip as the 'root' user can result in broken permissions and conflicting behaviour with the system package manager, possibly rendering your system unusable.It is recommended to use a virtual environment instead: https://pip.pypa.io/warnings/venv. Use the --root-user-action option if you know what you are doing and want to suppress this warning.
Requirement already satisfied: attrs==19.3.0 in /opt/conda/envs/f25ec32b84fa2c9f65b9ad23b80f6958/lib/python3.8/site-packages (19.3.0)
WARNING: Running pip as the 'root' user can result in broken permissions and conflicting behaviour with the system package manager, possibly rendering your system unusable.It is recommended to use a virtual environment instead: https://pip.pypa.io/warnings/venv. Use the --root-user-action option if you know what you are doing and want to suppress this warning.
Requirement already satisfied: autoflake==1.3.1 in /opt/conda/envs/f25ec32b84fa2c9f65b9ad23b80f6958/lib/python3.8/site-packages (1.3.1)
Requirement already satisfied: pyflakes>=1.1.0 in /opt/conda/envs/f25ec32b84fa2c9f65b9ad23b80f6958/lib/python3.8/site-packages (from autoflake==1.3.1) (2.2.0)
WARNING: Running pip as the 'root' user can result in broken permissions and conflicting behaviour with the system package manager, possibly rendering your system unusable.It is recommended to use a virtual environment instead: https://pip.pypa.io/warnings/venv. Use the --root-user-action option if you know what you are doing and want to suppress this warning.
Requirement already satisfied: bcrypt==3.1.7 in /opt/conda/envs/f25ec32b84fa2c9f65b9ad23b80f6958/lib/python3.8/site-packages (3.1.7)
Requirement already satisfied: cffi>=1.1 in /opt/conda/envs/f25ec32b84fa2c9f65b9ad23b80f6958/lib/python3.8/site-packages (from bcrypt==3.1.7) (1.14.0)
Requirement already satisfied: six>=1.4.1 in /opt/conda/envs/f25ec32b84fa2c9f65b9ad23b80f6958/lib/python3.8/site-packages (from bcrypt==3.1.7) (1.15.0)
Requirement already satisfied: pycparser in /opt/conda/envs/f25ec32b84fa2c9f65b9ad23b80f6958/lib/python3.8/site-packages (from cffi>=1.1->bcrypt==3.1.7) (2.20)
WARNING: Running pip as the 'root' user can result in broken permissions and conflicting behaviour with the system package manager, possibly rendering your system unusable.It is recommended to use a virtual environment instead: https://pip.pypa.io/warnings/venv. Use the --root-user-action option if you know what you are doing and want to suppress this warning.
Requirement already satisfied: black==19.10b0 in /opt/conda/envs/f25ec32b84fa2c9f65b9ad23b80f6958/lib/python3.8/site-packages (19.10b0)
Requirement already satisfied: click>=6.5 in /opt/conda/envs/f25ec32b84fa2c9f65b9ad23b80f6958/lib/python3.8/site-packages (from black==19.10b0) (7.1.2)
Requirement already satisfied: attrs>=18.1.0 in /opt/conda/envs/f25ec32b84fa2c9f65b9ad23b80f6958/lib/python3.8/site-packages (from black==19.10b0) (19.3.0)
Requirement already satisfied: appdirs in /opt/conda/envs/f25ec32b84fa2c9f65b9ad23b80f6958/lib/python3.8/site-packages (from black==19.10b0) (1.4.4)
Requirement already satisfied: toml>=0.9.4 in /opt/conda/envs/f25ec32b84fa2c9f65b9ad23b80f6958/lib/python3.8/site-packages (from black==19.10b0) (0.10.1)
Requirement already satisfied: typed-ast>=1.4.0 in /opt/conda/envs/f25ec32b84fa2c9f65b9ad23b80f6958/lib/python3.8/site-packages (from black==19.10b0) (1.4.1)
Requirement already satisfied: regex in /opt/conda/envs/f25ec32b84fa2c9f65b9ad23b80f6958/lib/python3.8/site-packages (from black==19.10b0) (2020.6.8)
Requirement already satisfied: pathspec<1,>=0.6 in /opt/conda/envs/f25ec32b84fa2c9f65b9ad23b80f6958/lib/python3.8/site-packages (from black==19.10b0) (0.8.0)
WARNING: Running pip as the 'root' user can result in broken permissions and conflicting behaviour with the system package manager, possibly rendering your system unusable.It is recommended to use a virtual environment instead: https://pip.pypa.io/warnings/venv. Use the --root-user-action option if you know what you are doing and want to suppress this warning.
Requirement already satisfied: certifi==2020.4.5.2 in /opt/conda/envs/f25ec32b84fa2c9f65b9ad23b80f6958/lib/python3.8/site-packages (2020.4.5.2)
WARNING: Running pip as the 'root' user can result in broken permissions and conflicting behaviour with the system package manager, possibly rendering your system unusable.It is recommended to use a virtual environment instead: https://pip.pypa.io/warnings/venv. Use the --root-user-action option if you know what you are doing and want to suppress this warning.
Requirement already satisfied: cffi==1.14.0 in /opt/conda/envs/f25ec32b84fa2c9f65b9ad23b80f6958/lib/python3.8/site-packages (1.14.0)
Requirement already satisfied: pycparser in /opt/conda/envs/f25ec32b84fa2c9f65b9ad23b80f6958/lib/python3.8/site-packages (from cffi==1.14.0) (2.20)
WARNING: Running pip as the 'root' user can result in broken permissions and conflicting behaviour with the system package manager, possibly rendering your system unusable.It is recommended to use a virtual environment instead: https://pip.pypa.io/warnings/venv. Use the --root-user-action option if you know what you are doing and want to suppress this warning.
Requirement already satisfied: chardet==3.0.4 in /opt/conda/envs/f25ec32b84fa2c9f65b9ad23b80f6958/lib/python3.8/site-packages (3.0.4)
WARNING: Running pip as the 'root' user can result in broken permissions and conflicting behaviour with the system package manager, possibly rendering your system unusable.It is recommended to use a virtual environment instead: https://pip.pypa.io/warnings/venv. Use the --root-user-action option if you know what you are doing and want to suppress this warning.
Requirement already satisfied: click==7.1.2 in /opt/conda/envs/f25ec32b84fa2c9f65b9ad23b80f6958/lib/python3.8/site-packages (7.1.2)
WARNING: Running pip as the 'root' user can result in broken permissions and conflicting behaviour with the system package manager, possibly rendering your system unusable.It is recommended to use a virtual environment instead: https://pip.pypa.io/warnings/venv. Use the --root-user-action option if you know what you are doing and want to suppress this warning.
Requirement already satisfied: colorama==0.4.3 in /opt/conda/envs/f25ec32b84fa2c9f65b9ad23b80f6958/lib/python3.8/site-packages (0.4.3)
WARNING: Running pip as the 'root' user can result in broken permissions and conflicting behaviour with the system package manager, possibly rendering your system unusable.It is recommended to use a virtual environment instead: https://pip.pypa.io/warnings/venv. Use the --root-user-action option if you know what you are doing and want to suppress this warning.
Requirement already satisfied: coverage==5.1 in /opt/conda/envs/f25ec32b84fa2c9f65b9ad23b80f6958/lib/python3.8/site-packages (5.1)
WARNING: Running pip as the 'root' user can result in broken permissions and conflicting behaviour with the system package manager, possibly rendering your system unusable.It is recommended to use a virtual environment instead: https://pip.pypa.io/warnings/venv. Use the --root-user-action option if you know what you are doing and want to suppress this warning.
Requirement already satisfied: databases==0.3.2 in /opt/conda/envs/f25ec32b84fa2c9f65b9ad23b80f6958/lib/python3.8/site-packages (0.3.2)
Requirement already satisfied: sqlalchemy in /opt/conda/envs/f25ec32b84fa2c9f65b9ad23b80f6958/lib/python3.8/site-packages (from databases==0.3.2) (1.3.17)
WARNING: Running pip as the 'root' user can result in broken permissions and conflicting behaviour with the system package manager, possibly rendering your system unusable.It is recommended to use a virtual environment instead: https://pip.pypa.io/warnings/venv. Use the --root-user-action option if you know what you are doing and want to suppress this warning.
Requirement already satisfied: dnspython==1.16.0 in /opt/conda/envs/f25ec32b84fa2c9f65b9ad23b80f6958/lib/python3.8/site-packages (1.16.0)
WARNING: Running pip as the 'root' user can result in broken permissions and conflicting behaviour with the system package manager, possibly rendering your system unusable.It is recommended to use a virtual environment instead: https://pip.pypa.io/warnings/venv. Use the --root-user-action option if you know what you are doing and want to suppress this warning.
Requirement already satisfied: docutils==0.16 in /opt/conda/envs/f25ec32b84fa2c9f65b9ad23b80f6958/lib/python3.8/site-packages (0.16)
WARNING: Running pip as the 'root' user can result in broken permissions and conflicting behaviour with the system package manager, possibly rendering your system unusable.It is recommended to use a virtual environment instead: https://pip.pypa.io/warnings/venv. Use the --root-user-action option if you know what you are doing and want to suppress this warning.
Requirement already satisfied: email-validator==1.1.1 in /opt/conda/envs/f25ec32b84fa2c9f65b9ad23b80f6958/lib/python3.8/site-packages (1.1.1)
Requirement already satisfied: dnspython>=1.15.0 in /opt/conda/envs/f25ec32b84fa2c9f65b9ad23b80f6958/lib/python3.8/site-packages (from email-validator==1.1.1) (1.16.0)
Requirement already satisfied: idna>=2.0.0 in /opt/conda/envs/f25ec32b84fa2c9f65b9ad23b80f6958/lib/python3.8/site-packages (from email-validator==1.1.1) (2.9)
WARNING: Running pip as the 'root' user can result in broken permissions and conflicting behaviour with the system package manager, possibly rendering your system unusable.It is recommended to use a virtual environment instead: https://pip.pypa.io/warnings/venv. Use the --root-user-action option if you know what you are doing and want to suppress this warning.
Requirement already satisfied: fastapi==0.55.1 in /opt/conda/envs/f25ec32b84fa2c9f65b9ad23b80f6958/lib/python3.8/site-packages (0.55.1)
Requirement already satisfied: starlette==0.13.2 in /opt/conda/envs/f25ec32b84fa2c9f65b9ad23b80f6958/lib/python3.8/site-packages (from fastapi==0.55.1) (0.13.2)
Requirement already satisfied: pydantic<2.0.0,>=0.32.2 in /opt/conda/envs/f25ec32b84fa2c9f65b9ad23b80f6958/lib/python3.8/site-packages (from fastapi==0.55.1) (1.10.19)
Collecting typing-extensions>=4.2.0 (from pydantic<2.0.0,>=0.32.2->fastapi==0.55.1)
  Using cached typing_extensions-4.12.2-py3-none-any.whl.metadata (3.0 kB)
Using cached typing_extensions-4.12.2-py3-none-any.whl (37 kB)
Installing collected packages: typing-extensions
  Attempting uninstall: typing-extensions
    Found existing installation: typing-extensions 3.7.4.2
    Uninstalling typing-extensions-3.7.4.2:
      Successfully uninstalled typing-extensions-3.7.4.2
Successfully installed typing-extensions-4.12.2
WARNING: Running pip as the 'root' user can result in broken permissions and conflicting behaviour with the system package manager, possibly rendering your system unusable.It is recommended to use a virtual environment instead: https://pip.pypa.io/warnings/venv. Use the --root-user-action option if you know what you are doing and want to suppress this warning.
Requirement already satisfied: flake8==3.8.2 in /opt/conda/envs/f25ec32b84fa2c9f65b9ad23b80f6958/lib/python3.8/site-packages (3.8.2)
Requirement already satisfied: pyflakes<2.3.0,>=2.2.0 in /opt/conda/envs/f25ec32b84fa2c9f65b9ad23b80f6958/lib/python3.8/site-packages (from flake8==3.8.2) (2.2.0)
Requirement already satisfied: pycodestyle<2.7.0,>=2.6.0a1 in /opt/conda/envs/f25ec32b84fa2c9f65b9ad23b80f6958/lib/python3.8/site-packages (from flake8==3.8.2) (2.6.0)
Requirement already satisfied: mccabe<0.7.0,>=0.6.0 in /opt/conda/envs/f25ec32b84fa2c9f65b9ad23b80f6958/lib/python3.8/site-packages (from flake8==3.8.2) (0.6.1)
WARNING: Running pip as the 'root' user can result in broken permissions and conflicting behaviour with the system package manager, possibly rendering your system unusable.It is recommended to use a virtual environment instead: https://pip.pypa.io/warnings/venv. Use the --root-user-action option if you know what you are doing and want to suppress this warning.
Requirement already satisfied: Flask==1.1.2 in /opt/conda/envs/f25ec32b84fa2c9f65b9ad23b80f6958/lib/python3.8/site-packages (1.1.2)
Requirement already satisfied: Werkzeug>=0.15 in /opt/conda/envs/f25ec32b84fa2c9f65b9ad23b80f6958/lib/python3.8/site-packages (from Flask==1.1.2) (1.0.1)
Requirement already satisfied: Jinja2>=2.10.1 in /opt/conda/envs/f25ec32b84fa2c9f65b9ad23b80f6958/lib/python3.8/site-packages (from Flask==1.1.2) (2.11.2)
Requirement already satisfied: itsdangerous>=0.24 in /opt/conda/envs/f25ec32b84fa2c9f65b9ad23b80f6958/lib/python3.8/site-packages (from Flask==1.1.2) (1.1.0)
Requirement already satisfied: click>=5.1 in /opt/conda/envs/f25ec32b84fa2c9f65b9ad23b80f6958/lib/python3.8/site-packages (from Flask==1.1.2) (7.1.2)
Requirement already satisfied: MarkupSafe>=0.23 in /opt/conda/envs/f25ec32b84fa2c9f65b9ad23b80f6958/lib/python3.8/site-packages (from Jinja2>=2.10.1->Flask==1.1.2) (1.1.1)
WARNING: Running pip as the 'root' user can result in broken permissions and conflicting behaviour with the system package manager, possibly rendering your system unusable.It is recommended to use a virtual environment instead: https://pip.pypa.io/warnings/venv. Use the --root-user-action option if you know what you are doing and want to suppress this warning.
Requirement already satisfied: flit==2.3.0 in /opt/conda/envs/f25ec32b84fa2c9f65b9ad23b80f6958/lib/python3.8/site-packages (2.3.0)
Requirement already satisfied: flit_core>=2.3.0 in /opt/conda/envs/f25ec32b84fa2c9f65b9ad23b80f6958/lib/python3.8/site-packages (from flit==2.3.0) (2.3.0)
Requirement already satisfied: requests in /opt/conda/envs/f25ec32b84fa2c9f65b9ad23b80f6958/lib/python3.8/site-packages (from flit==2.3.0) (2.23.0)
Requirement already satisfied: docutils in /opt/conda/envs/f25ec32b84fa2c9f65b9ad23b80f6958/lib/python3.8/site-packages (from flit==2.3.0) (0.16)
Requirement already satisfied: pytoml in /opt/conda/envs/f25ec32b84fa2c9f65b9ad23b80f6958/lib/python3.8/site-packages (from flit==2.3.0) (0.1.21)
Requirement already satisfied: chardet<4,>=3.0.2 in /opt/conda/envs/f25ec32b84fa2c9f65b9ad23b80f6958/lib/python3.8/site-packages (from requests->flit==2.3.0) (3.0.4)
Requirement already satisfied: idna<3,>=2.5 in /opt/conda/envs/f25ec32b84fa2c9f65b9ad23b80f6958/lib/python3.8/site-packages (from requests->flit==2.3.0) (2.9)
Requirement already satisfied: urllib3!=1.25.0,!=1.25.1,<1.26,>=1.21.1 in /opt/conda/envs/f25ec32b84fa2c9f65b9ad23b80f6958/lib/python3.8/site-packages (from requests->flit==2.3.0) (1.25.9)
Requirement already satisfied: certifi>=2017.4.17 in /opt/conda/envs/f25ec32b84fa2c9f65b9ad23b80f6958/lib/python3.8/site-packages (from requests->flit==2.3.0) (2020.4.5.2)
WARNING: Running pip as the 'root' user can result in broken permissions and conflicting behaviour with the system package manager, possibly rendering your system unusable.It is recommended to use a virtual environment instead: https://pip.pypa.io/warnings/venv. Use the --root-user-action option if you know what you are doing and want to suppress this warning.
Requirement already satisfied: flit-core==2.3.0 in /opt/conda/envs/f25ec32b84fa2c9f65b9ad23b80f6958/lib/python3.8/site-packages (2.3.0)
Requirement already satisfied: pytoml in /opt/conda/envs/f25ec32b84fa2c9f65b9ad23b80f6958/lib/python3.8/site-packages (from flit-core==2.3.0) (0.1.21)
WARNING: Running pip as the 'root' user can result in broken permissions and conflicting behaviour with the system package manager, possibly rendering your system unusable.It is recommended to use a virtual environment instead: https://pip.pypa.io/warnings/venv. Use the --root-user-action option if you know what you are doing and want to suppress this warning.
Requirement already satisfied: future==0.18.2 in /opt/conda/envs/f25ec32b84fa2c9f65b9ad23b80f6958/lib/python3.8/site-packages (0.18.2)
WARNING: Running pip as the 'root' user can result in broken permissions and conflicting behaviour with the system package manager, possibly rendering your system unusable.It is recommended to use a virtual environment instead: https://pip.pypa.io/warnings/venv. Use the --root-user-action option if you know what you are doing and want to suppress this warning.
Requirement already satisfied: graphene==2.1.8 in /opt/conda/envs/f25ec32b84fa2c9f65b9ad23b80f6958/lib/python3.8/site-packages (2.1.8)
Requirement already satisfied: six<2,>=1.10.0 in /opt/conda/envs/f25ec32b84fa2c9f65b9ad23b80f6958/lib/python3.8/site-packages (from graphene==2.1.8) (1.15.0)
Requirement already satisfied: graphql-core<3,>=2.1 in /opt/conda/envs/f25ec32b84fa2c9f65b9ad23b80f6958/lib/python3.8/site-packages (from graphene==2.1.8) (2.3.2)
Requirement already satisfied: graphql-relay<3,>=2 in /opt/conda/envs/f25ec32b84fa2c9f65b9ad23b80f6958/lib/python3.8/site-packages (from graphene==2.1.8) (2.0.1)
Requirement already satisfied: aniso8601<=7,>=3 in /opt/conda/envs/f25ec32b84fa2c9f65b9ad23b80f6958/lib/python3.8/site-packages (from graphene==2.1.8) (7.0.0)
Requirement already satisfied: promise<3,>=2.3 in /opt/conda/envs/f25ec32b84fa2c9f65b9ad23b80f6958/lib/python3.8/site-packages (from graphql-core<3,>=2.1->graphene==2.1.8) (2.3)
Requirement already satisfied: rx<2,>=1.6 in /opt/conda/envs/f25ec32b84fa2c9f65b9ad23b80f6958/lib/python3.8/site-packages (from graphql-core<3,>=2.1->graphene==2.1.8) (1.6.1)
WARNING: Running pip as the 'root' user can result in broken permissions and conflicting behaviour with the system package manager, possibly rendering your system unusable.It is recommended to use a virtual environment instead: https://pip.pypa.io/warnings/venv. Use the --root-user-action option if you know what you are doing and want to suppress this warning.
Requirement already satisfied: graphql-core==2.3.2 in /opt/conda/envs/f25ec32b84fa2c9f65b9ad23b80f6958/lib/python3.8/site-packages (2.3.2)
Requirement already satisfied: six>=1.10.0 in /opt/conda/envs/f25ec32b84fa2c9f65b9ad23b80f6958/lib/python3.8/site-packages (from graphql-core==2.3.2) (1.15.0)
Requirement already satisfied: promise<3,>=2.3 in /opt/conda/envs/f25ec32b84fa2c9f65b9ad23b80f6958/lib/python3.8/site-packages (from graphql-core==2.3.2) (2.3)
Requirement already satisfied: rx<2,>=1.6 in /opt/conda/envs/f25ec32b84fa2c9f65b9ad23b80f6958/lib/python3.8/site-packages (from graphql-core==2.3.2) (1.6.1)
WARNING: Running pip as the 'root' user can result in broken permissions and conflicting behaviour with the system package manager, possibly rendering your system unusable.It is recommended to use a virtual environment instead: https://pip.pypa.io/warnings/venv. Use the --root-user-action option if you know what you are doing and want to suppress this warning.
Requirement already satisfied: graphql-relay==2.0.1 in /opt/conda/envs/f25ec32b84fa2c9f65b9ad23b80f6958/lib/python3.8/site-packages (2.0.1)
Requirement already satisfied: six>=1.12 in /opt/conda/envs/f25ec32b84fa2c9f65b9ad23b80f6958/lib/python3.8/site-packages (from graphql-relay==2.0.1) (1.15.0)
Requirement already satisfied: graphql-core<3,>=2.2 in /opt/conda/envs/f25ec32b84fa2c9f65b9ad23b80f6958/lib/python3.8/site-packages (from graphql-relay==2.0.1) (2.3.2)
Requirement already satisfied: promise<3,>=2.2 in /opt/conda/envs/f25ec32b84fa2c9f65b9ad23b80f6958/lib/python3.8/site-packages (from graphql-relay==2.0.1) (2.3)
Requirement already satisfied: rx<2,>=1.6 in /opt/conda/envs/f25ec32b84fa2c9f65b9ad23b80f6958/lib/python3.8/site-packages (from graphql-core<3,>=2.2->graphql-relay==2.0.1) (1.6.1)
WARNING: Running pip as the 'root' user can result in broken permissions and conflicting behaviour with the system package manager, possibly rendering your system unusable.It is recommended to use a virtual environment instead: https://pip.pypa.io/warnings/venv. Use the --root-user-action option if you know what you are doing and want to suppress this warning.
Requirement already satisfied: h11==0.9.0 in /opt/conda/envs/f25ec32b84fa2c9f65b9ad23b80f6958/lib/python3.8/site-packages (0.9.0)
WARNING: Running pip as the 'root' user can result in broken permissions and conflicting behaviour with the system package manager, possibly rendering your system unusable.It is recommended to use a virtual environment instead: https://pip.pypa.io/warnings/venv. Use the --root-user-action option if you know what you are doing and want to suppress this warning.
Requirement already satisfied: idna==2.9 in /opt/conda/envs/f25ec32b84fa2c9f65b9ad23b80f6958/lib/python3.8/site-packages (2.9)
WARNING: Running pip as the 'root' user can result in broken permissions and conflicting behaviour with the system package manager, possibly rendering your system unusable.It is recommended to use a virtual environment instead: https://pip.pypa.io/warnings/venv. Use the --root-user-action option if you know what you are doing and want to suppress this warning.
Collecting importlib-metadata==1.6.1
  Using cached importlib_metadata-1.6.1-py2.py3-none-any.whl.metadata (2.1 kB)
Requirement already satisfied: zipp>=0.5 in /opt/conda/envs/f25ec32b84fa2c9f65b9ad23b80f6958/lib/python3.8/site-packages (from importlib-metadata==1.6.1) (3.1.0)
Using cached importlib_metadata-1.6.1-py2.py3-none-any.whl (31 kB)
Installing collected packages: importlib-metadata
  Attempting uninstall: importlib-metadata
    Found existing installation: importlib-metadata 1.7.0
    Uninstalling importlib-metadata-1.7.0:
      Successfully uninstalled importlib-metadata-1.7.0
ERROR: pip's dependency resolver does not currently take into account all the packages that are installed. This behaviour is the source of the following dependency conflicts.
markdown 3.7 requires importlib-metadata>=4.4; python_version < "3.10", but you have importlib-metadata 1.6.1 which is incompatible.
Successfully installed importlib-metadata-1.6.1
WARNING: Running pip as the 'root' user can result in broken permissions and conflicting behaviour with the system package manager, possibly rendering your system unusable.It is recommended to use a virtual environment instead: https://pip.pypa.io/warnings/venv. Use the --root-user-action option if you know what you are doing and want to suppress this warning.
Requirement already satisfied: isort==4.3.21 in /opt/conda/envs/f25ec32b84fa2c9f65b9ad23b80f6958/lib/python3.8/site-packages (4.3.21)
WARNING: Running pip as the 'root' user can result in broken permissions and conflicting behaviour with the system package manager, possibly rendering your system unusable.It is recommended to use a virtual environment instead: https://pip.pypa.io/warnings/venv. Use the --root-user-action option if you know what you are doing and want to suppress this warning.
Requirement already satisfied: itsdangerous==1.1.0 in /opt/conda/envs/f25ec32b84fa2c9f65b9ad23b80f6958/lib/python3.8/site-packages (1.1.0)
WARNING: Running pip as the 'root' user can result in broken permissions and conflicting behaviour with the system package manager, possibly rendering your system unusable.It is recommended to use a virtual environment instead: https://pip.pypa.io/warnings/venv. Use the --root-user-action option if you know what you are doing and want to suppress this warning.
Requirement already satisfied: Jinja2==2.11.2 in /opt/conda/envs/f25ec32b84fa2c9f65b9ad23b80f6958/lib/python3.8/site-packages (2.11.2)
Requirement already satisfied: MarkupSafe>=0.23 in /opt/conda/envs/f25ec32b84fa2c9f65b9ad23b80f6958/lib/python3.8/site-packages (from Jinja2==2.11.2) (1.1.1)
WARNING: Running pip as the 'root' user can result in broken permissions and conflicting behaviour with the system package manager, possibly rendering your system unusable.It is recommended to use a virtual environment instead: https://pip.pypa.io/warnings/venv. Use the --root-user-action option if you know what you are doing and want to suppress this warning.
Requirement already satisfied: joblib==0.15.1 in /opt/conda/envs/f25ec32b84fa2c9f65b9ad23b80f6958/lib/python3.8/site-packages (0.15.1)
WARNING: Running pip as the 'root' user can result in broken permissions and conflicting behaviour with the system package manager, possibly rendering your system unusable.It is recommended to use a virtual environment instead: https://pip.pypa.io/warnings/venv. Use the --root-user-action option if you know what you are doing and want to suppress this warning.
Collecting livereload==2.6.2
  Using cached livereload-2.6.2.tar.gz (25 kB)
  Preparing metadata (setup.py): started
  Preparing metadata (setup.py): finished with status 'error'
  error: subprocess-exited-with-error
  
  √ó python setup.py egg_info did not run successfully.
  ‚îÇ exit code: 1
  ‚ï∞‚îÄ> [10 lines of output]
      Traceback (most recent call last):
        File "<string>", line 2, in <module>
        File "<pip-setuptools-caller>", line 14, in <module>
        File "/opt/conda/envs/f25ec32b84fa2c9f65b9ad23b80f6958/lib/python3.8/site-packages/setuptools/__init__.py", line 27, in <module>
          from .dist import Distribution
        File "/opt/conda/envs/f25ec32b84fa2c9f65b9ad23b80f6958/lib/python3.8/site-packages/setuptools/dist.py", line 18, in <module>
          from . import (
        File "/opt/conda/envs/f25ec32b84fa2c9f65b9ad23b80f6958/lib/python3.8/site-packages/setuptools/_entry_points.py", line 45, in <module>
          def validate(eps: metadata.EntryPoints):
      AttributeError: module 'importlib_metadata' has no attribute 'EntryPoints'
      [end of output]
  
  note: This error originates from a subprocess, and is likely not a problem with pip.
error: metadata-generation-failed

√ó Encountered error while generating package metadata.
‚ï∞‚îÄ> See above for output.

note: This is an issue with the package mentioned above, not pip.
hint: See above for details.
Requirement already satisfied: lunr==0.5.8 in /opt/conda/envs/f25ec32b84fa2c9f65b9ad23b80f6958/lib/python3.8/site-packages (0.5.8)
Requirement already satisfied: future>=0.16.0 in /opt/conda/envs/f25ec32b84fa2c9f65b9ad23b80f6958/lib/python3.8/site-packages (from lunr==0.5.8) (0.18.2)
Requirement already satisfied: six>=1.11.0 in /opt/conda/envs/f25ec32b84fa2c9f65b9ad23b80f6958/lib/python3.8/site-packages (from lunr==0.5.8) (1.15.0)
WARNING: Running pip as the 'root' user can result in broken permissions and conflicting behaviour with the system package manager, possibly rendering your system unusable.It is recommended to use a virtual environment instead: https://pip.pypa.io/warnings/venv. Use the --root-user-action option if you know what you are doing and want to suppress this warning.
Collecting Markdown==3.2.2
  Using cached Markdown-3.2.2-py3-none-any.whl.metadata (2.4 kB)
Using cached Markdown-3.2.2-py3-none-any.whl (88 kB)
Installing collected packages: Markdown
  Attempting uninstall: Markdown
    Found existing installation: Markdown 3.7
    Uninstalling Markdown-3.7:
      Successfully uninstalled Markdown-3.7
Successfully installed Markdown-3.2.2
WARNING: Running pip as the 'root' user can result in broken permissions and conflicting behaviour with the system package manager, possibly rendering your system unusable.It is recommended to use a virtual environment instead: https://pip.pypa.io/warnings/venv. Use the --root-user-action option if you know what you are doing and want to suppress this warning.
Collecting markdown-include==0.5.1
  Using cached markdown-include-0.5.1.tar.gz (4.0 kB)
  Preparing metadata (setup.py): started
  Preparing metadata (setup.py): finished with status 'error'
  error: subprocess-exited-with-error
  
  √ó python setup.py egg_info did not run successfully.
  ‚îÇ exit code: 1
  ‚ï∞‚îÄ> [10 lines of output]
      Traceback (most recent call last):
        File "<string>", line 2, in <module>
        File "<pip-setuptools-caller>", line 14, in <module>
        File "/opt/conda/envs/f25ec32b84fa2c9f65b9ad23b80f6958/lib/python3.8/site-packages/setuptools/__init__.py", line 27, in <module>
          from .dist import Distribution
        File "/opt/conda/envs/f25ec32b84fa2c9f65b9ad23b80f6958/lib/python3.8/site-packages/setuptools/dist.py", line 18, in <module>
          from . import (
        File "/opt/conda/envs/f25ec32b84fa2c9f65b9ad23b80f6958/lib/python3.8/site-packages/setuptools/_entry_points.py", line 45, in <module>
          def validate(eps: metadata.EntryPoints):
      AttributeError: module 'importlib_metadata' has no attribute 'EntryPoints'
      [end of output]
  
  note: This error originates from a subprocess, and is likely not a problem with pip.
error: metadata-generation-failed

√ó Encountered error while generating package metadata.
‚ï∞‚îÄ> See above for output.

note: This is an issue with the package mentioned above, not pip.
hint: See above for details.
Requirement already satisfied: MarkupSafe==1.1.1 in /opt/conda/envs/f25ec32b84fa2c9f65b9ad23b80f6958/lib/python3.8/site-packages (1.1.1)
WARNING: Running pip as the 'root' user can result in broken permissions and conflicting behaviour with the system package manager, possibly rendering your system unusable.It is recommended to use a virtual environment instead: https://pip.pypa.io/warnings/venv. Use the --root-user-action option if you know what you are doing and want to suppress this warning.
Requirement already satisfied: mccabe==0.6.1 in /opt/conda/envs/f25ec32b84fa2c9f65b9ad23b80f6958/lib/python3.8/site-packages (0.6.1)
WARNING: Running pip as the 'root' user can result in broken permissions and conflicting behaviour with the system package manager, possibly rendering your system unusable.It is recommended to use a virtual environment instead: https://pip.pypa.io/warnings/venv. Use the --root-user-action option if you know what you are doing and want to suppress this warning.
Requirement already satisfied: mkdocs==1.1.2 in /opt/conda/envs/f25ec32b84fa2c9f65b9ad23b80f6958/lib/python3.8/site-packages (1.1.2)
Requirement already satisfied: click>=3.3 in /opt/conda/envs/f25ec32b84fa2c9f65b9ad23b80f6958/lib/python3.8/site-packages (from mkdocs==1.1.2) (7.1.2)
Requirement already satisfied: Jinja2>=2.10.1 in /opt/conda/envs/f25ec32b84fa2c9f65b9ad23b80f6958/lib/python3.8/site-packages (from mkdocs==1.1.2) (2.11.2)
Requirement already satisfied: livereload>=2.5.1 in /opt/conda/envs/f25ec32b84fa2c9f65b9ad23b80f6958/lib/python3.8/site-packages (from mkdocs==1.1.2) (2.7.0)
Requirement already satisfied: lunr==0.5.8 in /opt/conda/envs/f25ec32b84fa2c9f65b9ad23b80f6958/lib/python3.8/site-packages (from lunr[languages]==0.5.8->mkdocs==1.1.2) (0.5.8)
Requirement already satisfied: Markdown>=3.2.1 in /opt/conda/envs/f25ec32b84fa2c9f65b9ad23b80f6958/lib/python3.8/site-packages (from mkdocs==1.1.2) (3.2.2)
Requirement already satisfied: PyYAML>=3.10 in /opt/conda/envs/f25ec32b84fa2c9f65b9ad23b80f6958/lib/python3.8/site-packages (from mkdocs==1.1.2) (6.0.2)
Requirement already satisfied: tornado>=5.0 in /opt/conda/envs/f25ec32b84fa2c9f65b9ad23b80f6958/lib/python3.8/site-packages (from mkdocs==1.1.2) (6.4.2)
Requirement already satisfied: future>=0.16.0 in /opt/conda/envs/f25ec32b84fa2c9f65b9ad23b80f6958/lib/python3.8/site-packages (from lunr==0.5.8->lunr[languages]==0.5.8->mkdocs==1.1.2) (0.18.2)
Requirement already satisfied: six>=1.11.0 in /opt/conda/envs/f25ec32b84fa2c9f65b9ad23b80f6958/lib/python3.8/site-packages (from lunr==0.5.8->lunr[languages]==0.5.8->mkdocs==1.1.2) (1.15.0)
Requirement already satisfied: nltk>=3.2.5 in /opt/conda/envs/f25ec32b84fa2c9f65b9ad23b80f6958/lib/python3.8/site-packages (from lunr[languages]==0.5.8->mkdocs==1.1.2) (3.5)
Requirement already satisfied: MarkupSafe>=0.23 in /opt/conda/envs/f25ec32b84fa2c9f65b9ad23b80f6958/lib/python3.8/site-packages (from Jinja2>=2.10.1->mkdocs==1.1.2) (1.1.1)
Requirement already satisfied: joblib in /opt/conda/envs/f25ec32b84fa2c9f65b9ad23b80f6958/lib/python3.8/site-packages (from nltk>=3.2.5->lunr[languages]==0.5.8->mkdocs==1.1.2) (0.15.1)
Requirement already satisfied: regex in /opt/conda/envs/f25ec32b84fa2c9f65b9ad23b80f6958/lib/python3.8/site-packages (from nltk>=3.2.5->lunr[languages]==0.5.8->mkdocs==1.1.2) (2020.6.8)
Requirement already satisfied: tqdm in /opt/conda/envs/f25ec32b84fa2c9f65b9ad23b80f6958/lib/python3.8/site-packages (from nltk>=3.2.5->lunr[languages]==0.5.8->mkdocs==1.1.2) (4.46.1)
WARNING: Running pip as the 'root' user can result in broken permissions and conflicting behaviour with the system package manager, possibly rendering your system unusable.It is recommended to use a virtual environment instead: https://pip.pypa.io/warnings/venv. Use the --root-user-action option if you know what you are doing and want to suppress this warning.
Requirement already satisfied: mkdocs-material==5.2.3 in /opt/conda/envs/f25ec32b84fa2c9f65b9ad23b80f6958/lib/python3.8/site-packages (5.2.3)
Requirement already satisfied: mkdocs>=1.1 in /opt/conda/envs/f25ec32b84fa2c9f65b9ad23b80f6958/lib/python3.8/site-packages (from mkdocs-material==5.2.3) (1.1.2)
Requirement already satisfied: Pygments>=2.4 in /opt/conda/envs/f25ec32b84fa2c9f65b9ad23b80f6958/lib/python3.8/site-packages (from mkdocs-material==5.2.3) (2.6.1)
Requirement already satisfied: markdown>=3.2 in /opt/conda/envs/f25ec32b84fa2c9f65b9ad23b80f6958/lib/python3.8/site-packages (from mkdocs-material==5.2.3) (3.2.2)
Requirement already satisfied: pymdown-extensions>=7.0 in /opt/conda/envs/f25ec32b84fa2c9f65b9ad23b80f6958/lib/python3.8/site-packages (from mkdocs-material==5.2.3) (7.1)
Requirement already satisfied: mkdocs-material-extensions>=1.0 in /opt/conda/envs/f25ec32b84fa2c9f65b9ad23b80f6958/lib/python3.8/site-packages (from mkdocs-material==5.2.3) (1.0)
Requirement already satisfied: click>=3.3 in /opt/conda/envs/f25ec32b84fa2c9f65b9ad23b80f6958/lib/python3.8/site-packages (from mkdocs>=1.1->mkdocs-material==5.2.3) (7.1.2)
Requirement already satisfied: Jinja2>=2.10.1 in /opt/conda/envs/f25ec32b84fa2c9f65b9ad23b80f6958/lib/python3.8/site-packages (from mkdocs>=1.1->mkdocs-material==5.2.3) (2.11.2)
Requirement already satisfied: livereload>=2.5.1 in /opt/conda/envs/f25ec32b84fa2c9f65b9ad23b80f6958/lib/python3.8/site-packages (from mkdocs>=1.1->mkdocs-material==5.2.3) (2.7.0)
Requirement already satisfied: lunr==0.5.8 in /opt/conda/envs/f25ec32b84fa2c9f65b9ad23b80f6958/lib/python3.8/site-packages (from lunr[languages]==0.5.8->mkdocs>=1.1->mkdocs-material==5.2.3) (0.5.8)
Requirement already satisfied: PyYAML>=3.10 in /opt/conda/envs/f25ec32b84fa2c9f65b9ad23b80f6958/lib/python3.8/site-packages (from mkdocs>=1.1->mkdocs-material==5.2.3) (6.0.2)
Requirement already satisfied: tornado>=5.0 in /opt/conda/envs/f25ec32b84fa2c9f65b9ad23b80f6958/lib/python3.8/site-packages (from mkdocs>=1.1->mkdocs-material==5.2.3) (6.4.2)
Requirement already satisfied: future>=0.16.0 in /opt/conda/envs/f25ec32b84fa2c9f65b9ad23b80f6958/lib/python3.8/site-packages (from lunr==0.5.8->lunr[languages]==0.5.8->mkdocs>=1.1->mkdocs-material==5.2.3) (0.18.2)
Requirement already satisfied: six>=1.11.0 in /opt/conda/envs/f25ec32b84fa2c9f65b9ad23b80f6958/lib/python3.8/site-packages (from lunr==0.5.8->lunr[languages]==0.5.8->mkdocs>=1.1->mkdocs-material==5.2.3) (1.15.0)
Requirement already satisfied: nltk>=3.2.5 in /opt/conda/envs/f25ec32b84fa2c9f65b9ad23b80f6958/lib/python3.8/site-packages (from lunr[languages]==0.5.8->mkdocs>=1.1->mkdocs-material==5.2.3) (3.5)
Requirement already satisfied: MarkupSafe>=0.23 in /opt/conda/envs/f25ec32b84fa2c9f65b9ad23b80f6958/lib/python3.8/site-packages (from Jinja2>=2.10.1->mkdocs>=1.1->mkdocs-material==5.2.3) (1.1.1)
Requirement already satisfied: joblib in /opt/conda/envs/f25ec32b84fa2c9f65b9ad23b80f6958/lib/python3.8/site-packages (from nltk>=3.2.5->lunr[languages]==0.5.8->mkdocs>=1.1->mkdocs-material==5.2.3) (0.15.1)
Requirement already satisfied: regex in /opt/conda/envs/f25ec32b84fa2c9f65b9ad23b80f6958/lib/python3.8/site-packages (from nltk>=3.2.5->lunr[languages]==0.5.8->mkdocs>=1.1->mkdocs-material==5.2.3) (2020.6.8)
Requirement already satisfied: tqdm in /opt/conda/envs/f25ec32b84fa2c9f65b9ad23b80f6958/lib/python3.8/site-packages (from nltk>=3.2.5->lunr[languages]==0.5.8->mkdocs>=1.1->mkdocs-material==5.2.3) (4.46.1)
WARNING: Running pip as the 'root' user can result in broken permissions and conflicting behaviour with the system package manager, possibly rendering your system unusable.It is recommended to use a virtual environment instead: https://pip.pypa.io/warnings/venv. Use the --root-user-action option if you know what you are doing and want to suppress this warning.
Requirement already satisfied: mkdocs-material-extensions==1.0 in /opt/conda/envs/f25ec32b84fa2c9f65b9ad23b80f6958/lib/python3.8/site-packages (1.0)
Requirement already satisfied: mkdocs-material>=5.0.0 in /opt/conda/envs/f25ec32b84fa2c9f65b9ad23b80f6958/lib/python3.8/site-packages (from mkdocs-material-extensions==1.0) (5.2.3)
Requirement already satisfied: mkdocs>=1.1 in /opt/conda/envs/f25ec32b84fa2c9f65b9ad23b80f6958/lib/python3.8/site-packages (from mkdocs-material>=5.0.0->mkdocs-material-extensions==1.0) (1.1.2)
Requirement already satisfied: Pygments>=2.4 in /opt/conda/envs/f25ec32b84fa2c9f65b9ad23b80f6958/lib/python3.8/site-packages (from mkdocs-material>=5.0.0->mkdocs-material-extensions==1.0) (2.6.1)
Requirement already satisfied: markdown>=3.2 in /opt/conda/envs/f25ec32b84fa2c9f65b9ad23b80f6958/lib/python3.8/site-packages (from mkdocs-material>=5.0.0->mkdocs-material-extensions==1.0) (3.2.2)
Requirement already satisfied: pymdown-extensions>=7.0 in /opt/conda/envs/f25ec32b84fa2c9f65b9ad23b80f6958/lib/python3.8/site-packages (from mkdocs-material>=5.0.0->mkdocs-material-extensions==1.0) (7.1)
Requirement already satisfied: click>=3.3 in /opt/conda/envs/f25ec32b84fa2c9f65b9ad23b80f6958/lib/python3.8/site-packages (from mkdocs>=1.1->mkdocs-material>=5.0.0->mkdocs-material-extensions==1.0) (7.1.2)
Requirement already satisfied: Jinja2>=2.10.1 in /opt/conda/envs/f25ec32b84fa2c9f65b9ad23b80f6958/lib/python3.8/site-packages (from mkdocs>=1.1->mkdocs-material>=5.0.0->mkdocs-material-extensions==1.0) (2.11.2)
Requirement already satisfied: livereload>=2.5.1 in /opt/conda/envs/f25ec32b84fa2c9f65b9ad23b80f6958/lib/python3.8/site-packages (from mkdocs>=1.1->mkdocs-material>=5.0.0->mkdocs-material-extensions==1.0) (2.7.0)
Requirement already satisfied: lunr==0.5.8 in /opt/conda/envs/f25ec32b84fa2c9f65b9ad23b80f6958/lib/python3.8/site-packages (from lunr[languages]==0.5.8->mkdocs>=1.1->mkdocs-material>=5.0.0->mkdocs-material-extensions==1.0) (0.5.8)
Requirement already satisfied: PyYAML>=3.10 in /opt/conda/envs/f25ec32b84fa2c9f65b9ad23b80f6958/lib/python3.8/site-packages (from mkdocs>=1.1->mkdocs-material>=5.0.0->mkdocs-material-extensions==1.0) (6.0.2)
Requirement already satisfied: tornado>=5.0 in /opt/conda/envs/f25ec32b84fa2c9f65b9ad23b80f6958/lib/python3.8/site-packages (from mkdocs>=1.1->mkdocs-material>=5.0.0->mkdocs-material-extensions==1.0) (6.4.2)
Requirement already satisfied: future>=0.16.0 in /opt/conda/envs/f25ec32b84fa2c9f65b9ad23b80f6958/lib/python3.8/site-packages (from lunr==0.5.8->lunr[languages]==0.5.8->mkdocs>=1.1->mkdocs-material>=5.0.0->mkdocs-material-extensions==1.0) (0.18.2)
Requirement already satisfied: six>=1.11.0 in /opt/conda/envs/f25ec32b84fa2c9f65b9ad23b80f6958/lib/python3.8/site-packages (from lunr==0.5.8->lunr[languages]==0.5.8->mkdocs>=1.1->mkdocs-material>=5.0.0->mkdocs-material-extensions==1.0) (1.15.0)
Requirement already satisfied: nltk>=3.2.5 in /opt/conda/envs/f25ec32b84fa2c9f65b9ad23b80f6958/lib/python3.8/site-packages (from lunr[languages]==0.5.8->mkdocs>=1.1->mkdocs-material>=5.0.0->mkdocs-material-extensions==1.0) (3.5)
Requirement already satisfied: MarkupSafe>=0.23 in /opt/conda/envs/f25ec32b84fa2c9f65b9ad23b80f6958/lib/python3.8/site-packages (from Jinja2>=2.10.1->mkdocs>=1.1->mkdocs-material>=5.0.0->mkdocs-material-extensions==1.0) (1.1.1)
Requirement already satisfied: joblib in /opt/conda/envs/f25ec32b84fa2c9f65b9ad23b80f6958/lib/python3.8/site-packages (from nltk>=3.2.5->lunr[languages]==0.5.8->mkdocs>=1.1->mkdocs-material>=5.0.0->mkdocs-material-extensions==1.0) (0.15.1)
Requirement already satisfied: regex in /opt/conda/envs/f25ec32b84fa2c9f65b9ad23b80f6958/lib/python3.8/site-packages (from nltk>=3.2.5->lunr[languages]==0.5.8->mkdocs>=1.1->mkdocs-material>=5.0.0->mkdocs-material-extensions==1.0) (2020.6.8)
Requirement already satisfied: tqdm in /opt/conda/envs/f25ec32b84fa2c9f65b9ad23b80f6958/lib/python3.8/site-packages (from nltk>=3.2.5->lunr[languages]==0.5.8->mkdocs>=1.1->mkdocs-material>=5.0.0->mkdocs-material-extensions==1.0) (4.46.1)
WARNING: Running pip as the 'root' user can result in broken permissions and conflicting behaviour with the system package manager, possibly rendering your system unusable.It is recommended to use a virtual environment instead: https://pip.pypa.io/warnings/venv. Use the --root-user-action option if you know what you are doing and want to suppress this warning.
Requirement already satisfied: more-itertools==8.3.0 in /opt/conda/envs/f25ec32b84fa2c9f65b9ad23b80f6958/lib/python3.8/site-packages (8.3.0)
WARNING: Running pip as the 'root' user can result in broken permissions and conflicting behaviour with the system package manager, possibly rendering your system unusable.It is recommended to use a virtual environment instead: https://pip.pypa.io/warnings/venv. Use the --root-user-action option if you know what you are doing and want to suppress this warning.
Requirement already satisfied: mypy==0.780 in /opt/conda/envs/f25ec32b84fa2c9f65b9ad23b80f6958/lib/python3.8/site-packages (0.780)
Requirement already satisfied: typed-ast<1.5.0,>=1.4.0 in /opt/conda/envs/f25ec32b84fa2c9f65b9ad23b80f6958/lib/python3.8/site-packages (from mypy==0.780) (1.4.1)
Requirement already satisfied: typing-extensions>=3.7.4 in /opt/conda/envs/f25ec32b84fa2c9f65b9ad23b80f6958/lib/python3.8/site-packages (from mypy==0.780) (4.12.2)
Requirement already satisfied: mypy-extensions<0.5.0,>=0.4.3 in /opt/conda/envs/f25ec32b84fa2c9f65b9ad23b80f6958/lib/python3.8/site-packages (from mypy==0.780) (0.4.3)
WARNING: Running pip as the 'root' user can result in broken permissions and conflicting behaviour with the system package manager, possibly rendering your system unusable.It is recommended to use a virtual environment instead: https://pip.pypa.io/warnings/venv. Use the --root-user-action option if you know what you are doing and want to suppress this warning.
Requirement already satisfied: mypy-extensions==0.4.3 in /opt/conda/envs/f25ec32b84fa2c9f65b9ad23b80f6958/lib/python3.8/site-packages (0.4.3)
WARNING: Running pip as the 'root' user can result in broken permissions and conflicting behaviour with the system package manager, possibly rendering your system unusable.It is recommended to use a virtual environment instead: https://pip.pypa.io/warnings/venv. Use the --root-user-action option if you know what you are doing and want to suppress this warning.
Requirement already satisfied: nltk==3.5 in /opt/conda/envs/f25ec32b84fa2c9f65b9ad23b80f6958/lib/python3.8/site-packages (3.5)
Requirement already satisfied: click in /opt/conda/envs/f25ec32b84fa2c9f65b9ad23b80f6958/lib/python3.8/site-packages (from nltk==3.5) (7.1.2)
Requirement already satisfied: joblib in /opt/conda/envs/f25ec32b84fa2c9f65b9ad23b80f6958/lib/python3.8/site-packages (from nltk==3.5) (0.15.1)
Requirement already satisfied: regex in /opt/conda/envs/f25ec32b84fa2c9f65b9ad23b80f6958/lib/python3.8/site-packages (from nltk==3.5) (2020.6.8)
Requirement already satisfied: tqdm in /opt/conda/envs/f25ec32b84fa2c9f65b9ad23b80f6958/lib/python3.8/site-packages (from nltk==3.5) (4.46.1)
WARNING: Running pip as the 'root' user can result in broken permissions and conflicting behaviour with the system package manager, possibly rendering your system unusable.It is recommended to use a virtual environment instead: https://pip.pypa.io/warnings/venv. Use the --root-user-action option if you know what you are doing and want to suppress this warning.
Requirement already satisfied: orjson==3.0.2 in /opt/conda/envs/f25ec32b84fa2c9f65b9ad23b80f6958/lib/python3.8/site-packages (3.0.2)
WARNING: Running pip as the 'root' user can result in broken permissions and conflicting behaviour with the system package manager, possibly rendering your system unusable.It is recommended to use a virtual environment instead: https://pip.pypa.io/warnings/venv. Use the --root-user-action option if you know what you are doing and want to suppress this warning.
Requirement already satisfied: packaging==20.4 in /opt/conda/envs/f25ec32b84fa2c9f65b9ad23b80f6958/lib/python3.8/site-packages (20.4)
Requirement already satisfied: pyparsing>=2.0.2 in /opt/conda/envs/f25ec32b84fa2c9f65b9ad23b80f6958/lib/python3.8/site-packages (from packaging==20.4) (2.4.7)
Requirement already satisfied: six in /opt/conda/envs/f25ec32b84fa2c9f65b9ad23b80f6958/lib/python3.8/site-packages (from packaging==20.4) (1.15.0)
WARNING: Running pip as the 'root' user can result in broken permissions and conflicting behaviour with the system package manager, possibly rendering your system unusable.It is recommended to use a virtual environment instead: https://pip.pypa.io/warnings/venv. Use the --root-user-action option if you know what you are doing and want to suppress this warning.
Requirement already satisfied: passlib==1.7.2 in /opt/conda/envs/f25ec32b84fa2c9f65b9ad23b80f6958/lib/python3.8/site-packages (1.7.2)
WARNING: Running pip as the 'root' user can result in broken permissions and conflicting behaviour with the system package manager, possibly rendering your system unusable.It is recommended to use a virtual environment instead: https://pip.pypa.io/warnings/venv. Use the --root-user-action option if you know what you are doing and want to suppress this warning.
Requirement already satisfied: pathspec==0.8.0 in /opt/conda/envs/f25ec32b84fa2c9f65b9ad23b80f6958/lib/python3.8/site-packages (0.8.0)
WARNING: Running pip as the 'root' user can result in broken permissions and conflicting behaviour with the system package manager, possibly rendering your system unusable.It is recommended to use a virtual environment instead: https://pip.pypa.io/warnings/venv. Use the --root-user-action option if you know what you are doing and want to suppress this warning.
Collecting peewee==3.13.3
  Using cached peewee-3.13.3.tar.gz (2.3 MB)
  Preparing metadata (setup.py): started
  Preparing metadata (setup.py): finished with status 'error'
  error: subprocess-exited-with-error
  
  √ó python setup.py egg_info did not run successfully.
  ‚îÇ exit code: 1
  ‚ï∞‚îÄ> [10 lines of output]
      Traceback (most recent call last):
        File "<string>", line 2, in <module>
        File "<pip-setuptools-caller>", line 14, in <module>
        File "/opt/conda/envs/f25ec32b84fa2c9f65b9ad23b80f6958/lib/python3.8/site-packages/setuptools/__init__.py", line 27, in <module>
          from .dist import Distribution
        File "/opt/conda/envs/f25ec32b84fa2c9f65b9ad23b80f6958/lib/python3.8/site-packages/setuptools/dist.py", line 18, in <module>
          from . import (
        File "/opt/conda/envs/f25ec32b84fa2c9f65b9ad23b80f6958/lib/python3.8/site-packages/setuptools/_entry_points.py", line 45, in <module>
          def validate(eps: metadata.EntryPoints):
      AttributeError: module 'importlib_metadata' has no attribute 'EntryPoints'
      [end of output]
  
  note: This error originates from a subprocess, and is likely not a problem with pip.
error: metadata-generation-failed

√ó Encountered error while generating package metadata.
‚ï∞‚îÄ> See above for output.

note: This is an issue with the package mentioned above, not pip.
hint: See above for details.
Requirement already satisfied: pluggy==0.13.1 in /opt/conda/envs/f25ec32b84fa2c9f65b9ad23b80f6958/lib/python3.8/site-packages (0.13.1)
WARNING: Running pip as the 'root' user can result in broken permissions and conflicting behaviour with the system package manager, possibly rendering your system unusable.It is recommended to use a virtual environment instead: https://pip.pypa.io/warnings/venv. Use the --root-user-action option if you know what you are doing and want to suppress this warning.
Requirement already satisfied: promise==2.3 in /opt/conda/envs/f25ec32b84fa2c9f65b9ad23b80f6958/lib/python3.8/site-packages (2.3)
Requirement already satisfied: six in /opt/conda/envs/f25ec32b84fa2c9f65b9ad23b80f6958/lib/python3.8/site-packages (from promise==2.3) (1.15.0)
WARNING: Running pip as the 'root' user can result in broken permissions and conflicting behaviour with the system package manager, possibly rendering your system unusable.It is recommended to use a virtual environment instead: https://pip.pypa.io/warnings/venv. Use the --root-user-action option if you know what you are doing and want to suppress this warning.
Requirement already satisfied: py==1.8.1 in /opt/conda/envs/f25ec32b84fa2c9f65b9ad23b80f6958/lib/python3.8/site-packages (1.8.1)
WARNING: Running pip as the 'root' user can result in broken permissions and conflicting behaviour with the system package manager, possibly rendering your system unusable.It is recommended to use a virtual environment instead: https://pip.pypa.io/warnings/venv. Use the --root-user-action option if you know what you are doing and want to suppress this warning.
Requirement already satisfied: pycodestyle==2.6.0 in /opt/conda/envs/f25ec32b84fa2c9f65b9ad23b80f6958/lib/python3.8/site-packages (2.6.0)
WARNING: Running pip as the 'root' user can result in broken permissions and conflicting behaviour with the system package manager, possibly rendering your system unusable.It is recommended to use a virtual environment instead: https://pip.pypa.io/warnings/venv. Use the --root-user-action option if you know what you are doing and want to suppress this warning.
Requirement already satisfied: pycparser==2.20 in /opt/conda/envs/f25ec32b84fa2c9f65b9ad23b80f6958/lib/python3.8/site-packages (2.20)
WARNING: Running pip as the 'root' user can result in broken permissions and conflicting behaviour with the system package manager, possibly rendering your system unusable.It is recommended to use a virtual environment instead: https://pip.pypa.io/warnings/venv. Use the --root-user-action option if you know what you are doing and want to suppress this warning.
Collecting pydantic==0.18.2
  Using cached pydantic-0.18.2.tar.gz (39 kB)
  Preparing metadata (setup.py): started
  Preparing metadata (setup.py): finished with status 'error'
  error: subprocess-exited-with-error
  
  √ó python setup.py egg_info did not run successfully.
  ‚îÇ exit code: 1
  ‚ï∞‚îÄ> [10 lines of output]
      Traceback (most recent call last):
        File "<string>", line 2, in <module>
        File "<pip-setuptools-caller>", line 14, in <module>
        File "/opt/conda/envs/f25ec32b84fa2c9f65b9ad23b80f6958/lib/python3.8/site-packages/setuptools/__init__.py", line 27, in <module>
          from .dist import Distribution
        File "/opt/conda/envs/f25ec32b84fa2c9f65b9ad23b80f6958/lib/python3.8/site-packages/setuptools/dist.py", line 18, in <module>
          from . import (
        File "/opt/conda/envs/f25ec32b84fa2c9f65b9ad23b80f6958/lib/python3.8/site-packages/setuptools/_entry_points.py", line 45, in <module>
          def validate(eps: metadata.EntryPoints):
      AttributeError: module 'importlib_metadata' has no attribute 'EntryPoints'
      [end of output]
  
  note: This error originates from a subprocess, and is likely not a problem with pip.
error: metadata-generation-failed

√ó Encountered error while generating package metadata.
‚ï∞‚îÄ> See above for output.

note: This is an issue with the package mentioned above, not pip.
hint: See above for details.
Requirement already satisfied: pyflakes==2.2.0 in /opt/conda/envs/f25ec32b84fa2c9f65b9ad23b80f6958/lib/python3.8/site-packages (2.2.0)
WARNING: Running pip as the 'root' user can result in broken permissions and conflicting behaviour with the system package manager, possibly rendering your system unusable.It is recommended to use a virtual environment instead: https://pip.pypa.io/warnings/venv. Use the --root-user-action option if you know what you are doing and want to suppress this warning.
Requirement already satisfied: Pygments==2.6.1 in /opt/conda/envs/f25ec32b84fa2c9f65b9ad23b80f6958/lib/python3.8/site-packages (2.6.1)
WARNING: Running pip as the 'root' user can result in broken permissions and conflicting behaviour with the system package manager, possibly rendering your system unusable.It is recommended to use a virtual environment instead: https://pip.pypa.io/warnings/venv. Use the --root-user-action option if you know what you are doing and want to suppress this warning.
Requirement already satisfied: PyJWT==1.7.1 in /opt/conda/envs/f25ec32b84fa2c9f65b9ad23b80f6958/lib/python3.8/site-packages (1.7.1)
WARNING: Running pip as the 'root' user can result in broken permissions and conflicting behaviour with the system package manager, possibly rendering your system unusable.It is recommended to use a virtual environment instead: https://pip.pypa.io/warnings/venv. Use the --root-user-action option if you know what you are doing and want to suppress this warning.
Requirement already satisfied: pymdown-extensions==7.1 in /opt/conda/envs/f25ec32b84fa2c9f65b9ad23b80f6958/lib/python3.8/site-packages (7.1)
Requirement already satisfied: Markdown>=3.2 in /opt/conda/envs/f25ec32b84fa2c9f65b9ad23b80f6958/lib/python3.8/site-packages (from pymdown-extensions==7.1) (3.2.2)
WARNING: Running pip as the 'root' user can result in broken permissions and conflicting behaviour with the system package manager, possibly rendering your system unusable.It is recommended to use a virtual environment instead: https://pip.pypa.io/warnings/venv. Use the --root-user-action option if you know what you are doing and want to suppress this warning.
Requirement already satisfied: pyparsing==2.4.7 in /opt/conda/envs/f25ec32b84fa2c9f65b9ad23b80f6958/lib/python3.8/site-packages (2.4.7)
WARNING: Running pip as the 'root' user can result in broken permissions and conflicting behaviour with the system package manager, possibly rendering your system unusable.It is recommended to use a virtual environment instead: https://pip.pypa.io/warnings/venv. Use the --root-user-action option if you know what you are doing and want to suppress this warning.
Requirement already satisfied: pytest==5.4.3 in /opt/conda/envs/f25ec32b84fa2c9f65b9ad23b80f6958/lib/python3.8/site-packages (5.4.3)
Requirement already satisfied: py>=1.5.0 in /opt/conda/envs/f25ec32b84fa2c9f65b9ad23b80f6958/lib/python3.8/site-packages (from pytest==5.4.3) (1.8.1)
Requirement already satisfied: packaging in /opt/conda/envs/f25ec32b84fa2c9f65b9ad23b80f6958/lib/python3.8/site-packages (from pytest==5.4.3) (20.4)
Requirement already satisfied: attrs>=17.4.0 in /opt/conda/envs/f25ec32b84fa2c9f65b9ad23b80f6958/lib/python3.8/site-packages (from pytest==5.4.3) (19.3.0)
Requirement already satisfied: more-itertools>=4.0.0 in /opt/conda/envs/f25ec32b84fa2c9f65b9ad23b80f6958/lib/python3.8/site-packages (from pytest==5.4.3) (8.3.0)
Requirement already satisfied: pluggy<1.0,>=0.12 in /opt/conda/envs/f25ec32b84fa2c9f65b9ad23b80f6958/lib/python3.8/site-packages (from pytest==5.4.3) (0.13.1)
Requirement already satisfied: wcwidth in /opt/conda/envs/f25ec32b84fa2c9f65b9ad23b80f6958/lib/python3.8/site-packages (from pytest==5.4.3) (0.2.4)
Requirement already satisfied: pyparsing>=2.0.2 in /opt/conda/envs/f25ec32b84fa2c9f65b9ad23b80f6958/lib/python3.8/site-packages (from packaging->pytest==5.4.3) (2.4.7)
Requirement already satisfied: six in /opt/conda/envs/f25ec32b84fa2c9f65b9ad23b80f6958/lib/python3.8/site-packages (from packaging->pytest==5.4.3) (1.15.0)
WARNING: Running pip as the 'root' user can result in broken permissions and conflicting behaviour with the system package manager, possibly rendering your system unusable.It is recommended to use a virtual environment instead: https://pip.pypa.io/warnings/venv. Use the --root-user-action option if you know what you are doing and want to suppress this warning.
Requirement already satisfied: pytest-cov==2.9.0 in /opt/conda/envs/f25ec32b84fa2c9f65b9ad23b80f6958/lib/python3.8/site-packages (2.9.0)
Requirement already satisfied: pytest>=3.6 in /opt/conda/envs/f25ec32b84fa2c9f65b9ad23b80f6958/lib/python3.8/site-packages (from pytest-cov==2.9.0) (5.4.3)
Requirement already satisfied: coverage>=4.4 in /opt/conda/envs/f25ec32b84fa2c9f65b9ad23b80f6958/lib/python3.8/site-packages (from pytest-cov==2.9.0) (5.1)
Requirement already satisfied: py>=1.5.0 in /opt/conda/envs/f25ec32b84fa2c9f65b9ad23b80f6958/lib/python3.8/site-packages (from pytest>=3.6->pytest-cov==2.9.0) (1.8.1)
Requirement already satisfied: packaging in /opt/conda/envs/f25ec32b84fa2c9f65b9ad23b80f6958/lib/python3.8/site-packages (from pytest>=3.6->pytest-cov==2.9.0) (20.4)
Requirement already satisfied: attrs>=17.4.0 in /opt/conda/envs/f25ec32b84fa2c9f65b9ad23b80f6958/lib/python3.8/site-packages (from pytest>=3.6->pytest-cov==2.9.0) (19.3.0)
Requirement already satisfied: more-itertools>=4.0.0 in /opt/conda/envs/f25ec32b84fa2c9f65b9ad23b80f6958/lib/python3.8/site-packages (from pytest>=3.6->pytest-cov==2.9.0) (8.3.0)
Requirement already satisfied: pluggy<1.0,>=0.12 in /opt/conda/envs/f25ec32b84fa2c9f65b9ad23b80f6958/lib/python3.8/site-packages (from pytest>=3.6->pytest-cov==2.9.0) (0.13.1)
Requirement already satisfied: wcwidth in /opt/conda/envs/f25ec32b84fa2c9f65b9ad23b80f6958/lib/python3.8/site-packages (from pytest>=3.6->pytest-cov==2.9.0) (0.2.4)
Requirement already satisfied: pyparsing>=2.0.2 in /opt/conda/envs/f25ec32b84fa2c9f65b9ad23b80f6958/lib/python3.8/site-packages (from packaging->pytest>=3.6->pytest-cov==2.9.0) (2.4.7)
Requirement already satisfied: six in /opt/conda/envs/f25ec32b84fa2c9f65b9ad23b80f6958/lib/python3.8/site-packages (from packaging->pytest>=3.6->pytest-cov==2.9.0) (1.15.0)
WARNING: Running pip as the 'root' user can result in broken permissions and conflicting behaviour with the system package manager, possibly rendering your system unusable.It is recommended to use a virtual environment instead: https://pip.pypa.io/warnings/venv. Use the --root-user-action option if you know what you are doing and want to suppress this warning.
Collecting python-multipart==0.0.5
  Using cached python-multipart-0.0.5.tar.gz (32 kB)
  Preparing metadata (setup.py): started
  Preparing metadata (setup.py): finished with status 'error'
  error: subprocess-exited-with-error
  
  √ó python setup.py egg_info did not run successfully.
  ‚îÇ exit code: 1
  ‚ï∞‚îÄ> [10 lines of output]
      Traceback (most recent call last):
        File "<string>", line 2, in <module>
        File "<pip-setuptools-caller>", line 14, in <module>
        File "/opt/conda/envs/f25ec32b84fa2c9f65b9ad23b80f6958/lib/python3.8/site-packages/setuptools/__init__.py", line 27, in <module>
          from .dist import Distribution
        File "/opt/conda/envs/f25ec32b84fa2c9f65b9ad23b80f6958/lib/python3.8/site-packages/setuptools/dist.py", line 18, in <module>
          from . import (
        File "/opt/conda/envs/f25ec32b84fa2c9f65b9ad23b80f6958/lib/python3.8/site-packages/setuptools/_entry_points.py", line 45, in <module>
          def validate(eps: metadata.EntryPoints):
      AttributeError: module 'importlib_metadata' has no attribute 'EntryPoints'
      [end of output]
  
  note: This error originates from a subprocess, and is likely not a problem with pip.
error: metadata-generation-failed

√ó Encountered error while generating package metadata.
‚ï∞‚îÄ> See above for output.

note: This is an issue with the package mentioned above, not pip.
hint: See above for details.
Requirement already satisfied: pytoml==0.1.21 in /opt/conda/envs/f25ec32b84fa2c9f65b9ad23b80f6958/lib/python3.8/site-packages (0.1.21)
WARNING: Running pip as the 'root' user can result in broken permissions and conflicting behaviour with the system package manager, possibly rendering your system unusable.It is recommended to use a virtual environment instead: https://pip.pypa.io/warnings/venv. Use the --root-user-action option if you know what you are doing and want to suppress this warning.
Collecting PyYAML==5.3.1
  Using cached PyYAML-5.3.1.tar.gz (269 kB)
  Preparing metadata (setup.py): started
  Preparing metadata (setup.py): finished with status 'error'
  error: subprocess-exited-with-error
  
  √ó python setup.py egg_info did not run successfully.
  ‚îÇ exit code: 1
  ‚ï∞‚îÄ> [10 lines of output]
      Traceback (most recent call last):
        File "<string>", line 2, in <module>
        File "<pip-setuptools-caller>", line 14, in <module>
        File "/opt/conda/envs/f25ec32b84fa2c9f65b9ad23b80f6958/lib/python3.8/site-packages/setuptools/__init__.py", line 27, in <module>
          from .dist import Distribution
        File "/opt/conda/envs/f25ec32b84fa2c9f65b9ad23b80f6958/lib/python3.8/site-packages/setuptools/dist.py", line 18, in <module>
          from . import (
        File "/opt/conda/envs/f25ec32b84fa2c9f65b9ad23b80f6958/lib/python3.8/site-packages/setuptools/_entry_points.py", line 45, in <module>
          def validate(eps: metadata.EntryPoints):
      AttributeError: module 'importlib_metadata' has no attribute 'EntryPoints'
      [end of output]
  
  note: This error originates from a subprocess, and is likely not a problem with pip.
error: metadata-generation-failed

√ó Encountered error while generating package metadata.
‚ï∞‚îÄ> See above for output.

note: This is an issue with the package mentioned above, not pip.
hint: See above for details.
Requirement already satisfied: regex==2020.6.8 in /opt/conda/envs/f25ec32b84fa2c9f65b9ad23b80f6958/lib/python3.8/site-packages (2020.6.8)
WARNING: Running pip as the 'root' user can result in broken permissions and conflicting behaviour with the system package manager, possibly rendering your system unusable.It is recommended to use a virtual environment instead: https://pip.pypa.io/warnings/venv. Use the --root-user-action option if you know what you are doing and want to suppress this warning.
Requirement already satisfied: requests==2.23.0 in /opt/conda/envs/f25ec32b84fa2c9f65b9ad23b80f6958/lib/python3.8/site-packages (2.23.0)
Requirement already satisfied: chardet<4,>=3.0.2 in /opt/conda/envs/f25ec32b84fa2c9f65b9ad23b80f6958/lib/python3.8/site-packages (from requests==2.23.0) (3.0.4)
Requirement already satisfied: idna<3,>=2.5 in /opt/conda/envs/f25ec32b84fa2c9f65b9ad23b80f6958/lib/python3.8/site-packages (from requests==2.23.0) (2.9)
Requirement already satisfied: urllib3!=1.25.0,!=1.25.1,<1.26,>=1.21.1 in /opt/conda/envs/f25ec32b84fa2c9f65b9ad23b80f6958/lib/python3.8/site-packages (from requests==2.23.0) (1.25.9)
Requirement already satisfied: certifi>=2017.4.17 in /opt/conda/envs/f25ec32b84fa2c9f65b9ad23b80f6958/lib/python3.8/site-packages (from requests==2.23.0) (2020.4.5.2)
WARNING: Running pip as the 'root' user can result in broken permissions and conflicting behaviour with the system package manager, possibly rendering your system unusable.It is recommended to use a virtual environment instead: https://pip.pypa.io/warnings/venv. Use the --root-user-action option if you know what you are doing and want to suppress this warning.
Requirement already satisfied: Rx==1.6.1 in /opt/conda/envs/f25ec32b84fa2c9f65b9ad23b80f6958/lib/python3.8/site-packages (1.6.1)
WARNING: Running pip as the 'root' user can result in broken permissions and conflicting behaviour with the system package manager, possibly rendering your system unusable.It is recommended to use a virtual environment instead: https://pip.pypa.io/warnings/venv. Use the --root-user-action option if you know what you are doing and want to suppress this warning.
Requirement already satisfied: shellingham==1.3.2 in /opt/conda/envs/f25ec32b84fa2c9f65b9ad23b80f6958/lib/python3.8/site-packages (1.3.2)
WARNING: Running pip as the 'root' user can result in broken permissions and conflicting behaviour with the system package manager, possibly rendering your system unusable.It is recommended to use a virtual environment instead: https://pip.pypa.io/warnings/venv. Use the --root-user-action option if you know what you are doing and want to suppress this warning.
Requirement already satisfied: six==1.15.0 in /opt/conda/envs/f25ec32b84fa2c9f65b9ad23b80f6958/lib/python3.8/site-packages (1.15.0)
WARNING: Running pip as the 'root' user can result in broken permissions and conflicting behaviour with the system package manager, possibly rendering your system unusable.It is recommended to use a virtual environment instead: https://pip.pypa.io/warnings/venv. Use the --root-user-action option if you know what you are doing and want to suppress this warning.
Requirement already satisfied: SQLAlchemy==1.3.17 in /opt/conda/envs/f25ec32b84fa2c9f65b9ad23b80f6958/lib/python3.8/site-packages (1.3.17)
WARNING: Running pip as the 'root' user can result in broken permissions and conflicting behaviour with the system package manager, possibly rendering your system unusable.It is recommended to use a virtual environment instead: https://pip.pypa.io/warnings/venv. Use the --root-user-action option if you know what you are doing and want to suppress this warning.
Collecting starlette==0.10.1
  Using cached starlette-0.10.1.tar.gz (45 kB)
  Preparing metadata (setup.py): started
  Preparing metadata (setup.py): finished with status 'error'
  error: subprocess-exited-with-error
  
  √ó python setup.py egg_info did not run successfully.
  ‚îÇ exit code: 1
  ‚ï∞‚îÄ> [10 lines of output]
      Traceback (most recent call last):
        File "<string>", line 2, in <module>
        File "<pip-setuptools-caller>", line 14, in <module>
        File "/opt/conda/envs/f25ec32b84fa2c9f65b9ad23b80f6958/lib/python3.8/site-packages/setuptools/__init__.py", line 27, in <module>
          from .dist import Distribution
        File "/opt/conda/envs/f25ec32b84fa2c9f65b9ad23b80f6958/lib/python3.8/site-packages/setuptools/dist.py", line 18, in <module>
          from . import (
        File "/opt/conda/envs/f25ec32b84fa2c9f65b9ad23b80f6958/lib/python3.8/site-packages/setuptools/_entry_points.py", line 45, in <module>
          def validate(eps: metadata.EntryPoints):
      AttributeError: module 'importlib_metadata' has no attribute 'EntryPoints'
      [end of output]
  
  note: This error originates from a subprocess, and is likely not a problem with pip.
error: metadata-generation-failed

√ó Encountered error while generating package metadata.
‚ï∞‚îÄ> See above for output.

note: This is an issue with the package mentioned above, not pip.
hint: See above for details.
Requirement already satisfied: toml==0.10.1 in /opt/conda/envs/f25ec32b84fa2c9f65b9ad23b80f6958/lib/python3.8/site-packages (0.10.1)
WARNING: Running pip as the 'root' user can result in broken permissions and conflicting behaviour with the system package manager, possibly rendering your system unusable.It is recommended to use a virtual environment instead: https://pip.pypa.io/warnings/venv. Use the --root-user-action option if you know what you are doing and want to suppress this warning.
Collecting tornado==6.0.4
  Using cached tornado-6.0.4.tar.gz (496 kB)
  Preparing metadata (setup.py): started
  Preparing metadata (setup.py): finished with status 'error'
  error: subprocess-exited-with-error
  
  √ó python setup.py egg_info did not run successfully.
  ‚îÇ exit code: 1
  ‚ï∞‚îÄ> [10 lines of output]
      Traceback (most recent call last):
        File "<string>", line 2, in <module>
        File "<pip-setuptools-caller>", line 14, in <module>
        File "/opt/conda/envs/f25ec32b84fa2c9f65b9ad23b80f6958/lib/python3.8/site-packages/setuptools/__init__.py", line 27, in <module>
          from .dist import Distribution
        File "/opt/conda/envs/f25ec32b84fa2c9f65b9ad23b80f6958/lib/python3.8/site-packages/setuptools/dist.py", line 18, in <module>
          from . import (
        File "/opt/conda/envs/f25ec32b84fa2c9f65b9ad23b80f6958/lib/python3.8/site-packages/setuptools/_entry_points.py", line 45, in <module>
          def validate(eps: metadata.EntryPoints):
      AttributeError: module 'importlib_metadata' has no attribute 'EntryPoints'
      [end of output]
  
  note: This error originates from a subprocess, and is likely not a problem with pip.
error: metadata-generation-failed

√ó Encountered error while generating package metadata.
‚ï∞‚îÄ> See above for output.

note: This is an issue with the package mentioned above, not pip.
hint: See above for details.
Requirement already satisfied: tqdm==4.46.1 in /opt/conda/envs/f25ec32b84fa2c9f65b9ad23b80f6958/lib/python3.8/site-packages (4.46.1)
WARNING: Running pip as the 'root' user can result in broken permissions and conflicting behaviour with the system package manager, possibly rendering your system unusable.It is recommended to use a virtual environment instead: https://pip.pypa.io/warnings/venv. Use the --root-user-action option if you know what you are doing and want to suppress this warning.
Requirement already satisfied: typed-ast==1.4.1 in /opt/conda/envs/f25ec32b84fa2c9f65b9ad23b80f6958/lib/python3.8/site-packages (1.4.1)
WARNING: Running pip as the 'root' user can result in broken permissions and conflicting behaviour with the system package manager, possibly rendering your system unusable.It is recommended to use a virtual environment instead: https://pip.pypa.io/warnings/venv. Use the --root-user-action option if you know what you are doing and want to suppress this warning.
Requirement already satisfied: typer==0.2.1 in /opt/conda/envs/f25ec32b84fa2c9f65b9ad23b80f6958/lib/python3.8/site-packages (0.2.1)
Requirement already satisfied: click<7.2.0,>=7.1.1 in /opt/conda/envs/f25ec32b84fa2c9f65b9ad23b80f6958/lib/python3.8/site-packages (from typer==0.2.1) (7.1.2)
WARNING: Running pip as the 'root' user can result in broken permissions and conflicting behaviour with the system package manager, possibly rendering your system unusable.It is recommended to use a virtual environment instead: https://pip.pypa.io/warnings/venv. Use the --root-user-action option if you know what you are doing and want to suppress this warning.
Requirement already satisfied: typer-cli==0.0.9 in /opt/conda/envs/f25ec32b84fa2c9f65b9ad23b80f6958/lib/python3.8/site-packages (0.0.9)
Requirement already satisfied: colorama<0.5.0,>=0.4.3 in /opt/conda/envs/f25ec32b84fa2c9f65b9ad23b80f6958/lib/python3.8/site-packages (from typer-cli==0.0.9) (0.4.3)
Requirement already satisfied: importlib_metadata<2.0,>=1.5 in /opt/conda/envs/f25ec32b84fa2c9f65b9ad23b80f6958/lib/python3.8/site-packages (from typer-cli==0.0.9) (1.6.1)
Requirement already satisfied: shellingham<2.0.0,>=1.3.2 in /opt/conda/envs/f25ec32b84fa2c9f65b9ad23b80f6958/lib/python3.8/site-packages (from typer-cli==0.0.9) (1.3.2)
Requirement already satisfied: typer<0.3.0,>=0.2.1 in /opt/conda/envs/f25ec32b84fa2c9f65b9ad23b80f6958/lib/python3.8/site-packages (from typer-cli==0.0.9) (0.2.1)
Requirement already satisfied: zipp>=0.5 in /opt/conda/envs/f25ec32b84fa2c9f65b9ad23b80f6958/lib/python3.8/site-packages (from importlib_metadata<2.0,>=1.5->typer-cli==0.0.9) (3.1.0)
Requirement already satisfied: click<7.2.0,>=7.1.1 in /opt/conda/envs/f25ec32b84fa2c9f65b9ad23b80f6958/lib/python3.8/site-packages (from typer<0.3.0,>=0.2.1->typer-cli==0.0.9) (7.1.2)
WARNING: Running pip as the 'root' user can result in broken permissions and conflicting behaviour with the system package manager, possibly rendering your system unusable.It is recommended to use a virtual environment instead: https://pip.pypa.io/warnings/venv. Use the --root-user-action option if you know what you are doing and want to suppress this warning.
Collecting typing-extensions==3.7.4.2
  Using cached typing_extensions-3.7.4.2-py3-none-any.whl.metadata (2.0 kB)
Using cached typing_extensions-3.7.4.2-py3-none-any.whl (22 kB)
Installing collected packages: typing-extensions
  Attempting uninstall: typing-extensions
    Found existing installation: typing_extensions 4.12.2
    Uninstalling typing_extensions-4.12.2:
      Successfully uninstalled typing_extensions-4.12.2
ERROR: pip's dependency resolver does not currently take into account all the packages that are installed. This behaviour is the source of the following dependency conflicts.
pydantic 1.10.19 requires typing-extensions>=4.2.0, but you have typing-extensions 3.7.4.2 which is incompatible.
Successfully installed typing-extensions-3.7.4.2
WARNING: Running pip as the 'root' user can result in broken permissions and conflicting behaviour with the system package manager, possibly rendering your system unusable.It is recommended to use a virtual environment instead: https://pip.pypa.io/warnings/venv. Use the --root-user-action option if you know what you are doing and want to suppress this warning.
Requirement already satisfied: ujson==3.0.0 in /opt/conda/envs/f25ec32b84fa2c9f65b9ad23b80f6958/lib/python3.8/site-packages (3.0.0)
WARNING: Running pip as the 'root' user can result in broken permissions and conflicting behaviour with the system package manager, possibly rendering your system unusable.It is recommended to use a virtual environment instead: https://pip.pypa.io/warnings/venv. Use the --root-user-action option if you know what you are doing and want to suppress this warning.
Requirement already satisfied: urllib3==1.25.9 in /opt/conda/envs/f25ec32b84fa2c9f65b9ad23b80f6958/lib/python3.8/site-packages (1.25.9)
WARNING: Running pip as the 'root' user can result in broken permissions and conflicting behaviour with the system package manager, possibly rendering your system unusable.It is recommended to use a virtual environment instead: https://pip.pypa.io/warnings/venv. Use the --root-user-action option if you know what you are doing and want to suppress this warning.
Requirement already satisfied: uvicorn==0.11.5 in /opt/conda/envs/f25ec32b84fa2c9f65b9ad23b80f6958/lib/python3.8/site-packages (0.11.5)
Requirement already satisfied: click==7.* in /opt/conda/envs/f25ec32b84fa2c9f65b9ad23b80f6958/lib/python3.8/site-packages (from uvicorn==0.11.5) (7.1.2)
Requirement already satisfied: h11<0.10,>=0.8 in /opt/conda/envs/f25ec32b84fa2c9f65b9ad23b80f6958/lib/python3.8/site-packages (from uvicorn==0.11.5) (0.9.0)
Requirement already satisfied: websockets==8.* in /opt/conda/envs/f25ec32b84fa2c9f65b9ad23b80f6958/lib/python3.8/site-packages (from uvicorn==0.11.5) (8.1)
Requirement already satisfied: httptools==0.1.* in /opt/conda/envs/f25ec32b84fa2c9f65b9ad23b80f6958/lib/python3.8/site-packages (from uvicorn==0.11.5) (0.1.2)
Requirement already satisfied: uvloop>=0.14.0 in /opt/conda/envs/f25ec32b84fa2c9f65b9ad23b80f6958/lib/python3.8/site-packages (from uvicorn==0.11.5) (0.21.0)
WARNING: Running pip as the 'root' user can result in broken permissions and conflicting behaviour with the system package manager, possibly rendering your system unusable.It is recommended to use a virtual environment instead: https://pip.pypa.io/warnings/venv. Use the --root-user-action option if you know what you are doing and want to suppress this warning.
Requirement already satisfied: wcwidth==0.2.4 in /opt/conda/envs/f25ec32b84fa2c9f65b9ad23b80f6958/lib/python3.8/site-packages (0.2.4)
WARNING: Running pip as the 'root' user can result in broken permissions and conflicting behaviour with the system package manager, possibly rendering your system unusable.It is recommended to use a virtual environment instead: https://pip.pypa.io/warnings/venv. Use the --root-user-action option if you know what you are doing and want to suppress this warning.
Requirement already satisfied: websockets==8.1 in /opt/conda/envs/f25ec32b84fa2c9f65b9ad23b80f6958/lib/python3.8/site-packages (8.1)
WARNING: Running pip as the 'root' user can result in broken permissions and conflicting behaviour with the system package manager, possibly rendering your system unusable.It is recommended to use a virtual environment instead: https://pip.pypa.io/warnings/venv. Use the --root-user-action option if you know what you are doing and want to suppress this warning.
Requirement already satisfied: Werkzeug==1.0.1 in /opt/conda/envs/f25ec32b84fa2c9f65b9ad23b80f6958/lib/python3.8/site-packages (1.0.1)
WARNING: Running pip as the 'root' user can result in broken permissions and conflicting behaviour with the system package manager, possibly rendering your system unusable.It is recommended to use a virtual environment instead: https://pip.pypa.io/warnings/venv. Use the --root-user-action option if you know what you are doing and want to suppress this warning.
Requirement already satisfied: zipp==3.1.0 in /opt/conda/envs/f25ec32b84fa2c9f65b9ad23b80f6958/lib/python3.8/site-packages (3.1.0)
WARNING: Running pip as the 'root' user can result in broken permissions and conflicting behaviour with the system package manager, possibly rendering your system unusable.It is recommended to use a virtual environment instead: https://pip.pypa.io/warnings/venv. Use the --root-user-action option if you know what you are doing and want to suppress this warning.
   Running on module 0 (./security/http.py)...
   Running on module 1 (./security/utils.py)...
   Running on module 2 (./security/open_id_connect_url.py)...
   Running on module 3 (./security/oauth2.py)...
   Running on module 4 (./security/api_key.py)...
   Running on module 5 (./security/base.py)...
   Running on module 6 (./utils.py)...
   Running on module 7 (./params.py)...
   Running on module 8 (./openapi/utils.py)...
   Running on module 9 (./openapi/constants.py)...
   Running on module 10 (./openapi/models.py)...
   Running on module 11 (./openapi/docs.py)...
   Running on module 12 (./routing.py)...
   Running on module 13 (./dependencies/utils.py)...
   Running on module 14 (./dependencies/models.py)...
   Running on module 15 (./encoders.py)...
   Running on module 16 (./applications.py)...
