pynguin log ./update.py
[05:00:45] INFO     Start Pynguin Test Generationâ€¦              generator.py:116
           INFO     Collecting static constants from module     generator.py:216
                    under test                                                  
[05:00:46] INFO     Constants found: 4282                       generator.py:221
           INFO     Setting up runtime collection of constants  generator.py:228
           ERROR    While getting the types of exceptions in   syntaxtree.py:341
                    the handler, expected to find an ast.Name,                  
                    ast.Tuple, or ast.Attribute,but got                         
                    <ast.Call object at 0x7fa8b35f8220>                         
           ERROR    While getting the types of exceptions in   syntaxtree.py:341
                    the handler, expected to find an ast.Name,                  
                    ast.Tuple, or ast.Attribute,but got                         
                    <ast.Call object at 0x7fa8b3474e50>                         
[05:00:48] INFO     Analyzed project to create test cluster       module.py:1326
           INFO     Modules:      55                              module.py:1327
           INFO     Functions:   397                              module.py:1328
           INFO     Classes:     316                              module.py:1329
           INFO     Using seed 1733288445501014781              generator.py:202
           INFO     Using strategy:            generationalgorithmfactory.py:302
                    Algorithm.WHOLE_SUITE                                       
           INFO     Instantiated 90 fitness    generationalgorithmfactory.py:393
                    functions                                                   
           INFO     Using CoverageArchive      generationalgorithmfactory.py:346
           INFO     Using selection function:  generationalgorithmfactory.py:321
                    Selection.TOURNAMENT_SELEC                                  
                    TION                                                        
           INFO     Using crossover function:  generationalgorithmfactory.py:334
                    SinglePointRelativeCrossOv                                  
                    er                                                          
           INFO     Using ranking function:    generationalgorithmfactory.py:354
                    RankBasedPreferenceSorting                                  
           INFO     Start generating test cases                 generator.py:526
[05:00:50] INFO     Initial Population, Coverage: 0.077778  searchobserver.py:77
           INFO     Iteration:       1, Coverage: 0.077778  searchobserver.py:83
[05:00:51] INFO     Iteration:       2, Coverage: 0.088889  searchobserver.py:83
           INFO     Iteration:       3, Coverage: 0.088889  searchobserver.py:83
           INFO     Iteration:       4, Coverage: 0.088889  searchobserver.py:83
[05:00:52] INFO     Iteration:       5, Coverage: 0.088889  searchobserver.py:83
           INFO     Iteration:       6, Coverage: 0.088889  searchobserver.py:83
           INFO     Iteration:       7, Coverage: 0.111111  searchobserver.py:83
[05:00:53] INFO     Iteration:       8, Coverage: 0.111111  searchobserver.py:83
Exception ignored in: <function _TemporaryFileCloser.__del__ at 0x7fa8bb6e6320>
Traceback (most recent call last):
  File "/opt/conda/lib/python3.10/tempfile.py", line 466, in __del__
    self.close()
  File "/opt/conda/lib/python3.10/tempfile.py", line 459, in close
    self.file.close()
AttributeError: 'bytes' object has no attribute 'close'
           INFO     Iteration:       9, Coverage: 0.111111  searchobserver.py:83
[05:00:54] INFO     Iteration:      10, Coverage: 0.111111  searchobserver.py:83
           INFO     Iteration:      11, Coverage: 0.111111  searchobserver.py:83
           INFO     Iteration:      12, Coverage: 0.111111  searchobserver.py:83
[05:00:55] INFO     Iteration:      13, Coverage: 0.111111  searchobserver.py:83
           INFO     Iteration:      14, Coverage: 0.111111  searchobserver.py:83
           INFO     Iteration:      15, Coverage: 0.111111  searchobserver.py:83
[05:00:56] INFO     Iteration:      16, Coverage: 0.111111  searchobserver.py:83
           INFO     Iteration:      17, Coverage: 0.111111  searchobserver.py:83
           INFO     Iteration:      18, Coverage: 0.111111  searchobserver.py:83
[05:00:57] INFO     Iteration:      19, Coverage: 0.111111  searchobserver.py:83
           INFO     Iteration:      20, Coverage: 0.111111  searchobserver.py:83
           INFO     Iteration:      21, Coverage: 0.111111  searchobserver.py:83
Exception ignored in: <function _TemporaryFileCloser.__del__ at 0x7fa8bb6e6320>
Traceback (most recent call last):
  File "/opt/conda/lib/python3.10/tempfile.py", line 466, in __del__
    self.close()
  File "/opt/conda/lib/python3.10/tempfile.py", line 462, in close
    unlink(self.name)
TypeError: unlink: path should be string, bytes or os.PathLike, not dict
           INFO     Iteration:      22, Coverage: 0.111111  searchobserver.py:83
[05:00:58] INFO     Iteration:      23, Coverage: 0.111111  searchobserver.py:83
           INFO     Iteration:      24, Coverage: 0.111111  searchobserver.py:83
           INFO     Iteration:      25, Coverage: 0.111111  searchobserver.py:83
[05:00:59] INFO     Iteration:      26, Coverage: 0.111111  searchobserver.py:83
           INFO     Iteration:      27, Coverage: 0.111111  searchobserver.py:83
           INFO     Iteration:      28, Coverage: 0.111111  searchobserver.py:83
[05:01:00] INFO     Iteration:      29, Coverage: 0.111111  searchobserver.py:83
           INFO     Iteration:      30, Coverage: 0.111111  searchobserver.py:83
           INFO     Iteration:      31, Coverage: 0.111111  searchobserver.py:83
           INFO     Iteration:      32, Coverage: 0.111111  searchobserver.py:83
[05:01:01] INFO     Iteration:      33, Coverage: 0.111111  searchobserver.py:83
           INFO     Iteration:      34, Coverage: 0.111111  searchobserver.py:83
           INFO     Iteration:      35, Coverage: 0.111111  searchobserver.py:83
[05:01:02] INFO     Iteration:      36, Coverage: 0.111111  searchobserver.py:83
           INFO     Iteration:      37, Coverage: 0.111111  searchobserver.py:83
           INFO     Iteration:      38, Coverage: 0.111111  searchobserver.py:83
[05:01:03] INFO     Iteration:      39, Coverage: 0.111111  searchobserver.py:83
           INFO     Iteration:      40, Coverage: 0.111111  searchobserver.py:83
           INFO     Iteration:      41, Coverage: 0.111111  searchobserver.py:83
[05:01:04] INFO     Iteration:      42, Coverage: 0.111111  searchobserver.py:83
           INFO     Iteration:      43, Coverage: 0.111111  searchobserver.py:83
           INFO     Iteration:      44, Coverage: 0.111111  searchobserver.py:83
           INFO     Iteration:      45, Coverage: 0.111111  searchobserver.py:83
[05:01:05] INFO     Iteration:      46, Coverage: 0.111111  searchobserver.py:83
           INFO     Iteration:      47, Coverage: 0.111111  searchobserver.py:83
           INFO     Iteration:      48, Coverage: 0.111111  searchobserver.py:83
[05:01:06] INFO     Iteration:      49, Coverage: 0.111111  searchobserver.py:83
           INFO     Iteration:      50, Coverage: 0.111111  searchobserver.py:83
           INFO     Iteration:      51, Coverage: 0.111111  searchobserver.py:83
[05:01:07] INFO     Iteration:      52, Coverage: 0.111111  searchobserver.py:83
           INFO     Iteration:      53, Coverage: 0.111111  searchobserver.py:83
           INFO     Iteration:      54, Coverage: 0.111111  searchobserver.py:83
[05:01:08] INFO     Iteration:      55, Coverage: 0.111111  searchobserver.py:83
           INFO     Iteration:      56, Coverage: 0.111111  searchobserver.py:83
           INFO     Iteration:      57, Coverage: 0.111111  searchobserver.py:83
           INFO     Iteration:      58, Coverage: 0.111111  searchobserver.py:83
           INFO     Iteration:      59, Coverage: 0.122222  searchobserver.py:83
[05:01:09] INFO     Iteration:      60, Coverage: 0.122222  searchobserver.py:83
           INFO     Iteration:      61, Coverage: 0.122222  searchobserver.py:83
           INFO     Iteration:      62, Coverage: 0.122222  searchobserver.py:83
[05:01:10] INFO     Iteration:      63, Coverage: 0.122222  searchobserver.py:83
           INFO     Iteration:      64, Coverage: 0.122222  searchobserver.py:83
           INFO     Iteration:      65, Coverage: 0.122222  searchobserver.py:83
           INFO     Iteration:      66, Coverage: 0.122222  searchobserver.py:83
[05:01:11] INFO     Iteration:      67, Coverage: 0.122222  searchobserver.py:83
           INFO     Iteration:      68, Coverage: 0.122222  searchobserver.py:83
           INFO     Iteration:      69, Coverage: 0.122222  searchobserver.py:83
           INFO     Iteration:      70, Coverage: 0.122222  searchobserver.py:83
[05:01:12] INFO     Iteration:      71, Coverage: 0.122222  searchobserver.py:83
           INFO     Iteration:      72, Coverage: 0.122222  searchobserver.py:83
           INFO     Iteration:      73, Coverage: 0.122222  searchobserver.py:83
[05:01:13] INFO     Iteration:      74, Coverage: 0.122222  searchobserver.py:83
           INFO     Iteration:      75, Coverage: 0.122222  searchobserver.py:83
           INFO     Iteration:      76, Coverage: 0.122222  searchobserver.py:83
           INFO     Iteration:      77, Coverage: 0.122222  searchobserver.py:83
[05:01:14] INFO     Iteration:      78, Coverage: 0.122222  searchobserver.py:83
           INFO     Iteration:      79, Coverage: 0.122222  searchobserver.py:83
           INFO     Iteration:      80, Coverage: 0.122222  searchobserver.py:83
Exception ignored in: <function _TemporaryFileCloser.__del__ at 0x7fa8bb6e6320>
Traceback (most recent call last):
  File "/opt/conda/lib/python3.10/tempfile.py", line 466, in __del__
    self.close()
  File "/opt/conda/lib/python3.10/tempfile.py", line 462, in close
    unlink(self.name)
FileNotFoundError: [Errno 2] No such file or directory: b"\x03'/\xb7\x1c\x8d=;X"
[05:01:15] INFO     Iteration:      81, Coverage: 0.122222  searchobserver.py:83
           INFO     Iteration:      82, Coverage: 0.122222  searchobserver.py:83
           INFO     Iteration:      83, Coverage: 0.122222  searchobserver.py:83
           INFO     Iteration:      84, Coverage: 0.122222  searchobserver.py:83
[05:01:16] INFO     Iteration:      85, Coverage: 0.122222  searchobserver.py:83
           INFO     Iteration:      86, Coverage: 0.122222  searchobserver.py:83
Exception ignored in: <function _TemporaryFileCloser.__del__ at 0x7fa8bb6e6320>
Traceback (most recent call last):
  File "/opt/conda/lib/python3.10/tempfile.py", line 466, in __del__
    self.close()
  File "/opt/conda/lib/python3.10/tempfile.py", line 459, in close
    self.file.close()
AttributeError: 'float' object has no attribute 'close'
           INFO     Iteration:      87, Coverage: 0.122222  searchobserver.py:83
           INFO     Iteration:      88, Coverage: 0.122222  searchobserver.py:83
[05:01:17] INFO     Iteration:      89, Coverage: 0.122222  searchobserver.py:83
           INFO     Iteration:      90, Coverage: 0.122222  searchobserver.py:83
           INFO     Iteration:      91, Coverage: 0.122222  searchobserver.py:83
           INFO     Iteration:      92, Coverage: 0.122222  searchobserver.py:83
[05:01:18] INFO     Iteration:      93, Coverage: 0.122222  searchobserver.py:83
           INFO     Iteration:      94, Coverage: 0.122222  searchobserver.py:83
           INFO     Iteration:      95, Coverage: 0.122222  searchobserver.py:83
[05:01:19] INFO     Iteration:      96, Coverage: 0.122222  searchobserver.py:83
           INFO     Iteration:      97, Coverage: 0.144444  searchobserver.py:83
           INFO     Iteration:      98, Coverage: 0.144444  searchobserver.py:83
           INFO     Iteration:      99, Coverage: 0.144444  searchobserver.py:83
[05:01:20] INFO     Iteration:     100, Coverage: 0.144444  searchobserver.py:83
           INFO     Iteration:     101, Coverage: 0.144444  searchobserver.py:83
           INFO     Iteration:     102, Coverage: 0.144444  searchobserver.py:83
[05:01:21] INFO     Iteration:     103, Coverage: 0.144444  searchobserver.py:83
           INFO     Iteration:     104, Coverage: 0.144444  searchobserver.py:83
           INFO     Iteration:     105, Coverage: 0.144444  searchobserver.py:83
[05:01:22] INFO     Iteration:     106, Coverage: 0.144444  searchobserver.py:83
           INFO     Iteration:     107, Coverage: 0.144444  searchobserver.py:83
           INFO     Iteration:     108, Coverage: 0.144444  searchobserver.py:83
[05:01:23] INFO     Iteration:     109, Coverage: 0.144444  searchobserver.py:83
           INFO     Iteration:     110, Coverage: 0.144444  searchobserver.py:83
           INFO     Iteration:     111, Coverage: 0.144444  searchobserver.py:83
Exception ignored in: <function _TemporaryFileCloser.__del__ at 0x7fa8bb6e6320>
Traceback (most recent call last):
  File "/opt/conda/lib/python3.10/tempfile.py", line 466, in __del__
    self.close()
  File "/opt/conda/lib/python3.10/tempfile.py", line 459, in close
    self.file.close()
AttributeError: 'bytes' object has no attribute 'close'
[05:01:24] INFO     Iteration:     112, Coverage: 0.144444  searchobserver.py:83
           INFO     Iteration:     113, Coverage: 0.144444  searchobserver.py:83
           INFO     Iteration:     114, Coverage: 0.144444  searchobserver.py:83
           INFO     Iteration:     115, Coverage: 0.144444  searchobserver.py:83
[05:01:25] INFO     Iteration:     116, Coverage: 0.144444  searchobserver.py:83
           INFO     Iteration:     117, Coverage: 0.144444  searchobserver.py:83
           INFO     Iteration:     118, Coverage: 0.144444  searchobserver.py:83
[05:01:26] INFO     Iteration:     119, Coverage: 0.144444  searchobserver.py:83
           INFO     Iteration:     120, Coverage: 0.144444  searchobserver.py:83
           INFO     Iteration:     121, Coverage: 0.144444  searchobserver.py:83
[05:01:27] INFO     Iteration:     122, Coverage: 0.144444  searchobserver.py:83
           INFO     Iteration:     123, Coverage: 0.144444  searchobserver.py:83
           INFO     Iteration:     124, Coverage: 0.144444  searchobserver.py:83
           INFO     Iteration:     125, Coverage: 0.144444  searchobserver.py:83
Exception ignored in: <function _TemporaryFileCloser.__del__ at 0x7fa8bb6e6320>
Traceback (most recent call last):
  File "/opt/conda/lib/python3.10/tempfile.py", line 466, in __del__
    self.close()
  File "/opt/conda/lib/python3.10/tempfile.py", line 459, in close
    self.file.close()
AttributeError: 'bytes' object has no attribute 'close'
[05:01:28] INFO     Iteration:     126, Coverage: 0.144444  searchobserver.py:83
           INFO     Iteration:     127, Coverage: 0.144444  searchobserver.py:83
           INFO     Iteration:     128, Coverage: 0.144444  searchobserver.py:83
[05:01:29] INFO     Iteration:     129, Coverage: 0.144444  searchobserver.py:83
           INFO     Iteration:     130, Coverage: 0.144444  searchobserver.py:83
           INFO     Iteration:     131, Coverage: 0.144444  searchobserver.py:83
           INFO     Iteration:     132, Coverage: 0.144444  searchobserver.py:83
[05:01:30] INFO     Iteration:     133, Coverage: 0.144444  searchobserver.py:83
           INFO     Iteration:     134, Coverage: 0.144444  searchobserver.py:83
           INFO     Iteration:     135, Coverage: 0.144444  searchobserver.py:83
           INFO     Iteration:     136, Coverage: 0.144444  searchobserver.py:83
[05:01:31] INFO     Iteration:     137, Coverage: 0.144444  searchobserver.py:83
           INFO     Iteration:     138, Coverage: 0.144444  searchobserver.py:83
           INFO     Iteration:     139, Coverage: 0.144444  searchobserver.py:83
[05:01:32] INFO     Iteration:     140, Coverage: 0.144444  searchobserver.py:83
           INFO     Iteration:     141, Coverage: 0.144444  searchobserver.py:83
           INFO     Iteration:     142, Coverage: 0.144444  searchobserver.py:83
           INFO     Iteration:     143, Coverage: 0.144444  searchobserver.py:83
[05:01:33] INFO     Iteration:     144, Coverage: 0.144444  searchobserver.py:83
           INFO     Iteration:     145, Coverage: 0.144444  searchobserver.py:83
           INFO     Iteration:     146, Coverage: 0.144444  searchobserver.py:83
[05:01:34] INFO     Iteration:     147, Coverage: 0.144444  searchobserver.py:83
           INFO     Iteration:     148, Coverage: 0.144444  searchobserver.py:83
           INFO     Iteration:     149, Coverage: 0.144444  searchobserver.py:83
[05:01:35] INFO     Iteration:     150, Coverage: 0.144444  searchobserver.py:83
           INFO     Iteration:     151, Coverage: 0.144444  searchobserver.py:83
           INFO     Iteration:     152, Coverage: 0.144444  searchobserver.py:83
[05:01:36] INFO     Iteration:     153, Coverage: 0.144444  searchobserver.py:83
           INFO     Iteration:     154, Coverage: 0.144444  searchobserver.py:83
           INFO     Iteration:     155, Coverage: 0.144444  searchobserver.py:83
[05:01:37] INFO     Iteration:     156, Coverage: 0.144444  searchobserver.py:83
           INFO     Iteration:     157, Coverage: 0.144444  searchobserver.py:83
           INFO     Iteration:     158, Coverage: 0.144444  searchobserver.py:83
           INFO     Iteration:     159, Coverage: 0.144444  searchobserver.py:83
[05:01:38] INFO     Iteration:     160, Coverage: 0.144444  searchobserver.py:83
           INFO     Iteration:     161, Coverage: 0.144444  searchobserver.py:83
           INFO     Iteration:     162, Coverage: 0.144444  searchobserver.py:83
[05:01:39] INFO     Iteration:     163, Coverage: 0.144444  searchobserver.py:83
           INFO     Iteration:     164, Coverage: 0.144444  searchobserver.py:83
           INFO     Iteration:     165, Coverage: 0.144444  searchobserver.py:83
           INFO     Iteration:     166, Coverage: 0.144444  searchobserver.py:83
[05:01:40] INFO     Iteration:     167, Coverage: 0.144444  searchobserver.py:83
           INFO     Iteration:     168, Coverage: 0.144444  searchobserver.py:83
           INFO     Iteration:     169, Coverage: 0.144444  searchobserver.py:83
[05:01:41] INFO     Iteration:     170, Coverage: 0.144444  searchobserver.py:83
           INFO     Iteration:     171, Coverage: 0.144444  searchobserver.py:83
           INFO     Iteration:     172, Coverage: 0.144444  searchobserver.py:83
[05:01:42] INFO     Iteration:     173, Coverage: 0.144444  searchobserver.py:83
           INFO     Iteration:     174, Coverage: 0.144444  searchobserver.py:83
           INFO     Iteration:     175, Coverage: 0.144444  searchobserver.py:83
[05:01:43] INFO     Iteration:     176, Coverage: 0.144444  searchobserver.py:83
           INFO     Iteration:     177, Coverage: 0.144444  searchobserver.py:83
           INFO     Iteration:     178, Coverage: 0.144444  searchobserver.py:83
           INFO     Iteration:     179, Coverage: 0.144444  searchobserver.py:83
[05:01:44] INFO     Iteration:     180, Coverage: 0.144444  searchobserver.py:83
           INFO     Iteration:     181, Coverage: 0.144444  searchobserver.py:83
           INFO     Iteration:     182, Coverage: 0.144444  searchobserver.py:83
[05:01:45] INFO     Iteration:     183, Coverage: 0.144444  searchobserver.py:83
           INFO     Iteration:     184, Coverage: 0.144444  searchobserver.py:83
           INFO     Iteration:     185, Coverage: 0.144444  searchobserver.py:83
           INFO     Iteration:     186, Coverage: 0.144444  searchobserver.py:83
[05:01:46] INFO     Iteration:     187, Coverage: 0.144444  searchobserver.py:83
           INFO     Iteration:     188, Coverage: 0.144444  searchobserver.py:83
           INFO     Iteration:     189, Coverage: 0.144444  searchobserver.py:83
           INFO     Iteration:     190, Coverage: 0.144444  searchobserver.py:83
[05:01:47] INFO     Iteration:     191, Coverage: 0.144444  searchobserver.py:83
           INFO     Iteration:     192, Coverage: 0.144444  searchobserver.py:83
[05:01:48] INFO     Iteration:     193, Coverage: 0.144444  searchobserver.py:83
           INFO     Iteration:     194, Coverage: 0.144444  searchobserver.py:83
           INFO     Iteration:     195, Coverage: 0.144444  searchobserver.py:83
[05:01:49] INFO     Iteration:     196, Coverage: 0.144444  searchobserver.py:83
           INFO     Iteration:     197, Coverage: 0.144444  searchobserver.py:83
           INFO     Iteration:     198, Coverage: 0.144444  searchobserver.py:83
[05:01:50] INFO     Iteration:     199, Coverage: 0.144444  searchobserver.py:83
           INFO     Iteration:     200, Coverage: 0.144444  searchobserver.py:83
           INFO     Iteration:     201, Coverage: 0.144444  searchobserver.py:83
[05:01:51] INFO     Iteration:     202, Coverage: 0.144444  searchobserver.py:83
           INFO     Iteration:     203, Coverage: 0.144444  searchobserver.py:83
           INFO     Iteration:     204, Coverage: 0.144444  searchobserver.py:83
[05:01:52] INFO     Iteration:     205, Coverage: 0.144444  searchobserver.py:83
           INFO     Iteration:     206, Coverage: 0.144444  searchobserver.py:83
           INFO     Iteration:     207, Coverage: 0.144444  searchobserver.py:83
[05:01:53] INFO     Iteration:     208, Coverage: 0.144444  searchobserver.py:83
           INFO     Iteration:     209, Coverage: 0.144444  searchobserver.py:83
           INFO     Iteration:     210, Coverage: 0.144444  searchobserver.py:83
[05:01:54] INFO     Iteration:     211, Coverage: 0.144444  searchobserver.py:83
           INFO     Iteration:     212, Coverage: 0.144444  searchobserver.py:83
           INFO     Iteration:     213, Coverage: 0.144444  searchobserver.py:83
[05:01:55] INFO     Iteration:     214, Coverage: 0.144444  searchobserver.py:83
           INFO     Iteration:     215, Coverage: 0.144444  searchobserver.py:83
           INFO     Iteration:     216, Coverage: 0.144444  searchobserver.py:83
           INFO     Iteration:     217, Coverage: 0.144444  searchobserver.py:83
[05:01:56] INFO     Iteration:     218, Coverage: 0.144444  searchobserver.py:83
           INFO     Iteration:     219, Coverage: 0.144444  searchobserver.py:83
           INFO     Iteration:     220, Coverage: 0.144444  searchobserver.py:83
[05:01:57] INFO     Iteration:     221, Coverage: 0.144444  searchobserver.py:83
           INFO     Iteration:     222, Coverage: 0.144444  searchobserver.py:83
           INFO     Iteration:     223, Coverage: 0.144444  searchobserver.py:83
           INFO     Iteration:     224, Coverage: 0.144444  searchobserver.py:83
[05:01:58] INFO     Iteration:     225, Coverage: 0.144444  searchobserver.py:83
           INFO     Iteration:     226, Coverage: 0.144444  searchobserver.py:83
           INFO     Iteration:     227, Coverage: 0.144444  searchobserver.py:83
[05:01:59] INFO     Iteration:     228, Coverage: 0.144444  searchobserver.py:83
           INFO     Iteration:     229, Coverage: 0.144444  searchobserver.py:83
           INFO     Iteration:     230, Coverage: 0.144444  searchobserver.py:83
[05:02:00] INFO     Iteration:     231, Coverage: 0.144444  searchobserver.py:83
           INFO     Iteration:     232, Coverage: 0.144444  searchobserver.py:83
Exception ignored in: <function _TemporaryFileCloser.__del__ at 0x7fa8bb6e6320>
Traceback (most recent call last):
  File "/opt/conda/lib/python3.10/tempfile.py", line 466, in __del__
    self.close()
  File "/opt/conda/lib/python3.10/tempfile.py", line 459, in close
    self.file.close()
AttributeError: 'bytes' object has no attribute 'close'
           INFO     Iteration:     233, Coverage: 0.144444  searchobserver.py:83
[05:02:01] INFO     Iteration:     234, Coverage: 0.144444  searchobserver.py:83
           INFO     Iteration:     235, Coverage: 0.144444  searchobserver.py:83
           INFO     Iteration:     236, Coverage: 0.144444  searchobserver.py:83
[05:02:02] INFO     Iteration:     237, Coverage: 0.144444  searchobserver.py:83
           INFO     Iteration:     238, Coverage: 0.144444  searchobserver.py:83
           INFO     Iteration:     239, Coverage: 0.144444  searchobserver.py:83
[05:02:03] INFO     Iteration:     240, Coverage: 0.144444  searchobserver.py:83
           INFO     Iteration:     241, Coverage: 0.144444  searchobserver.py:83
           INFO     Iteration:     242, Coverage: 0.144444  searchobserver.py:83
[05:02:04] INFO     Iteration:     243, Coverage: 0.144444  searchobserver.py:83
           INFO     Iteration:     244, Coverage: 0.144444  searchobserver.py:83
           INFO     Iteration:     245, Coverage: 0.144444  searchobserver.py:83
           INFO     Iteration:     246, Coverage: 0.144444  searchobserver.py:83
[05:02:05] INFO     Iteration:     247, Coverage: 0.144444  searchobserver.py:83
           INFO     Iteration:     248, Coverage: 0.144444  searchobserver.py:83
           INFO     Iteration:     249, Coverage: 0.144444  searchobserver.py:83
[05:02:06] INFO     Iteration:     250, Coverage: 0.144444  searchobserver.py:83
           INFO     Iteration:     251, Coverage: 0.144444  searchobserver.py:83
           INFO     Iteration:     252, Coverage: 0.144444  searchobserver.py:83
[05:02:07] INFO     Iteration:     253, Coverage: 0.144444  searchobserver.py:83
           INFO     Iteration:     254, Coverage: 0.144444  searchobserver.py:83
           INFO     Iteration:     255, Coverage: 0.144444  searchobserver.py:83
[05:02:08] INFO     Iteration:     256, Coverage: 0.144444  searchobserver.py:83
           INFO     Iteration:     257, Coverage: 0.144444  searchobserver.py:83
           INFO     Iteration:     258, Coverage: 0.144444  searchobserver.py:83
           INFO     Iteration:     259, Coverage: 0.144444  searchobserver.py:83
[05:02:09] INFO     Iteration:     260, Coverage: 0.144444  searchobserver.py:83
           INFO     Iteration:     261, Coverage: 0.144444  searchobserver.py:83
           INFO     Iteration:     262, Coverage: 0.144444  searchobserver.py:83
           INFO     Iteration:     263, Coverage: 0.144444  searchobserver.py:83
[05:02:10] INFO     Iteration:     264, Coverage: 0.144444  searchobserver.py:83
           INFO     Iteration:     265, Coverage: 0.144444  searchobserver.py:83
           INFO     Iteration:     266, Coverage: 0.144444  searchobserver.py:83
           INFO     Iteration:     267, Coverage: 0.144444  searchobserver.py:83
[05:02:11] INFO     Iteration:     268, Coverage: 0.144444  searchobserver.py:83
           INFO     Iteration:     269, Coverage: 0.144444  searchobserver.py:83
           INFO     Iteration:     270, Coverage: 0.144444  searchobserver.py:83
[05:02:12] INFO     Iteration:     271, Coverage: 0.144444  searchobserver.py:83
           INFO     Iteration:     272, Coverage: 0.144444  searchobserver.py:83
           INFO     Iteration:     273, Coverage: 0.144444  searchobserver.py:83
           INFO     Iteration:     274, Coverage: 0.144444  searchobserver.py:83
[05:02:13] INFO     Iteration:     275, Coverage: 0.144444  searchobserver.py:83
           INFO     Iteration:     276, Coverage: 0.144444  searchobserver.py:83
           INFO     Iteration:     277, Coverage: 0.144444  searchobserver.py:83
[05:02:14] INFO     Iteration:     278, Coverage: 0.144444  searchobserver.py:83
           INFO     Iteration:     279, Coverage: 0.144444  searchobserver.py:83
           INFO     Iteration:     280, Coverage: 0.144444  searchobserver.py:83
           INFO     Iteration:     281, Coverage: 0.144444  searchobserver.py:83
[05:02:15] INFO     Iteration:     282, Coverage: 0.144444  searchobserver.py:83
           INFO     Iteration:     283, Coverage: 0.144444  searchobserver.py:83
           INFO     Iteration:     284, Coverage: 0.144444  searchobserver.py:83
[05:02:16] INFO     Iteration:     285, Coverage: 0.144444  searchobserver.py:83
           INFO     Iteration:     286, Coverage: 0.144444  searchobserver.py:83
           INFO     Iteration:     287, Coverage: 0.144444  searchobserver.py:83
           INFO     Iteration:     288, Coverage: 0.144444  searchobserver.py:83
[05:02:17] INFO     Iteration:     289, Coverage: 0.144444  searchobserver.py:83
           INFO     Iteration:     290, Coverage: 0.144444  searchobserver.py:83
           INFO     Iteration:     291, Coverage: 0.144444  searchobserver.py:83
[05:02:18] INFO     Iteration:     292, Coverage: 0.144444  searchobserver.py:83
           INFO     Iteration:     293, Coverage: 0.144444  searchobserver.py:83
           INFO     Iteration:     294, Coverage: 0.144444  searchobserver.py:83
[05:02:19] INFO     Iteration:     295, Coverage: 0.144444  searchobserver.py:83
           INFO     Iteration:     296, Coverage: 0.144444  searchobserver.py:83
           INFO     Iteration:     297, Coverage: 0.144444  searchobserver.py:83
[05:02:20] INFO     Iteration:     298, Coverage: 0.144444  searchobserver.py:83
Exception ignored in: <function _TemporaryFileCloser.__del__ at 0x7fa8bb6e6320>
Traceback (most recent call last):
  File "/opt/conda/lib/python3.10/tempfile.py", line 466, in __del__
    self.close()
  File "/opt/conda/lib/python3.10/tempfile.py", line 459, in close
    self.file.close()
AttributeError: 'bytes' object has no attribute 'close'
           INFO     Iteration:     299, Coverage: 0.144444  searchobserver.py:83
           INFO     Iteration:     300, Coverage: 0.144444  searchobserver.py:83
           INFO     Iteration:     301, Coverage: 0.144444  searchobserver.py:83
[05:02:21] INFO     Iteration:     302, Coverage: 0.144444  searchobserver.py:83
           INFO     Iteration:     303, Coverage: 0.144444  searchobserver.py:83
           INFO     Iteration:     304, Coverage: 0.144444  searchobserver.py:83
[05:02:22] INFO     Iteration:     305, Coverage: 0.144444  searchobserver.py:83
           INFO     Iteration:     306, Coverage: 0.144444  searchobserver.py:83
           INFO     Iteration:     307, Coverage: 0.144444  searchobserver.py:83
[05:02:23] INFO     Iteration:     308, Coverage: 0.144444  searchobserver.py:83
           INFO     Iteration:     309, Coverage: 0.144444  searchobserver.py:83
           INFO     Iteration:     310, Coverage: 0.144444  searchobserver.py:83
           INFO     Iteration:     311, Coverage: 0.144444  searchobserver.py:83
[05:02:24] INFO     Iteration:     312, Coverage: 0.144444  searchobserver.py:83
           INFO     Iteration:     313, Coverage: 0.144444  searchobserver.py:83
Exception ignored in: <function _TemporaryFileCloser.__del__ at 0x7fa8bb6e6320>
Traceback (most recent call last):
  File "/opt/conda/lib/python3.10/tempfile.py", line 466, in __del__
    self.close()
  File "/opt/conda/lib/python3.10/tempfile.py", line 462, in close
    unlink(self.name)
TypeError: unlink: path should be string, bytes or os.PathLike, not float
           INFO     Iteration:     314, Coverage: 0.144444  searchobserver.py:83
[05:02:25] INFO     Iteration:     315, Coverage: 0.144444  searchobserver.py:83
           INFO     Iteration:     316, Coverage: 0.144444  searchobserver.py:83
           INFO     Iteration:     317, Coverage: 0.144444  searchobserver.py:83
           INFO     Iteration:     318, Coverage: 0.144444  searchobserver.py:83
[05:02:26] INFO     Iteration:     319, Coverage: 0.144444  searchobserver.py:83
           INFO     Iteration:     320, Coverage: 0.144444  searchobserver.py:83
Exception ignored in: <function _TemporaryFileCloser.__del__ at 0x7fa8bb6e6320>
Traceback (most recent call last):
  File "/opt/conda/lib/python3.10/tempfile.py", line 466, in __del__
    self.close()
  File "/opt/conda/lib/python3.10/tempfile.py", line 459, in close
    self.file.close()
AttributeError: 'bytes' object has no attribute 'close'
           INFO     Iteration:     321, Coverage: 0.144444  searchobserver.py:83
[05:02:27] INFO     Iteration:     322, Coverage: 0.144444  searchobserver.py:83
           INFO     Iteration:     323, Coverage: 0.144444  searchobserver.py:83
           INFO     Iteration:     324, Coverage: 0.144444  searchobserver.py:83
           INFO     Iteration:     325, Coverage: 0.144444  searchobserver.py:83
[05:02:28] INFO     Iteration:     326, Coverage: 0.144444  searchobserver.py:83
Exception ignored in: <function _TemporaryFileCloser.__del__ at 0x7fa8bb6e6320>
Traceback (most recent call last):
  File "/opt/conda/lib/python3.10/tempfile.py", line 466, in __del__
    self.close()
  File "/opt/conda/lib/python3.10/tempfile.py", line 459, in close
    self.file.close()
AttributeError: 'bytes' object has no attribute 'close'
           INFO     Iteration:     327, Coverage: 0.144444  searchobserver.py:83
           INFO     Iteration:     328, Coverage: 0.144444  searchobserver.py:83
[05:02:29] INFO     Iteration:     329, Coverage: 0.144444  searchobserver.py:83
           INFO     Iteration:     330, Coverage: 0.144444  searchobserver.py:83
           INFO     Iteration:     331, Coverage: 0.144444  searchobserver.py:83
[05:02:30] INFO     Iteration:     332, Coverage: 0.144444  searchobserver.py:83
           INFO     Iteration:     333, Coverage: 0.144444  searchobserver.py:83
           INFO     Iteration:     334, Coverage: 0.144444  searchobserver.py:83
[05:02:31] INFO     Iteration:     335, Coverage: 0.144444  searchobserver.py:83
           INFO     Iteration:     336, Coverage: 0.144444  searchobserver.py:83
Exception ignored in: <function _TemporaryFileCloser.__del__ at 0x7fa8bb6e6320>
Traceback (most recent call last):
  File "/opt/conda/lib/python3.10/tempfile.py", line 466, in __del__
    self.close()
  File "/opt/conda/lib/python3.10/tempfile.py", line 459, in close
    self.file.close()
AttributeError: 'bytes' object has no attribute 'close'
[05:02:32] INFO     Iteration:     337, Coverage: 0.144444  searchobserver.py:83
           INFO     Iteration:     338, Coverage: 0.144444  searchobserver.py:83
           INFO     Iteration:     339, Coverage: 0.144444  searchobserver.py:83
[05:02:33] INFO     Iteration:     340, Coverage: 0.144444  searchobserver.py:83
           INFO     Iteration:     341, Coverage: 0.144444  searchobserver.py:83
           INFO     Iteration:     342, Coverage: 0.144444  searchobserver.py:83
           INFO     Iteration:     343, Coverage: 0.144444  searchobserver.py:83
[05:02:34] INFO     Iteration:     344, Coverage: 0.144444  searchobserver.py:83
           INFO     Iteration:     345, Coverage: 0.144444  searchobserver.py:83
           INFO     Iteration:     346, Coverage: 0.144444  searchobserver.py:83
[05:02:35] INFO     Iteration:     347, Coverage: 0.144444  searchobserver.py:83
           INFO     Iteration:     348, Coverage: 0.144444  searchobserver.py:83
           INFO     Iteration:     349, Coverage: 0.144444  searchobserver.py:83
[05:02:36] INFO     Iteration:     350, Coverage: 0.144444  searchobserver.py:83
           INFO     Iteration:     351, Coverage: 0.144444  searchobserver.py:83
           INFO     Iteration:     352, Coverage: 0.144444  searchobserver.py:83
           INFO     Iteration:     353, Coverage: 0.144444  searchobserver.py:83
[05:02:37] INFO     Iteration:     354, Coverage: 0.144444  searchobserver.py:83
           INFO     Iteration:     355, Coverage: 0.144444  searchobserver.py:83
           INFO     Iteration:     356, Coverage: 0.144444  searchobserver.py:83
[05:02:38] INFO     Iteration:     357, Coverage: 0.144444  searchobserver.py:83
           INFO     Iteration:     358, Coverage: 0.144444  searchobserver.py:83
           INFO     Iteration:     359, Coverage: 0.144444  searchobserver.py:83
           INFO     Iteration:     360, Coverage: 0.144444  searchobserver.py:83
[05:02:39] INFO     Iteration:     361, Coverage: 0.144444  searchobserver.py:83
           INFO     Iteration:     362, Coverage: 0.144444  searchobserver.py:83
           INFO     Iteration:     363, Coverage: 0.144444  searchobserver.py:83
           INFO     Iteration:     364, Coverage: 0.144444  searchobserver.py:83
           INFO     Iteration:     365, Coverage: 0.144444  searchobserver.py:83
[05:02:40] INFO     Iteration:     366, Coverage: 0.144444  searchobserver.py:83
           INFO     Iteration:     367, Coverage: 0.144444  searchobserver.py:83
           INFO     Iteration:     368, Coverage: 0.144444  searchobserver.py:83
           INFO     Iteration:     369, Coverage: 0.144444  searchobserver.py:83
[05:02:41] INFO     Iteration:     370, Coverage: 0.144444  searchobserver.py:83
           INFO     Iteration:     371, Coverage: 0.144444  searchobserver.py:83
           INFO     Iteration:     372, Coverage: 0.144444  searchobserver.py:83
[05:02:42] INFO     Iteration:     373, Coverage: 0.144444  searchobserver.py:83
           INFO     Iteration:     374, Coverage: 0.144444  searchobserver.py:83
           INFO     Iteration:     375, Coverage: 0.144444  searchobserver.py:83
[05:02:43] INFO     Iteration:     376, Coverage: 0.144444  searchobserver.py:83
           INFO     Iteration:     377, Coverage: 0.144444  searchobserver.py:83
           INFO     Iteration:     378, Coverage: 0.144444  searchobserver.py:83
           INFO     Iteration:     379, Coverage: 0.144444  searchobserver.py:83
[05:02:44] INFO     Iteration:     380, Coverage: 0.144444  searchobserver.py:83
           INFO     Iteration:     381, Coverage: 0.144444  searchobserver.py:83
           INFO     Iteration:     382, Coverage: 0.144444  searchobserver.py:83
[05:02:45] INFO     Iteration:     383, Coverage: 0.144444  searchobserver.py:83
Exception ignored in: <function _TemporaryFileCloser.__del__ at 0x7fa8bb6e6320>
Traceback (most recent call last):
  File "/opt/conda/lib/python3.10/tempfile.py", line 466, in __del__
    self.close()
  File "/opt/conda/lib/python3.10/tempfile.py", line 459, in close
    self.file.close()
AttributeError: 'float' object has no attribute 'close'
           INFO     Iteration:     384, Coverage: 0.144444  searchobserver.py:83
           INFO     Iteration:     385, Coverage: 0.144444  searchobserver.py:83
           INFO     Iteration:     386, Coverage: 0.144444  searchobserver.py:83
[05:02:46] INFO     Iteration:     387, Coverage: 0.144444  searchobserver.py:83
           INFO     Iteration:     388, Coverage: 0.144444  searchobserver.py:83
           INFO     Iteration:     389, Coverage: 0.144444  searchobserver.py:83
           INFO     Iteration:     390, Coverage: 0.144444  searchobserver.py:83
[05:02:47] INFO     Iteration:     391, Coverage: 0.144444  searchobserver.py:83
           INFO     Iteration:     392, Coverage: 0.144444  searchobserver.py:83
[05:02:48] INFO     Iteration:     393, Coverage: 0.144444  searchobserver.py:83
           INFO     Iteration:     394, Coverage: 0.144444  searchobserver.py:83
           INFO     Iteration:     395, Coverage: 0.144444  searchobserver.py:83
[05:02:49] INFO     Iteration:     396, Coverage: 0.144444  searchobserver.py:83
           INFO     Iteration:     397, Coverage: 0.144444  searchobserver.py:83
           INFO     Iteration:     398, Coverage: 0.144444  searchobserver.py:83
           INFO     Iteration:     399, Coverage: 0.144444  searchobserver.py:83
[05:02:50] INFO     Iteration:     400, Coverage: 0.144444  searchobserver.py:83
           INFO     Iteration:     401, Coverage: 0.144444  searchobserver.py:83
           INFO     Iteration:     402, Coverage: 0.144444  searchobserver.py:83
           INFO     Iteration:     403, Coverage: 0.144444  searchobserver.py:83
[05:02:51] INFO     Iteration:     404, Coverage: 0.144444  searchobserver.py:83
           INFO     Iteration:     405, Coverage: 0.144444  searchobserver.py:83
Exception ignored in: <function _TemporaryFileCloser.__del__ at 0x7fa8bb6e6320>
Traceback (most recent call last):
  File "/opt/conda/lib/python3.10/tempfile.py", line 466, in __del__
    self.close()
  File "/opt/conda/lib/python3.10/tempfile.py", line 459, in close
    self.file.close()
AttributeError: 'dict' object has no attribute 'close'
           INFO     Iteration:     406, Coverage: 0.144444  searchobserver.py:83
           INFO     Iteration:     407, Coverage: 0.144444  searchobserver.py:83
[05:02:52] INFO     Iteration:     408, Coverage: 0.144444  searchobserver.py:83
           INFO     Iteration:     409, Coverage: 0.144444  searchobserver.py:83
           INFO     Iteration:     410, Coverage: 0.144444  searchobserver.py:83
[05:02:53] INFO     Iteration:     411, Coverage: 0.144444  searchobserver.py:83
           INFO     Iteration:     412, Coverage: 0.144444  searchobserver.py:83
           INFO     Iteration:     413, Coverage: 0.144444  searchobserver.py:83
           INFO     Iteration:     414, Coverage: 0.144444  searchobserver.py:83
[05:02:54] INFO     Iteration:     415, Coverage: 0.144444  searchobserver.py:83
           INFO     Iteration:     416, Coverage: 0.144444  searchobserver.py:83
           INFO     Iteration:     417, Coverage: 0.144444  searchobserver.py:83
[05:02:55] INFO     Iteration:     418, Coverage: 0.144444  searchobserver.py:83
           INFO     Iteration:     419, Coverage: 0.144444  searchobserver.py:83
           INFO     Iteration:     420, Coverage: 0.144444  searchobserver.py:83
[05:02:56] INFO     Iteration:     421, Coverage: 0.144444  searchobserver.py:83
           INFO     Iteration:     422, Coverage: 0.144444  searchobserver.py:83
           INFO     Iteration:     423, Coverage: 0.144444  searchobserver.py:83
           INFO     Iteration:     424, Coverage: 0.144444  searchobserver.py:83
[05:02:57] INFO     Iteration:     425, Coverage: 0.144444  searchobserver.py:83
           INFO     Iteration:     426, Coverage: 0.144444  searchobserver.py:83
           INFO     Iteration:     427, Coverage: 0.144444  searchobserver.py:83
[05:02:58] INFO     Iteration:     428, Coverage: 0.144444  searchobserver.py:83
           INFO     Iteration:     429, Coverage: 0.144444  searchobserver.py:83
           INFO     Iteration:     430, Coverage: 0.144444  searchobserver.py:83
           INFO     Iteration:     431, Coverage: 0.144444  searchobserver.py:83
[05:02:59] INFO     Iteration:     432, Coverage: 0.144444  searchobserver.py:83
           INFO     Iteration:     433, Coverage: 0.144444  searchobserver.py:83
           INFO     Iteration:     434, Coverage: 0.144444  searchobserver.py:83
[05:03:00] INFO     Iteration:     435, Coverage: 0.144444  searchobserver.py:83
           INFO     Iteration:     436, Coverage: 0.144444  searchobserver.py:83
Exception ignored in: <function _TemporaryFileCloser.__del__ at 0x7fa8bb6e6320>
Traceback (most recent call last):
  File "/opt/conda/lib/python3.10/tempfile.py", line 466, in __del__
    self.close()
  File "/opt/conda/lib/python3.10/tempfile.py", line 459, in close
    self.file.close()
AttributeError: 'bytes' object has no attribute 'close'
           INFO     Iteration:     437, Coverage: 0.144444  searchobserver.py:83
           INFO     Iteration:     438, Coverage: 0.144444  searchobserver.py:83
[05:03:01] INFO     Iteration:     439, Coverage: 0.144444  searchobserver.py:83
           INFO     Iteration:     440, Coverage: 0.144444  searchobserver.py:83
           INFO     Iteration:     441, Coverage: 0.144444  searchobserver.py:83
[05:03:02] INFO     Iteration:     442, Coverage: 0.144444  searchobserver.py:83
           INFO     Iteration:     443, Coverage: 0.144444  searchobserver.py:83
           INFO     Iteration:     444, Coverage: 0.144444  searchobserver.py:83
           INFO     Iteration:     445, Coverage: 0.144444  searchobserver.py:83
[05:03:03] INFO     Iteration:     446, Coverage: 0.144444  searchobserver.py:83
           INFO     Iteration:     447, Coverage: 0.144444  searchobserver.py:83
           INFO     Iteration:     448, Coverage: 0.144444  searchobserver.py:83
           INFO     Iteration:     449, Coverage: 0.144444  searchobserver.py:83
[05:03:04] INFO     Iteration:     450, Coverage: 0.144444  searchobserver.py:83
           INFO     Iteration:     451, Coverage: 0.144444  searchobserver.py:83
           INFO     Iteration:     452, Coverage: 0.144444  searchobserver.py:83
           INFO     Iteration:     453, Coverage: 0.144444  searchobserver.py:83
[05:03:05] INFO     Iteration:     454, Coverage: 0.144444  searchobserver.py:83
           INFO     Iteration:     455, Coverage: 0.144444  searchobserver.py:83
           INFO     Iteration:     456, Coverage: 0.144444  searchobserver.py:83
[05:03:06] INFO     Iteration:     457, Coverage: 0.144444  searchobserver.py:83
           INFO     Iteration:     458, Coverage: 0.144444  searchobserver.py:83
           INFO     Iteration:     459, Coverage: 0.144444  searchobserver.py:83
           INFO     Iteration:     460, Coverage: 0.144444  searchobserver.py:83
[05:03:07] INFO     Iteration:     461, Coverage: 0.144444  searchobserver.py:83
           INFO     Iteration:     462, Coverage: 0.144444  searchobserver.py:83
           INFO     Iteration:     463, Coverage: 0.144444  searchobserver.py:83
[05:03:08] INFO     Iteration:     464, Coverage: 0.144444  searchobserver.py:83
           INFO     Iteration:     465, Coverage: 0.144444  searchobserver.py:83
           INFO     Iteration:     466, Coverage: 0.144444  searchobserver.py:83
           INFO     Iteration:     467, Coverage: 0.144444  searchobserver.py:83
[05:03:09] INFO     Iteration:     468, Coverage: 0.144444  searchobserver.py:83
           INFO     Iteration:     469, Coverage: 0.144444  searchobserver.py:83
           INFO     Iteration:     470, Coverage: 0.144444  searchobserver.py:83
           INFO     Iteration:     471, Coverage: 0.144444  searchobserver.py:83
[05:03:10] INFO     Iteration:     472, Coverage: 0.144444  searchobserver.py:83
           INFO     Iteration:     473, Coverage: 0.144444  searchobserver.py:83
           INFO     Iteration:     474, Coverage: 0.144444  searchobserver.py:83
           INFO     Iteration:     475, Coverage: 0.144444  searchobserver.py:83
[05:03:11] INFO     Iteration:     476, Coverage: 0.144444  searchobserver.py:83
           INFO     Iteration:     477, Coverage: 0.144444  searchobserver.py:83
           INFO     Iteration:     478, Coverage: 0.144444  searchobserver.py:83
           INFO     Iteration:     479, Coverage: 0.144444  searchobserver.py:83
[05:03:12] INFO     Iteration:     480, Coverage: 0.144444  searchobserver.py:83
Exception ignored in: <function _TemporaryFileCloser.__del__ at 0x7fa8bb6e6320>
Traceback (most recent call last):
  File "/opt/conda/lib/python3.10/tempfile.py", line 466, in __del__
    self.close()
  File "/opt/conda/lib/python3.10/tempfile.py", line 459, in close
    self.file.close()
AttributeError: 'float' object has no attribute 'close'
           INFO     Iteration:     481, Coverage: 0.144444  searchobserver.py:83
           INFO     Iteration:     482, Coverage: 0.144444  searchobserver.py:83
[05:03:13] INFO     Iteration:     483, Coverage: 0.144444  searchobserver.py:83
           INFO     Iteration:     484, Coverage: 0.144444  searchobserver.py:83
           INFO     Iteration:     485, Coverage: 0.144444  searchobserver.py:83
[05:03:14] INFO     Iteration:     486, Coverage: 0.144444  searchobserver.py:83
           INFO     Iteration:     487, Coverage: 0.144444  searchobserver.py:83
           INFO     Iteration:     488, Coverage: 0.144444  searchobserver.py:83
           INFO     Iteration:     489, Coverage: 0.144444  searchobserver.py:83
[05:03:15] INFO     Iteration:     490, Coverage: 0.144444  searchobserver.py:83
           INFO     Iteration:     491, Coverage: 0.144444  searchobserver.py:83
           INFO     Iteration:     492, Coverage: 0.144444  searchobserver.py:83
Exception ignored in: <function _TemporaryFileCloser.__del__ at 0x7fa8bb6e6320>
Traceback (most recent call last):
  File "/opt/conda/lib/python3.10/tempfile.py", line 466, in __del__
    self.close()
  File "/opt/conda/lib/python3.10/tempfile.py", line 459, in close
    self.file.close()
AttributeError: 'bytes' object has no attribute 'close'
[05:03:16] INFO     Iteration:     493, Coverage: 0.144444  searchobserver.py:83
           INFO     Iteration:     494, Coverage: 0.144444  searchobserver.py:83
           INFO     Iteration:     495, Coverage: 0.144444  searchobserver.py:83
           INFO     Iteration:     496, Coverage: 0.144444  searchobserver.py:83
[05:03:17] INFO     Iteration:     497, Coverage: 0.144444  searchobserver.py:83
           INFO     Iteration:     498, Coverage: 0.144444  searchobserver.py:83
           INFO     Iteration:     499, Coverage: 0.144444  searchobserver.py:83
           INFO     Iteration:     500, Coverage: 0.144444  searchobserver.py:83
[05:03:18] INFO     Iteration:     501, Coverage: 0.144444  searchobserver.py:83
           INFO     Iteration:     502, Coverage: 0.144444  searchobserver.py:83
           INFO     Iteration:     503, Coverage: 0.144444  searchobserver.py:83
[05:03:19] INFO     Iteration:     504, Coverage: 0.144444  searchobserver.py:83
           INFO     Iteration:     505, Coverage: 0.144444  searchobserver.py:83
           INFO     Iteration:     506, Coverage: 0.144444  searchobserver.py:83
           INFO     Iteration:     507, Coverage: 0.144444  searchobserver.py:83
[05:03:20] INFO     Iteration:     508, Coverage: 0.144444  searchobserver.py:83
           INFO     Iteration:     509, Coverage: 0.144444  searchobserver.py:83
           INFO     Iteration:     510, Coverage: 0.144444  searchobserver.py:83
           INFO     Iteration:     511, Coverage: 0.144444  searchobserver.py:83
[05:03:21] INFO     Iteration:     512, Coverage: 0.144444  searchobserver.py:83
           INFO     Iteration:     513, Coverage: 0.144444  searchobserver.py:83
           INFO     Iteration:     514, Coverage: 0.144444  searchobserver.py:83
[05:03:22] INFO     Iteration:     515, Coverage: 0.144444  searchobserver.py:83
           INFO     Iteration:     516, Coverage: 0.144444  searchobserver.py:83
           INFO     Iteration:     517, Coverage: 0.144444  searchobserver.py:83
[05:03:23] INFO     Iteration:     518, Coverage: 0.144444  searchobserver.py:83
           INFO     Iteration:     519, Coverage: 0.144444  searchobserver.py:83
           INFO     Iteration:     520, Coverage: 0.144444  searchobserver.py:83
[05:03:24] INFO     Iteration:     521, Coverage: 0.144444  searchobserver.py:83
           INFO     Iteration:     522, Coverage: 0.144444  searchobserver.py:83
           INFO     Iteration:     523, Coverage: 0.144444  searchobserver.py:83
           INFO     Iteration:     524, Coverage: 0.144444  searchobserver.py:83
[05:03:25] INFO     Iteration:     525, Coverage: 0.144444  searchobserver.py:83
           INFO     Iteration:     526, Coverage: 0.144444  searchobserver.py:83
           INFO     Iteration:     527, Coverage: 0.144444  searchobserver.py:83
           INFO     Iteration:     528, Coverage: 0.144444  searchobserver.py:83
[05:03:26] INFO     Iteration:     529, Coverage: 0.144444  searchobserver.py:83
           INFO     Iteration:     530, Coverage: 0.144444  searchobserver.py:83
           INFO     Iteration:     531, Coverage: 0.144444  searchobserver.py:83
[05:03:27] INFO     Iteration:     532, Coverage: 0.144444  searchobserver.py:83
           INFO     Iteration:     533, Coverage: 0.144444  searchobserver.py:83
           INFO     Iteration:     534, Coverage: 0.144444  searchobserver.py:83
           INFO     Iteration:     535, Coverage: 0.144444  searchobserver.py:83
[05:03:28] INFO     Iteration:     536, Coverage: 0.144444  searchobserver.py:83
           INFO     Iteration:     537, Coverage: 0.144444  searchobserver.py:83
           INFO     Iteration:     538, Coverage: 0.144444  searchobserver.py:83
[05:03:29] INFO     Iteration:     539, Coverage: 0.144444  searchobserver.py:83
           INFO     Iteration:     540, Coverage: 0.144444  searchobserver.py:83
           INFO     Iteration:     541, Coverage: 0.144444  searchobserver.py:83
[05:03:30] INFO     Iteration:     542, Coverage: 0.144444  searchobserver.py:83
           INFO     Iteration:     543, Coverage: 0.144444  searchobserver.py:83
           INFO     Iteration:     544, Coverage: 0.144444  searchobserver.py:83
           INFO     Iteration:     545, Coverage: 0.144444  searchobserver.py:83
[05:03:31] INFO     Iteration:     546, Coverage: 0.144444  searchobserver.py:83
           INFO     Iteration:     547, Coverage: 0.144444  searchobserver.py:83
           INFO     Iteration:     548, Coverage: 0.144444  searchobserver.py:83
[05:03:32] INFO     Iteration:     549, Coverage: 0.144444  searchobserver.py:83
           INFO     Iteration:     550, Coverage: 0.144444  searchobserver.py:83
           INFO     Iteration:     551, Coverage: 0.144444  searchobserver.py:83
[05:03:33] INFO     Iteration:     552, Coverage: 0.144444  searchobserver.py:83
           INFO     Iteration:     553, Coverage: 0.144444  searchobserver.py:83
           INFO     Iteration:     554, Coverage: 0.144444  searchobserver.py:83
[05:03:34] INFO     Iteration:     555, Coverage: 0.144444  searchobserver.py:83
           INFO     Iteration:     556, Coverage: 0.144444  searchobserver.py:83
           INFO     Iteration:     557, Coverage: 0.144444  searchobserver.py:83
           INFO     Iteration:     558, Coverage: 0.144444  searchobserver.py:83
[05:03:35] INFO     Iteration:     559, Coverage: 0.144444  searchobserver.py:83
           INFO     Iteration:     560, Coverage: 0.144444  searchobserver.py:83
           INFO     Iteration:     561, Coverage: 0.144444  searchobserver.py:83
           INFO     Iteration:     562, Coverage: 0.144444  searchobserver.py:83
[05:03:36] INFO     Iteration:     563, Coverage: 0.144444  searchobserver.py:83
           INFO     Iteration:     564, Coverage: 0.144444  searchobserver.py:83
           INFO     Iteration:     565, Coverage: 0.144444  searchobserver.py:83
[05:03:37] INFO     Iteration:     566, Coverage: 0.144444  searchobserver.py:83
           INFO     Iteration:     567, Coverage: 0.144444  searchobserver.py:83
           INFO     Iteration:     568, Coverage: 0.144444  searchobserver.py:83
           INFO     Iteration:     569, Coverage: 0.144444  searchobserver.py:83
[05:03:38] INFO     Iteration:     570, Coverage: 0.144444  searchobserver.py:83
Exception ignored in: <function _TemporaryFileCloser.__del__ at 0x7fa8bb6e6320>
Traceback (most recent call last):
  File "/opt/conda/lib/python3.10/tempfile.py", line 466, in __del__
    self.close()
  File "/opt/conda/lib/python3.10/tempfile.py", line 459, in close
    self.file.close()
AttributeError: 'float' object has no attribute 'close'
           INFO     Iteration:     571, Coverage: 0.144444  searchobserver.py:83
           INFO     Iteration:     572, Coverage: 0.144444  searchobserver.py:83
[05:03:39] INFO     Iteration:     573, Coverage: 0.144444  searchobserver.py:83
           INFO     Iteration:     574, Coverage: 0.144444  searchobserver.py:83
           INFO     Iteration:     575, Coverage: 0.144444  searchobserver.py:83
           INFO     Iteration:     576, Coverage: 0.144444  searchobserver.py:83
[05:03:40] INFO     Iteration:     577, Coverage: 0.144444  searchobserver.py:83
           INFO     Iteration:     578, Coverage: 0.144444  searchobserver.py:83
           INFO     Iteration:     579, Coverage: 0.144444  searchobserver.py:83
[05:03:41] INFO     Iteration:     580, Coverage: 0.144444  searchobserver.py:83
           INFO     Iteration:     581, Coverage: 0.144444  searchobserver.py:83
           INFO     Iteration:     582, Coverage: 0.144444  searchobserver.py:83
           INFO     Iteration:     583, Coverage: 0.144444  searchobserver.py:83
[05:03:42] INFO     Iteration:     584, Coverage: 0.144444  searchobserver.py:83
           INFO     Iteration:     585, Coverage: 0.144444  searchobserver.py:83
           INFO     Iteration:     586, Coverage: 0.144444  searchobserver.py:83
[05:03:43] INFO     Iteration:     587, Coverage: 0.144444  searchobserver.py:83
           INFO     Iteration:     588, Coverage: 0.144444  searchobserver.py:83
           INFO     Iteration:     589, Coverage: 0.144444  searchobserver.py:83
[05:03:44] INFO     Iteration:     590, Coverage: 0.144444  searchobserver.py:83
           INFO     Iteration:     591, Coverage: 0.144444  searchobserver.py:83
           INFO     Iteration:     592, Coverage: 0.144444  searchobserver.py:83
[05:03:45] INFO     Iteration:     593, Coverage: 0.144444  searchobserver.py:83
           INFO     Iteration:     594, Coverage: 0.144444  searchobserver.py:83
           INFO     Iteration:     595, Coverage: 0.144444  searchobserver.py:83
[05:03:46] INFO     Iteration:     596, Coverage: 0.144444  searchobserver.py:83
           INFO     Iteration:     597, Coverage: 0.144444  searchobserver.py:83
Exception ignored in: <function _TemporaryFileCloser.__del__ at 0x7fa8bb6e6320>
Traceback (most recent call last):
  File "/opt/conda/lib/python3.10/tempfile.py", line 466, in __del__
    self.close()
  File "/opt/conda/lib/python3.10/tempfile.py", line 459, in close
    self.file.close()
AttributeError: 'bytes' object has no attribute 'close'
           INFO     Iteration:     598, Coverage: 0.144444  searchobserver.py:83
[05:03:47] INFO     Iteration:     599, Coverage: 0.144444  searchobserver.py:83
           INFO     Iteration:     600, Coverage: 0.144444  searchobserver.py:83
           INFO     Iteration:     601, Coverage: 0.144444  searchobserver.py:83
           INFO     Iteration:     602, Coverage: 0.144444  searchobserver.py:83
[05:03:48] INFO     Iteration:     603, Coverage: 0.144444  searchobserver.py:83
           INFO     Iteration:     604, Coverage: 0.144444  searchobserver.py:83
[05:03:49] INFO     Iteration:     605, Coverage: 0.144444  searchobserver.py:83
           INFO     Iteration:     606, Coverage: 0.144444  searchobserver.py:83
           INFO     Iteration:     607, Coverage: 0.144444  searchobserver.py:83
[05:03:50] INFO     Iteration:     608, Coverage: 0.144444  searchobserver.py:83
           INFO     Iteration:     609, Coverage: 0.144444  searchobserver.py:83
           INFO     Iteration:     610, Coverage: 0.144444  searchobserver.py:83
           INFO     Iteration:     611, Coverage: 0.144444  searchobserver.py:83
[05:03:51] INFO     Iteration:     612, Coverage: 0.144444  searchobserver.py:83
           INFO     Iteration:     613, Coverage: 0.144444  searchobserver.py:83
           INFO     Iteration:     614, Coverage: 0.144444  searchobserver.py:83
[05:03:52] INFO     Iteration:     615, Coverage: 0.144444  searchobserver.py:83
           INFO     Iteration:     616, Coverage: 0.144444  searchobserver.py:83
           INFO     Iteration:     617, Coverage: 0.144444  searchobserver.py:83
           INFO     Iteration:     618, Coverage: 0.144444  searchobserver.py:83
[05:03:53] INFO     Iteration:     619, Coverage: 0.144444  searchobserver.py:83
           INFO     Iteration:     620, Coverage: 0.144444  searchobserver.py:83
           INFO     Iteration:     621, Coverage: 0.144444  searchobserver.py:83
           INFO     Iteration:     622, Coverage: 0.144444  searchobserver.py:83
[05:03:54] INFO     Iteration:     623, Coverage: 0.144444  searchobserver.py:83
           INFO     Iteration:     624, Coverage: 0.144444  searchobserver.py:83
           INFO     Iteration:     625, Coverage: 0.144444  searchobserver.py:83
[05:03:55] INFO     Iteration:     626, Coverage: 0.144444  searchobserver.py:83
           INFO     Iteration:     627, Coverage: 0.144444  searchobserver.py:83
           INFO     Iteration:     628, Coverage: 0.144444  searchobserver.py:83
[05:03:56] INFO     Iteration:     629, Coverage: 0.144444  searchobserver.py:83
           INFO     Iteration:     630, Coverage: 0.144444  searchobserver.py:83
           INFO     Iteration:     631, Coverage: 0.144444  searchobserver.py:83
[05:03:57] INFO     Iteration:     632, Coverage: 0.144444  searchobserver.py:83
           INFO     Iteration:     633, Coverage: 0.144444  searchobserver.py:83
           INFO     Iteration:     634, Coverage: 0.144444  searchobserver.py:83
Exception ignored in: <function _TemporaryFileCloser.__del__ at 0x7fa8bb6e6320>
Traceback (most recent call last):
  File "/opt/conda/lib/python3.10/tempfile.py", line 466, in __del__
    self.close()
  File "/opt/conda/lib/python3.10/tempfile.py", line 459, in close
    self.file.close()
AttributeError: 'bytes' object has no attribute 'close'
           INFO     Iteration:     635, Coverage: 0.144444  searchobserver.py:83
[05:03:58] INFO     Iteration:     636, Coverage: 0.144444  searchobserver.py:83
           INFO     Iteration:     637, Coverage: 0.144444  searchobserver.py:83
           INFO     Iteration:     638, Coverage: 0.144444  searchobserver.py:83
[05:03:59] INFO     Iteration:     639, Coverage: 0.144444  searchobserver.py:83
           INFO     Iteration:     640, Coverage: 0.144444  searchobserver.py:83
           INFO     Iteration:     641, Coverage: 0.144444  searchobserver.py:83
           INFO     Iteration:     642, Coverage: 0.144444  searchobserver.py:83
[05:04:00] INFO     Iteration:     643, Coverage: 0.144444  searchobserver.py:83
           INFO     Iteration:     644, Coverage: 0.144444  searchobserver.py:83
[05:04:01] INFO     Iteration:     645, Coverage: 0.144444  searchobserver.py:83
           INFO     Iteration:     646, Coverage: 0.144444  searchobserver.py:83
           INFO     Iteration:     647, Coverage: 0.144444  searchobserver.py:83
Exception ignored in: <function _TemporaryFileCloser.__del__ at 0x7fa8bb6e6320>
Traceback (most recent call last):
  File "/opt/conda/lib/python3.10/tempfile.py", line 466, in __del__
    self.close()
  File "/opt/conda/lib/python3.10/tempfile.py", line 459, in close
    self.file.close()
AttributeError: 'float' object has no attribute 'close'
           INFO     Iteration:     648, Coverage: 0.144444  searchobserver.py:83
[05:04:02] INFO     Iteration:     649, Coverage: 0.144444  searchobserver.py:83
           INFO     Iteration:     650, Coverage: 0.144444  searchobserver.py:83
           INFO     Iteration:     651, Coverage: 0.144444  searchobserver.py:83
[05:04:03] INFO     Iteration:     652, Coverage: 0.144444  searchobserver.py:83
           INFO     Iteration:     653, Coverage: 0.144444  searchobserver.py:83
           INFO     Iteration:     654, Coverage: 0.144444  searchobserver.py:83
[05:04:04] INFO     Iteration:     655, Coverage: 0.144444  searchobserver.py:83
           INFO     Iteration:     656, Coverage: 0.144444  searchobserver.py:83
           INFO     Iteration:     657, Coverage: 0.144444  searchobserver.py:83
[05:04:05] INFO     Iteration:     658, Coverage: 0.144444  searchobserver.py:83
           INFO     Iteration:     659, Coverage: 0.144444  searchobserver.py:83
           INFO     Iteration:     660, Coverage: 0.144444  searchobserver.py:83
           INFO     Iteration:     661, Coverage: 0.144444  searchobserver.py:83
[05:04:06] INFO     Iteration:     662, Coverage: 0.144444  searchobserver.py:83
           INFO     Iteration:     663, Coverage: 0.144444  searchobserver.py:83
           INFO     Iteration:     664, Coverage: 0.144444  searchobserver.py:83
           INFO     Iteration:     665, Coverage: 0.144444  searchobserver.py:83
[05:04:07] INFO     Iteration:     666, Coverage: 0.144444  searchobserver.py:83
           INFO     Iteration:     667, Coverage: 0.144444  searchobserver.py:83
           INFO     Iteration:     668, Coverage: 0.144444  searchobserver.py:83
[05:04:08] INFO     Iteration:     669, Coverage: 0.144444  searchobserver.py:83
           INFO     Iteration:     670, Coverage: 0.144444  searchobserver.py:83
           INFO     Iteration:     671, Coverage: 0.144444  searchobserver.py:83
[05:04:09] INFO     Iteration:     672, Coverage: 0.144444  searchobserver.py:83
           INFO     Iteration:     673, Coverage: 0.144444  searchobserver.py:83
           INFO     Iteration:     674, Coverage: 0.144444  searchobserver.py:83
[05:04:10] INFO     Iteration:     675, Coverage: 0.144444  searchobserver.py:83
           INFO     Iteration:     676, Coverage: 0.144444  searchobserver.py:83
           INFO     Iteration:     677, Coverage: 0.144444  searchobserver.py:83
           INFO     Iteration:     678, Coverage: 0.144444  searchobserver.py:83
[05:04:11] INFO     Iteration:     679, Coverage: 0.144444  searchobserver.py:83
           INFO     Iteration:     680, Coverage: 0.144444  searchobserver.py:83
           INFO     Iteration:     681, Coverage: 0.144444  searchobserver.py:83
[05:04:12] INFO     Iteration:     682, Coverage: 0.144444  searchobserver.py:83
           INFO     Iteration:     683, Coverage: 0.144444  searchobserver.py:83
           INFO     Iteration:     684, Coverage: 0.144444  searchobserver.py:83
           INFO     Iteration:     685, Coverage: 0.144444  searchobserver.py:83
[05:04:13] INFO     Iteration:     686, Coverage: 0.144444  searchobserver.py:83
           INFO     Iteration:     687, Coverage: 0.144444  searchobserver.py:83
           INFO     Iteration:     688, Coverage: 0.144444  searchobserver.py:83
[05:04:14] INFO     Iteration:     689, Coverage: 0.144444  searchobserver.py:83
           INFO     Iteration:     690, Coverage: 0.144444  searchobserver.py:83
           INFO     Iteration:     691, Coverage: 0.144444  searchobserver.py:83
           INFO     Iteration:     692, Coverage: 0.144444  searchobserver.py:83
[05:04:15] INFO     Iteration:     693, Coverage: 0.144444  searchobserver.py:83
           INFO     Iteration:     694, Coverage: 0.144444  searchobserver.py:83
           INFO     Iteration:     695, Coverage: 0.144444  searchobserver.py:83
[05:04:16] INFO     Iteration:     696, Coverage: 0.144444  searchobserver.py:83
           INFO     Iteration:     697, Coverage: 0.144444  searchobserver.py:83
           INFO     Iteration:     698, Coverage: 0.144444  searchobserver.py:83
           INFO     Iteration:     699, Coverage: 0.144444  searchobserver.py:83
[05:04:17] INFO     Iteration:     700, Coverage: 0.144444  searchobserver.py:83
           INFO     Iteration:     701, Coverage: 0.144444  searchobserver.py:83
           INFO     Iteration:     702, Coverage: 0.144444  searchobserver.py:83
[05:04:18] INFO     Iteration:     703, Coverage: 0.144444  searchobserver.py:83
           INFO     Iteration:     704, Coverage: 0.144444  searchobserver.py:83
           INFO     Iteration:     705, Coverage: 0.144444  searchobserver.py:83
[05:04:19] INFO     Iteration:     706, Coverage: 0.144444  searchobserver.py:83
           INFO     Iteration:     707, Coverage: 0.144444  searchobserver.py:83
           INFO     Iteration:     708, Coverage: 0.144444  searchobserver.py:83
           INFO     Iteration:     709, Coverage: 0.144444  searchobserver.py:83
[05:04:20] INFO     Iteration:     710, Coverage: 0.144444  searchobserver.py:83
           INFO     Iteration:     711, Coverage: 0.144444  searchobserver.py:83
           INFO     Iteration:     712, Coverage: 0.144444  searchobserver.py:83
           INFO     Iteration:     713, Coverage: 0.144444  searchobserver.py:83
[05:04:21] INFO     Iteration:     714, Coverage: 0.144444  searchobserver.py:83
           INFO     Iteration:     715, Coverage: 0.144444  searchobserver.py:83
           INFO     Iteration:     716, Coverage: 0.144444  searchobserver.py:83
[05:04:22] INFO     Iteration:     717, Coverage: 0.144444  searchobserver.py:83
           INFO     Iteration:     718, Coverage: 0.144444  searchobserver.py:83
           INFO     Iteration:     719, Coverage: 0.144444  searchobserver.py:83
[05:04:23] INFO     Iteration:     720, Coverage: 0.144444  searchobserver.py:83
           INFO     Iteration:     721, Coverage: 0.144444  searchobserver.py:83
           INFO     Iteration:     722, Coverage: 0.144444  searchobserver.py:83
           INFO     Iteration:     723, Coverage: 0.144444  searchobserver.py:83
[05:04:24] INFO     Iteration:     724, Coverage: 0.144444  searchobserver.py:83
           INFO     Iteration:     725, Coverage: 0.144444  searchobserver.py:83
           INFO     Iteration:     726, Coverage: 0.144444  searchobserver.py:83
[05:04:25] INFO     Iteration:     727, Coverage: 0.144444  searchobserver.py:83
           INFO     Iteration:     728, Coverage: 0.144444  searchobserver.py:83
           INFO     Iteration:     729, Coverage: 0.144444  searchobserver.py:83
           INFO     Iteration:     730, Coverage: 0.144444  searchobserver.py:83
[05:04:26] INFO     Iteration:     731, Coverage: 0.144444  searchobserver.py:83
           INFO     Iteration:     732, Coverage: 0.144444  searchobserver.py:83
           INFO     Iteration:     733, Coverage: 0.144444  searchobserver.py:83
[05:04:27] INFO     Iteration:     734, Coverage: 0.144444  searchobserver.py:83
           INFO     Iteration:     735, Coverage: 0.144444  searchobserver.py:83
           INFO     Iteration:     736, Coverage: 0.144444  searchobserver.py:83
           INFO     Iteration:     737, Coverage: 0.144444  searchobserver.py:83
[05:04:28] INFO     Iteration:     738, Coverage: 0.144444  searchobserver.py:83
Exception ignored in: <function _TemporaryFileCloser.__del__ at 0x7fa8bb6e6320>
Traceback (most recent call last):
  File "/opt/conda/lib/python3.10/tempfile.py", line 466, in __del__
    self.close()
  File "/opt/conda/lib/python3.10/tempfile.py", line 459, in close
    self.file.close()
AttributeError: 'bytes' object has no attribute 'close'
           INFO     Iteration:     739, Coverage: 0.144444  searchobserver.py:83
           INFO     Iteration:     740, Coverage: 0.144444  searchobserver.py:83
[05:04:29] INFO     Iteration:     741, Coverage: 0.144444  searchobserver.py:83
           INFO     Iteration:     742, Coverage: 0.144444  searchobserver.py:83
           INFO     Iteration:     743, Coverage: 0.144444  searchobserver.py:83
[05:04:30] INFO     Iteration:     744, Coverage: 0.144444  searchobserver.py:83
           INFO     Iteration:     745, Coverage: 0.144444  searchobserver.py:83
           INFO     Iteration:     746, Coverage: 0.144444  searchobserver.py:83
           INFO     Iteration:     747, Coverage: 0.144444  searchobserver.py:83
[05:04:31] INFO     Iteration:     748, Coverage: 0.144444  searchobserver.py:83
           INFO     Iteration:     749, Coverage: 0.144444  searchobserver.py:83
           INFO     Iteration:     750, Coverage: 0.144444  searchobserver.py:83
[05:04:32] INFO     Iteration:     751, Coverage: 0.144444  searchobserver.py:83
           INFO     Iteration:     752, Coverage: 0.144444  searchobserver.py:83
           INFO     Iteration:     753, Coverage: 0.144444  searchobserver.py:83
[05:04:33] INFO     Iteration:     754, Coverage: 0.144444  searchobserver.py:83
           INFO     Iteration:     755, Coverage: 0.144444  searchobserver.py:83
           INFO     Iteration:     756, Coverage: 0.144444  searchobserver.py:83
[05:04:34] INFO     Iteration:     757, Coverage: 0.144444  searchobserver.py:83
           INFO     Iteration:     758, Coverage: 0.144444  searchobserver.py:83
           INFO     Iteration:     759, Coverage: 0.144444  searchobserver.py:83
           INFO     Iteration:     760, Coverage: 0.144444  searchobserver.py:83
[05:04:35] INFO     Iteration:     761, Coverage: 0.144444  searchobserver.py:83
           INFO     Iteration:     762, Coverage: 0.144444  searchobserver.py:83
           INFO     Iteration:     763, Coverage: 0.144444  searchobserver.py:83
[05:04:36] INFO     Iteration:     764, Coverage: 0.144444  searchobserver.py:83
           INFO     Iteration:     765, Coverage: 0.144444  searchobserver.py:83
           INFO     Iteration:     766, Coverage: 0.144444  searchobserver.py:83
           INFO     Iteration:     767, Coverage: 0.144444  searchobserver.py:83
[05:04:37] INFO     Iteration:     768, Coverage: 0.144444  searchobserver.py:83
           INFO     Iteration:     769, Coverage: 0.144444  searchobserver.py:83
           INFO     Iteration:     770, Coverage: 0.144444  searchobserver.py:83
           INFO     Iteration:     771, Coverage: 0.144444  searchobserver.py:83
[05:04:38] INFO     Iteration:     772, Coverage: 0.144444  searchobserver.py:83
           INFO     Iteration:     773, Coverage: 0.144444  searchobserver.py:83
           INFO     Iteration:     774, Coverage: 0.144444  searchobserver.py:83
           INFO     Iteration:     775, Coverage: 0.144444  searchobserver.py:83
[05:04:39] INFO     Iteration:     776, Coverage: 0.144444  searchobserver.py:83
           INFO     Iteration:     777, Coverage: 0.144444  searchobserver.py:83
           INFO     Iteration:     778, Coverage: 0.144444  searchobserver.py:83
[05:04:40] INFO     Iteration:     779, Coverage: 0.144444  searchobserver.py:83
           INFO     Iteration:     780, Coverage: 0.144444  searchobserver.py:83
           INFO     Iteration:     781, Coverage: 0.144444  searchobserver.py:83
           INFO     Iteration:     782, Coverage: 0.144444  searchobserver.py:83
[05:04:41] INFO     Iteration:     783, Coverage: 0.144444  searchobserver.py:83
           INFO     Iteration:     784, Coverage: 0.144444  searchobserver.py:83
           INFO     Iteration:     785, Coverage: 0.144444  searchobserver.py:83
[05:04:42] INFO     Iteration:     786, Coverage: 0.144444  searchobserver.py:83
           INFO     Iteration:     787, Coverage: 0.144444  searchobserver.py:83
           INFO     Iteration:     788, Coverage: 0.144444  searchobserver.py:83
           INFO     Iteration:     789, Coverage: 0.144444  searchobserver.py:83
[05:04:43] INFO     Iteration:     790, Coverage: 0.144444  searchobserver.py:83
           INFO     Iteration:     791, Coverage: 0.144444  searchobserver.py:83
           INFO     Iteration:     792, Coverage: 0.144444  searchobserver.py:83
[05:04:44] INFO     Iteration:     793, Coverage: 0.144444  searchobserver.py:83
           INFO     Iteration:     794, Coverage: 0.144444  searchobserver.py:83
           INFO     Iteration:     795, Coverage: 0.144444  searchobserver.py:83
           INFO     Iteration:     796, Coverage: 0.144444  searchobserver.py:83
[05:04:45] INFO     Iteration:     797, Coverage: 0.144444  searchobserver.py:83
           INFO     Iteration:     798, Coverage: 0.144444  searchobserver.py:83
           INFO     Iteration:     799, Coverage: 0.144444  searchobserver.py:83
           INFO     Iteration:     800, Coverage: 0.144444  searchobserver.py:83
[05:04:46] INFO     Iteration:     801, Coverage: 0.144444  searchobserver.py:83
           INFO     Iteration:     802, Coverage: 0.144444  searchobserver.py:83
           INFO     Iteration:     803, Coverage: 0.144444  searchobserver.py:83
[05:04:47] INFO     Iteration:     804, Coverage: 0.144444  searchobserver.py:83
           INFO     Iteration:     805, Coverage: 0.144444  searchobserver.py:83
           INFO     Iteration:     806, Coverage: 0.144444  searchobserver.py:83
Exception ignored in: <function _TemporaryFileCloser.__del__ at 0x7fa8bb6e6320>
Traceback (most recent call last):
  File "/opt/conda/lib/python3.10/tempfile.py", line 466, in __del__
    self.close()
  File "/opt/conda/lib/python3.10/tempfile.py", line 459, in close
    self.file.close()
AttributeError: 'bytes' object has no attribute 'close'
[05:04:48] INFO     Iteration:     807, Coverage: 0.144444  searchobserver.py:83
           INFO     Iteration:     808, Coverage: 0.144444  searchobserver.py:83
           INFO     Iteration:     809, Coverage: 0.144444  searchobserver.py:83
[05:04:49] INFO     Iteration:     810, Coverage: 0.144444  searchobserver.py:83
           INFO     Iteration:     811, Coverage: 0.144444  searchobserver.py:83
           INFO     Iteration:     812, Coverage: 0.144444  searchobserver.py:83
[05:04:50] INFO     Iteration:     813, Coverage: 0.144444  searchobserver.py:83
           INFO     Iteration:     814, Coverage: 0.144444  searchobserver.py:83
           INFO     Iteration:     815, Coverage: 0.144444  searchobserver.py:83
[05:04:51] INFO     Iteration:     816, Coverage: 0.144444  searchobserver.py:83
           INFO     Iteration:     817, Coverage: 0.144444  searchobserver.py:83
           INFO     Iteration:     818, Coverage: 0.144444  searchobserver.py:83
           INFO     Iteration:     819, Coverage: 0.144444  searchobserver.py:83
[05:04:52] INFO     Iteration:     820, Coverage: 0.144444  searchobserver.py:83
           INFO     Iteration:     821, Coverage: 0.144444  searchobserver.py:83
           INFO     Iteration:     822, Coverage: 0.144444  searchobserver.py:83
[05:04:53] INFO     Iteration:     823, Coverage: 0.144444  searchobserver.py:83
           INFO     Iteration:     824, Coverage: 0.144444  searchobserver.py:83
           INFO     Iteration:     825, Coverage: 0.144444  searchobserver.py:83
           INFO     Iteration:     826, Coverage: 0.144444  searchobserver.py:83
[05:04:54] INFO     Iteration:     827, Coverage: 0.144444  searchobserver.py:83
           INFO     Iteration:     828, Coverage: 0.144444  searchobserver.py:83
           INFO     Iteration:     829, Coverage: 0.144444  searchobserver.py:83
[05:04:55] INFO     Iteration:     830, Coverage: 0.144444  searchobserver.py:83
           INFO     Iteration:     831, Coverage: 0.144444  searchobserver.py:83
           INFO     Iteration:     832, Coverage: 0.144444  searchobserver.py:83
           INFO     Iteration:     833, Coverage: 0.144444  searchobserver.py:83
[05:04:56] INFO     Iteration:     834, Coverage: 0.144444  searchobserver.py:83
           INFO     Iteration:     835, Coverage: 0.144444  searchobserver.py:83
           INFO     Iteration:     836, Coverage: 0.144444  searchobserver.py:83
           INFO     Iteration:     837, Coverage: 0.144444  searchobserver.py:83
[05:04:57] INFO     Iteration:     838, Coverage: 0.144444  searchobserver.py:83
           INFO     Iteration:     839, Coverage: 0.144444  searchobserver.py:83
           INFO     Iteration:     840, Coverage: 0.144444  searchobserver.py:83
[05:04:58] INFO     Iteration:     841, Coverage: 0.144444  searchobserver.py:83
           INFO     Iteration:     842, Coverage: 0.144444  searchobserver.py:83
           INFO     Iteration:     843, Coverage: 0.144444  searchobserver.py:83
           INFO     Iteration:     844, Coverage: 0.144444  searchobserver.py:83
Exception ignored in: <function _TemporaryFileCloser.__del__ at 0x7fa8bb6e6320>
Traceback (most recent call last):
  File "/opt/conda/lib/python3.10/tempfile.py", line 466, in __del__
    self.close()
  File "/opt/conda/lib/python3.10/tempfile.py", line 459, in close
    self.file.close()
AttributeError: 'dict' object has no attribute 'close'
[05:04:59] INFO     Iteration:     845, Coverage: 0.144444  searchobserver.py:83
           INFO     Iteration:     846, Coverage: 0.144444  searchobserver.py:83
           INFO     Iteration:     847, Coverage: 0.144444  searchobserver.py:83
[05:05:00] INFO     Iteration:     848, Coverage: 0.144444  searchobserver.py:83
           INFO     Iteration:     849, Coverage: 0.144444  searchobserver.py:83
           INFO     Iteration:     850, Coverage: 0.144444  searchobserver.py:83
           INFO     Iteration:     851, Coverage: 0.144444  searchobserver.py:83
[05:05:01] INFO     Iteration:     852, Coverage: 0.144444  searchobserver.py:83
           INFO     Iteration:     853, Coverage: 0.144444  searchobserver.py:83
           INFO     Iteration:     854, Coverage: 0.144444  searchobserver.py:83
           INFO     Iteration:     855, Coverage: 0.144444  searchobserver.py:83
[05:05:02] INFO     Iteration:     856, Coverage: 0.144444  searchobserver.py:83
           INFO     Iteration:     857, Coverage: 0.144444  searchobserver.py:83
           INFO     Iteration:     858, Coverage: 0.144444  searchobserver.py:83
[05:05:03] INFO     Iteration:     859, Coverage: 0.144444  searchobserver.py:83
           INFO     Iteration:     860, Coverage: 0.144444  searchobserver.py:83
           INFO     Iteration:     861, Coverage: 0.144444  searchobserver.py:83
[05:05:04] INFO     Iteration:     862, Coverage: 0.144444  searchobserver.py:83
           INFO     Iteration:     863, Coverage: 0.144444  searchobserver.py:83
           INFO     Iteration:     864, Coverage: 0.144444  searchobserver.py:83
[05:05:05] INFO     Iteration:     865, Coverage: 0.144444  searchobserver.py:83
           INFO     Iteration:     866, Coverage: 0.144444  searchobserver.py:83
           INFO     Iteration:     867, Coverage: 0.144444  searchobserver.py:83
           INFO     Iteration:     868, Coverage: 0.144444  searchobserver.py:83
[05:05:06] INFO     Iteration:     869, Coverage: 0.144444  searchobserver.py:83
           INFO     Iteration:     870, Coverage: 0.144444  searchobserver.py:83
           INFO     Iteration:     871, Coverage: 0.144444  searchobserver.py:83
           INFO     Iteration:     872, Coverage: 0.144444  searchobserver.py:83
[05:05:07] INFO     Iteration:     873, Coverage: 0.144444  searchobserver.py:83
           INFO     Iteration:     874, Coverage: 0.144444  searchobserver.py:83
           INFO     Iteration:     875, Coverage: 0.144444  searchobserver.py:83
           INFO     Iteration:     876, Coverage: 0.144444  searchobserver.py:83
[05:05:08] INFO     Iteration:     877, Coverage: 0.144444  searchobserver.py:83
           INFO     Iteration:     878, Coverage: 0.144444  searchobserver.py:83
           INFO     Iteration:     879, Coverage: 0.144444  searchobserver.py:83
[05:05:09] INFO     Iteration:     880, Coverage: 0.144444  searchobserver.py:83
           INFO     Iteration:     881, Coverage: 0.144444  searchobserver.py:83
           INFO     Iteration:     882, Coverage: 0.144444  searchobserver.py:83
[05:05:10] INFO     Iteration:     883, Coverage: 0.144444  searchobserver.py:83
           INFO     Iteration:     884, Coverage: 0.144444  searchobserver.py:83
           INFO     Iteration:     885, Coverage: 0.144444  searchobserver.py:83
           INFO     Iteration:     886, Coverage: 0.144444  searchobserver.py:83
[05:05:11] INFO     Iteration:     887, Coverage: 0.144444  searchobserver.py:83
           INFO     Iteration:     888, Coverage: 0.144444  searchobserver.py:83
           INFO     Iteration:     889, Coverage: 0.144444  searchobserver.py:83
[05:05:12] INFO     Iteration:     890, Coverage: 0.144444  searchobserver.py:83
           INFO     Iteration:     891, Coverage: 0.144444  searchobserver.py:83
           INFO     Iteration:     892, Coverage: 0.144444  searchobserver.py:83
           INFO     Iteration:     893, Coverage: 0.144444  searchobserver.py:83
[05:05:13] INFO     Iteration:     894, Coverage: 0.144444  searchobserver.py:83
           INFO     Iteration:     895, Coverage: 0.144444  searchobserver.py:83
           INFO     Iteration:     896, Coverage: 0.144444  searchobserver.py:83
[05:05:14] INFO     Iteration:     897, Coverage: 0.144444  searchobserver.py:83
           INFO     Iteration:     898, Coverage: 0.144444  searchobserver.py:83
           INFO     Iteration:     899, Coverage: 0.144444  searchobserver.py:83
[05:05:15] INFO     Iteration:     900, Coverage: 0.144444  searchobserver.py:83
           INFO     Iteration:     901, Coverage: 0.144444  searchobserver.py:83
           INFO     Iteration:     902, Coverage: 0.144444  searchobserver.py:83
           INFO     Iteration:     903, Coverage: 0.144444  searchobserver.py:83
[05:05:16] INFO     Iteration:     904, Coverage: 0.144444  searchobserver.py:83
           INFO     Iteration:     905, Coverage: 0.144444  searchobserver.py:83
           INFO     Iteration:     906, Coverage: 0.144444  searchobserver.py:83
           INFO     Iteration:     907, Coverage: 0.144444  searchobserver.py:83
[05:05:17] INFO     Iteration:     908, Coverage: 0.144444  searchobserver.py:83
           INFO     Iteration:     909, Coverage: 0.144444  searchobserver.py:83
           INFO     Iteration:     910, Coverage: 0.144444  searchobserver.py:83
[05:05:18] INFO     Iteration:     911, Coverage: 0.144444  searchobserver.py:83
           INFO     Iteration:     912, Coverage: 0.144444  searchobserver.py:83
           INFO     Iteration:     913, Coverage: 0.144444  searchobserver.py:83
           INFO     Iteration:     914, Coverage: 0.144444  searchobserver.py:83
[05:05:19] INFO     Iteration:     915, Coverage: 0.144444  searchobserver.py:83
           INFO     Iteration:     916, Coverage: 0.144444  searchobserver.py:83
           INFO     Iteration:     917, Coverage: 0.144444  searchobserver.py:83
[05:05:20] INFO     Iteration:     918, Coverage: 0.144444  searchobserver.py:83
           INFO     Iteration:     919, Coverage: 0.144444  searchobserver.py:83
           INFO     Iteration:     920, Coverage: 0.144444  searchobserver.py:83
           INFO     Iteration:     921, Coverage: 0.144444  searchobserver.py:83
[05:05:21] INFO     Iteration:     922, Coverage: 0.144444  searchobserver.py:83
           INFO     Iteration:     923, Coverage: 0.144444  searchobserver.py:83
           INFO     Iteration:     924, Coverage: 0.144444  searchobserver.py:83
           INFO     Iteration:     925, Coverage: 0.144444  searchobserver.py:83
[05:05:22] INFO     Iteration:     926, Coverage: 0.144444  searchobserver.py:83
           INFO     Iteration:     927, Coverage: 0.144444  searchobserver.py:83
           INFO     Iteration:     928, Coverage: 0.144444  searchobserver.py:83
           INFO     Iteration:     929, Coverage: 0.144444  searchobserver.py:83
[05:05:23] INFO     Iteration:     930, Coverage: 0.144444  searchobserver.py:83
           INFO     Iteration:     931, Coverage: 0.144444  searchobserver.py:83
           INFO     Iteration:     932, Coverage: 0.144444  searchobserver.py:83
[05:05:24] INFO     Iteration:     933, Coverage: 0.144444  searchobserver.py:83
           INFO     Iteration:     934, Coverage: 0.144444  searchobserver.py:83
           INFO     Iteration:     935, Coverage: 0.144444  searchobserver.py:83
           INFO     Iteration:     936, Coverage: 0.144444  searchobserver.py:83
[05:05:25] INFO     Iteration:     937, Coverage: 0.144444  searchobserver.py:83
           INFO     Iteration:     938, Coverage: 0.144444  searchobserver.py:83
           INFO     Iteration:     939, Coverage: 0.144444  searchobserver.py:83
           INFO     Iteration:     940, Coverage: 0.144444  searchobserver.py:83
[05:05:26] INFO     Iteration:     941, Coverage: 0.144444  searchobserver.py:83
           INFO     Iteration:     942, Coverage: 0.144444  searchobserver.py:83
           INFO     Iteration:     943, Coverage: 0.144444  searchobserver.py:83
           INFO     Iteration:     944, Coverage: 0.144444  searchobserver.py:83
[05:05:27] INFO     Iteration:     945, Coverage: 0.144444  searchobserver.py:83
           INFO     Iteration:     946, Coverage: 0.144444  searchobserver.py:83
           INFO     Iteration:     947, Coverage: 0.144444  searchobserver.py:83
           INFO     Iteration:     948, Coverage: 0.144444  searchobserver.py:83
[05:05:28] INFO     Iteration:     949, Coverage: 0.144444  searchobserver.py:83
           INFO     Iteration:     950, Coverage: 0.144444  searchobserver.py:83
           INFO     Iteration:     951, Coverage: 0.144444  searchobserver.py:83
           INFO     Iteration:     952, Coverage: 0.144444  searchobserver.py:83
[05:05:29] INFO     Iteration:     953, Coverage: 0.144444  searchobserver.py:83
           INFO     Iteration:     954, Coverage: 0.144444  searchobserver.py:83
           INFO     Iteration:     955, Coverage: 0.144444  searchobserver.py:83
           INFO     Iteration:     956, Coverage: 0.144444  searchobserver.py:83
[05:05:30] INFO     Iteration:     957, Coverage: 0.144444  searchobserver.py:83
           INFO     Iteration:     958, Coverage: 0.144444  searchobserver.py:83
           INFO     Iteration:     959, Coverage: 0.144444  searchobserver.py:83
[05:05:31] INFO     Iteration:     960, Coverage: 0.144444  searchobserver.py:83
           INFO     Iteration:     961, Coverage: 0.144444  searchobserver.py:83
           INFO     Iteration:     962, Coverage: 0.144444  searchobserver.py:83
           INFO     Iteration:     963, Coverage: 0.144444  searchobserver.py:83
[05:05:32] INFO     Iteration:     964, Coverage: 0.144444  searchobserver.py:83
           INFO     Iteration:     965, Coverage: 0.144444  searchobserver.py:83
           INFO     Iteration:     966, Coverage: 0.144444  searchobserver.py:83
           INFO     Iteration:     967, Coverage: 0.144444  searchobserver.py:83
[05:05:33] INFO     Iteration:     968, Coverage: 0.144444  searchobserver.py:83
           INFO     Iteration:     969, Coverage: 0.144444  searchobserver.py:83
           INFO     Iteration:     970, Coverage: 0.144444  searchobserver.py:83
[05:05:34] INFO     Iteration:     971, Coverage: 0.144444  searchobserver.py:83
           INFO     Iteration:     972, Coverage: 0.144444  searchobserver.py:83
           INFO     Iteration:     973, Coverage: 0.144444  searchobserver.py:83
           INFO     Iteration:     974, Coverage: 0.144444  searchobserver.py:83
[05:05:35] INFO     Iteration:     975, Coverage: 0.144444  searchobserver.py:83
           INFO     Iteration:     976, Coverage: 0.144444  searchobserver.py:83
           INFO     Iteration:     977, Coverage: 0.144444  searchobserver.py:83
           INFO     Iteration:     978, Coverage: 0.144444  searchobserver.py:83
[05:05:36] INFO     Iteration:     979, Coverage: 0.144444  searchobserver.py:83
           INFO     Iteration:     980, Coverage: 0.144444  searchobserver.py:83
           INFO     Iteration:     981, Coverage: 0.144444  searchobserver.py:83
           INFO     Iteration:     982, Coverage: 0.144444  searchobserver.py:83
[05:05:37] INFO     Iteration:     983, Coverage: 0.144444  searchobserver.py:83
           INFO     Iteration:     984, Coverage: 0.144444  searchobserver.py:83
           INFO     Iteration:     985, Coverage: 0.144444  searchobserver.py:83
           INFO     Iteration:     986, Coverage: 0.144444  searchobserver.py:83
[05:05:38] INFO     Iteration:     987, Coverage: 0.144444  searchobserver.py:83
           INFO     Iteration:     988, Coverage: 0.144444  searchobserver.py:83
           INFO     Iteration:     989, Coverage: 0.144444  searchobserver.py:83
           INFO     Iteration:     990, Coverage: 0.144444  searchobserver.py:83
[05:05:39] INFO     Iteration:     991, Coverage: 0.144444  searchobserver.py:83
           INFO     Iteration:     992, Coverage: 0.144444  searchobserver.py:83
           INFO     Iteration:     993, Coverage: 0.144444  searchobserver.py:83
Exception ignored in: <function _TemporaryFileCloser.__del__ at 0x7fa8bb6e6320>
Traceback (most recent call last):
  File "/opt/conda/lib/python3.10/tempfile.py", line 466, in __del__
    self.close()
  File "/opt/conda/lib/python3.10/tempfile.py", line 462, in close
    unlink(self.name)
FileNotFoundError: [Errno 2] No such file or directory: b'3'
           INFO     Iteration:     994, Coverage: 0.144444  searchobserver.py:83
[05:05:40] INFO     Iteration:     995, Coverage: 0.144444  searchobserver.py:83
           INFO     Iteration:     996, Coverage: 0.144444  searchobserver.py:83
Exception ignored in: <function _TemporaryFileCloser.__del__ at 0x7fa8bb6e6320>
Traceback (most recent call last):
  File "/opt/conda/lib/python3.10/tempfile.py", line 466, in __del__
    self.close()
  File "/opt/conda/lib/python3.10/tempfile.py", line 459, in close
    self.file.close()
AttributeError: 'bytes' object has no attribute 'close'
           INFO     Iteration:     997, Coverage: 0.144444  searchobserver.py:83
           INFO     Iteration:     998, Coverage: 0.144444  searchobserver.py:83
[05:05:41] INFO     Iteration:     999, Coverage: 0.144444  searchobserver.py:83
           INFO     Iteration:    1000, Coverage: 0.144444  searchobserver.py:83
           INFO     Iteration:    1001, Coverage: 0.144444  searchobserver.py:83
[05:05:42] INFO     Iteration:    1002, Coverage: 0.144444  searchobserver.py:83
           INFO     Iteration:    1003, Coverage: 0.144444  searchobserver.py:83
           INFO     Iteration:    1004, Coverage: 0.144444  searchobserver.py:83
[05:05:43] INFO     Iteration:    1005, Coverage: 0.144444  searchobserver.py:83
           INFO     Iteration:    1006, Coverage: 0.144444  searchobserver.py:83
Exception ignored in: <function _TemporaryFileCloser.__del__ at 0x7fa8bb6e6320>
Traceback (most recent call last):
  File "/opt/conda/lib/python3.10/tempfile.py", line 466, in __del__
    self.close()
  File "/opt/conda/lib/python3.10/tempfile.py", line 459, in close
    self.file.close()
AttributeError: 'bytes' object has no attribute 'close'
           INFO     Iteration:    1007, Coverage: 0.144444  searchobserver.py:83
           INFO     Iteration:    1008, Coverage: 0.144444  searchobserver.py:83
           INFO     Iteration:    1009, Coverage: 0.144444  searchobserver.py:83
[05:05:44] INFO     Iteration:    1010, Coverage: 0.144444  searchobserver.py:83
           INFO     Iteration:    1011, Coverage: 0.144444  searchobserver.py:83
           INFO     Iteration:    1012, Coverage: 0.144444  searchobserver.py:83
[05:05:45] INFO     Iteration:    1013, Coverage: 0.144444  searchobserver.py:83
           INFO     Iteration:    1014, Coverage: 0.144444  searchobserver.py:83
           INFO     Iteration:    1015, Coverage: 0.144444  searchobserver.py:83
           INFO     Iteration:    1016, Coverage: 0.144444  searchobserver.py:83
[05:05:46] INFO     Iteration:    1017, Coverage: 0.144444  searchobserver.py:83
           INFO     Iteration:    1018, Coverage: 0.144444  searchobserver.py:83
           INFO     Iteration:    1019, Coverage: 0.144444  searchobserver.py:83
           INFO     Iteration:    1020, Coverage: 0.144444  searchobserver.py:83
[05:05:47] INFO     Iteration:    1021, Coverage: 0.144444  searchobserver.py:83
           INFO     Iteration:    1022, Coverage: 0.144444  searchobserver.py:83
[05:05:48] INFO     Iteration:    1023, Coverage: 0.144444  searchobserver.py:83
           INFO     Iteration:    1024, Coverage: 0.144444  searchobserver.py:83
           INFO     Iteration:    1025, Coverage: 0.144444  searchobserver.py:83
[05:05:49] INFO     Iteration:    1026, Coverage: 0.144444  searchobserver.py:83
           INFO     Stopping condition reached                  generator.py:531
           INFO     Used search time: 300/300                   generator.py:533
           INFO     Stop generating test cases                  generator.py:534
           INFO     Start generating assertions                 generator.py:664
           INFO     Setup mutation generator                    generator.py:637
           INFO     Import module update                        generator.py:640
           INFO     Build AST for update                        generator.py:643
           INFO     Mutate module update                        generator.py:648
           INFO     Generated 249 mutants                       generator.py:657
           INFO     Running tests on mutant   1/249    assertiongenerator.py:346
           INFO     Running tests on mutant   2/249    assertiongenerator.py:346
[05:05:50] INFO     Running tests on mutant   3/249    assertiongenerator.py:346
           INFO     Running tests on mutant   4/249    assertiongenerator.py:346
           INFO     Running tests on mutant   5/249    assertiongenerator.py:346
           INFO     Running tests on mutant   6/249    assertiongenerator.py:346
           INFO     Running tests on mutant   7/249    assertiongenerator.py:346
           INFO     Running tests on mutant   8/249    assertiongenerator.py:346
           INFO     Running tests on mutant   9/249    assertiongenerator.py:346
           INFO     Running tests on mutant  10/249    assertiongenerator.py:346
           INFO     Running tests on mutant  11/249    assertiongenerator.py:346
[05:05:51] INFO     Running tests on mutant  12/249    assertiongenerator.py:346
           INFO     Running tests on mutant  13/249    assertiongenerator.py:346
           INFO     Running tests on mutant  14/249    assertiongenerator.py:346
           INFO     Running tests on mutant  15/249    assertiongenerator.py:346
           INFO     Running tests on mutant  16/249    assertiongenerator.py:346
           INFO     Running tests on mutant  17/249    assertiongenerator.py:346
           INFO     Running tests on mutant  18/249    assertiongenerator.py:346
           INFO     Running tests on mutant  19/249    assertiongenerator.py:346
           INFO     Running tests on mutant  20/249    assertiongenerator.py:346
[05:05:52] INFO     Running tests on mutant  21/249    assertiongenerator.py:346
           INFO     Running tests on mutant  22/249    assertiongenerator.py:346
           INFO     Running tests on mutant  23/249    assertiongenerator.py:346
[05:05:53] INFO     Running tests on mutant  24/249    assertiongenerator.py:346
           INFO     Running tests on mutant  25/249    assertiongenerator.py:346
           INFO     Running tests on mutant  26/249    assertiongenerator.py:346
           INFO     Running tests on mutant  27/249    assertiongenerator.py:346
           INFO     Running tests on mutant  28/249    assertiongenerator.py:346
[05:05:54] INFO     Running tests on mutant  29/249    assertiongenerator.py:346
           INFO     Running tests on mutant  30/249    assertiongenerator.py:346
           INFO     Running tests on mutant  31/249    assertiongenerator.py:346
           ERROR    Exception in Thread: <Thread(Thread-32339  execution.py:2164
                    (_execute_test_case), started daemon                        
                    140362349803264)>                                           
                    â•­â”€â”€ Traceback (most recent call last) â”€â”€â”€â•®                  
                    â”‚ /opt/conda/lib/python3.10/threading.py â”‚                  
                    â”‚ :1016 in _bootstrap_inner              â”‚                  
                    â”‚                                        â”‚                  
                    â”‚   1013 â”‚   â”‚   â”‚   â”‚   _sys.setprofile â”‚                  
                    â”‚   1014 â”‚   â”‚   â”‚                       â”‚                  
                    â”‚   1015 â”‚   â”‚   â”‚   try:                â”‚                  
                    â”‚ â± 1016 â”‚   â”‚   â”‚   â”‚   self.run()      â”‚                  
                    â”‚   1017 â”‚   â”‚   â”‚   except:             â”‚                  
                    â”‚   1018 â”‚   â”‚   â”‚   â”‚   self._invoke_ex â”‚                  
                    â”‚   1019 â”‚   â”‚   finally:                â”‚                  
                    â”‚                                        â”‚                  
                    â”‚ /opt/conda/lib/python3.10/threading.py â”‚                  
                    â”‚ :953 in run                            â”‚                  
                    â”‚                                        â”‚                  
                    â”‚    950 â”‚   â”‚   """                     â”‚                  
                    â”‚    951 â”‚   â”‚   try:                    â”‚                  
                    â”‚    952 â”‚   â”‚   â”‚   if self._target is  â”‚                  
                    â”‚ â±  953 â”‚   â”‚   â”‚   â”‚   self._target(*s â”‚                  
                    â”‚    954 â”‚   â”‚   finally:                â”‚                  
                    â”‚    955 â”‚   â”‚   â”‚   # Avoid a refcycle  â”‚                  
                    â”‚    956 â”‚   â”‚   â”‚   # an argument that  â”‚                  
                    â”‚                                        â”‚                  
                    â”‚ /opt/conda/lib/python3.10/site-package â”‚                  
                    â”‚ s/pynguin/testcase/execution.py:2268   â”‚                  
                    â”‚ in _execute_test_case                  â”‚                  
                    â”‚                                        â”‚                  
                    â”‚   2265 â”‚   â”‚   for idx, statement in e â”‚                  
                    â”‚   2266 â”‚   â”‚   â”‚   ast_node = self._be â”‚                  
                    â”‚   2267 â”‚   â”‚   â”‚   exception = self.ex â”‚                  
                    â”‚ â± 2268 â”‚   â”‚   â”‚   self._after_stateme â”‚                  
                    â”‚   2269 â”‚   â”‚   â”‚   if exception is not â”‚                  
                    â”‚   2270 â”‚   â”‚   â”‚   â”‚   result.report_n â”‚                  
                    â”‚   2271 â”‚   â”‚   â”‚   â”‚   break           â”‚                  
                    â”‚                                        â”‚                  
                    â”‚ /opt/conda/lib/python3.10/site-package â”‚                  
                    â”‚ s/pynguin/testcase/execution.py:2369   â”‚                  
                    â”‚ in _after_statement_execution          â”‚                  
                    â”‚                                        â”‚                  
                    â”‚   2366 â”‚   â”‚   # See comments in _befo â”‚                  
                    â”‚   2367 â”‚   â”‚   if self.tracer.current_ â”‚                  
                    â”‚   2368 â”‚   â”‚   â”‚   # Kill this thread  â”‚                  
                    â”‚ â± 2369 â”‚   â”‚   â”‚   raise RuntimeError( â”‚                  
                    â”‚   2370 â”‚   â”‚   â”‚   â”‚   "The current th â”‚                  
                    â”‚   2371 â”‚   â”‚   â”‚   )                   â”‚                  
                    â”‚   2372                                 â”‚                  
                    â•°â”€â”€â”€â”€â”€â”€â”€â”€â”€â”€â”€â”€â”€â”€â”€â”€â”€â”€â”€â”€â”€â”€â”€â”€â”€â”€â”€â”€â”€â”€â”€â”€â”€â”€â”€â”€â”€â”€â”€â”€â•¯                  
                    RuntimeError: The current thread shall not                  
                    be executed any more, thus I kill it.                       
           INFO     Running tests on mutant  32/249    assertiongenerator.py:346
           INFO     Running tests on mutant  33/249    assertiongenerator.py:346
           INFO     Running tests on mutant  34/249    assertiongenerator.py:346
           INFO     Running tests on mutant  35/249    assertiongenerator.py:346
[05:05:57] INFO     Running tests on mutant  36/249    assertiongenerator.py:346
           INFO     Running tests on mutant  37/249    assertiongenerator.py:346
           INFO     Running tests on mutant  38/249    assertiongenerator.py:346
           INFO     Running tests on mutant  39/249    assertiongenerator.py:346
           INFO     Running tests on mutant  40/249    assertiongenerator.py:346
           INFO     Running tests on mutant  41/249    assertiongenerator.py:346
[05:05:58] INFO     Running tests on mutant  42/249    assertiongenerator.py:346
           INFO     Running tests on mutant  43/249    assertiongenerator.py:346
           INFO     Running tests on mutant  44/249    assertiongenerator.py:346
           INFO     Running tests on mutant  45/249    assertiongenerator.py:346
           INFO     Running tests on mutant  46/249    assertiongenerator.py:346
           INFO     Running tests on mutant  47/249    assertiongenerator.py:346
           INFO     Running tests on mutant  48/249    assertiongenerator.py:346
[05:05:59] INFO     Running tests on mutant  49/249    assertiongenerator.py:346
           INFO     Running tests on mutant  50/249    assertiongenerator.py:346
           INFO     Running tests on mutant  51/249    assertiongenerator.py:346
           INFO     Running tests on mutant  52/249    assertiongenerator.py:346
           INFO     Running tests on mutant  53/249    assertiongenerator.py:346
           INFO     Running tests on mutant  54/249    assertiongenerator.py:346
           INFO     Running tests on mutant  55/249    assertiongenerator.py:346
           INFO     Running tests on mutant  56/249    assertiongenerator.py:346
           INFO     Running tests on mutant  57/249    assertiongenerator.py:346
[05:06:00] INFO     Running tests on mutant  58/249    assertiongenerator.py:346
           INFO     Running tests on mutant  59/249    assertiongenerator.py:346
           INFO     Running tests on mutant  60/249    assertiongenerator.py:346
           INFO     Running tests on mutant  61/249    assertiongenerator.py:346
           INFO     Running tests on mutant  62/249    assertiongenerator.py:346
           INFO     Running tests on mutant  63/249    assertiongenerator.py:346
           INFO     Running tests on mutant  64/249    assertiongenerator.py:346
           INFO     Running tests on mutant  65/249    assertiongenerator.py:346
           INFO     Running tests on mutant  66/249    assertiongenerator.py:346
[05:06:01] INFO     Running tests on mutant  67/249    assertiongenerator.py:346
           INFO     Running tests on mutant  68/249    assertiongenerator.py:346
           INFO     Running tests on mutant  69/249    assertiongenerator.py:346
           INFO     Running tests on mutant  70/249    assertiongenerator.py:346
           INFO     Running tests on mutant  71/249    assertiongenerator.py:346
           INFO     Running tests on mutant  72/249    assertiongenerator.py:346
           INFO     Running tests on mutant  73/249    assertiongenerator.py:346
           INFO     Running tests on mutant  74/249    assertiongenerator.py:346
           INFO     Running tests on mutant  75/249    assertiongenerator.py:346
           INFO     Running tests on mutant  76/249    assertiongenerator.py:346
[05:06:02] INFO     Running tests on mutant  77/249    assertiongenerator.py:346
           INFO     Running tests on mutant  78/249    assertiongenerator.py:346
           INFO     Running tests on mutant  79/249    assertiongenerator.py:346
           INFO     Running tests on mutant  80/249    assertiongenerator.py:346
           INFO     Running tests on mutant  81/249    assertiongenerator.py:346
           INFO     Running tests on mutant  82/249    assertiongenerator.py:346
           INFO     Running tests on mutant  83/249    assertiongenerator.py:346
[05:06:03] INFO     Running tests on mutant  84/249    assertiongenerator.py:346
           INFO     Running tests on mutant  85/249    assertiongenerator.py:346
           INFO     Running tests on mutant  86/249    assertiongenerator.py:346
           INFO     Running tests on mutant  87/249    assertiongenerator.py:346
           INFO     Running tests on mutant  88/249    assertiongenerator.py:346
           INFO     Running tests on mutant  89/249    assertiongenerator.py:346
           INFO     Running tests on mutant  90/249    assertiongenerator.py:346
           INFO     Running tests on mutant  91/249    assertiongenerator.py:346
           INFO     Running tests on mutant  92/249    assertiongenerator.py:346
[05:06:04] INFO     Running tests on mutant  93/249    assertiongenerator.py:346
           INFO     Running tests on mutant  94/249    assertiongenerator.py:346
           INFO     Running tests on mutant  95/249    assertiongenerator.py:346
           INFO     Running tests on mutant  96/249    assertiongenerator.py:346
           INFO     Running tests on mutant  97/249    assertiongenerator.py:346
           INFO     Running tests on mutant  98/249    assertiongenerator.py:346
           INFO     Running tests on mutant  99/249    assertiongenerator.py:346
           INFO     Running tests on mutant 100/249    assertiongenerator.py:346
           INFO     Running tests on mutant 101/249    assertiongenerator.py:346
[05:06:05] INFO     Running tests on mutant 102/249    assertiongenerator.py:346
           INFO     Running tests on mutant 103/249    assertiongenerator.py:346
           INFO     Running tests on mutant 104/249    assertiongenerator.py:346
           INFO     Running tests on mutant 105/249    assertiongenerator.py:346
           INFO     Running tests on mutant 106/249    assertiongenerator.py:346
           INFO     Running tests on mutant 107/249    assertiongenerator.py:346
           INFO     Running tests on mutant 108/249    assertiongenerator.py:346
           INFO     Running tests on mutant 109/249    assertiongenerator.py:346
[05:06:06] INFO     Running tests on mutant 110/249    assertiongenerator.py:346
           INFO     Running tests on mutant 111/249    assertiongenerator.py:346
           INFO     Running tests on mutant 112/249    assertiongenerator.py:346
           INFO     Running tests on mutant 113/249    assertiongenerator.py:346
           INFO     Running tests on mutant 114/249    assertiongenerator.py:346
           INFO     Running tests on mutant 115/249    assertiongenerator.py:346
           INFO     Running tests on mutant 116/249    assertiongenerator.py:346
           INFO     Running tests on mutant 117/249    assertiongenerator.py:346
           INFO     Running tests on mutant 118/249    assertiongenerator.py:346
[05:06:07] INFO     Running tests on mutant 119/249    assertiongenerator.py:346
           INFO     Running tests on mutant 120/249    assertiongenerator.py:346
           INFO     Running tests on mutant 121/249    assertiongenerator.py:346
           INFO     Running tests on mutant 122/249    assertiongenerator.py:346
           INFO     Running tests on mutant 123/249    assertiongenerator.py:346
           INFO     Running tests on mutant 124/249    assertiongenerator.py:346
           INFO     Running tests on mutant 125/249    assertiongenerator.py:346
           INFO     Running tests on mutant 126/249    assertiongenerator.py:346
[05:06:08] INFO     Running tests on mutant 127/249    assertiongenerator.py:346
           INFO     Running tests on mutant 128/249    assertiongenerator.py:346
           INFO     Running tests on mutant 129/249    assertiongenerator.py:346
           INFO     Running tests on mutant 130/249    assertiongenerator.py:346
           INFO     Running tests on mutant 131/249    assertiongenerator.py:346
           INFO     Running tests on mutant 132/249    assertiongenerator.py:346
           INFO     Running tests on mutant 133/249    assertiongenerator.py:346
           INFO     Running tests on mutant 134/249    assertiongenerator.py:346
           INFO     Running tests on mutant 135/249    assertiongenerator.py:346
[05:06:09] INFO     Running tests on mutant 136/249    assertiongenerator.py:346
           INFO     Running tests on mutant 137/249    assertiongenerator.py:346
           INFO     Running tests on mutant 138/249    assertiongenerator.py:346
           INFO     Running tests on mutant 139/249    assertiongenerator.py:346
           INFO     Running tests on mutant 140/249    assertiongenerator.py:346
           INFO     Running tests on mutant 141/249    assertiongenerator.py:346
           INFO     Running tests on mutant 142/249    assertiongenerator.py:346
           INFO     Running tests on mutant 143/249    assertiongenerator.py:346
[05:06:10] INFO     Running tests on mutant 144/249    assertiongenerator.py:346
           INFO     Running tests on mutant 145/249    assertiongenerator.py:346
           INFO     Running tests on mutant 146/249    assertiongenerator.py:346
           INFO     Running tests on mutant 147/249    assertiongenerator.py:346
           INFO     Running tests on mutant 148/249    assertiongenerator.py:346
           INFO     Running tests on mutant 149/249    assertiongenerator.py:346
           INFO     Running tests on mutant 150/249    assertiongenerator.py:346
           INFO     Running tests on mutant 151/249    assertiongenerator.py:346
           INFO     Running tests on mutant 152/249    assertiongenerator.py:346
[05:06:11] INFO     Running tests on mutant 153/249    assertiongenerator.py:346
           INFO     Running tests on mutant 154/249    assertiongenerator.py:346
           INFO     Running tests on mutant 155/249    assertiongenerator.py:346
           INFO     Running tests on mutant 156/249    assertiongenerator.py:346
           INFO     Running tests on mutant 157/249    assertiongenerator.py:346
           INFO     Running tests on mutant 158/249    assertiongenerator.py:346
           INFO     Running tests on mutant 159/249    assertiongenerator.py:346
           INFO     Running tests on mutant 160/249    assertiongenerator.py:346
           INFO     Running tests on mutant 161/249    assertiongenerator.py:346
[05:06:12] INFO     Running tests on mutant 162/249    assertiongenerator.py:346
           INFO     Running tests on mutant 163/249    assertiongenerator.py:346
           INFO     Running tests on mutant 164/249    assertiongenerator.py:346
           INFO     Running tests on mutant 165/249    assertiongenerator.py:346
           INFO     Running tests on mutant 166/249    assertiongenerator.py:346
           INFO     Running tests on mutant 167/249    assertiongenerator.py:346
           INFO     Running tests on mutant 168/249    assertiongenerator.py:346
           INFO     Running tests on mutant 169/249    assertiongenerator.py:346
           INFO     Running tests on mutant 170/249    assertiongenerator.py:346
[05:06:13] INFO     Running tests on mutant 171/249    assertiongenerator.py:346
           INFO     Running tests on mutant 172/249    assertiongenerator.py:346
           INFO     Running tests on mutant 173/249    assertiongenerator.py:346
           INFO     Running tests on mutant 174/249    assertiongenerator.py:346
           INFO     Running tests on mutant 175/249    assertiongenerator.py:346
           INFO     Running tests on mutant 176/249    assertiongenerator.py:346
           INFO     Running tests on mutant 177/249    assertiongenerator.py:346
[05:06:14] INFO     Running tests on mutant 178/249    assertiongenerator.py:346
           INFO     Running tests on mutant 179/249    assertiongenerator.py:346
           INFO     Running tests on mutant 180/249    assertiongenerator.py:346
           INFO     Running tests on mutant 181/249    assertiongenerator.py:346
           INFO     Running tests on mutant 182/249    assertiongenerator.py:346
           INFO     Running tests on mutant 183/249    assertiongenerator.py:346
           INFO     Running tests on mutant 184/249    assertiongenerator.py:346
           INFO     Running tests on mutant 185/249    assertiongenerator.py:346
           INFO     Running tests on mutant 186/249    assertiongenerator.py:346
[05:06:15] INFO     Running tests on mutant 187/249    assertiongenerator.py:346
           INFO     Running tests on mutant 188/249    assertiongenerator.py:346
           INFO     Running tests on mutant 189/249    assertiongenerator.py:346
           INFO     Running tests on mutant 190/249    assertiongenerator.py:346
           INFO     Running tests on mutant 191/249    assertiongenerator.py:346
           INFO     Running tests on mutant 192/249    assertiongenerator.py:346
           INFO     Running tests on mutant 193/249    assertiongenerator.py:346
           INFO     Running tests on mutant 194/249    assertiongenerator.py:346
           INFO     Running tests on mutant 195/249    assertiongenerator.py:346
[05:06:16] INFO     Running tests on mutant 196/249    assertiongenerator.py:346
           INFO     Running tests on mutant 197/249    assertiongenerator.py:346
           INFO     Running tests on mutant 198/249    assertiongenerator.py:346
           INFO     Running tests on mutant 199/249    assertiongenerator.py:346
           INFO     Running tests on mutant 200/249    assertiongenerator.py:346
           INFO     Running tests on mutant 201/249    assertiongenerator.py:346
           INFO     Running tests on mutant 202/249    assertiongenerator.py:346
           INFO     Running tests on mutant 203/249    assertiongenerator.py:346
[05:06:17] INFO     Running tests on mutant 204/249    assertiongenerator.py:346
           INFO     Running tests on mutant 205/249    assertiongenerator.py:346
           INFO     Running tests on mutant 206/249    assertiongenerator.py:346
           INFO     Running tests on mutant 207/249    assertiongenerator.py:346
           INFO     Running tests on mutant 208/249    assertiongenerator.py:346
           INFO     Running tests on mutant 209/249    assertiongenerator.py:346
           INFO     Running tests on mutant 210/249    assertiongenerator.py:346
           INFO     Running tests on mutant 211/249    assertiongenerator.py:346
[05:06:18] INFO     Running tests on mutant 212/249    assertiongenerator.py:346
           INFO     Running tests on mutant 213/249    assertiongenerator.py:346
           INFO     Running tests on mutant 214/249    assertiongenerator.py:346
           INFO     Running tests on mutant 215/249    assertiongenerator.py:346
           INFO     Running tests on mutant 216/249    assertiongenerator.py:346
           INFO     Running tests on mutant 217/249    assertiongenerator.py:346
           INFO     Running tests on mutant 218/249    assertiongenerator.py:346
           INFO     Running tests on mutant 219/249    assertiongenerator.py:346
           INFO     Running tests on mutant 220/249    assertiongenerator.py:346
[05:06:19] INFO     Running tests on mutant 221/249    assertiongenerator.py:346
           INFO     Running tests on mutant 222/249    assertiongenerator.py:346
           INFO     Running tests on mutant 223/249    assertiongenerator.py:346
           INFO     Running tests on mutant 224/249    assertiongenerator.py:346
           INFO     Running tests on mutant 225/249    assertiongenerator.py:346
           INFO     Running tests on mutant 226/249    assertiongenerator.py:346
           INFO     Running tests on mutant 227/249    assertiongenerator.py:346
           INFO     Running tests on mutant 228/249    assertiongenerator.py:346
[05:06:20] INFO     Running tests on mutant 229/249    assertiongenerator.py:346
           INFO     Running tests on mutant 230/249    assertiongenerator.py:346
           INFO     Running tests on mutant 231/249    assertiongenerator.py:346
           INFO     Running tests on mutant 232/249    assertiongenerator.py:346
           INFO     Running tests on mutant 233/249    assertiongenerator.py:346
           INFO     Running tests on mutant 234/249    assertiongenerator.py:346
           INFO     Running tests on mutant 235/249    assertiongenerator.py:346
           INFO     Running tests on mutant 236/249    assertiongenerator.py:346
           INFO     Running tests on mutant 237/249    assertiongenerator.py:346
[05:06:21] INFO     Running tests on mutant 238/249    assertiongenerator.py:346
           INFO     Running tests on mutant 239/249    assertiongenerator.py:346
           INFO     Running tests on mutant 240/249    assertiongenerator.py:346
           INFO     Running tests on mutant 241/249    assertiongenerator.py:346
           INFO     Running tests on mutant 242/249    assertiongenerator.py:346
           INFO     Running tests on mutant 243/249    assertiongenerator.py:346
           INFO     Running tests on mutant 244/249    assertiongenerator.py:346
[05:06:22] INFO     Running tests on mutant 245/249    assertiongenerator.py:346
           INFO     Running tests on mutant 246/249    assertiongenerator.py:346
           INFO     Running tests on mutant 247/249    assertiongenerator.py:346
           INFO     Running tests on mutant 248/249    assertiongenerator.py:346
           INFO     Running tests on mutant 249/249    assertiongenerator.py:346
           INFO     Mutant 0 killed by Test(s): 0, 1,  assertiongenerator.py:423
                    2, 3, 4, 5, 6, 7, 8, 9                                      
           INFO     Mutant 1 killed by Test(s): 0, 1,  assertiongenerator.py:423
                    2, 3, 4, 5, 6, 7, 8, 9                                      
           INFO     Mutant 2 killed by Test(s): 0, 1,  assertiongenerator.py:423
                    2, 3, 4, 5, 6, 7, 8, 9                                      
           INFO     Mutant 3 killed by Test(s): 0, 1,  assertiongenerator.py:423
                    2, 3, 4, 5, 6, 7, 8, 9                                      
           INFO     Mutant 4 killed by Test(s): 0, 1,  assertiongenerator.py:423
                    2, 3, 4, 5, 6, 7, 8, 9                                      
           INFO     Mutant 5 killed by Test(s): 0, 1,  assertiongenerator.py:423
                    2, 3, 4, 5, 6, 7, 8, 9                                      
           INFO     Mutant 6 killed by Test(s): 0, 1,  assertiongenerator.py:423
                    2, 3, 4, 5, 6, 7, 8, 9                                      
           INFO     Mutant 7 killed by Test(s): 0, 1,  assertiongenerator.py:423
                    2, 3, 4, 5, 6, 7, 8, 9                                      
           INFO     Mutant 8 killed by Test(s): 0, 1,  assertiongenerator.py:423
                    2, 3, 4, 5, 6, 7, 8, 9                                      
           INFO     Mutant 9 killed by Test(s): 0, 1,  assertiongenerator.py:423
                    2, 3, 4, 5, 6, 7, 8, 9                                      
           INFO     Mutant 10 killed by Test(s): 0, 1, assertiongenerator.py:423
                    2, 3, 4, 5, 6, 7, 8, 9                                      
           INFO     Mutant 11 killed by Test(s): 0, 1, assertiongenerator.py:423
                    2, 3, 4, 5, 6, 7, 8, 9                                      
           INFO     Mutant 12 killed by Test(s): 0, 1, assertiongenerator.py:423
                    2, 3, 4, 5, 6, 7, 8, 9                                      
           INFO     Mutant 13 killed by Test(s): 0, 1, assertiongenerator.py:423
                    2, 3, 4, 5, 6, 7, 8, 9                                      
           INFO     Mutant 14 killed by Test(s): 0, 1, assertiongenerator.py:423
                    2, 3, 4, 5, 6, 7, 8, 9                                      
           INFO     Mutant 15 killed by Test(s): 0, 1, assertiongenerator.py:423
                    2, 3, 4, 5, 6, 7, 8, 9                                      
           INFO     Mutant 16 killed by Test(s): 0, 1, assertiongenerator.py:423
                    2, 3, 4, 5, 6, 7, 8, 9                                      
           INFO     Mutant 17 killed by Test(s): 0, 1, assertiongenerator.py:423
                    2, 3, 4, 5, 6, 7, 8, 9                                      
           INFO     Mutant 18 killed by Test(s): 0, 1, assertiongenerator.py:423
                    2, 3, 4, 5, 6, 7, 8, 9                                      
           INFO     Mutant 19 killed by Test(s): 0, 1, assertiongenerator.py:423
                    2, 3, 4, 5, 6, 7, 8, 9                                      
           INFO     Mutant 20 killed by Test(s): 0, 1, assertiongenerator.py:423
                    2, 3, 4, 5, 6, 7, 8, 9                                      
           INFO     Mutant 21 killed by Test(s): 0, 1, assertiongenerator.py:423
                    2, 3, 4, 5, 6, 7, 8, 9                                      
           INFO     Mutant 22 killed by Test(s): 0, 1, assertiongenerator.py:423
                    2, 3, 4, 5, 6, 7, 8, 9                                      
           INFO     Mutant 23 killed by Test(s): 0, 1, assertiongenerator.py:423
                    2, 3, 4, 5, 6, 7, 8, 9                                      
           INFO     Mutant 24 killed by Test(s): 0, 1, assertiongenerator.py:423
                    2, 3, 4, 5, 6, 7, 8, 9                                      
           INFO     Mutant 25 killed by Test(s): 0, 1, assertiongenerator.py:423
                    2, 3, 4, 5, 6, 7, 8, 9                                      
           INFO     Mutant 26 killed by Test(s): 0, 1, assertiongenerator.py:423
                    2, 3, 4, 5, 6, 7, 8, 9                                      
           INFO     Mutant 27 killed by Test(s): 0, 1, assertiongenerator.py:423
                    2, 3, 4, 5, 6, 7, 8, 9                                      
           INFO     Mutant 28 killed by Test(s): 0, 1, assertiongenerator.py:423
                    2, 3, 4, 5, 6, 7, 8, 9                                      
           INFO     Mutant 29 killed by Test(s): 0, 1, assertiongenerator.py:423
                    2, 3, 4, 5, 6, 7, 8, 9                                      
           INFO     Mutant 30 killed by Test(s): 0, 1, assertiongenerator.py:423
                    2                                                           
           INFO     Mutant 31 killed by Test(s): 0, 1, assertiongenerator.py:423
                    2, 3, 4, 5, 6, 7, 8, 9                                      
           INFO     Mutant 32 killed by Test(s): 0, 1, assertiongenerator.py:423
                    2, 3, 4, 5, 6, 7, 8, 9                                      
           INFO     Mutant 33 killed by Test(s): 0, 1, assertiongenerator.py:423
                    2, 3, 4, 5, 6, 7, 8, 9                                      
           INFO     Mutant 34 killed by Test(s): 0, 1, assertiongenerator.py:423
                    2, 3, 4, 5, 6, 7, 8, 9                                      
           INFO     Mutant 35 killed by Test(s): 0, 1, assertiongenerator.py:423
                    2, 3, 4, 5, 6, 7, 8, 9                                      
           INFO     Mutant 36 killed by Test(s): 0, 1, assertiongenerator.py:423
                    2, 3, 4, 5, 6, 7, 8, 9                                      
           INFO     Mutant 37 killed by Test(s): 0, 1, assertiongenerator.py:423
                    2, 3, 4, 5, 6, 7, 8, 9                                      
           INFO     Mutant 38 killed by Test(s): 0, 1, assertiongenerator.py:423
                    2, 3, 4, 5, 6, 7, 8, 9                                      
           INFO     Mutant 39 killed by Test(s): 0, 1, assertiongenerator.py:423
                    2, 3, 4, 5, 6, 7, 8, 9                                      
           INFO     Mutant 40 killed by Test(s): 0, 1, assertiongenerator.py:423
                    2, 3, 4, 5, 6, 7, 8, 9                                      
           INFO     Mutant 41 killed by Test(s): 0, 1, assertiongenerator.py:423
                    2, 3, 4, 5, 6, 7, 8, 9                                      
           INFO     Mutant 42 killed by Test(s): 0, 1, assertiongenerator.py:423
                    2, 3, 4, 5, 6, 7, 8, 9                                      
           INFO     Mutant 43 killed by Test(s): 0, 1, assertiongenerator.py:423
                    2, 3, 4, 5, 6, 7, 8, 9                                      
           INFO     Mutant 44 killed by Test(s): 0, 1, assertiongenerator.py:423
                    2, 3, 4, 5, 6, 7, 8, 9                                      
           INFO     Mutant 45 killed by Test(s): 0, 1, assertiongenerator.py:423
                    2, 3, 4, 5, 6, 7, 8, 9                                      
           INFO     Mutant 46 killed by Test(s): 0, 1, assertiongenerator.py:423
                    2, 3, 4, 5, 6, 7, 8, 9                                      
           INFO     Mutant 47 killed by Test(s): 0, 1, assertiongenerator.py:423
                    2, 3, 4, 5, 6, 7, 8, 9                                      
           INFO     Mutant 48 killed by Test(s): 0, 1, assertiongenerator.py:423
                    2, 3, 4, 5, 6, 7, 8, 9                                      
           INFO     Mutant 49 killed by Test(s): 0, 1, assertiongenerator.py:423
                    2, 3, 4, 5, 6, 7, 8, 9                                      
           INFO     Mutant 50 killed by Test(s): 0, 1, assertiongenerator.py:423
                    2, 3, 4, 5, 6, 7, 8, 9                                      
           INFO     Mutant 51 killed by Test(s): 0, 1, assertiongenerator.py:423
                    2, 3, 4, 5, 6, 7, 8, 9                                      
           INFO     Mutant 52 killed by Test(s): 0, 1, assertiongenerator.py:423
                    2, 3, 4, 5, 6, 7, 8, 9                                      
           INFO     Mutant 53 killed by Test(s): 0, 1, assertiongenerator.py:423
                    2, 3, 4, 5, 6, 7, 8, 9                                      
           INFO     Mutant 54 killed by Test(s): 0, 1, assertiongenerator.py:423
                    2, 3, 4, 5, 6, 7, 8, 9                                      
           INFO     Mutant 55 killed by Test(s): 0, 1, assertiongenerator.py:423
                    2, 3, 4, 5, 6, 7, 8, 9                                      
           INFO     Mutant 56 killed by Test(s): 0, 1, assertiongenerator.py:423
                    2, 3, 4, 5, 6, 7, 8, 9                                      
           INFO     Mutant 57 killed by Test(s): 0, 1, assertiongenerator.py:423
                    2, 3, 4, 5, 6, 7, 8, 9                                      
           INFO     Mutant 58 killed by Test(s): 0, 1, assertiongenerator.py:423
                    2, 3, 4, 5, 6, 7, 8, 9                                      
           INFO     Mutant 59 killed by Test(s): 0, 1, assertiongenerator.py:423
                    2, 3, 4, 5, 6, 7, 8, 9                                      
           INFO     Mutant 60 killed by Test(s): 0, 1, assertiongenerator.py:423
                    2, 3, 4, 5, 6, 7, 8, 9                                      
           INFO     Mutant 61 killed by Test(s): 0, 1, assertiongenerator.py:423
                    2, 3, 4, 5, 6, 7, 8, 9                                      
           INFO     Mutant 62 killed by Test(s): 0, 1, assertiongenerator.py:423
                    2, 3, 4, 5, 6, 7, 8, 9                                      
           INFO     Mutant 63 killed by Test(s): 0, 1, assertiongenerator.py:423
                    2, 3, 4, 5, 6, 7, 8, 9                                      
           INFO     Mutant 64 killed by Test(s): 0, 1, assertiongenerator.py:423
                    2, 3, 4, 5, 6, 7, 8, 9                                      
           INFO     Mutant 65 killed by Test(s): 0, 1, assertiongenerator.py:423
                    2, 3, 4, 5, 6, 7, 8, 9                                      
           INFO     Mutant 66 killed by Test(s): 0, 1, assertiongenerator.py:423
                    2, 3, 4, 5, 6, 7, 8, 9                                      
           INFO     Mutant 67 killed by Test(s): 0, 1, assertiongenerator.py:423
                    2, 3, 4, 5, 6, 7, 8, 9                                      
           INFO     Mutant 68 killed by Test(s): 0, 1, assertiongenerator.py:423
                    2, 3, 4, 5, 6, 7, 8, 9                                      
           INFO     Mutant 69 killed by Test(s): 0, 1, assertiongenerator.py:423
                    2, 3, 4, 5, 6, 7, 8, 9                                      
           INFO     Mutant 70 killed by Test(s): 0, 1, assertiongenerator.py:423
                    2, 3, 4, 5, 6, 7, 8, 9                                      
           INFO     Mutant 71 killed by Test(s): 0, 1, assertiongenerator.py:423
                    2, 3, 4, 5, 6, 7, 8, 9                                      
           INFO     Mutant 72 killed by Test(s): 0, 1, assertiongenerator.py:423
                    2, 3, 4, 5, 6, 7, 8, 9                                      
           INFO     Mutant 73 killed by Test(s): 0, 1, assertiongenerator.py:423
                    2, 3, 4, 5, 6, 7, 8, 9                                      
           INFO     Mutant 74 killed by Test(s): 0, 1, assertiongenerator.py:423
                    2, 3, 4, 5, 6, 7, 8, 9                                      
           INFO     Mutant 75 killed by Test(s): 0, 1, assertiongenerator.py:423
                    2, 3, 4, 5, 6, 7, 8, 9                                      
           INFO     Mutant 76 killed by Test(s): 0, 1, assertiongenerator.py:423
                    2, 3, 4, 5, 6, 7, 8, 9                                      
           INFO     Mutant 77 killed by Test(s): 0, 1, assertiongenerator.py:423
                    2, 3, 4, 5, 6, 7, 8, 9                                      
           INFO     Mutant 78 killed by Test(s): 0, 1, assertiongenerator.py:423
                    2, 3, 4, 5, 6, 7, 8, 9                                      
           INFO     Mutant 79 killed by Test(s): 0, 1, assertiongenerator.py:423
                    2, 3, 4, 5, 6, 7, 8, 9                                      
           INFO     Mutant 80 killed by Test(s): 0, 1, assertiongenerator.py:423
                    2, 3, 4, 5, 6, 7, 8, 9                                      
           INFO     Mutant 81 killed by Test(s): 0, 1, assertiongenerator.py:423
                    2, 3, 4, 5, 6, 7, 8, 9                                      
           INFO     Mutant 82 killed by Test(s): 0, 1, assertiongenerator.py:423
                    2, 3, 4, 5, 6, 7, 8, 9                                      
           INFO     Mutant 83 killed by Test(s): 0, 1, assertiongenerator.py:423
                    2, 3, 4, 5, 6, 7, 8, 9                                      
           INFO     Mutant 84 killed by Test(s): 0, 1, assertiongenerator.py:423
                    2, 3, 4, 5, 6, 7, 8, 9                                      
           INFO     Mutant 85 killed by Test(s): 0, 1, assertiongenerator.py:423
                    2, 3, 4, 5, 6, 7, 8, 9                                      
           INFO     Mutant 86 killed by Test(s): 0, 1, assertiongenerator.py:423
                    2, 3, 4, 5, 6, 7, 8, 9                                      
           INFO     Mutant 87 killed by Test(s): 0, 1, assertiongenerator.py:423
                    2, 3, 4, 5, 6, 7, 8, 9                                      
           INFO     Mutant 88 killed by Test(s): 0, 1, assertiongenerator.py:423
                    2, 3, 4, 5, 6, 7, 8, 9                                      
           INFO     Mutant 89 killed by Test(s): 0, 1, assertiongenerator.py:423
                    2, 3, 4, 5, 6, 7, 8, 9                                      
           INFO     Mutant 90 killed by Test(s): 0, 1, assertiongenerator.py:423
                    2, 3, 4, 5, 6, 7, 8, 9                                      
           INFO     Mutant 91 killed by Test(s): 0, 1, assertiongenerator.py:423
                    2, 3, 4, 5, 6, 7, 8, 9                                      
           INFO     Mutant 92 killed by Test(s): 0, 1, assertiongenerator.py:423
                    2, 3, 4, 5, 6, 7, 8, 9                                      
           INFO     Mutant 93 killed by Test(s): 0, 1, assertiongenerator.py:423
                    2, 3, 4, 5, 6, 7, 8, 9                                      
           INFO     Mutant 94 killed by Test(s): 0, 1, assertiongenerator.py:423
                    2, 3, 4, 5, 6, 7, 8, 9                                      
           INFO     Mutant 95 killed by Test(s): 0, 1, assertiongenerator.py:423
                    2, 3, 4, 5, 6, 7, 8, 9                                      
           INFO     Mutant 96 killed by Test(s): 0, 1, assertiongenerator.py:423
                    2, 3, 4, 5, 6, 7, 8, 9                                      
           INFO     Mutant 97 killed by Test(s): 0, 1, assertiongenerator.py:423
                    2, 3, 4, 5, 6, 7, 8, 9                                      
           INFO     Mutant 98 killed by Test(s): 0, 1, assertiongenerator.py:423
                    2, 3, 4, 5, 6, 7, 8, 9                                      
           INFO     Mutant 99 killed by Test(s): 0, 1, assertiongenerator.py:423
                    2, 3, 4, 5, 6, 7, 8, 9                                      
           INFO     Mutant 100 killed by Test(s): 0,   assertiongenerator.py:423
                    1, 2, 3, 4, 5, 6, 7, 8, 9                                   
           INFO     Mutant 101 killed by Test(s): 0,   assertiongenerator.py:423
                    1, 2, 3, 4, 5, 6, 7, 8, 9                                   
           INFO     Mutant 102 killed by Test(s): 0,   assertiongenerator.py:423
                    1, 2, 3, 4, 5, 6, 7, 8, 9                                   
           INFO     Mutant 103 killed by Test(s): 0,   assertiongenerator.py:423
                    1, 2, 3, 4, 5, 6, 7, 8, 9                                   
           INFO     Mutant 104 killed by Test(s): 0,   assertiongenerator.py:423
                    1, 2, 3, 4, 5, 6, 7, 8, 9                                   
           INFO     Mutant 105 killed by Test(s): 0,   assertiongenerator.py:423
                    1, 2, 3, 4, 5, 6, 7, 8, 9                                   
           INFO     Mutant 106 killed by Test(s): 0,   assertiongenerator.py:423
                    1, 2, 3, 4, 5, 6, 7, 8, 9                                   
           INFO     Mutant 107 killed by Test(s): 0,   assertiongenerator.py:423
                    1, 2, 3, 4, 5, 6, 7, 8, 9                                   
           INFO     Mutant 108 killed by Test(s): 0,   assertiongenerator.py:423
                    1, 2, 3, 4, 5, 6, 7, 8, 9                                   
           INFO     Mutant 109 killed by Test(s): 0,   assertiongenerator.py:423
                    1, 2, 3, 4, 5, 6, 7, 8, 9                                   
           INFO     Mutant 110 killed by Test(s): 0,   assertiongenerator.py:423
                    1, 2, 3, 4, 5, 6, 7, 8, 9                                   
           INFO     Mutant 111 killed by Test(s): 0,   assertiongenerator.py:423
                    1, 2, 3, 4, 5, 6, 7, 8, 9                                   
           INFO     Mutant 112 killed by Test(s): 0,   assertiongenerator.py:423
                    1, 2, 3, 4, 5, 6, 7, 8, 9                                   
           INFO     Mutant 113 killed by Test(s): 0,   assertiongenerator.py:423
                    1, 2, 3, 4, 5, 6, 7, 8, 9                                   
           INFO     Mutant 114 killed by Test(s): 0,   assertiongenerator.py:423
                    1, 2, 3, 4, 5, 6, 7, 8, 9                                   
           INFO     Mutant 115 killed by Test(s): 0,   assertiongenerator.py:423
                    1, 2, 3, 4, 5, 6, 7, 8, 9                                   
           INFO     Mutant 116 killed by Test(s): 0,   assertiongenerator.py:423
                    1, 2, 3, 4, 5, 6, 7, 8, 9                                   
           INFO     Mutant 117 killed by Test(s): 0,   assertiongenerator.py:423
                    1, 2, 3, 4, 5, 6, 7, 8, 9                                   
           INFO     Mutant 118 killed by Test(s): 0,   assertiongenerator.py:423
                    1, 2, 3, 4, 5, 6, 7, 8, 9                                   
           INFO     Mutant 119 killed by Test(s): 0,   assertiongenerator.py:423
                    1, 2, 3, 4, 5, 6, 7, 8, 9                                   
           INFO     Mutant 120 killed by Test(s): 0,   assertiongenerator.py:423
                    1, 2, 3, 4, 5, 6, 7, 8, 9                                   
           INFO     Mutant 121 killed by Test(s): 0,   assertiongenerator.py:423
                    1, 2, 3, 4, 5, 6, 7, 8, 9                                   
           INFO     Mutant 122 killed by Test(s): 0,   assertiongenerator.py:423
                    1, 2, 3, 4, 5, 6, 7, 8, 9                                   
           INFO     Mutant 123 killed by Test(s): 0,   assertiongenerator.py:423
                    1, 2, 3, 4, 5, 6, 7, 8, 9                                   
           INFO     Mutant 124 killed by Test(s): 0,   assertiongenerator.py:423
                    1, 2, 3, 4, 5, 6, 7, 8, 9                                   
           INFO     Mutant 125 killed by Test(s): 0,   assertiongenerator.py:423
                    1, 2, 3, 4, 5, 6, 7, 8, 9                                   
           INFO     Mutant 126 killed by Test(s): 0,   assertiongenerator.py:423
                    1, 2, 3, 4, 5, 6, 7, 8, 9                                   
           INFO     Mutant 127 killed by Test(s): 0,   assertiongenerator.py:423
                    1, 2, 3, 4, 5, 6, 7, 8, 9                                   
           INFO     Mutant 128 killed by Test(s): 0,   assertiongenerator.py:423
                    1, 2, 3, 4, 5, 6, 7, 8, 9                                   
           INFO     Mutant 129 killed by Test(s): 0,   assertiongenerator.py:423
                    1, 2, 3, 4, 5, 6, 7, 8, 9                                   
           INFO     Mutant 130 killed by Test(s): 0,   assertiongenerator.py:423
                    1, 2, 3, 4, 5, 6, 7, 8, 9                                   
           INFO     Mutant 131 killed by Test(s): 0,   assertiongenerator.py:423
                    1, 2, 3, 4, 5, 6, 7, 8, 9                                   
           INFO     Mutant 132 killed by Test(s): 0,   assertiongenerator.py:423
                    1, 2, 3, 4, 5, 6, 7, 8, 9                                   
           INFO     Mutant 133 killed by Test(s): 0,   assertiongenerator.py:423
                    1, 2, 3, 4, 5, 6, 7, 8, 9                                   
           INFO     Mutant 134 killed by Test(s): 0,   assertiongenerator.py:423
                    1, 2, 3, 4, 5, 6, 7, 8, 9                                   
           INFO     Mutant 135 killed by Test(s): 0,   assertiongenerator.py:423
                    1, 2, 3, 4, 5, 6, 7, 8, 9                                   
           INFO     Mutant 136 killed by Test(s): 0,   assertiongenerator.py:423
                    1, 2, 3, 4, 5, 6, 7, 8, 9                                   
           INFO     Mutant 137 killed by Test(s): 0,   assertiongenerator.py:423
                    1, 2, 3, 4, 5, 6, 7, 8, 9                                   
           INFO     Mutant 138 killed by Test(s): 0,   assertiongenerator.py:423
                    1, 2, 3, 4, 5, 6, 7, 8, 9                                   
           INFO     Mutant 139 killed by Test(s): 0,   assertiongenerator.py:423
                    1, 2, 3, 4, 5, 6, 7, 8, 9                                   
           INFO     Mutant 140 killed by Test(s): 0,   assertiongenerator.py:423
                    1, 2, 3, 4, 5, 6, 7, 8, 9                                   
           INFO     Mutant 141 killed by Test(s): 0,   assertiongenerator.py:423
                    1, 2, 3, 4, 5, 6, 7, 8, 9                                   
           INFO     Mutant 142 killed by Test(s): 0,   assertiongenerator.py:423
                    1, 2, 3, 4, 5, 6, 7, 8, 9                                   
           INFO     Mutant 143 killed by Test(s): 0,   assertiongenerator.py:423
                    1, 2, 3, 4, 5, 6, 7, 8, 9                                   
           INFO     Mutant 144 killed by Test(s): 0,   assertiongenerator.py:423
                    1, 2, 3, 4, 5, 6, 7, 8, 9                                   
           INFO     Mutant 145 killed by Test(s): 0,   assertiongenerator.py:423
                    1, 2, 3, 4, 5, 6, 7, 8, 9                                   
           INFO     Mutant 146 killed by Test(s): 0,   assertiongenerator.py:423
                    1, 2, 3, 4, 5, 6, 7, 8, 9                                   
           INFO     Mutant 147 killed by Test(s): 0,   assertiongenerator.py:423
                    1, 2, 3, 4, 5, 6, 7, 8, 9                                   
           INFO     Mutant 148 killed by Test(s): 0,   assertiongenerator.py:423
                    1, 2, 3, 4, 5, 6, 7, 8, 9                                   
           INFO     Mutant 149 killed by Test(s): 0,   assertiongenerator.py:423
                    1, 2, 3, 4, 5, 6, 7, 8, 9                                   
           INFO     Mutant 150 killed by Test(s): 0,   assertiongenerator.py:423
                    1, 2, 3, 4, 5, 6, 7, 8, 9                                   
           INFO     Mutant 151 killed by Test(s): 0,   assertiongenerator.py:423
                    1, 2, 3, 4, 5, 6, 7, 8, 9                                   
           INFO     Mutant 152 killed by Test(s): 0,   assertiongenerator.py:423
                    1, 2, 3, 4, 5, 6, 7, 8, 9                                   
           INFO     Mutant 153 killed by Test(s): 0,   assertiongenerator.py:423
                    1, 2, 3, 4, 5, 6, 7, 8, 9                                   
           INFO     Mutant 154 killed by Test(s): 0,   assertiongenerator.py:423
                    1, 2, 3, 4, 5, 6, 7, 8, 9                                   
           INFO     Mutant 155 killed by Test(s): 0,   assertiongenerator.py:423
                    1, 2, 3, 4, 5, 6, 7, 8, 9                                   
           INFO     Mutant 156 killed by Test(s): 0,   assertiongenerator.py:423
                    1, 2, 3, 4, 5, 6, 7, 8, 9                                   
           INFO     Mutant 157 killed by Test(s): 0,   assertiongenerator.py:423
                    1, 2, 3, 4, 5, 6, 7, 8, 9                                   
           INFO     Mutant 158 killed by Test(s): 0,   assertiongenerator.py:423
                    1, 2, 3, 4, 5, 6, 7, 8, 9                                   
           INFO     Mutant 159 killed by Test(s): 0,   assertiongenerator.py:423
                    1, 2, 3, 4, 5, 6, 7, 8, 9                                   
           INFO     Mutant 160 killed by Test(s): 0,   assertiongenerator.py:423
                    1, 2, 3, 4, 5, 6, 7, 8, 9                                   
           INFO     Mutant 161 killed by Test(s): 0,   assertiongenerator.py:423
                    1, 2, 3, 4, 5, 6, 7, 8, 9                                   
           INFO     Mutant 162 killed by Test(s): 0,   assertiongenerator.py:423
                    1, 2, 3, 4, 5, 6, 7, 8, 9                                   
           INFO     Mutant 163 killed by Test(s): 0,   assertiongenerator.py:423
                    1, 2, 3, 4, 5, 6, 7, 8, 9                                   
           INFO     Mutant 164 killed by Test(s): 0,   assertiongenerator.py:423
                    1, 2, 3, 4, 5, 6, 7, 8, 9                                   
           INFO     Mutant 165 killed by Test(s): 0,   assertiongenerator.py:423
                    1, 2, 3, 4, 5, 6, 7, 8, 9                                   
           INFO     Mutant 166 killed by Test(s): 0,   assertiongenerator.py:423
                    1, 2, 3, 4, 5, 6, 7, 8, 9                                   
           INFO     Mutant 167 killed by Test(s): 0,   assertiongenerator.py:423
                    1, 2, 3, 4, 5, 6, 7, 8, 9                                   
           INFO     Mutant 168 killed by Test(s): 0,   assertiongenerator.py:423
                    1, 2, 3, 4, 5, 6, 7, 8, 9                                   
           INFO     Mutant 169 killed by Test(s): 0,   assertiongenerator.py:423
                    1, 2, 3, 4, 5, 6, 7, 8, 9                                   
           INFO     Mutant 170 killed by Test(s): 0,   assertiongenerator.py:423
                    1, 2, 3, 4, 5, 6, 7, 8, 9                                   
           INFO     Mutant 171 killed by Test(s): 0,   assertiongenerator.py:423
                    1, 2, 3, 4, 5, 6, 7, 8, 9                                   
           INFO     Mutant 172 killed by Test(s): 0,   assertiongenerator.py:423
                    1, 2, 3, 4, 5, 6, 7, 8, 9                                   
           INFO     Mutant 173 killed by Test(s): 0,   assertiongenerator.py:423
                    1, 2, 3, 4, 5, 6, 7, 8, 9                                   
           INFO     Mutant 174 killed by Test(s): 0,   assertiongenerator.py:423
                    1, 2, 3, 4, 5, 6, 7, 8, 9                                   
           INFO     Mutant 175 killed by Test(s): 0,   assertiongenerator.py:423
                    1, 2, 3, 4, 5, 6, 7, 8, 9                                   
           INFO     Mutant 176 killed by Test(s): 0,   assertiongenerator.py:423
                    1, 2, 3, 4, 5, 6, 7, 8, 9                                   
           INFO     Mutant 177 killed by Test(s): 0,   assertiongenerator.py:423
                    1, 2, 3, 4, 5, 6, 7, 8, 9                                   
           INFO     Mutant 178 killed by Test(s): 0,   assertiongenerator.py:423
                    1, 2, 3, 4, 5, 6, 7, 8, 9                                   
           INFO     Mutant 179 killed by Test(s): 0,   assertiongenerator.py:423
                    1, 2, 3, 4, 5, 6, 7, 8, 9                                   
           INFO     Mutant 180 killed by Test(s): 0,   assertiongenerator.py:423
                    1, 2, 3, 4, 5, 6, 7, 8, 9                                   
           INFO     Mutant 181 killed by Test(s): 0,   assertiongenerator.py:423
                    1, 2, 3, 4, 5, 6, 7, 8, 9                                   
           INFO     Mutant 182 killed by Test(s): 0,   assertiongenerator.py:423
                    1, 2, 3, 4, 5, 6, 7, 8, 9                                   
           INFO     Mutant 183 killed by Test(s): 0,   assertiongenerator.py:423
                    1, 2, 3, 4, 5, 6, 7, 8, 9                                   
           INFO     Mutant 184 killed by Test(s): 0,   assertiongenerator.py:423
                    1, 2, 3, 4, 5, 6, 7, 8, 9                                   
           INFO     Mutant 185 killed by Test(s): 0,   assertiongenerator.py:423
                    1, 2, 3, 4, 5, 6, 7, 8, 9                                   
           INFO     Mutant 186 killed by Test(s): 0,   assertiongenerator.py:423
                    1, 2, 3, 4, 5, 6, 7, 8, 9                                   
           INFO     Mutant 187 killed by Test(s): 0,   assertiongenerator.py:423
                    1, 2, 3, 4, 5, 6, 7, 8, 9                                   
           INFO     Mutant 188 killed by Test(s): 0,   assertiongenerator.py:423
                    1, 2, 3, 4, 5, 6, 7, 8, 9                                   
           INFO     Mutant 189 killed by Test(s): 0,   assertiongenerator.py:423
                    1, 2, 3, 4, 5, 6, 7, 8, 9                                   
           INFO     Mutant 190 killed by Test(s): 0,   assertiongenerator.py:423
                    1, 2, 3, 4, 5, 6, 7, 8, 9                                   
           INFO     Mutant 191 killed by Test(s): 0,   assertiongenerator.py:423
                    1, 2, 3, 4, 5, 6, 7, 8, 9                                   
           INFO     Mutant 192 killed by Test(s): 0,   assertiongenerator.py:423
                    1, 2, 3, 4, 5, 6, 7, 8, 9                                   
           INFO     Mutant 193 killed by Test(s): 0,   assertiongenerator.py:423
                    1, 2, 3, 4, 5, 6, 7, 8, 9                                   
           INFO     Mutant 194 killed by Test(s): 0,   assertiongenerator.py:423
                    1, 2, 3, 4, 5, 6, 7, 8, 9                                   
           INFO     Mutant 195 killed by Test(s): 0,   assertiongenerator.py:423
                    1, 2, 3, 4, 5, 6, 7, 8, 9                                   
           INFO     Mutant 196 killed by Test(s): 0,   assertiongenerator.py:423
                    1, 2, 3, 4, 5, 6, 7, 8, 9                                   
           INFO     Mutant 197 killed by Test(s): 0,   assertiongenerator.py:423
                    1, 2, 3, 4, 5, 6, 7, 8, 9                                   
           INFO     Mutant 198 killed by Test(s): 0,   assertiongenerator.py:423
                    1, 2, 3, 4, 5, 6, 7, 8, 9                                   
           INFO     Mutant 199 killed by Test(s): 0,   assertiongenerator.py:423
                    1, 2, 3, 4, 5, 6, 7, 8, 9                                   
           INFO     Mutant 200 killed by Test(s): 0,   assertiongenerator.py:423
                    1, 2, 3, 4, 5, 6, 7, 8, 9                                   
           INFO     Mutant 201 killed by Test(s): 0,   assertiongenerator.py:423
                    1, 2, 3, 4, 5, 6, 7, 8, 9                                   
           INFO     Mutant 202 killed by Test(s): 0,   assertiongenerator.py:423
                    1, 2, 3, 4, 5, 6, 7, 8, 9                                   
           INFO     Mutant 203 killed by Test(s): 0,   assertiongenerator.py:423
                    1, 2, 3, 4, 5, 6, 7, 8, 9                                   
           INFO     Mutant 204 killed by Test(s): 0,   assertiongenerator.py:423
                    1, 2, 3, 4, 5, 6, 7, 8, 9                                   
           INFO     Mutant 205 killed by Test(s): 0,   assertiongenerator.py:423
                    1, 2, 3, 4, 5, 6, 7, 8, 9                                   
           INFO     Mutant 206 killed by Test(s): 0,   assertiongenerator.py:423
                    1, 2, 3, 4, 5, 6, 7, 8, 9                                   
           INFO     Mutant 207 killed by Test(s): 0,   assertiongenerator.py:423
                    1, 2, 3, 4, 5, 6, 7, 8, 9                                   
           INFO     Mutant 208 killed by Test(s): 0,   assertiongenerator.py:423
                    1, 2, 3, 4, 5, 6, 7, 8, 9                                   
           INFO     Mutant 209 killed by Test(s): 0,   assertiongenerator.py:423
                    1, 2, 3, 4, 5, 6, 7, 8, 9                                   
           INFO     Mutant 210 killed by Test(s): 0,   assertiongenerator.py:423
                    1, 2, 3, 4, 5, 6, 7, 8, 9                                   
           INFO     Mutant 211 killed by Test(s): 0,   assertiongenerator.py:423
                    1, 2, 3, 4, 5, 6, 7, 8, 9                                   
           INFO     Mutant 212 killed by Test(s): 0,   assertiongenerator.py:423
                    1, 2, 3, 4, 5, 6, 7, 8, 9                                   
           INFO     Mutant 213 killed by Test(s): 0,   assertiongenerator.py:423
                    1, 2, 3, 4, 5, 6, 7, 8, 9                                   
           INFO     Mutant 214 killed by Test(s): 0,   assertiongenerator.py:423
                    1, 2, 3, 4, 5, 6, 7, 8, 9                                   
           INFO     Mutant 215 killed by Test(s): 0,   assertiongenerator.py:423
                    1, 2, 3, 4, 5, 6, 7, 8, 9                                   
           INFO     Mutant 216 killed by Test(s): 0,   assertiongenerator.py:423
                    1, 2, 3, 4, 5, 6, 7, 8, 9                                   
           INFO     Mutant 217 killed by Test(s): 0,   assertiongenerator.py:423
                    1, 2, 3, 4, 5, 6, 7, 8, 9                                   
           INFO     Mutant 218 killed by Test(s): 0,   assertiongenerator.py:423
                    1, 2, 3, 4, 5, 6, 7, 8, 9                                   
           INFO     Mutant 219 killed by Test(s): 0,   assertiongenerator.py:423
                    1, 2, 3, 4, 5, 6, 7, 8, 9                                   
           INFO     Mutant 220 killed by Test(s): 0,   assertiongenerator.py:423
                    1, 2, 3, 4, 5, 6, 7, 8, 9                                   
           INFO     Mutant 221 killed by Test(s): 0,   assertiongenerator.py:423
                    1, 2, 3, 4, 5, 6, 7, 8, 9                                   
           INFO     Mutant 222 killed by Test(s): 0,   assertiongenerator.py:423
                    1, 2, 3, 4, 5, 6, 7, 8, 9                                   
           INFO     Mutant 223 killed by Test(s): 0,   assertiongenerator.py:423
                    1, 2, 3, 4, 5, 6, 7, 8, 9                                   
           INFO     Mutant 224 killed by Test(s): 0,   assertiongenerator.py:423
                    1, 2, 3, 4, 5, 6, 7, 8, 9                                   
           INFO     Mutant 225 killed by Test(s): 0,   assertiongenerator.py:423
                    1, 2, 3, 4, 5, 6, 7, 8, 9                                   
           INFO     Mutant 226 killed by Test(s): 0,   assertiongenerator.py:423
                    1, 2, 3, 4, 5, 6, 7, 8, 9                                   
           INFO     Mutant 227 killed by Test(s): 0,   assertiongenerator.py:423
                    1, 2, 3, 4, 5, 6, 7, 8, 9                                   
           INFO     Mutant 228 killed by Test(s): 0,   assertiongenerator.py:423
                    1, 2, 3, 4, 5, 6, 7, 8, 9                                   
           INFO     Mutant 229 killed by Test(s): 0,   assertiongenerator.py:423
                    1, 2, 3, 4, 5, 6, 7, 8, 9                                   
           INFO     Mutant 230 killed by Test(s): 0,   assertiongenerator.py:423
                    1, 2, 3, 4, 5, 6, 7, 8, 9                                   
           INFO     Mutant 231 killed by Test(s): 0,   assertiongenerator.py:423
                    1, 2, 3, 4, 5, 6, 7, 8, 9                                   
           INFO     Mutant 232 killed by Test(s): 0,   assertiongenerator.py:423
                    1, 2, 3, 4, 5, 6, 7, 8, 9                                   
           INFO     Mutant 233 killed by Test(s): 0,   assertiongenerator.py:423
                    1, 2, 3, 4, 5, 6, 7, 8, 9                                   
           INFO     Mutant 234 killed by Test(s): 0,   assertiongenerator.py:423
                    1, 2, 3, 4, 5, 6, 7, 8, 9                                   
           INFO     Mutant 235 killed by Test(s): 0,   assertiongenerator.py:423
                    1, 2, 3, 4, 5, 6, 7, 8, 9                                   
           INFO     Mutant 236 killed by Test(s): 0,   assertiongenerator.py:423
                    1, 2, 3, 4, 5, 6, 7, 8, 9                                   
           INFO     Mutant 237 killed by Test(s): 0,   assertiongenerator.py:423
                    1, 2, 3, 4, 5, 6, 7, 8, 9                                   
           INFO     Mutant 238 killed by Test(s): 0,   assertiongenerator.py:423
                    1, 2, 3, 4, 5, 6, 7, 8, 9                                   
           INFO     Mutant 239 killed by Test(s): 0,   assertiongenerator.py:423
                    1, 2, 3, 4, 5, 6, 7, 8, 9                                   
           INFO     Mutant 240 killed by Test(s): 0,   assertiongenerator.py:423
                    1, 2, 3, 4, 5, 6, 7, 8, 9                                   
           INFO     Mutant 241 killed by Test(s): 0,   assertiongenerator.py:423
                    1, 2, 3, 4, 5, 6, 7, 8, 9                                   
           INFO     Mutant 242 killed by Test(s): 0,   assertiongenerator.py:423
                    1, 2, 3, 4, 5, 6, 7, 8, 9                                   
           INFO     Mutant 243 killed by Test(s): 0,   assertiongenerator.py:423
                    1, 2, 3, 4, 5, 6, 7, 8, 9                                   
           INFO     Mutant 244 killed by Test(s): 0,   assertiongenerator.py:423
                    1, 2, 3, 4, 5, 6, 7, 8, 9                                   
           INFO     Mutant 245 killed by Test(s): 0,   assertiongenerator.py:423
                    1, 2, 3, 4, 5, 6, 7, 8, 9                                   
           INFO     Mutant 246 killed by Test(s): 0,   assertiongenerator.py:423
                    1, 2, 3, 4, 5, 6, 7, 8, 9                                   
           INFO     Mutant 247 killed by Test(s): 0,   assertiongenerator.py:423
                    1, 2, 3, 4, 5, 6, 7, 8, 9                                   
           INFO     Mutant 248 killed by Test(s): 0,   assertiongenerator.py:423
                    1, 2, 3, 4, 5, 6, 7, 8, 9                                   
           INFO     Number of Surviving Mutant(s): 0   assertiongenerator.py:435
                    (Mutants: )                                                 
           INFO     Calculating resulting FinalBranchCoverage   generator.py:447
           INFO     Written 10 test cases to                    generator.py:774
                    /home/user/BugsInPy/temp/out/suite_4/test_u                 
                    pdate.py                                                    
           INFO     Writing statistics                         statistics.py:370
           INFO     Stop Pynguin Test Generationâ€¦               generator.py:119
